<html>
<head>
<title>TestNG:  Test</title>
<link href="../testng.css" rel="stylesheet" type="text/css" />
<link href="../my-testng.css" rel="stylesheet" type="text/css" />

<style type="text/css">
.log { display: none;} 
.stack-trace { display: none;} 
</style>
<script type="text/javascript">
<!--
function flip(e) {
  current = e.style.display;
  if (current == 'block') {
    e.style.display = 'none';
    return 0;
  }
  else {
    e.style.display = 'block';
    return 1;
  }
}

function toggleBox(szDivId, elem, msg1, msg2)
{
  var res = -1;  if (document.getElementById) {
    res = flip(document.getElementById(szDivId));
  }
  else if (document.all) {
    // this is the way old msie versions work
    res = flip(document.all[szDivId]);
  }
  if(elem) {
    if(res == 0) elem.innerHTML = msg1; else elem.innerHTML = msg2;
  }

}

function toggleAllBoxes() {
  if (document.getElementsByTagName) {
    d = document.getElementsByTagName('div');
    for (i = 0; i < d.length; i++) {
      if (d[i].className == 'log') {
        flip(d[i]);
      }
    }
  }
}

// -->
</script>

</head>
<body>
<h2 align='center'>Test</h2><table border='1' align="center">
<tr>
<td>Tests passed/Failed/Skipped:</td><td>0/6/4</td>
</tr><tr>
<td>Started on:</td><td>Mon Jul 25 17:57:49 IST 2016</td>
</tr>
<tr><td>Total time:</td><td>695 seconds (695287 ms)</td>
</tr><tr>
<td>Included groups:</td><td></td>
</tr><tr>
<td>Excluded groups:</td><td></td>
</tr>
</table><p/>
<small><i>(Hover the method name to see the test class name)</i></small><p/>
<table width='100%' border='1' class='invocation-failed'>
<tr><td colspan='4' align='center'><b>FAILED CONFIGURATIONS</b></td></tr>
<tr><td><b>Test method</b></td>
<td width="30%"><b>Exception</b></td>
<td width="10%"><b>Time (seconds)</b></td>
<td><b>Instance</b></td>
</tr>
<tr>
<td title='com.sysco.test.WorkFlow.setUp()'><b>setUp</b><br>Test class: com.sysco.test.WorkFlow</td>
<td><div><pre>org.openqa.selenium.WebDriverException: An unknown server-side error occurred while processing the command. Original error: Bad app: /Users/naveen_raj04/Desktop/UOM_Files/Builds/july 13/UOMQASQ.ipa. App paths need to be absolute, or relative to the appium server install dir, or a URL to compressed file, or a special app name. (WARNING: The server did not provide any stacktrace information)
Command duration or timeout: 19 milliseconds
Build info: version: &apos;2.45.0&apos;, revision: &apos;5017cb8&apos;, time: &apos;2015-02-26 23:59:50&apos;
System info: host: &apos;tvmatp312483m.ad.infosys.com&apos;, ip: &apos;10.155.162.74&apos;, os.name: &apos;Mac OS X&apos;, os.arch: &apos;x86_64&apos;, os.version: &apos;10.11.5&apos;, java.version: &apos;1.8.0_40&apos;
Driver info: io.appium.java_client.ios.IOSDriver
	at org.openqa.selenium.remote.ErrorHandler.createThrowable(ErrorHandler.java:204)
	at org.openqa.selenium.remote.ErrorHandler.throwIfResponseFailed(ErrorHandler.java:156)
	at org.openqa.selenium.remote.RemoteWebDriver.execute(RemoteWebDriver.java:599)
	at io.appium.java_client.DefaultGenericMobileDriver.execute(DefaultGenericMobileDriver.java:51)
	at io.appium.java_client.AppiumDriver.execute(AppiumDriver.java:1)
	at io.appium.java_client.ios.IOSDriver.execute(IOSDriver.java:1)
	at org.openqa.selenium.remote.RemoteWebDriver.startSession(RemoteWebDriver.java:240)
	at org.openqa.selenium.remote.RemoteWebDriver.&lt;init&gt;(RemoteWebDriver.java:126)
	at org.openqa.selenium.remote.RemoteWebDriver.&lt;init&gt;(RemoteWebDriver.java:139)
	at io.appium.java_client.DefaultGenericMobileDriver.&lt;init&gt;(DefaultGenericMobileDriver.java:47)
	at io.appium.java_client.AppiumDriver.&lt;init&gt;(AppiumDriver.java:114)
	at io.appium.java_client.AppiumDriver.&lt;init&gt;(AppiumDriver.java:132)
	at io.appium.java_client.ios.IOSDriver.&lt;init&gt;(IOSDriver.java:81)
	at com.sysco.test.WorkFlow.setUp(WorkFlow.java:50)
... Removed 30 stack frames</pre></div><a href='#' onClick='toggleBox("stack-trace1532139270", this, "Click to show all stack frames", "Click to hide stack frames")'>Click to show all stack frames</a>
<div class='stack-trace' id='stack-trace1532139270'><pre>org.openqa.selenium.WebDriverException: An unknown server-side error occurred while processing the command. Original error: Bad app: /Users/naveen_raj04/Desktop/UOM_Files/Builds/july 13/UOMQASQ.ipa. App paths need to be absolute, or relative to the appium server install dir, or a URL to compressed file, or a special app name. (WARNING: The server did not provide any stacktrace information)
Command duration or timeout: 19 milliseconds
Build info: version: &apos;2.45.0&apos;, revision: &apos;5017cb8&apos;, time: &apos;2015-02-26 23:59:50&apos;
System info: host: &apos;tvmatp312483m.ad.infosys.com&apos;, ip: &apos;10.155.162.74&apos;, os.name: &apos;Mac OS X&apos;, os.arch: &apos;x86_64&apos;, os.version: &apos;10.11.5&apos;, java.version: &apos;1.8.0_40&apos;
Driver info: io.appium.java_client.ios.IOSDriver
	at sun.reflect.NativeConstructorAccessorImpl.newInstance0(Native Method)
	at sun.reflect.NativeConstructorAccessorImpl.newInstance(NativeConstructorAccessorImpl.java:62)
	at sun.reflect.DelegatingConstructorAccessorImpl.newInstance(DelegatingConstructorAccessorImpl.java:45)
	at java.lang.reflect.Constructor.newInstance(Constructor.java:422)
	at org.openqa.selenium.remote.ErrorHandler.createThrowable(ErrorHandler.java:204)
	at org.openqa.selenium.remote.ErrorHandler.throwIfResponseFailed(ErrorHandler.java:156)
	at org.openqa.selenium.remote.RemoteWebDriver.execute(RemoteWebDriver.java:599)
	at io.appium.java_client.DefaultGenericMobileDriver.execute(DefaultGenericMobileDriver.java:51)
	at io.appium.java_client.AppiumDriver.execute(AppiumDriver.java:1)
	at io.appium.java_client.ios.IOSDriver.execute(IOSDriver.java:1)
	at org.openqa.selenium.remote.RemoteWebDriver.startSession(RemoteWebDriver.java:240)
	at org.openqa.selenium.remote.RemoteWebDriver.&lt;init&gt;(RemoteWebDriver.java:126)
	at org.openqa.selenium.remote.RemoteWebDriver.&lt;init&gt;(RemoteWebDriver.java:139)
	at io.appium.java_client.DefaultGenericMobileDriver.&lt;init&gt;(DefaultGenericMobileDriver.java:47)
	at io.appium.java_client.AppiumDriver.&lt;init&gt;(AppiumDriver.java:114)
	at io.appium.java_client.AppiumDriver.&lt;init&gt;(AppiumDriver.java:132)
	at io.appium.java_client.ios.IOSDriver.&lt;init&gt;(IOSDriver.java:81)
	at com.sysco.test.WorkFlow.setUp(WorkFlow.java:50)
	at sun.reflect.NativeMethodAccessorImpl.invoke0(Native Method)
	at sun.reflect.NativeMethodAccessorImpl.invoke(NativeMethodAccessorImpl.java:62)
	at sun.reflect.DelegatingMethodAccessorImpl.invoke(DelegatingMethodAccessorImpl.java:43)
	at java.lang.reflect.Method.invoke(Method.java:497)
	at org.testng.internal.MethodInvocationHelper.invokeMethod(MethodInvocationHelper.java:84)
	at org.testng.internal.Invoker.invokeConfigurationMethod(Invoker.java:564)
	at org.testng.internal.Invoker.invokeConfigurations(Invoker.java:213)
	at org.testng.internal.Invoker.invokeMethod(Invoker.java:653)
	at org.testng.internal.Invoker.invokeTestMethod(Invoker.java:901)
	at org.testng.internal.Invoker.invokeTestMethods(Invoker.java:1231)
	at org.testng.internal.TestMethodWorker.invokeTestMethods(TestMethodWorker.java:127)
	at org.testng.internal.TestMethodWorker.run(TestMethodWorker.java:111)
	at org.testng.TestRunner.privateRun(TestRunner.java:767)
	at org.testng.TestRunner.run(TestRunner.java:617)
	at org.testng.SuiteRunner.runTest(SuiteRunner.java:334)
	at org.testng.SuiteRunner.runSequentially(SuiteRunner.java:329)
	at org.testng.SuiteRunner.privateRun(SuiteRunner.java:291)
	at org.testng.SuiteRunner.run(SuiteRunner.java:240)
	at org.testng.SuiteRunnerWorker.runSuite(SuiteRunnerWorker.java:52)
	at org.testng.SuiteRunnerWorker.run(SuiteRunnerWorker.java:86)
	at org.testng.TestNG.runSuitesSequentially(TestNG.java:1224)
	at org.testng.TestNG.runSuitesLocally(TestNG.java:1149)
	at org.testng.TestNG.run(TestNG.java:1057)
	at org.testng.remote.AbstractRemoteTestNG.run(AbstractRemoteTestNG.java:126)
	at org.testng.remote.RemoteTestNG.initAndRun(RemoteTestNG.java:137)
	at org.testng.remote.RemoteTestNG.main(RemoteTestNG.java:58)
</pre></div></td>
<td>0</td>
<td>com.sysco.test.WorkFlow@5abca1e0</td></tr>
</table><p>
<table width='100%' border='1' class='invocation-skipped'>
<tr><td colspan='4' align='center'><b>SKIPPED CONFIGURATIONS</b></td></tr>
<tr><td><b>Test method</b></td>
<td width="30%"><b>Exception</b></td>
<td width="10%"><b>Time (seconds)</b></td>
<td><b>Instance</b></td>
</tr>
<tr>
<td title='com.sysco.test.WorkFlow.setUp()'><b>setUp</b><br>Test class: com.sysco.test.WorkFlow</td>
<td></td>
<td>0</td>
<td>com.sysco.test.WorkFlow@5abca1e0</td></tr>
<tr>
<td title='com.sysco.test.WorkFlow.setUp()'><b>setUp</b><br>Test class: com.sysco.test.WorkFlow</td>
<td></td>
<td>0</td>
<td>com.sysco.test.WorkFlow@5abca1e0</td></tr>
<tr>
<td title='com.sysco.test.WorkFlow.setUp()'><b>setUp</b><br>Test class: com.sysco.test.WorkFlow</td>
<td></td>
<td>0</td>
<td>com.sysco.test.WorkFlow@5abca1e0</td></tr>
<tr>
<td title='com.sysco.test.WorkFlow.tearDown()'><b>tearDown</b><br>Test class: com.sysco.test.WorkFlow</td>
<td></td>
<td>0</td>
<td>com.sysco.test.WorkFlow@5abca1e0</td></tr>
<tr>
<td title='com.sysco.test.WorkFlow.tearDown()'><b>tearDown</b><br>Test class: com.sysco.test.WorkFlow</td>
<td></td>
<td>0</td>
<td>com.sysco.test.WorkFlow@5abca1e0</td></tr>
<tr>
<td title='com.sysco.test.WorkFlow.tearDown()'><b>tearDown</b><br>Test class: com.sysco.test.WorkFlow</td>
<td></td>
<td>0</td>
<td>com.sysco.test.WorkFlow@5abca1e0</td></tr>
<tr>
<td title='com.sysco.test.WorkFlow.tearDown()'><b>tearDown</b><br>Test class: com.sysco.test.WorkFlow</td>
<td></td>
<td>0</td>
<td>com.sysco.test.WorkFlow@5abca1e0</td></tr>
</table><p>
<table width='100%' border='1' class='invocation-failed'>
<tr><td colspan='4' align='center'><b>FAILED TESTS</b></td></tr>
<tr><td><b>Test method</b></td>
<td width="30%"><b>Exception</b></td>
<td width="10%"><b>Time (seconds)</b></td>
<td><b>Instance</b></td>
</tr>
<tr>
<td title='com.sysco.test.WorkFlow.SI_WF22_CustomList_DefaultLoc_Customcategory()'><b>SI_WF22_CustomList_DefaultLoc_Customcategory</b><br>Test class: com.sysco.test.WorkFlow<br>Test method: SI - WF 22-Custom List + Default Loc + custom Category<br/>
<a href="#Output-1292040526" onClick='toggleBox("Output-1292040526", this, "Show output", "Hide output");'>Show output</a>

<a href="#Output-1292040526" onClick="toggleAllBoxes();">Show all outputs</a>
<div class='log' id="Output-1292040526">
Login page verification :Pass<br/>
Save username verification :Pass<br/>
Sign In<br/>
Sign in :Pass<br/>
Navigating to Setup inventory page :Fail<br/>
</div>
</td>
<td><div><pre>java.lang.AssertionError: expected [true] but found [false]
	at com.sysco.pages.InventoryToolPage.InvTools_SetUpInventory(InventoryToolPage.java:67)
	at com.sysco.test.WorkFlow.SI_WF22_CustomList_DefaultLoc_Customcategory(WorkFlow.java:607)
... Removed 28 stack frames</pre></div><a href='#' onClick='toggleBox("stack-trace1292040526", this, "Click to show all stack frames", "Click to hide stack frames")'>Click to show all stack frames</a>
<div class='stack-trace' id='stack-trace1292040526'><pre>java.lang.AssertionError: expected [true] but found [false]
	at org.testng.Assert.fail(Assert.java:94)
	at org.testng.Assert.failNotEquals(Assert.java:494)
	at org.testng.Assert.assertTrue(Assert.java:42)
	at org.testng.Assert.assertTrue(Assert.java:52)
	at com.sysco.pages.InventoryToolPage.InvTools_SetUpInventory(InventoryToolPage.java:67)
	at com.sysco.test.WorkFlow.SI_WF22_CustomList_DefaultLoc_Customcategory(WorkFlow.java:607)
	at sun.reflect.NativeMethodAccessorImpl.invoke0(Native Method)
	at sun.reflect.NativeMethodAccessorImpl.invoke(NativeMethodAccessorImpl.java:62)
	at sun.reflect.DelegatingMethodAccessorImpl.invoke(DelegatingMethodAccessorImpl.java:43)
	at java.lang.reflect.Method.invoke(Method.java:497)
	at org.testng.internal.MethodInvocationHelper.invokeMethod(MethodInvocationHelper.java:84)
	at org.testng.internal.Invoker.invokeMethod(Invoker.java:714)
	at org.testng.internal.Invoker.invokeTestMethod(Invoker.java:901)
	at org.testng.internal.Invoker.invokeTestMethods(Invoker.java:1231)
	at org.testng.internal.TestMethodWorker.invokeTestMethods(TestMethodWorker.java:127)
	at org.testng.internal.TestMethodWorker.run(TestMethodWorker.java:111)
	at org.testng.TestRunner.privateRun(TestRunner.java:767)
	at org.testng.TestRunner.run(TestRunner.java:617)
	at org.testng.SuiteRunner.runTest(SuiteRunner.java:334)
	at org.testng.SuiteRunner.runSequentially(SuiteRunner.java:329)
	at org.testng.SuiteRunner.privateRun(SuiteRunner.java:291)
	at org.testng.SuiteRunner.run(SuiteRunner.java:240)
	at org.testng.SuiteRunnerWorker.runSuite(SuiteRunnerWorker.java:52)
	at org.testng.SuiteRunnerWorker.run(SuiteRunnerWorker.java:86)
	at org.testng.TestNG.runSuitesSequentially(TestNG.java:1224)
	at org.testng.TestNG.runSuitesLocally(TestNG.java:1149)
	at org.testng.TestNG.run(TestNG.java:1057)
	at org.testng.remote.AbstractRemoteTestNG.run(AbstractRemoteTestNG.java:126)
	at org.testng.remote.RemoteTestNG.initAndRun(RemoteTestNG.java:137)
	at org.testng.remote.RemoteTestNG.main(RemoteTestNG.java:58)
</pre></div></td>
<td>88</td>
<td>com.sysco.test.WorkFlow@5abca1e0</td></tr>
<tr>
<td title='com.sysco.test.WorkFlow.SI_WF23_CustomList_CustomLoc_defaultcategory()'><b>SI_WF23_CustomList_CustomLoc_defaultcategory</b><br>Test class: com.sysco.test.WorkFlow<br>Test method: SI - WF 23-Custom List + Custom Loc + default Category<br/>
<a href="#Output-1961595039" onClick='toggleBox("Output-1961595039", this, "Show output", "Hide output");'>Show output</a>

<a href="#Output-1961595039" onClick="toggleAllBoxes();">Show all outputs</a>
<div class='log' id="Output-1961595039">
Login page verification :Pass<br/>
Save username verification :Pass<br/>
Sign In<br/>
Sign in :Pass<br/>
Navigating to Setup inventory page :Pass<br/>
Tapped on skip :Pass<br/>
Selecting custom list  <br/>
Selected  custom list  from SetupInventoryImportItems:Pass<br/>
Tapped on Continue :Pass<br/>
Selecting list<br/>
List is selected   :Fail<br/>
</div>
</td>
<td><div><pre>java.lang.AssertionError: expected [true] but found [false]
	at com.sysco.pages.ListPage.SelectListwithItems(ListPage.java:131)
	at com.sysco.test.WorkFlow.SI_WF23_CustomList_CustomLoc_defaultcategory(WorkFlow.java:658)
... Removed 28 stack frames</pre></div><a href='#' onClick='toggleBox("stack-trace1961595039", this, "Click to show all stack frames", "Click to hide stack frames")'>Click to show all stack frames</a>
<div class='stack-trace' id='stack-trace1961595039'><pre>java.lang.AssertionError: expected [true] but found [false]
	at org.testng.Assert.fail(Assert.java:94)
	at org.testng.Assert.failNotEquals(Assert.java:494)
	at org.testng.Assert.assertTrue(Assert.java:42)
	at org.testng.Assert.assertTrue(Assert.java:52)
	at com.sysco.pages.ListPage.SelectListwithItems(ListPage.java:131)
	at com.sysco.test.WorkFlow.SI_WF23_CustomList_CustomLoc_defaultcategory(WorkFlow.java:658)
	at sun.reflect.NativeMethodAccessorImpl.invoke0(Native Method)
	at sun.reflect.NativeMethodAccessorImpl.invoke(NativeMethodAccessorImpl.java:62)
	at sun.reflect.DelegatingMethodAccessorImpl.invoke(DelegatingMethodAccessorImpl.java:43)
	at java.lang.reflect.Method.invoke(Method.java:497)
	at org.testng.internal.MethodInvocationHelper.invokeMethod(MethodInvocationHelper.java:84)
	at org.testng.internal.Invoker.invokeMethod(Invoker.java:714)
	at org.testng.internal.Invoker.invokeTestMethod(Invoker.java:901)
	at org.testng.internal.Invoker.invokeTestMethods(Invoker.java:1231)
	at org.testng.internal.TestMethodWorker.invokeTestMethods(TestMethodWorker.java:127)
	at org.testng.internal.TestMethodWorker.run(TestMethodWorker.java:111)
	at org.testng.TestRunner.privateRun(TestRunner.java:767)
	at org.testng.TestRunner.run(TestRunner.java:617)
	at org.testng.SuiteRunner.runTest(SuiteRunner.java:334)
	at org.testng.SuiteRunner.runSequentially(SuiteRunner.java:329)
	at org.testng.SuiteRunner.privateRun(SuiteRunner.java:291)
	at org.testng.SuiteRunner.run(SuiteRunner.java:240)
	at org.testng.SuiteRunnerWorker.runSuite(SuiteRunnerWorker.java:52)
	at org.testng.SuiteRunnerWorker.run(SuiteRunnerWorker.java:86)
	at org.testng.TestNG.runSuitesSequentially(TestNG.java:1224)
	at org.testng.TestNG.runSuitesLocally(TestNG.java:1149)
	at org.testng.TestNG.run(TestNG.java:1057)
	at org.testng.remote.AbstractRemoteTestNG.run(AbstractRemoteTestNG.java:126)
	at org.testng.remote.RemoteTestNG.initAndRun(RemoteTestNG.java:137)
	at org.testng.remote.RemoteTestNG.main(RemoteTestNG.java:58)
</pre></div></td>
<td>95</td>
<td>com.sysco.test.WorkFlow@5abca1e0</td></tr>
<tr>
<td title='com.sysco.test.WorkFlow.SI_WF24_CustomList_SkipLoc_Skipcategory()'><b>SI_WF24_CustomList_SkipLoc_Skipcategory</b><br>Test class: com.sysco.test.WorkFlow<br>Test method: SI - WF 24-Custom List + Skip location+ Skip Category<br/>
<a href="#Output-1768242710" onClick='toggleBox("Output-1768242710", this, "Show output", "Hide output");'>Show output</a>

<a href="#Output-1768242710" onClick="toggleAllBoxes();">Show all outputs</a>
<div class='log' id="Output-1768242710">
Login page verification :Pass<br/>
Save username verification :Pass<br/>
Sign In<br/>
Sign in :Pass<br/>
Navigating to Setup inventory page :Pass<br/>
Tapped on skip :Pass<br/>
Selecting custom list  <br/>
Selected  custom list  from SetupInventoryImportItems:Pass<br/>
Tapped on Continue :Pass<br/>
Selecting list<br/>
List is selected   :Fail<br/>
</div>
</td>
<td><div><pre>java.lang.AssertionError: expected [true] but found [false]
	at com.sysco.pages.ListPage.SelectListwithItems(ListPage.java:131)
	at com.sysco.test.WorkFlow.SI_WF24_CustomList_SkipLoc_Skipcategory(WorkFlow.java:739)
... Removed 28 stack frames</pre></div><a href='#' onClick='toggleBox("stack-trace1768242710", this, "Click to show all stack frames", "Click to hide stack frames")'>Click to show all stack frames</a>
<div class='stack-trace' id='stack-trace1768242710'><pre>java.lang.AssertionError: expected [true] but found [false]
	at org.testng.Assert.fail(Assert.java:94)
	at org.testng.Assert.failNotEquals(Assert.java:494)
	at org.testng.Assert.assertTrue(Assert.java:42)
	at org.testng.Assert.assertTrue(Assert.java:52)
	at com.sysco.pages.ListPage.SelectListwithItems(ListPage.java:131)
	at com.sysco.test.WorkFlow.SI_WF24_CustomList_SkipLoc_Skipcategory(WorkFlow.java:739)
	at sun.reflect.NativeMethodAccessorImpl.invoke0(Native Method)
	at sun.reflect.NativeMethodAccessorImpl.invoke(NativeMethodAccessorImpl.java:62)
	at sun.reflect.DelegatingMethodAccessorImpl.invoke(DelegatingMethodAccessorImpl.java:43)
	at java.lang.reflect.Method.invoke(Method.java:497)
	at org.testng.internal.MethodInvocationHelper.invokeMethod(MethodInvocationHelper.java:84)
	at org.testng.internal.Invoker.invokeMethod(Invoker.java:714)
	at org.testng.internal.Invoker.invokeTestMethod(Invoker.java:901)
	at org.testng.internal.Invoker.invokeTestMethods(Invoker.java:1231)
	at org.testng.internal.TestMethodWorker.invokeTestMethods(TestMethodWorker.java:127)
	at org.testng.internal.TestMethodWorker.run(TestMethodWorker.java:111)
	at org.testng.TestRunner.privateRun(TestRunner.java:767)
	at org.testng.TestRunner.run(TestRunner.java:617)
	at org.testng.SuiteRunner.runTest(SuiteRunner.java:334)
	at org.testng.SuiteRunner.runSequentially(SuiteRunner.java:329)
	at org.testng.SuiteRunner.privateRun(SuiteRunner.java:291)
	at org.testng.SuiteRunner.run(SuiteRunner.java:240)
	at org.testng.SuiteRunnerWorker.runSuite(SuiteRunnerWorker.java:52)
	at org.testng.SuiteRunnerWorker.run(SuiteRunnerWorker.java:86)
	at org.testng.TestNG.runSuitesSequentially(TestNG.java:1224)
	at org.testng.TestNG.runSuitesLocally(TestNG.java:1149)
	at org.testng.TestNG.run(TestNG.java:1057)
	at org.testng.remote.AbstractRemoteTestNG.run(AbstractRemoteTestNG.java:126)
	at org.testng.remote.RemoteTestNG.initAndRun(RemoteTestNG.java:137)
	at org.testng.remote.RemoteTestNG.main(RemoteTestNG.java:58)
</pre></div></td>
<td>94</td>
<td>com.sysco.test.WorkFlow@5abca1e0</td></tr>
<tr>
<td title='com.sysco.test.WorkFlow.SI_WF25_CustomList_DefaultLoc_Skipcategory()'><b>SI_WF25_CustomList_DefaultLoc_Skipcategory</b><br>Test class: com.sysco.test.WorkFlow<br>Test method: SI - WF 25-Custom List+Default loc + Skip Category<br/>
<a href="#Output-1603696865" onClick='toggleBox("Output-1603696865", this, "Show output", "Hide output");'>Show output</a>

<a href="#Output-1603696865" onClick="toggleAllBoxes();">Show all outputs</a>
<div class='log' id="Output-1603696865">
Login page verification :Pass<br/>
Save username verification :Pass<br/>
Sign In<br/>
Sign in :Pass<br/>
Navigating to Setup inventory page :Pass<br/>
Tapped on skip :Pass<br/>
Selecting custom list  <br/>
Selected  custom list  from SetupInventoryImportItems:Pass<br/>
Tapped on Continue :Pass<br/>
Selecting list<br/>
List is selected   :Fail<br/>
</div>
</td>
<td><div><pre>java.lang.AssertionError: expected [true] but found [false]
	at com.sysco.pages.ListPage.SelectListwithItems(ListPage.java:131)
	at com.sysco.test.WorkFlow.SI_WF25_CustomList_DefaultLoc_Skipcategory(WorkFlow.java:779)
... Removed 28 stack frames</pre></div><a href='#' onClick='toggleBox("stack-trace1603696865", this, "Click to show all stack frames", "Click to hide stack frames")'>Click to show all stack frames</a>
<div class='stack-trace' id='stack-trace1603696865'><pre>java.lang.AssertionError: expected [true] but found [false]
	at org.testng.Assert.fail(Assert.java:94)
	at org.testng.Assert.failNotEquals(Assert.java:494)
	at org.testng.Assert.assertTrue(Assert.java:42)
	at org.testng.Assert.assertTrue(Assert.java:52)
	at com.sysco.pages.ListPage.SelectListwithItems(ListPage.java:131)
	at com.sysco.test.WorkFlow.SI_WF25_CustomList_DefaultLoc_Skipcategory(WorkFlow.java:779)
	at sun.reflect.NativeMethodAccessorImpl.invoke0(Native Method)
	at sun.reflect.NativeMethodAccessorImpl.invoke(NativeMethodAccessorImpl.java:62)
	at sun.reflect.DelegatingMethodAccessorImpl.invoke(DelegatingMethodAccessorImpl.java:43)
	at java.lang.reflect.Method.invoke(Method.java:497)
	at org.testng.internal.MethodInvocationHelper.invokeMethod(MethodInvocationHelper.java:84)
	at org.testng.internal.Invoker.invokeMethod(Invoker.java:714)
	at org.testng.internal.Invoker.invokeTestMethod(Invoker.java:901)
	at org.testng.internal.Invoker.invokeTestMethods(Invoker.java:1231)
	at org.testng.internal.TestMethodWorker.invokeTestMethods(TestMethodWorker.java:127)
	at org.testng.internal.TestMethodWorker.run(TestMethodWorker.java:111)
	at org.testng.TestRunner.privateRun(TestRunner.java:767)
	at org.testng.TestRunner.run(TestRunner.java:617)
	at org.testng.SuiteRunner.runTest(SuiteRunner.java:334)
	at org.testng.SuiteRunner.runSequentially(SuiteRunner.java:329)
	at org.testng.SuiteRunner.privateRun(SuiteRunner.java:291)
	at org.testng.SuiteRunner.run(SuiteRunner.java:240)
	at org.testng.SuiteRunnerWorker.runSuite(SuiteRunnerWorker.java:52)
	at org.testng.SuiteRunnerWorker.run(SuiteRunnerWorker.java:86)
	at org.testng.TestNG.runSuitesSequentially(TestNG.java:1224)
	at org.testng.TestNG.runSuitesLocally(TestNG.java:1149)
	at org.testng.TestNG.run(TestNG.java:1057)
	at org.testng.remote.AbstractRemoteTestNG.run(AbstractRemoteTestNG.java:126)
	at org.testng.remote.RemoteTestNG.initAndRun(RemoteTestNG.java:137)
	at org.testng.remote.RemoteTestNG.main(RemoteTestNG.java:58)
</pre></div></td>
<td>110</td>
<td>com.sysco.test.WorkFlow@5abca1e0</td></tr>
<tr>
<td title='com.sysco.test.WorkFlow.SI_WF26_CustomList_SkipLoc_defaultcategory_NU()'><b>SI_WF26_CustomList_SkipLoc_defaultcategory_NU</b><br>Test class: com.sysco.test.WorkFlow<br>Test method: SI - WF 26-Custom List+skip location + default category for Normal user<br/>
<a href="#Output-1863655430" onClick='toggleBox("Output-1863655430", this, "Show output", "Hide output");'>Show output</a>

<a href="#Output-1863655430" onClick="toggleAllBoxes();">Show all outputs</a>
<div class='log' id="Output-1863655430">
Login page verification :Pass<br/>
Save username verification :Pass<br/>
Sign In<br/>
Sign in :Pass<br/>
Navigating to Setup inventory page :Pass<br/>
Tapped on skip :Pass<br/>
Selecting custom list  <br/>
Selected  custom list  from SetupInventoryImportItems:Pass<br/>
Tapped on Continue :Pass<br/>
Selecting list<br/>
List is selected   :Fail<br/>
</div>
</td>
<td><div><pre>java.lang.AssertionError: expected [true] but found [false]
	at com.sysco.pages.ListPage.SelectListwithItems(ListPage.java:131)
	at com.sysco.test.WorkFlow.SI_WF26_CustomList_SkipLoc_defaultcategory_NU(WorkFlow.java:812)
... Removed 28 stack frames</pre></div><a href='#' onClick='toggleBox("stack-trace1863655430", this, "Click to show all stack frames", "Click to hide stack frames")'>Click to show all stack frames</a>
<div class='stack-trace' id='stack-trace1863655430'><pre>java.lang.AssertionError: expected [true] but found [false]
	at org.testng.Assert.fail(Assert.java:94)
	at org.testng.Assert.failNotEquals(Assert.java:494)
	at org.testng.Assert.assertTrue(Assert.java:42)
	at org.testng.Assert.assertTrue(Assert.java:52)
	at com.sysco.pages.ListPage.SelectListwithItems(ListPage.java:131)
	at com.sysco.test.WorkFlow.SI_WF26_CustomList_SkipLoc_defaultcategory_NU(WorkFlow.java:812)
	at sun.reflect.NativeMethodAccessorImpl.invoke0(Native Method)
	at sun.reflect.NativeMethodAccessorImpl.invoke(NativeMethodAccessorImpl.java:62)
	at sun.reflect.DelegatingMethodAccessorImpl.invoke(DelegatingMethodAccessorImpl.java:43)
	at java.lang.reflect.Method.invoke(Method.java:497)
	at org.testng.internal.MethodInvocationHelper.invokeMethod(MethodInvocationHelper.java:84)
	at org.testng.internal.Invoker.invokeMethod(Invoker.java:714)
	at org.testng.internal.Invoker.invokeTestMethod(Invoker.java:901)
	at org.testng.internal.Invoker.invokeTestMethods(Invoker.java:1231)
	at org.testng.internal.TestMethodWorker.invokeTestMethods(TestMethodWorker.java:127)
	at org.testng.internal.TestMethodWorker.run(TestMethodWorker.java:111)
	at org.testng.TestRunner.privateRun(TestRunner.java:767)
	at org.testng.TestRunner.run(TestRunner.java:617)
	at org.testng.SuiteRunner.runTest(SuiteRunner.java:334)
	at org.testng.SuiteRunner.runSequentially(SuiteRunner.java:329)
	at org.testng.SuiteRunner.privateRun(SuiteRunner.java:291)
	at org.testng.SuiteRunner.run(SuiteRunner.java:240)
	at org.testng.SuiteRunnerWorker.runSuite(SuiteRunnerWorker.java:52)
	at org.testng.SuiteRunnerWorker.run(SuiteRunnerWorker.java:86)
	at org.testng.TestNG.runSuitesSequentially(TestNG.java:1224)
	at org.testng.TestNG.runSuitesLocally(TestNG.java:1149)
	at org.testng.TestNG.run(TestNG.java:1057)
	at org.testng.remote.AbstractRemoteTestNG.run(AbstractRemoteTestNG.java:126)
	at org.testng.remote.RemoteTestNG.initAndRun(RemoteTestNG.java:137)
	at org.testng.remote.RemoteTestNG.main(RemoteTestNG.java:58)
</pre></div></td>
<td>94</td>
<td>com.sysco.test.WorkFlow@5abca1e0</td></tr>
<tr>
<td title='com.sysco.test.WorkFlow.SI_WF27_CustomList_MultipleList_ListNames_DefaultCat()'><b>SI_WF27_CustomList_MultipleList_ListNames_DefaultCat</b><br>Test class: com.sysco.test.WorkFlow<br>Test method: SI - WF 27-Custom List + Select Multiple List +List Names+Default Cat<br/>
<a href="#Output-67730604" onClick='toggleBox("Output-67730604", this, "Show output", "Hide output");'>Show output</a>

<a href="#Output-67730604" onClick="toggleAllBoxes();">Show all outputs</a>
<div class='log' id="Output-67730604">
Login page verification :Pass<br/>
Save username verification :Pass<br/>
Sign In<br/>
Sign in :Pass<br/>
Navigating to Setup inventory page :Pass<br/>
Tapped on skip :Pass<br/>
Selecting custom list  <br/>
Selected  custom list  from SetupInventoryImportItems:Pass<br/>
Tapped on Continue :Pass<br/>
Selecting list<br/>
List is selected   :Fail<br/>
</div>
</td>
<td><div><pre>java.lang.AssertionError: expected [true] but found [false]
	at com.sysco.pages.ListPage.SelectListwithItems(ListPage.java:131)
	at com.sysco.test.WorkFlow.SI_WF27_CustomList_MultipleList_ListNames_DefaultCat(WorkFlow.java:855)
... Removed 28 stack frames</pre></div><a href='#' onClick='toggleBox("stack-trace67730604", this, "Click to show all stack frames", "Click to hide stack frames")'>Click to show all stack frames</a>
<div class='stack-trace' id='stack-trace67730604'><pre>java.lang.AssertionError: expected [true] but found [false]
	at org.testng.Assert.fail(Assert.java:94)
	at org.testng.Assert.failNotEquals(Assert.java:494)
	at org.testng.Assert.assertTrue(Assert.java:42)
	at org.testng.Assert.assertTrue(Assert.java:52)
	at com.sysco.pages.ListPage.SelectListwithItems(ListPage.java:131)
	at com.sysco.test.WorkFlow.SI_WF27_CustomList_MultipleList_ListNames_DefaultCat(WorkFlow.java:855)
	at sun.reflect.NativeMethodAccessorImpl.invoke0(Native Method)
	at sun.reflect.NativeMethodAccessorImpl.invoke(NativeMethodAccessorImpl.java:62)
	at sun.reflect.DelegatingMethodAccessorImpl.invoke(DelegatingMethodAccessorImpl.java:43)
	at java.lang.reflect.Method.invoke(Method.java:497)
	at org.testng.internal.MethodInvocationHelper.invokeMethod(MethodInvocationHelper.java:84)
	at org.testng.internal.Invoker.invokeMethod(Invoker.java:714)
	at org.testng.internal.Invoker.invokeTestMethod(Invoker.java:901)
	at org.testng.internal.Invoker.invokeTestMethods(Invoker.java:1231)
	at org.testng.internal.TestMethodWorker.invokeTestMethods(TestMethodWorker.java:127)
	at org.testng.internal.TestMethodWorker.run(TestMethodWorker.java:111)
	at org.testng.TestRunner.privateRun(TestRunner.java:767)
	at org.testng.TestRunner.run(TestRunner.java:617)
	at org.testng.SuiteRunner.runTest(SuiteRunner.java:334)
	at org.testng.SuiteRunner.runSequentially(SuiteRunner.java:329)
	at org.testng.SuiteRunner.privateRun(SuiteRunner.java:291)
	at org.testng.SuiteRunner.run(SuiteRunner.java:240)
	at org.testng.SuiteRunnerWorker.runSuite(SuiteRunnerWorker.java:52)
	at org.testng.SuiteRunnerWorker.run(SuiteRunnerWorker.java:86)
	at org.testng.TestNG.runSuitesSequentially(TestNG.java:1224)
	at org.testng.TestNG.runSuitesLocally(TestNG.java:1149)
	at org.testng.TestNG.run(TestNG.java:1057)
	at org.testng.remote.AbstractRemoteTestNG.run(AbstractRemoteTestNG.java:126)
	at org.testng.remote.RemoteTestNG.initAndRun(RemoteTestNG.java:137)
	at org.testng.remote.RemoteTestNG.main(RemoteTestNG.java:58)
</pre></div></td>
<td>97</td>
<td>com.sysco.test.WorkFlow@5abca1e0</td></tr>
</table><p>
<table width='100%' border='1' class='invocation-skipped'>
<tr><td colspan='4' align='center'><b>SKIPPED TESTS</b></td></tr>
<tr><td><b>Test method</b></td>
<td width="30%"><b>Exception</b></td>
<td width="10%"><b>Time (seconds)</b></td>
<td><b>Instance</b></td>
</tr>
<tr>
<td title='com.sysco.test.WorkFlow.SI_WF28_CustomList_MultipleList_ListNames_Customcategory()'><b>SI_WF28_CustomList_MultipleList_ListNames_Customcategory</b><br>Test class: com.sysco.test.WorkFlow<br>Test method: SI - WF 28-Custom List + Select Multiple List +List Names as location+custom Cat</td>
<td></td>
<td>0</td>
<td>com.sysco.test.WorkFlow@5abca1e0</td></tr>
<tr>
<td title='com.sysco.test.WorkFlow.SI_WF29_CustomListSingleList_CustomCategoryOnLocationsPage_defaultcategory()'><b>SI_WF29_CustomListSingleList_CustomCategoryOnLocationsPage_defaultcategory</b><br>Test class: com.sysco.test.WorkFlow<br>Test method: SI - WF 29-Custom List + Select single  List +Custom categories as location+Default Cat</td>
<td></td>
<td>0</td>
<td>com.sysco.test.WorkFlow@5abca1e0</td></tr>
<tr>
<td title='com.sysco.test.WorkFlow.SI_WF30_CustomListSingleList_CustomCategoryOnLocationsPage_customcategory()'><b>SI_WF30_CustomListSingleList_CustomCategoryOnLocationsPage_customcategory</b><br>Test class: com.sysco.test.WorkFlow<br>Test method: SI - WF 30-Custom List + Select single  List +Custom Categories as location+Custom Cat</td>
<td></td>
<td>0</td>
<td>com.sysco.test.WorkFlow@5abca1e0</td></tr>
<tr>
<td title='com.sysco.test.WorkFlow.SI_WF31_CustomList_MultipleList_ListNames_Skipcategory()'><b>SI_WF31_CustomList_MultipleList_ListNames_Skipcategory</b><br>Test class: com.sysco.test.WorkFlow<br>Test method: SI - WF 31-Custom List + Select Multiple List +List Names as location+skip Cat</td>
<td></td>
<td>0</td>
<td>com.sysco.test.WorkFlow@5abca1e0</td></tr>
</table><p>
</body>
</html>