<?xml version="1.0" encoding="UTF-8"?>
<testng-results skipped="0" failed="1" total="1" passed="0">
  <reporter-output>
    <line>
      <![CDATA[Login page verification :Pass]]>
    </line>
    <line>
      <![CDATA[Save username verification :Pass]]>
    </line>
    <line>
      <![CDATA[Sign In]]>
    </line>
    <line>
      <![CDATA[Sign in :Pass]]>
    </line>
    <line>
      <![CDATA[Navigating to Setup inventory page :Pass]]>
    </line>
    <line>
      <![CDATA[Tapped on skip :Pass]]>
    </line>
    <line>
      <![CDATA[Selected  orderguide  from SetupInventoryImportItems:Pass]]>
    </line>
    <line>
      <![CDATA[Tapped on Continue :Pass]]>
    </line>
    <line>
      <![CDATA[default location clickElemented :Pass]]>
    </line>
    <line>
      <![CDATA[Tapped on Continue :Pass]]>
    </line>
    <line>
      <![CDATA[Tapped on DoThisLater :Pass]]>
    </line>
    <line>
      <![CDATA[Tapped on TakeHome :Pass]]>
    </line>
    <line>
      <![CDATA[Selecting Create Nonsysco item from inventory tools page ]]>
    </line>
    <line>
      <![CDATA[Tapped Create NonSysco Item from inventory tools page:Pass]]>
    </line>
    <line>
      <![CDATA[Entering details of  item]]>
    </line>
    <line>
      <![CDATA[Entering Product name]]>
    </line>
    <line>
      <![CDATA[Entering Product id]]>
    </line>
    <line>
      <![CDATA[Entering Pack]]>
    </line>
    <line>
      <![CDATA[Entering size]]>
    </line>
    <line>
      <![CDATA[Entering weight]]>
    </line>
    <line>
      <![CDATA[Entering Price]]>
    </line>
    <line>
      <![CDATA[Entering Product brand]]>
    </line>
    <line>
      <![CDATA[Item details are entered :Pass]]>
    </line>
    <line>
      <![CDATA[Selected supplier :Fail]]>
    </line>
  </reporter-output>
  <suite name="Suite2" duration-ms="115491" started-at="2016-07-29T11:40:14Z" finished-at="2016-07-29T11:42:10Z">
    <groups>
      <group name="MNS-1">
        <method signature="WorkFlow.MNS_1_CreateNonSyscoItem_LinkSupplier_Location_Category()[pri:0, instance:com.sysco.test.WorkFlow@7dc7cbad]" name="MNS_1_CreateNonSyscoItem_LinkSupplier_Location_Category" class="com.sysco.test.WorkFlow"/>
      </group> <!-- MNS-1 -->
    </groups>
    <test name="Test" duration-ms="115491" started-at="2016-07-29T11:40:14Z" finished-at="2016-07-29T11:42:10Z">
      <class name="com.sysco.test.WorkFlow">
        <test-method status="PASS" signature="setUp()[pri:0, instance:com.sysco.test.WorkFlow@7dc7cbad]" name="setUp" is-config="true" duration-ms="23770" started-at="2016-07-29T17:10:14Z" finished-at="2016-07-29T17:10:38Z">
          <reporter-output>
          </reporter-output>
        </test-method> <!-- setUp -->
        <test-method status="FAIL" signature="MNS_1_CreateNonSyscoItem_LinkSupplier_Location_Category()[pri:0, instance:com.sysco.test.WorkFlow@7dc7cbad]" name="MNS_1_CreateNonSyscoItem_LinkSupplier_Location_Category" duration-ms="88309" started-at="2016-07-29T17:10:38Z" description="MNS-1-Manage_Create Non-Sysco Item_Link Supplier_Location_Expense Category" finished-at="2016-07-29T17:12:06Z">
          <exception class="java.lang.AssertionError">
            <message>
              <![CDATA[expected [true] but found [false]]]>
            </message>
            <full-stacktrace>
              <![CDATA[java.lang.AssertionError: expected [true] but found [false]
	at org.testng.Assert.fail(Assert.java:94)
	at org.testng.Assert.failNotEquals(Assert.java:494)
	at org.testng.Assert.assertTrue(Assert.java:42)
	at org.testng.Assert.assertTrue(Assert.java:52)
	at com.sysco.pages.SetupInventoryPage.AddSupplier_AddProductDetailsPage(SetupInventoryPage.java:645)
	at com.sysco.test.WorkFlow.MNS_1_CreateNonSyscoItem_LinkSupplier_Location_Category(WorkFlow.java:2573)
	at sun.reflect.NativeMethodAccessorImpl.invoke0(Native Method)
	at sun.reflect.NativeMethodAccessorImpl.invoke(NativeMethodAccessorImpl.java:62)
	at sun.reflect.DelegatingMethodAccessorImpl.invoke(DelegatingMethodAccessorImpl.java:43)
	at java.lang.reflect.Method.invoke(Method.java:497)
	at org.testng.internal.MethodInvocationHelper.invokeMethod(MethodInvocationHelper.java:84)
	at org.testng.internal.Invoker.invokeMethod(Invoker.java:714)
	at org.testng.internal.Invoker.invokeTestMethod(Invoker.java:901)
	at org.testng.internal.Invoker.invokeTestMethods(Invoker.java:1231)
	at org.testng.internal.TestMethodWorker.invokeTestMethods(TestMethodWorker.java:127)
	at org.testng.internal.TestMethodWorker.run(TestMethodWorker.java:111)
	at org.testng.TestRunner.privateRun(TestRunner.java:767)
	at org.testng.TestRunner.run(TestRunner.java:617)
	at org.testng.SuiteRunner.runTest(SuiteRunner.java:334)
	at org.testng.SuiteRunner.runSequentially(SuiteRunner.java:329)
	at org.testng.SuiteRunner.privateRun(SuiteRunner.java:291)
	at org.testng.SuiteRunner.run(SuiteRunner.java:240)
	at org.testng.SuiteRunnerWorker.runSuite(SuiteRunnerWorker.java:52)
	at org.testng.SuiteRunnerWorker.run(SuiteRunnerWorker.java:86)
	at org.testng.TestNG.runSuitesSequentially(TestNG.java:1224)
	at org.testng.TestNG.runSuitesLocally(TestNG.java:1149)
	at org.testng.TestNG.run(TestNG.java:1057)
	at org.testng.remote.RemoteTestNG.run(RemoteTestNG.java:111)
	at org.testng.remote.RemoteTestNG.initAndRun(RemoteTestNG.java:204)
	at org.testng.remote.RemoteTestNG.main(RemoteTestNG.java:175)
]]>
            </full-stacktrace>
          </exception> <!-- java.lang.AssertionError -->
          <reporter-output>
            <line>
              <![CDATA[Login page verification :Pass]]>
            </line>
            <line>
              <![CDATA[Save username verification :Pass]]>
            </line>
            <line>
              <![CDATA[Sign In]]>
            </line>
            <line>
              <![CDATA[Sign in :Pass]]>
            </line>
            <line>
              <![CDATA[Navigating to Setup inventory page :Pass]]>
            </line>
            <line>
              <![CDATA[Tapped on skip :Pass]]>
            </line>
            <line>
              <![CDATA[Selected  orderguide  from SetupInventoryImportItems:Pass]]>
            </line>
            <line>
              <![CDATA[Tapped on Continue :Pass]]>
            </line>
            <line>
              <![CDATA[default location clickElemented :Pass]]>
            </line>
            <line>
              <![CDATA[Tapped on Continue :Pass]]>
            </line>
            <line>
              <![CDATA[Tapped on DoThisLater :Pass]]>
            </line>
            <line>
              <![CDATA[Tapped on TakeHome :Pass]]>
            </line>
            <line>
              <![CDATA[Selecting Create Nonsysco item from inventory tools page ]]>
            </line>
            <line>
              <![CDATA[Tapped Create NonSysco Item from inventory tools page:Pass]]>
            </line>
            <line>
              <![CDATA[Entering details of  item]]>
            </line>
            <line>
              <![CDATA[Entering Product name]]>
            </line>
            <line>
              <![CDATA[Entering Product id]]>
            </line>
            <line>
              <![CDATA[Entering Pack]]>
            </line>
            <line>
              <![CDATA[Entering size]]>
            </line>
            <line>
              <![CDATA[Entering weight]]>
            </line>
            <line>
              <![CDATA[Entering Price]]>
            </line>
            <line>
              <![CDATA[Entering Product brand]]>
            </line>
            <line>
              <![CDATA[Item details are entered :Pass]]>
            </line>
            <line>
              <![CDATA[Selected supplier :Fail]]>
            </line>
          </reporter-output>
        </test-method> <!-- MNS_1_CreateNonSyscoItem_LinkSupplier_Location_Category -->
        <test-method status="PASS" signature="tearDown()[pri:0, instance:com.sysco.test.WorkFlow@7dc7cbad]" name="tearDown" is-config="true" duration-ms="3378" started-at="2016-07-29T17:12:06Z" finished-at="2016-07-29T17:12:10Z">
          <reporter-output>
          </reporter-output>
        </test-method> <!-- tearDown -->
      </class> <!-- com.sysco.test.WorkFlow -->
    </test> <!-- Test -->
  </suite> <!-- Suite2 -->
</testng-results>
