<html>
<head>
<title>TestNG:  GRP-SI-WF20,SI-WF19</title>
<link href="../testng.css" rel="stylesheet" type="text/css" />
<link href="../my-testng.css" rel="stylesheet" type="text/css" />

<style type="text/css">
.log { display: none;} 
.stack-trace { display: none;} 
</style>
<script type="text/javascript">
<!--
function flip(e) {
  current = e.style.display;
  if (current == 'block') {
    e.style.display = 'none';
    return 0;
  }
  else {
    e.style.display = 'block';
    return 1;
  }
}

function toggleBox(szDivId, elem, msg1, msg2)
{
  var res = -1;  if (document.getElementById) {
    res = flip(document.getElementById(szDivId));
  }
  else if (document.all) {
    // this is the way old msie versions work
    res = flip(document.all[szDivId]);
  }
  if(elem) {
    if(res == 0) elem.innerHTML = msg1; else elem.innerHTML = msg2;
  }

}

function toggleAllBoxes() {
  if (document.getElementsByTagName) {
    d = document.getElementsByTagName('div');
    for (i = 0; i < d.length; i++) {
      if (d[i].className == 'log') {
        flip(d[i]);
      }
    }
  }
}

// -->
</script>

</head>
<body>
<h2 align='center'>GRP-SI-WF20,SI-WF19</h2><table border='1' align="center">
<tr>
<td>Tests passed/Failed/Skipped:</td><td>1/0/0</td>
</tr><tr>
<td>Started on:</td><td>Mon Jun 27 10:39:19 IST 2016</td>
</tr>
<tr><td>Total time:</td><td>470 seconds (470541 ms)</td>
</tr><tr>
<td>Included groups:</td><td>SI-WF19 SI-WF20 </td>
</tr><tr>
<td>Excluded groups:</td><td></td>
</tr>
</table><p/>
<small><i>(Hover the method name to see the test class name)</i></small><p/>
<table width='100%' border='1' class='invocation-failed'>
<tr><td colspan='4' align='center'><b>FAILED TESTS</b></td></tr>
<tr><td><b>Test method</b></td>
<td width="30%"><b>Exception</b></td>
<td width="10%"><b>Time (seconds)</b></td>
<td><b>Instance</b></td>
</tr>
<tr>
<td title='com.tests.WorkFlow.SI_WF20_CustomList_CustomLoc_Customcategory()'><b>SI_WF20_CustomList_CustomLoc_Customcategory</b><br>Test class: com.tests.WorkFlow<br>Test method: SI-WF20-Custom List + Custom Loc + Custom Category <br/>
<a href="#Output-1173346575" onClick='toggleBox("Output-1173346575", this, "Show output", "Hide output");'>Show output</a>

<a href="#Output-1173346575" onClick="toggleAllBoxes();">Show all outputs</a>
<div class='log' id="Output-1173346575">
[10:40:46] : <b><FONT SIZE="2">Launched Sysco UOM</FONT></b><br><br/>
[10:40:51] : <b><FONT SIZE="2">Verify the Login Page</FONT></b><br><br/>
[10:40:55] : <b><FONT SIZE="2">Login page verification :Pass</FONT></b><br><br/>
[10:40:55] : <b><FONT SIZE="2">Sign In</FONT></b><br><br/>
[10:41:07] : <b><FONT SIZE="2">Sign in :Pass</FONT></b><br><br/>
[10:41:07] : <b><FONT SIZE="2">Sign in :Pass</FONT></b><br><br/>
[10:41:07] : <b><FONT SIZE="2">Selecting 1st account from Accounts page</FONT></b><br><br/>
[10:41:10] : <b><FONT COLOR="GREEN"><FONT SIZE="2">Navigating to Setup inventory page :Pass</FONT></FONT></b><br><br/>
[10:41:10] : <b><FONT SIZE="2">Setup inventory page</FONT></b><br><br/>
[10:41:16] : <b><FONT COLOR="GREEN"><FONT SIZE="2">Tapped on skip :Pass</FONT></FONT></b><br><br/>
[10:41:16] : <b><FONT SIZE="2">Selecting custom list  </FONT></b><br><br/>
[10:41:21] : <b><FONT COLOR="GREEN"><FONT SIZE="2">Selected  custom list  from SetupInventoryImportItems:Pass</FONT></FONT></b><br><br/>
[10:41:21] : <b><FONT COLOR="GREEN"><FONT SIZE="2">Tapped on Continue :Pass</FONT></FONT></b><br><br/>
<b><font color='RED'>ERROR	:- null</font></b><br/>
Error communicating with the remote browser. It may have died.
Build info: version: '2.51.0', revision: '1af067d', time: '2016-02-05 19:15:17'
System info: host: 'tvmatp312483m.ad.infosys.com', ip: '10.155.162.74', os.name: 'Mac OS X', os.arch: 'x86_64', os.version: '10.11.4', java.version: '1.8.0_40'
Driver info: driver.version: RemoteWebDriver
Capabilities [{app=/Users/naveen_raj04/Desktop/UOM_Files/Builds/june 22/UOMQA_SQ-debug.apk, appPackage=, networkConnectionEnabled=true, warnings={}, databaseEnabled=false, deviceName=1115fbeb54402003, platform=LINUX, appActivity=, desired={app=/Users/naveen_raj04/Desktop/UOM_Files/Builds/june 22/UOMQA_SQ-debug.apk, appPackage=, appActivity=, newCommandTimeout=120, platformVersion=6.0.1, automationName=Appium, autoWebview=false, platformName=Android, deviceName=Galaxy S6_Sysco2}, newCommandTimeout=120, platformVersion=6.0.1, webStorageEnabled=false, locationContextEnabled=false, automationName=Appium, takesScreenshot=true, javascriptEnabled=true, autoWebview=false, platformName=Android}]
Session ID: 36d8198d-d6dc-4899-a473-2648061b2fa1<br/>
</div>
</td>
<td><div><pre>java.lang.NullPointerException
	at com.tests.WorkFlow.SI_WF20_CustomList_CustomLoc_Customcategory(WorkFlow.java:1514)
	at sun.reflect.NativeMethodAccessorImpl.invoke0(Native Method)
	at sun.reflect.NativeMethodAccessorImpl.invoke(NativeMethodAccessorImpl.java:62)
	at sun.reflect.DelegatingMethodAccessorImpl.invoke(DelegatingMethodAccessorImpl.java:43)
	at java.lang.reflect.Method.invoke(Method.java:497)
	at org.testng.internal.MethodInvocationHelper.invokeMethod(MethodInvocationHelper.java:86)
	at org.testng.internal.Invoker.invokeMethod(Invoker.java:646)
	at org.testng.internal.Invoker.invokeTestMethod(Invoker.java:823)
	at org.testng.internal.Invoker.invokeTestMethods(Invoker.java:1131)
	at org.testng.internal.TestMethodWorker.invokeTestMethods(TestMethodWorker.java:129)
	at org.testng.internal.TestMethodWorker.run(TestMethodWorker.java:112)
	at org.testng.TestRunner.privateRun(TestRunner.java:778)
	at org.testng.TestRunner.run(TestRunner.java:632)
	at org.testng.SuiteRunner.runTest(SuiteRunner.java:366)
	at org.testng.SuiteRunner.runSequentially(SuiteRunner.java:361)
	at org.testng.SuiteRunner.privateRun(SuiteRunner.java:319)
	at org.testng.SuiteRunner.run(SuiteRunner.java:268)
	at org.testng.SuiteRunnerWorker.runSuite(SuiteRunnerWorker.java:52)
	at org.testng.SuiteRunnerWorker.run(SuiteRunnerWorker.java:86)
	at org.testng.TestNG.runSuitesSequentially(TestNG.java:1225)
	at org.testng.TestNG.runSuitesLocally(TestNG.java:1150)
	at org.testng.TestNG.runSuites(TestNG.java:1075)
	at org.testng.TestNG.run(TestNG.java:1047)
	at org.testng.remote.AbstractRemoteTestNG.run(AbstractRemoteTestNG.java:126)
	at org.testng.remote.RemoteTestNG.initAndRun(RemoteTestNG.java:137)
	at org.testng.remote.RemoteTestNG.main(RemoteTestNG.java:58)
</pre></div><a href='#' onClick='toggleBox("stack-trace1173346575", this, "Click to show all stack frames", "Click to hide stack frames")'>Click to show all stack frames</a>
<div class='stack-trace' id='stack-trace1173346575'><pre>java.lang.NullPointerException
	at com.tests.WorkFlow.SI_WF20_CustomList_CustomLoc_Customcategory(WorkFlow.java:1514)
	at sun.reflect.NativeMethodAccessorImpl.invoke0(Native Method)
	at sun.reflect.NativeMethodAccessorImpl.invoke(NativeMethodAccessorImpl.java:62)
	at sun.reflect.DelegatingMethodAccessorImpl.invoke(DelegatingMethodAccessorImpl.java:43)
	at java.lang.reflect.Method.invoke(Method.java:497)
	at org.testng.internal.MethodInvocationHelper.invokeMethod(MethodInvocationHelper.java:86)
	at org.testng.internal.Invoker.invokeMethod(Invoker.java:646)
	at org.testng.internal.Invoker.invokeTestMethod(Invoker.java:823)
	at org.testng.internal.Invoker.invokeTestMethods(Invoker.java:1131)
	at org.testng.internal.TestMethodWorker.invokeTestMethods(TestMethodWorker.java:129)
	at org.testng.internal.TestMethodWorker.run(TestMethodWorker.java:112)
	at org.testng.TestRunner.privateRun(TestRunner.java:778)
	at org.testng.TestRunner.run(TestRunner.java:632)
	at org.testng.SuiteRunner.runTest(SuiteRunner.java:366)
	at org.testng.SuiteRunner.runSequentially(SuiteRunner.java:361)
	at org.testng.SuiteRunner.privateRun(SuiteRunner.java:319)
	at org.testng.SuiteRunner.run(SuiteRunner.java:268)
	at org.testng.SuiteRunnerWorker.runSuite(SuiteRunnerWorker.java:52)
	at org.testng.SuiteRunnerWorker.run(SuiteRunnerWorker.java:86)
	at org.testng.TestNG.runSuitesSequentially(TestNG.java:1225)
	at org.testng.TestNG.runSuitesLocally(TestNG.java:1150)
	at org.testng.TestNG.runSuites(TestNG.java:1075)
	at org.testng.TestNG.run(TestNG.java:1047)
	at org.testng.remote.AbstractRemoteTestNG.run(AbstractRemoteTestNG.java:126)
	at org.testng.remote.RemoteTestNG.initAndRun(RemoteTestNG.java:137)
	at org.testng.remote.RemoteTestNG.main(RemoteTestNG.java:58)
</pre></div></td>
<td>48</td>
<td>com.tests.WorkFlow@7cd62f43</td></tr>
<tr>
<td title='com.tests.WorkFlow.SI_WF20_CustomList_CustomLoc_Customcategory()'><b>SI_WF20_CustomList_CustomLoc_Customcategory</b><br>Test class: com.tests.WorkFlow<br>Test method: SI-WF20-Custom List + Custom Loc + Custom Category <br/>
<a href="#Output-1926673338" onClick='toggleBox("Output-1926673338", this, "Show output", "Hide output");'>Show output</a>

<a href="#Output-1926673338" onClick="toggleAllBoxes();">Show all outputs</a>
<div class='log' id="Output-1926673338">
<b><font color='RED'>ERROR	:- Error occured while closing webdriver sessionError communicating with the remote browser. It may have died.
Build info: version: '2.51.0', revision: '1af067d', time: '2016-02-05 19:15:17'
System info: host: 'tvmatp312483m.ad.infosys.com', ip: '10.155.162.74', os.name: 'Mac OS X', os.arch: 'x86_64', os.version: '10.11.4', java.version: '1.8.0_40'
Driver info: driver.version: RemoteWebDriver
Capabilities [{app=/Users/naveen_raj04/Desktop/UOM_Files/Builds/june 22/UOMQA_SQ-debug.apk, appPackage=, networkConnectionEnabled=true, warnings={}, databaseEnabled=false, deviceName=1115fbeb54402003, platform=LINUX, appActivity=, desired={app=/Users/naveen_raj04/Desktop/UOM_Files/Builds/june 22/UOMQA_SQ-debug.apk, appPackage=, appActivity=, newCommandTimeout=120, platformVersion=6.0.1, automationName=Appium, autoWebview=false, platformName=Android, deviceName=Galaxy S6_Sysco2}, newCommandTimeout=120, platformVersion=6.0.1, webStorageEnabled=false, locationContextEnabled=false, automationName=Appium, takesScreenshot=true, javascriptEnabled=true, autoWebview=false, platformName=Android}]
Session ID: 36d8198d-d6dc-4899-a473-2648061b2fa1</font></b><br/>
</div>
</td>
<td><div><pre>java.lang.RuntimeException: Error occured while closing webdriver sessionError communicating with the remote browser. It may have died.
Build info: version: &apos;2.51.0&apos;, revision: &apos;1af067d&apos;, time: &apos;2016-02-05 19:15:17&apos;
System info: host: &apos;tvmatp312483m.ad.infosys.com&apos;, ip: &apos;10.155.162.74&apos;, os.name: &apos;Mac OS X&apos;, os.arch: &apos;x86_64&apos;, os.version: &apos;10.11.4&apos;, java.version: &apos;1.8.0_40&apos;
Driver info: driver.version: RemoteWebDriver
Capabilities [{app=/Users/naveen_raj04/Desktop/UOM_Files/Builds/june 22/UOMQA_SQ-debug.apk, appPackage=, networkConnectionEnabled=true, warnings={}, databaseEnabled=false, deviceName=1115fbeb54402003, platform=LINUX, appActivity=, desired={app=/Users/naveen_raj04/Desktop/UOM_Files/Builds/june 22/UOMQA_SQ-debug.apk, appPackage=, appActivity=, newCommandTimeout=120, platformVersion=6.0.1, automationName=Appium, autoWebview=false, platformName=Android, deviceName=Galaxy S6_Sysco2}, newCommandTimeout=120, platformVersion=6.0.1, webStorageEnabled=false, locationContextEnabled=false, automationName=Appium, takesScreenshot=true, javascriptEnabled=true, autoWebview=false, platformName=Android}]
Session ID: 36d8198d-d6dc-4899-a473-2648061b2fa1
	at zRfghY.s.b(WebDriverFactory.java:48)
	at com.iwaf.framework.testng.TestNGTestListener.closeTestSession(TestNGTestListener.java:458)
	at com.iwaf.framework.testng.TestNGTestListener.onTestFailure(TestNGTestListener.java:291)
	at org.testng.internal.Invoker.runTestListeners(Invoker.java:1661)
	at org.testng.internal.Invoker.runTestListeners(Invoker.java:1645)
	at org.testng.internal.Invoker.invokeMethod(Invoker.java:703)
	at org.testng.internal.Invoker.invokeTestMethod(Invoker.java:823)
	at org.testng.internal.Invoker.invokeTestMethods(Invoker.java:1131)
	at org.testng.internal.TestMethodWorker.invokeTestMethods(TestMethodWorker.java:129)
	at org.testng.internal.TestMethodWorker.run(TestMethodWorker.java:112)
	at org.testng.TestRunner.privateRun(TestRunner.java:778)
	at org.testng.TestRunner.run(TestRunner.java:632)
	at org.testng.SuiteRunner.runTest(SuiteRunner.java:366)
	at org.testng.SuiteRunner.runSequentially(SuiteRunner.java:361)
	at org.testng.SuiteRunner.privateRun(SuiteRunner.java:319)
	at org.testng.SuiteRunner.run(SuiteRunner.java:268)
	at org.testng.SuiteRunnerWorker.runSuite(SuiteRunnerWorker.java:52)
	at org.testng.SuiteRunnerWorker.run(SuiteRunnerWorker.java:86)
	at org.testng.TestNG.runSuitesSequentially(TestNG.java:1225)
	at org.testng.TestNG.runSuitesLocally(TestNG.java:1150)
	at org.testng.TestNG.runSuites(TestNG.java:1075)
	at org.testng.TestNG.run(TestNG.java:1047)
	at org.testng.remote.AbstractRemoteTestNG.run(AbstractRemoteTestNG.java:126)
	at org.testng.remote.RemoteTestNG.initAndRun(RemoteTestNG.java:137)
	at org.testng.remote.RemoteTestNG.main(RemoteTestNG.java:58)
Caused by: org.openqa.selenium.remote.UnreachableBrowserException: Error communicating with the remote browser. It may have died.
Build info: version: &apos;2.51.0&apos;, revision: &apos;1af067d&apos;, time: &apos;2016-02-05 19:15:17&apos;
System info: host: &apos;tvmatp312483m.ad.infosys.com&apos;, ip: &apos;10.155.162.74&apos;, os.name: &apos;Mac OS X&apos;, os.arch: &apos;x86_64&apos;, os.version: &apos;10.11.4&apos;, java.version: &apos;1.8.0_40&apos;
Driver info: driver.version: RemoteWebDriver
Capabilities [{app=/Users/naveen_raj04/Desktop/UOM_Files/Builds/june 22/UOMQA_SQ-debug.apk, appPackage=, networkConnectionEnabled=true, warnings={}, databaseEnabled=false, deviceName=1115fbeb54402003, platform=LINUX, appActivity=, desired={app=/Users/naveen_raj04/Desktop/UOM_Files/Builds/june 22/UOMQA_SQ-debug.apk, appPackage=, appActivity=, newCommandTimeout=120, platformVersion=6.0.1, automationName=Appium, autoWebview=false, platformName=Android, deviceName=Galaxy S6_Sysco2}, newCommandTimeout=120, platformVersion=6.0.1, webStorageEnabled=false, locationContextEnabled=false, automationName=Appium, takesScreenshot=true, javascriptEnabled=true, autoWebview=false, platformName=Android}]
Session ID: 36d8198d-d6dc-4899-a473-2648061b2fa1
	at org.openqa.selenium.remote.RemoteWebDriver.execute(RemoteWebDriver.java:665)
	at io.appium.java_client.DefaultGenericMobileDriver.execute(DefaultGenericMobileDriver.java:42)
	at io.appium.java_client.AppiumDriver.execute(AppiumDriver.java:189)
	at org.openqa.selenium.remote.RemoteWebDriver.quit(RemoteWebDriver.java:526)
	at zRfghY.t.c(WebDriverInstanceGenerator.java:131)
	at zRfghY.s.b(WebDriverFactory.java:45)
	... 24 more
Caused by: org.openqa.selenium.WebDriverException: org.apache.http.conn.HttpHostConnectException: Connect to 10.155.162.74:4723 [/10.155.162.74] failed: Connection refused
Build info: version: &apos;2.51.0&apos;, revision: &apos;1af067d&apos;, time: &apos;2016-02-05 19:15:17&apos;
System info: host: &apos;tvmatp312483m.ad.infosys.com&apos;, ip: &apos;10.155.162.74&apos;, os.name: &apos;Mac OS X&apos;, os.arch: &apos;x86_64&apos;, os.version: &apos;10.11.4&apos;, java.version: &apos;1.8.0_40&apos;
Driver info: driver.version: RemoteWebDriver
	at io.appium.java_client.remote.AppiumCommandExecutor.execute(AppiumCommandExecutor.java:64)
	at org.openqa.selenium.remote.RemoteWebDriver.execute(RemoteWebDriver.java:644)
	... 29 more
Caused by: org.apache.http.conn.HttpHostConnectException: Connect to 10.155.162.74:4723 [/10.155.162.74] failed: Connection refused
	at org.apache.http.impl.conn.DefaultHttpClientConnectionOperator.connect(DefaultHttpClientConnectionOperator.java:151)
	at org.apache.http.impl.conn.PoolingHttpClientConnectionManager.connect(PoolingHttpClientConnectionManager.java:353)
	at org.apache.http.impl.execchain.MainClientExec.establishRoute(MainClientExec.java:380)
	at org.apache.http.impl.execchain.MainClientExec.execute(MainClientExec.java:236)
	at org.apache.http.impl.execchain.ProtocolExec.execute(ProtocolExec.java:184)
	at org.apache.http.impl.execchain.RetryExec.execute(RetryExec.java:88)
	at org.apache.http.impl.execchain.RedirectExec.execute(RedirectExec.java:110)
	at org.apache.http.impl.client.InternalHttpClient.doExecute(InternalHttpClient.java:184)
	at org.apache.http.impl.client.CloseableHttpClient.execute(CloseableHttpClient.java:71)
	at org.apache.http.impl.client.CloseableHttpClient.execute(CloseableHttpClient.java:55)
	at org.openqa.selenium.remote.internal.ApacheHttpClient.fallBackExecute(ApacheHttpClient.java:144)
	at org.openqa.selenium.remote.internal.ApacheHttpClient.execute(ApacheHttpClient.java:90)
	at org.openqa.selenium.remote.HttpCommandExecutor.execute(HttpCommandExecutor.java:142)
	at io.appium.java_client.remote.AppiumCommandExecutor.execute(AppiumCommandExecutor.java:52)
	... 30 more
Caused by: java.net.ConnectException: Connection refused
	at java.net.PlainSocketImpl.socketConnect(Native Method)
	at java.net.AbstractPlainSocketImpl.doConnect(AbstractPlainSocketImpl.java:345)
	at java.net.AbstractPlainSocketImpl.connectToAddress(AbstractPlainSocketImpl.java:206)
	at java.net.AbstractPlainSocketImpl.connect(AbstractPlainSocketImpl.java:188)
	at java.net.SocksSocketImpl.connect(SocksSocketImpl.java:392)
	at java.net.Socket.connect(Socket.java:589)
	at org.apache.http.conn.socket.PlainConnectionSocketFactory.connectSocket(PlainConnectionSocketFactory.java:74)
	at org.apache.http.impl.conn.DefaultHttpClientConnectionOperator.connect(DefaultHttpClientConnectionOperator.java:134)
	... 43 more
</pre></div><a href='#' onClick='toggleBox("stack-trace1926673338", this, "Click to show all stack frames", "Click to hide stack frames")'>Click to show all stack frames</a>
<div class='stack-trace' id='stack-trace1926673338'><pre>java.lang.RuntimeException: Error occured while closing webdriver sessionError communicating with the remote browser. It may have died.
Build info: version: &apos;2.51.0&apos;, revision: &apos;1af067d&apos;, time: &apos;2016-02-05 19:15:17&apos;
System info: host: &apos;tvmatp312483m.ad.infosys.com&apos;, ip: &apos;10.155.162.74&apos;, os.name: &apos;Mac OS X&apos;, os.arch: &apos;x86_64&apos;, os.version: &apos;10.11.4&apos;, java.version: &apos;1.8.0_40&apos;
Driver info: driver.version: RemoteWebDriver
Capabilities [{app=/Users/naveen_raj04/Desktop/UOM_Files/Builds/june 22/UOMQA_SQ-debug.apk, appPackage=, networkConnectionEnabled=true, warnings={}, databaseEnabled=false, deviceName=1115fbeb54402003, platform=LINUX, appActivity=, desired={app=/Users/naveen_raj04/Desktop/UOM_Files/Builds/june 22/UOMQA_SQ-debug.apk, appPackage=, appActivity=, newCommandTimeout=120, platformVersion=6.0.1, automationName=Appium, autoWebview=false, platformName=Android, deviceName=Galaxy S6_Sysco2}, newCommandTimeout=120, platformVersion=6.0.1, webStorageEnabled=false, locationContextEnabled=false, automationName=Appium, takesScreenshot=true, javascriptEnabled=true, autoWebview=false, platformName=Android}]
Session ID: 36d8198d-d6dc-4899-a473-2648061b2fa1
	at zRfghY.s.b(WebDriverFactory.java:48)
	at com.iwaf.framework.testng.TestNGTestListener.closeTestSession(TestNGTestListener.java:458)
	at com.iwaf.framework.testng.TestNGTestListener.onTestFailure(TestNGTestListener.java:291)
	at org.testng.internal.Invoker.runTestListeners(Invoker.java:1661)
	at org.testng.internal.Invoker.runTestListeners(Invoker.java:1645)
	at org.testng.internal.Invoker.invokeMethod(Invoker.java:703)
	at org.testng.internal.Invoker.invokeTestMethod(Invoker.java:823)
	at org.testng.internal.Invoker.invokeTestMethods(Invoker.java:1131)
	at org.testng.internal.TestMethodWorker.invokeTestMethods(TestMethodWorker.java:129)
	at org.testng.internal.TestMethodWorker.run(TestMethodWorker.java:112)
	at org.testng.TestRunner.privateRun(TestRunner.java:778)
	at org.testng.TestRunner.run(TestRunner.java:632)
	at org.testng.SuiteRunner.runTest(SuiteRunner.java:366)
	at org.testng.SuiteRunner.runSequentially(SuiteRunner.java:361)
	at org.testng.SuiteRunner.privateRun(SuiteRunner.java:319)
	at org.testng.SuiteRunner.run(SuiteRunner.java:268)
	at org.testng.SuiteRunnerWorker.runSuite(SuiteRunnerWorker.java:52)
	at org.testng.SuiteRunnerWorker.run(SuiteRunnerWorker.java:86)
	at org.testng.TestNG.runSuitesSequentially(TestNG.java:1225)
	at org.testng.TestNG.runSuitesLocally(TestNG.java:1150)
	at org.testng.TestNG.runSuites(TestNG.java:1075)
	at org.testng.TestNG.run(TestNG.java:1047)
	at org.testng.remote.AbstractRemoteTestNG.run(AbstractRemoteTestNG.java:126)
	at org.testng.remote.RemoteTestNG.initAndRun(RemoteTestNG.java:137)
	at org.testng.remote.RemoteTestNG.main(RemoteTestNG.java:58)
Caused by: org.openqa.selenium.remote.UnreachableBrowserException: Error communicating with the remote browser. It may have died.
Build info: version: &apos;2.51.0&apos;, revision: &apos;1af067d&apos;, time: &apos;2016-02-05 19:15:17&apos;
System info: host: &apos;tvmatp312483m.ad.infosys.com&apos;, ip: &apos;10.155.162.74&apos;, os.name: &apos;Mac OS X&apos;, os.arch: &apos;x86_64&apos;, os.version: &apos;10.11.4&apos;, java.version: &apos;1.8.0_40&apos;
Driver info: driver.version: RemoteWebDriver
Capabilities [{app=/Users/naveen_raj04/Desktop/UOM_Files/Builds/june 22/UOMQA_SQ-debug.apk, appPackage=, networkConnectionEnabled=true, warnings={}, databaseEnabled=false, deviceName=1115fbeb54402003, platform=LINUX, appActivity=, desired={app=/Users/naveen_raj04/Desktop/UOM_Files/Builds/june 22/UOMQA_SQ-debug.apk, appPackage=, appActivity=, newCommandTimeout=120, platformVersion=6.0.1, automationName=Appium, autoWebview=false, platformName=Android, deviceName=Galaxy S6_Sysco2}, newCommandTimeout=120, platformVersion=6.0.1, webStorageEnabled=false, locationContextEnabled=false, automationName=Appium, takesScreenshot=true, javascriptEnabled=true, autoWebview=false, platformName=Android}]
Session ID: 36d8198d-d6dc-4899-a473-2648061b2fa1
	at org.openqa.selenium.remote.RemoteWebDriver.execute(RemoteWebDriver.java:665)
	at io.appium.java_client.DefaultGenericMobileDriver.execute(DefaultGenericMobileDriver.java:42)
	at io.appium.java_client.AppiumDriver.execute(AppiumDriver.java:189)
	at org.openqa.selenium.remote.RemoteWebDriver.quit(RemoteWebDriver.java:526)
	at zRfghY.t.c(WebDriverInstanceGenerator.java:131)
	at zRfghY.s.b(WebDriverFactory.java:45)
	... 24 more
Caused by: org.openqa.selenium.WebDriverException: org.apache.http.conn.HttpHostConnectException: Connect to 10.155.162.74:4723 [/10.155.162.74] failed: Connection refused
Build info: version: &apos;2.51.0&apos;, revision: &apos;1af067d&apos;, time: &apos;2016-02-05 19:15:17&apos;
System info: host: &apos;tvmatp312483m.ad.infosys.com&apos;, ip: &apos;10.155.162.74&apos;, os.name: &apos;Mac OS X&apos;, os.arch: &apos;x86_64&apos;, os.version: &apos;10.11.4&apos;, java.version: &apos;1.8.0_40&apos;
Driver info: driver.version: RemoteWebDriver
	at io.appium.java_client.remote.AppiumCommandExecutor.execute(AppiumCommandExecutor.java:64)
	at org.openqa.selenium.remote.RemoteWebDriver.execute(RemoteWebDriver.java:644)
	... 29 more
Caused by: org.apache.http.conn.HttpHostConnectException: Connect to 10.155.162.74:4723 [/10.155.162.74] failed: Connection refused
	at org.apache.http.impl.conn.DefaultHttpClientConnectionOperator.connect(DefaultHttpClientConnectionOperator.java:151)
	at org.apache.http.impl.conn.PoolingHttpClientConnectionManager.connect(PoolingHttpClientConnectionManager.java:353)
	at org.apache.http.impl.execchain.MainClientExec.establishRoute(MainClientExec.java:380)
	at org.apache.http.impl.execchain.MainClientExec.execute(MainClientExec.java:236)
	at org.apache.http.impl.execchain.ProtocolExec.execute(ProtocolExec.java:184)
	at org.apache.http.impl.execchain.RetryExec.execute(RetryExec.java:88)
	at org.apache.http.impl.execchain.RedirectExec.execute(RedirectExec.java:110)
	at org.apache.http.impl.client.InternalHttpClient.doExecute(InternalHttpClient.java:184)
	at org.apache.http.impl.client.CloseableHttpClient.execute(CloseableHttpClient.java:71)
	at org.apache.http.impl.client.CloseableHttpClient.execute(CloseableHttpClient.java:55)
	at org.openqa.selenium.remote.internal.ApacheHttpClient.fallBackExecute(ApacheHttpClient.java:144)
	at org.openqa.selenium.remote.internal.ApacheHttpClient.execute(ApacheHttpClient.java:90)
	at org.openqa.selenium.remote.HttpCommandExecutor.execute(HttpCommandExecutor.java:142)
	at io.appium.java_client.remote.AppiumCommandExecutor.execute(AppiumCommandExecutor.java:52)
	... 30 more
Caused by: java.net.ConnectException: Connection refused
	at java.net.PlainSocketImpl.socketConnect(Native Method)
	at java.net.AbstractPlainSocketImpl.doConnect(AbstractPlainSocketImpl.java:345)
	at java.net.AbstractPlainSocketImpl.connectToAddress(AbstractPlainSocketImpl.java:206)
	at java.net.AbstractPlainSocketImpl.connect(AbstractPlainSocketImpl.java:188)
	at java.net.SocksSocketImpl.connect(SocksSocketImpl.java:392)
	at java.net.Socket.connect(Socket.java:589)
	at org.apache.http.conn.socket.PlainConnectionSocketFactory.connectSocket(PlainConnectionSocketFactory.java:74)
	at org.apache.http.impl.conn.DefaultHttpClientConnectionOperator.connect(DefaultHttpClientConnectionOperator.java:134)
	... 43 more
</pre></div></td>
<td>396</td>
<td>com.tests.WorkFlow@7cd62f43</td></tr>
</table><p>
<table width='100%' border='1' class='invocation-passed'>
<tr><td colspan='4' align='center'><b>PASSED TESTS</b></td></tr>
<tr><td><b>Test method</b></td>
<td width="30%"><b>Exception</b></td>
<td width="10%"><b>Time (seconds)</b></td>
<td><b>Instance</b></td>
</tr>
<tr>
<td title='com.tests.WorkFlow.SI_WF19_CustomList_defaultLoc_defaultcategory()'><b>SI_WF19_CustomList_defaultLoc_defaultcategory</b><br>Test class: com.tests.WorkFlow<br>Test method: SI-WF19-Custom List + default Loc + default Category <br/>
<a href="#Output-384515747" onClick='toggleBox("Output-384515747", this, "Show output", "Hide output");'>Show output</a>

<a href="#Output-384515747" onClick="toggleAllBoxes();">Show all outputs</a>
<div class='log' id="Output-384515747">
[10:39:31] : <b><FONT SIZE="2">Launched Sysco UOM</FONT></b><br><br/>
[10:39:36] : <b><FONT SIZE="2">Verify the Login Page</FONT></b><br><br/>
[10:39:41] : <b><FONT SIZE="2">Login page verification :Pass</FONT></b><br><br/>
[10:39:41] : <b><FONT SIZE="2">Sign In</FONT></b><br><br/>
[10:39:53] : <b><FONT SIZE="2">Sign in :Pass</FONT></b><br><br/>
[10:39:53] : <b><FONT SIZE="2">Sign in :Pass</FONT></b><br><br/>
[10:39:53] : <b><FONT SIZE="2">Selecting 6 account from Accounts page</FONT></b><br><br/>
[10:39:55] : <b><FONT COLOR="GREEN"><FONT SIZE="2">Navigating to Setup inventory page :Pass</FONT></FONT></b><br><br/>
[10:39:55] : <b><FONT SIZE="2">Setup inventory page</FONT></b><br><br/>
[10:40:01] : <b><FONT COLOR="GREEN"><FONT SIZE="2">Tapped on skip :Pass</FONT></FONT></b><br><br/>
[10:40:01] : <b><FONT SIZE="2">Selecting custom list  </FONT></b><br><br/>
[10:40:06] : <b><FONT COLOR="GREEN"><FONT SIZE="2">Selected  custom list  from SetupInventoryImportItems:Pass</FONT></FONT></b><br><br/>
[10:40:06] : <b><FONT COLOR="GREEN"><FONT SIZE="2">Tapped on Continue :Pass</FONT></FONT></b><br><br/>
[10:40:06] : <b><FONT SIZE="2">Selecting list</FONT></b><br><br/>
[10:40:09] : <b><FONT COLOR="GREEN"><FONT SIZE="2">List is selected :Pass</FONT></FONT></b><br><br/>
[10:40:09] : <b><FONT COLOR="GREEN"><FONT SIZE="2">Tapped on Next : Pass</FONT></FONT></b><br><br/>
[10:40:15] : <b><FONT COLOR="GREEN"><FONT SIZE="2">Default location clicked :Pass</FONT></FONT></b><br><br/>
[10:40:21] : <b><FONT COLOR="GREEN"><FONT SIZE="2">Tapped on Continue :Pass</FONT></FONT></b><br><br/>
[10:40:21] : <b><FONT SIZE="2">Selecting default category from Food cost page</FONT></b><br><br/>
[10:40:26] : <b><FONT COLOR="GREEN"><FONT SIZE="2">Default Category selected :Pass</FONT></FONT></b><br><br/>
[10:40:26] : <b><FONT COLOR="GREEN"><FONT SIZE="2">Tapped on Complete :Pass</FONT></FONT></b><br><br/>
[10:40:28] : <b><FONT COLOR="GREEN"><FONT SIZE="2">Tapped on TakeHome :Pass</FONT></FONT></b><br><br/>
[10:40:30] : <b><FONT SIZE="2">In categories Page</FONT></b><br><br/>
[10:40:30] : <b><FONT COLOR="GREEN"><FONT SIZE="2">Navigating to categories page :Pass</FONT></FONT></b><br><br/>
[10:40:30] : <b><FONT SIZE="2">Default Category list verification</FONT></b><br><br/>
[10:40:32] : <b><FONT COLOR="GREEN"><FONT SIZE="2">Default category list verification done :Pass</FONT></FONT></b><br><br/>
Test completed : SI_WF19_CustomList_defaultLoc_defaultcategory<br/>
</div>
</td>
<td></td>
<td>72</td>
<td>com.tests.WorkFlow@7cd62f43</td></tr>
</table><p>
</body>
</html>