<html>
<head>
<title>TestNG:  GRP-SI - WF 19 NU,SI - WF 7 MA,MIL - WF 2 MA,MIL - WF 1 WF 3 MA</title>
<link href="../testng.css" rel="stylesheet" type="text/css" />
<link href="../my-testng.css" rel="stylesheet" type="text/css" />

<style type="text/css">
.log { display: none;} 
.stack-trace { display: none;} 
</style>
<script type="text/javascript">
<!--
function flip(e) {
  current = e.style.display;
  if (current == 'block') {
    e.style.display = 'none';
    return 0;
  }
  else {
    e.style.display = 'block';
    return 1;
  }
}

function toggleBox(szDivId, elem, msg1, msg2)
{
  var res = -1;  if (document.getElementById) {
    res = flip(document.getElementById(szDivId));
  }
  else if (document.all) {
    // this is the way old msie versions work
    res = flip(document.all[szDivId]);
  }
  if(elem) {
    if(res == 0) elem.innerHTML = msg1; else elem.innerHTML = msg2;
  }

}

function toggleAllBoxes() {
  if (document.getElementsByTagName) {
    d = document.getElementsByTagName('div');
    for (i = 0; i < d.length; i++) {
      if (d[i].className == 'log') {
        flip(d[i]);
      }
    }
  }
}

// -->
</script>

</head>
<body>
<h2 align='center'>GRP-SI - WF 19 NU,SI - WF 7 MA,MIL - WF 2 MA,MIL - WF 1 WF 3 MA</h2><table border='1' align="center">
<tr>
<td>Tests passed/Failed/Skipped:</td><td>1/2/0</td>
</tr><tr>
<td>Started on:</td><td>Mon May 30 11:40:12 IST 2016</td>
</tr>
<tr><td>Total time:</td><td>1352 seconds (1352171 ms)</td>
</tr><tr>
<td>Included groups:</td><td>SI - WF 7 MA MIL - WF 2 MA SI - WF 19 NU MIL - WF 1 WF 3 MA </td>
</tr><tr>
<td>Excluded groups:</td><td></td>
</tr>
</table><p/>
<small><i>(Hover the method name to see the test class name)</i></small><p/>
<table width='100%' border='1' class='invocation-failed'>
<tr><td colspan='4' align='center'><b>FAILED TESTS</b></td></tr>
<tr><td><b>Test method</b></td>
<td width="30%"><b>Exception</b></td>
<td width="10%"><b>Time (seconds)</b></td>
<td><b>Instance</b></td>
</tr>
<tr>
<td title='com.tests.WorkFlow.MIL_WF1_WF3_Location_AddItems_MA()'><b>MIL_WF1_WF3_Location_AddItems_MA</b><br>Test class: com.tests.WorkFlow<br>Test method: MIL - WF 1,WF 3-TC2-Creating Location in trackinventory and add items from multile lists to location for MA user<br/>
<a href="#Output-1407789418" onClick='toggleBox("Output-1407789418", this, "Show output", "Hide output");'>Show output</a>

<a href="#Output-1407789418" onClick="toggleAllBoxes();">Show all outputs</a>
<div class='log' id="Output-1407789418">
[11:40:33] : <b><FONT SIZE="2">Launched Sysco UOM</FONT></b><br><br/>
[11:40:33] : <b><FONT SIZE="2">Sign In</FONT></b><br><br/>
[11:41:00] : <b><FONT SIZE="2">Sign in :Pass</FONT></b><br><br/>
[11:41:00] : <b><FONT SIZE="2">Tapping on Hamburger menu</FONT></b><br><br/>
[11:41:07] : <b><FONT COLOR="GREEN"><FONT SIZE="2">Navigating to menu page :Pass</FONT></FONT></b><br><br/>
[11:41:07] : <b><FONT SIZE="2">Tapping on Accounts from Hamburger menu</FONT></b><br><br/>
[11:41:07] : <b><FONT SIZE="2">Account page displayed :Pass</FONT></b><br><br/>
[11:41:17] : <b><FONT COLOR="GREEN"><FONT SIZE="2">First Account switched for user :Pass</FONT></FONT></b><br><br/>
[11:41:17] : <b><FONT SIZE="2">Selecting TrackInventory from inventory tools page </FONT></b><br><br/>
[11:41:20] : <b><FONT COLOR="GREEN"><FONT SIZE="2">Tapped  TrackInventory from inventory tools page:Pass</FONT></FONT></b><br><br/>
[11:41:21] : <b><FONT COLOR="GREEN"><FONT SIZE="2">Navigating to Add Locations page :Pass</FONT></FONT></b><br><br/>
[11:41:23] : <b><FONT COLOR="GREEN"><FONT SIZE="2">added location name :Pass</FONT></FONT></b><br><br/>
[11:41:31] : <b><FONT COLOR="GREEN"><FONT SIZE="2">Selected cooler :Pass</FONT></FONT></b><br><br/>
[11:41:39] : <b><FONT COLOR="GREEN"><FONT SIZE="2">Tapped on done:Pass</FONT></FONT></b><br><br/>
[11:41:46] : <b><FONT COLOR="GREEN"><FONT SIZE="2">tap on back :Pass</FONT></FONT></b><br><br/>
[11:41:46] : <b><FONT SIZE="2">Checking addeded Location in location list</FONT></b><br><br/>
[11:41:48] : <b><FONT COLOR="GREEN"><FONT SIZE="2">Location is added :Pass</FONT></FONT></b><br><br/>
[11:41:48] : <b><FONT SIZE="2">Selecting location</FONT></b><br><br/>
[11:42:04] : <b><FONT COLOR="GREEN"><FONT SIZE="2">Location is selected for item :Pass</FONT></FONT></b><br><br/>
[11:42:05] : <b><FONT COLOR="GREEN"><FONT SIZE="2">Navigating to Add Locations page :Pass</FONT></FONT></b><br><br/>
[11:42:05] : <b><FONT SIZE="2">Clicking on Nonsysco item</FONT></b><br><br/>
[11:42:07] : <b><FONT COLOR="GREEN"><FONT SIZE="2">Nonsysco item selected from add item from page :Pass</FONT></FONT></b><br><br/>
[11:42:07] : <b><FONT SIZE="2">Entering details of Nonsysco item</FONT></b><br><br/>
[11:42:07] : <b><FONT SIZE="2">Entering Product name</FONT></b><br><br/>
[11:42:08] : <b><FONT SIZE="2">Entering Product id</FONT></b><br><br/>
[11:42:08] : <b><FONT SIZE="2">Entering Pack</FONT></b><br><br/>
[11:42:09] : <b><FONT SIZE="2">Entering size</FONT></b><br><br/>
[11:42:09] : <b><FONT SIZE="2">Entering weight</FONT></b><br><br/>
[11:42:10] : <b><FONT SIZE="2">Entering Product brand</FONT></b><br><br/>
[11:42:12] : <b><FONT COLOR="GREEN"><FONT SIZE="2">Item details are entered :Pass</FONT></FONT></b><br><br/>
[11:42:17] : <b><FONT SIZE="2">Selected supplier : Pass</FONT></b><br><br/>
[11:42:19] : <b><FONT SIZE="2">Add vendor tap</FONT></b><br><br/>
[11:42:20] : <b><FONT SIZE="2">Click on ADD Vendor Button</FONT></b><br><br/>
[11:42:22] : <b><FONT SIZE="2">In Add Vendor Page</FONT></b><br><br/>
[11:42:22] : <b><FONT COLOR="GREEN"><FONT SIZE="2">Add vendor button click :Pass</FONT></FONT></b><br><br/>
[11:42:22] : <b><FONT SIZE="2">Adding vendor details</FONT></b><br><br/>
[11:42:23] : <b><FONT SIZE="2">Enter vendorname</FONT></b><br><br/>
[11:42:23] : <b><FONT SIZE="2">Enter vendornumber</FONT></b><br><br/>
[11:42:24] : <b><FONT SIZE="2">Enter vendor address</FONT></b><br><br/>
[11:42:25] : <b><FONT SIZE="2">Enter vendor contact info</FONT></b><br><br/>
[11:42:25] : <b><FONT SIZE="2">Enter vendor email</FONT></b><br><br/>
[11:42:26] : <b><FONT SIZE="2">Enter vendor note</FONT></b><br><br/>
[11:42:46] : <b><FONT COLOR="GREEN"><FONT SIZE="2">Vendor details entered  :Pass</FONT></FONT></b><br><br/>
[11:42:54] : <b><FONT COLOR="GREEN"><FONT SIZE="2">Tapped on done:Pass</FONT></FONT></b><br><br/>
[11:43:13] : <b><FONT COLOR="GREEN"><FONT SIZE="2">tap on back :Pass</FONT></FONT></b><br><br/>
[11:43:13] : <b><FONT SIZE="2">Selecting vendor</FONT></b><br><br/>
[11:43:17] : <b><FONT COLOR="GREEN"><FONT SIZE="2">Vendor is selected for item :Pass</FONT></FONT></b><br><br/>
[11:43:26] : <b><FONT COLOR="GREEN"><FONT SIZE="2">Tapped on done:Pass</FONT></FONT></b><br><br/>
[11:43:30] : <b><FONT COLOR="GREEN"><FONT SIZE="2">Navigating to Add Locations page :Pass</FONT></FONT></b><br><br/>
[11:43:30] : <b><FONT SIZE="2">Clicking on Prep item</FONT></b><br><br/>
[11:43:44] : <b><FONT COLOR="GREEN"><FONT SIZE="2">Prep item selected from add item from page :Pass</FONT></FONT></b><br><br/>
[11:43:47] : <b><FONT SIZE="2">Entering details of Nonsysco item</FONT></b><br><br/>
[11:43:47] : <b><FONT SIZE="2">Entering Product name</FONT></b><br><br/>
[11:43:47] : <b><FONT SIZE="2">Entering Product id</FONT></b><br><br/>
[11:43:48] : <b><FONT SIZE="2">Entering Pack</FONT></b><br><br/>
[11:43:49] : <b><FONT SIZE="2">Entering size</FONT></b><br><br/>
[11:43:49] : <b><FONT SIZE="2">Entering weight</FONT></b><br><br/>
[11:43:52] : <b><FONT COLOR="GREEN"><FONT SIZE="2">Item details are entered :Pass</FONT></FONT></b><br><br/>
[11:44:14] : <b><FONT COLOR="GREEN"><FONT SIZE="2">Tapped on done:Pass</FONT></FONT></b><br><br/>
[11:44:20] : <b><FONT COLOR="GREEN"><FONT SIZE="2">Navigating to Add Locations page :Pass</FONT></FONT></b><br><br/>
[11:44:34] : <b><FONT COLOR="GREEN"><FONT SIZE="2">Order Guide Click : Pass</FONT></FONT></b><br><br/>
[11:44:35] : <b><FONT COLOR="GREEN"><FONT SIZE="2">First item selected Order Guide  :Pass</FONT></FONT></b><br><br/>
[11:44:45] : <b><FONT COLOR="GREEN"><FONT SIZE="2">Tapped on done:Pass</FONT></FONT></b><br><br/>
[11:45:10] : <b><FONT COLOR="GREEN"><FONT SIZE="2">Item Found in Setup Inventory:Pass</FONT></FONT></b><br><br/>
[11:45:20] : <b><FONT COLOR="GREEN"><FONT SIZE="2">Tapped on done:Pass</FONT></FONT></b><br><br/>
[11:45:25] : <b><FONT COLOR="GREEN"><FONT SIZE="2">Navigating to Add Locations page :Pass</FONT></FONT></b><br><br/>
[11:45:33] : <b><FONT COLOR="GREEN"><FONT SIZE="2">Search item :Pass</FONT></FONT></b><br><br/>
[11:45:35] : <b><FONT COLOR="GREEN"><FONT SIZE="2">First item selected Order Guide  :Pass</FONT></FONT></b><br><br/>
[11:45:45] : <b><FONT COLOR="GREEN"><FONT SIZE="2">Tapped on done:Pass</FONT></FONT></b><br><br/>
[11:45:57] : <b><FONT COLOR="GREEN"><FONT SIZE="2">Item Found in Setup Inventory:Pass</FONT></FONT></b><br><br/>
[11:46:19] : <b><FONT COLOR="GREEN"><FONT SIZE="2">Tapped on done:Pass</FONT></FONT></b><br><br/>
[11:46:22] : <b><FONT SIZE="2">Selecting location</FONT></b><br><br/>
[11:46:26] : <b><FONT COLOR="GREEN"><FONT SIZE="2">Location is selected for item   :Fail</FONT></FONT></b><br><br/>
<b><font color='RED'>ERROR	:- expected [true] but found [false]</font></b><br/>
</div>
</td>
<td><div><pre>java.lang.AssertionError: expected [true] but found [false]
	at org.testng.Assert.fail(Assert.java:94)
	at org.testng.Assert.failNotEquals(Assert.java:513)
	at org.testng.Assert.assertTrue(Assert.java:42)
	at org.testng.Assert.assertTrue(Assert.java:52)
	at com.components.pages.LocationsPage.SelectLocation(LocationsPage.java:1240)
	at com.tests.WorkFlow.MIL_WF1_WF3_Location_AddItems_MA(WorkFlow.java:1441)
	at sun.reflect.NativeMethodAccessorImpl.invoke0(Native Method)
	at sun.reflect.NativeMethodAccessorImpl.invoke(NativeMethodAccessorImpl.java:57)
	at sun.reflect.DelegatingMethodAccessorImpl.invoke(DelegatingMethodAccessorImpl.java:43)
	at java.lang.reflect.Method.invoke(Method.java:606)
	at org.testng.internal.MethodInvocationHelper.invokeMethod(MethodInvocationHelper.java:86)
	at org.testng.internal.Invoker.invokeMethod(Invoker.java:645)
	at org.testng.internal.Invoker.invokeTestMethod(Invoker.java:822)
	at org.testng.internal.Invoker.invokeTestMethods(Invoker.java:1130)
	at org.testng.internal.TestMethodWorker.invokeTestMethods(TestMethodWorker.java:129)
	at org.testng.internal.TestMethodWorker.run(TestMethodWorker.java:112)
	at org.testng.TestRunner.privateRun(TestRunner.java:782)
	at org.testng.TestRunner.run(TestRunner.java:632)
	at org.testng.SuiteRunner.runTest(SuiteRunner.java:366)
	at org.testng.SuiteRunner.runSequentially(SuiteRunner.java:361)
	at org.testng.SuiteRunner.privateRun(SuiteRunner.java:319)
	at org.testng.SuiteRunner.run(SuiteRunner.java:268)
	at org.testng.SuiteRunnerWorker.runSuite(SuiteRunnerWorker.java:52)
	at org.testng.SuiteRunnerWorker.run(SuiteRunnerWorker.java:86)
	at org.testng.TestNG.runSuitesSequentially(TestNG.java:1244)
	at org.testng.TestNG.runSuitesLocally(TestNG.java:1169)
	at org.testng.TestNG.run(TestNG.java:1064)
	at org.testng.remote.RemoteTestNG.run(RemoteTestNG.java:113)
	at org.testng.remote.RemoteTestNG.initAndRun(RemoteTestNG.java:206)
	at org.testng.remote.RemoteTestNG.main(RemoteTestNG.java:177)
</pre></div><a href='#' onClick='toggleBox("stack-trace1407789418", this, "Click to show all stack frames", "Click to hide stack frames")'>Click to show all stack frames</a>
<div class='stack-trace' id='stack-trace1407789418'><pre>java.lang.AssertionError: expected [true] but found [false]
	at org.testng.Assert.fail(Assert.java:94)
	at org.testng.Assert.failNotEquals(Assert.java:513)
	at org.testng.Assert.assertTrue(Assert.java:42)
	at org.testng.Assert.assertTrue(Assert.java:52)
	at com.components.pages.LocationsPage.SelectLocation(LocationsPage.java:1240)
	at com.tests.WorkFlow.MIL_WF1_WF3_Location_AddItems_MA(WorkFlow.java:1441)
	at sun.reflect.NativeMethodAccessorImpl.invoke0(Native Method)
	at sun.reflect.NativeMethodAccessorImpl.invoke(NativeMethodAccessorImpl.java:57)
	at sun.reflect.DelegatingMethodAccessorImpl.invoke(DelegatingMethodAccessorImpl.java:43)
	at java.lang.reflect.Method.invoke(Method.java:606)
	at org.testng.internal.MethodInvocationHelper.invokeMethod(MethodInvocationHelper.java:86)
	at org.testng.internal.Invoker.invokeMethod(Invoker.java:645)
	at org.testng.internal.Invoker.invokeTestMethod(Invoker.java:822)
	at org.testng.internal.Invoker.invokeTestMethods(Invoker.java:1130)
	at org.testng.internal.TestMethodWorker.invokeTestMethods(TestMethodWorker.java:129)
	at org.testng.internal.TestMethodWorker.run(TestMethodWorker.java:112)
	at org.testng.TestRunner.privateRun(TestRunner.java:782)
	at org.testng.TestRunner.run(TestRunner.java:632)
	at org.testng.SuiteRunner.runTest(SuiteRunner.java:366)
	at org.testng.SuiteRunner.runSequentially(SuiteRunner.java:361)
	at org.testng.SuiteRunner.privateRun(SuiteRunner.java:319)
	at org.testng.SuiteRunner.run(SuiteRunner.java:268)
	at org.testng.SuiteRunnerWorker.runSuite(SuiteRunnerWorker.java:52)
	at org.testng.SuiteRunnerWorker.run(SuiteRunnerWorker.java:86)
	at org.testng.TestNG.runSuitesSequentially(TestNG.java:1244)
	at org.testng.TestNG.runSuitesLocally(TestNG.java:1169)
	at org.testng.TestNG.run(TestNG.java:1064)
	at org.testng.remote.RemoteTestNG.run(RemoteTestNG.java:113)
	at org.testng.remote.RemoteTestNG.initAndRun(RemoteTestNG.java:206)
	at org.testng.remote.RemoteTestNG.main(RemoteTestNG.java:177)
</pre></div></td>
<td>373</td>
<td>com.tests.WorkFlow@189fab56</td></tr>
<tr>
<td title='com.tests.WorkFlow.SI_WF19_CustomList_defaultLoc_defaultcategory_NU()'><b>SI_WF19_CustomList_defaultLoc_defaultcategory_NU</b><br>Test class: com.tests.WorkFlow<br>Test method: SI - WF 19-TC1-Custom List + default Loc + default Category for Normal user<br/>
<a href="#Output-1587559111" onClick='toggleBox("Output-1587559111", this, "Show output", "Hide output");'>Show output</a>

<a href="#Output-1587559111" onClick="toggleAllBoxes();">Show all outputs</a>
<div class='log' id="Output-1587559111">
<b><font color='RED'>ERROR	:- A new session could not be created. (Original error: Requested a new session but one was in progress) (WARNING: The server did not provide any stacktrace information)
Command duration or timeout: 602.11 seconds
Build info: version: '2.51.0', revision: '1af067d', time: '2016-02-05 19:15:17'
System info: host: 'TVMATP310440M', ip: '10.155.106.25', os.name: 'Mac OS X', os.arch: 'x86_64', os.version: '10.11.4', java.version: '1.7.0_71'
Driver info: io.appium.java_client.ios.IOSDriver</font></b><br/>
</div>
</td>
<td><div><pre>org.openqa.selenium.SessionNotCreatedException: A new session could not be created. (Original error: Requested a new session but one was in progress) (WARNING: The server did not provide any stacktrace information)
Command duration or timeout: 602.11 seconds
Build info: version: &apos;2.51.0&apos;, revision: &apos;1af067d&apos;, time: &apos;2016-02-05 19:15:17&apos;
System info: host: &apos;TVMATP310440M&apos;, ip: &apos;10.155.106.25&apos;, os.name: &apos;Mac OS X&apos;, os.arch: &apos;x86_64&apos;, os.version: &apos;10.11.4&apos;, java.version: &apos;1.7.0_71&apos;
Driver info: io.appium.java_client.ios.IOSDriver
	at sun.reflect.NativeConstructorAccessorImpl.newInstance0(Native Method)
	at sun.reflect.NativeConstructorAccessorImpl.newInstance(NativeConstructorAccessorImpl.java:57)
	at sun.reflect.DelegatingConstructorAccessorImpl.newInstance(DelegatingConstructorAccessorImpl.java:45)
	at java.lang.reflect.Constructor.newInstance(Constructor.java:526)
	at org.openqa.selenium.remote.ErrorHandler.createThrowable(ErrorHandler.java:206)
	at org.openqa.selenium.remote.ErrorHandler.throwIfResponseFailed(ErrorHandler.java:158)
	at org.openqa.selenium.remote.RemoteWebDriver.execute(RemoteWebDriver.java:678)
	at io.appium.java_client.DefaultGenericMobileDriver.execute(DefaultGenericMobileDriver.java:42)
	at io.appium.java_client.AppiumDriver.execute(AppiumDriver.java:1)
	at io.appium.java_client.ios.IOSDriver.execute(IOSDriver.java:1)
	at org.openqa.selenium.remote.RemoteWebDriver.startSession(RemoteWebDriver.java:249)
	at org.openqa.selenium.remote.RemoteWebDriver.&lt;init&gt;(RemoteWebDriver.java:131)
	at org.openqa.selenium.remote.RemoteWebDriver.&lt;init&gt;(RemoteWebDriver.java:144)
	at io.appium.java_client.DefaultGenericMobileDriver.&lt;init&gt;(DefaultGenericMobileDriver.java:37)
	at io.appium.java_client.AppiumDriver.&lt;init&gt;(AppiumDriver.java:160)
	at io.appium.java_client.AppiumDriver.&lt;init&gt;(AppiumDriver.java:168)
	at io.appium.java_client.ios.IOSDriver.&lt;init&gt;(IOSDriver.java:56)
	at zRfghY.t.b(WebDriverInstanceGenerator.java:86)
	at zRfghY.s.a(WebDriverFactory.java:36)
	at zRfghY.p.&lt;init&gt;(ThreadFactory.java:101)
	at zRfghY.p$1.c(ThreadFactory.java:97)
	at zRfghY.p$1.initialValue(ThreadFactory.java:95)
	at java.lang.ThreadLocal.setInitialValue(ThreadLocal.java:160)
	at java.lang.ThreadLocal.get(ThreadLocal.java:150)
	at zRfghY.p.b(ThreadFactory.java:165)
	at com.iwaf.framework.testng.TestNGTestListener.onTestStart(TestNGTestListener.java:349)
	at org.testng.internal.Invoker.runTestListeners(Invoker.java:1702)
	at org.testng.internal.Invoker.runTestListeners(Invoker.java:1677)
	at org.testng.internal.Invoker.invokeMethod(Invoker.java:620)
	at org.testng.internal.Invoker.invokeTestMethod(Invoker.java:822)
	at org.testng.internal.Invoker.invokeTestMethods(Invoker.java:1130)
	at org.testng.internal.TestMethodWorker.invokeTestMethods(TestMethodWorker.java:129)
	at org.testng.internal.TestMethodWorker.run(TestMethodWorker.java:112)
	at org.testng.TestRunner.privateRun(TestRunner.java:782)
	at org.testng.TestRunner.run(TestRunner.java:632)
	at org.testng.SuiteRunner.runTest(SuiteRunner.java:366)
	at org.testng.SuiteRunner.runSequentially(SuiteRunner.java:361)
	at org.testng.SuiteRunner.privateRun(SuiteRunner.java:319)
	at org.testng.SuiteRunner.run(SuiteRunner.java:268)
	at org.testng.SuiteRunnerWorker.runSuite(SuiteRunnerWorker.java:52)
	at org.testng.SuiteRunnerWorker.run(SuiteRunnerWorker.java:86)
	at org.testng.TestNG.runSuitesSequentially(TestNG.java:1244)
	at org.testng.TestNG.runSuitesLocally(TestNG.java:1169)
	at org.testng.TestNG.run(TestNG.java:1064)
	at org.testng.remote.RemoteTestNG.run(RemoteTestNG.java:113)
	at org.testng.remote.RemoteTestNG.initAndRun(RemoteTestNG.java:206)
	at org.testng.remote.RemoteTestNG.main(RemoteTestNG.java:177)
</pre></div><a href='#' onClick='toggleBox("stack-trace1587559111", this, "Click to show all stack frames", "Click to hide stack frames")'>Click to show all stack frames</a>
<div class='stack-trace' id='stack-trace1587559111'><pre>org.openqa.selenium.SessionNotCreatedException: A new session could not be created. (Original error: Requested a new session but one was in progress) (WARNING: The server did not provide any stacktrace information)
Command duration or timeout: 602.11 seconds
Build info: version: &apos;2.51.0&apos;, revision: &apos;1af067d&apos;, time: &apos;2016-02-05 19:15:17&apos;
System info: host: &apos;TVMATP310440M&apos;, ip: &apos;10.155.106.25&apos;, os.name: &apos;Mac OS X&apos;, os.arch: &apos;x86_64&apos;, os.version: &apos;10.11.4&apos;, java.version: &apos;1.7.0_71&apos;
Driver info: io.appium.java_client.ios.IOSDriver
	at sun.reflect.NativeConstructorAccessorImpl.newInstance0(Native Method)
	at sun.reflect.NativeConstructorAccessorImpl.newInstance(NativeConstructorAccessorImpl.java:57)
	at sun.reflect.DelegatingConstructorAccessorImpl.newInstance(DelegatingConstructorAccessorImpl.java:45)
	at java.lang.reflect.Constructor.newInstance(Constructor.java:526)
	at org.openqa.selenium.remote.ErrorHandler.createThrowable(ErrorHandler.java:206)
	at org.openqa.selenium.remote.ErrorHandler.throwIfResponseFailed(ErrorHandler.java:158)
	at org.openqa.selenium.remote.RemoteWebDriver.execute(RemoteWebDriver.java:678)
	at io.appium.java_client.DefaultGenericMobileDriver.execute(DefaultGenericMobileDriver.java:42)
	at io.appium.java_client.AppiumDriver.execute(AppiumDriver.java:1)
	at io.appium.java_client.ios.IOSDriver.execute(IOSDriver.java:1)
	at org.openqa.selenium.remote.RemoteWebDriver.startSession(RemoteWebDriver.java:249)
	at org.openqa.selenium.remote.RemoteWebDriver.&lt;init&gt;(RemoteWebDriver.java:131)
	at org.openqa.selenium.remote.RemoteWebDriver.&lt;init&gt;(RemoteWebDriver.java:144)
	at io.appium.java_client.DefaultGenericMobileDriver.&lt;init&gt;(DefaultGenericMobileDriver.java:37)
	at io.appium.java_client.AppiumDriver.&lt;init&gt;(AppiumDriver.java:160)
	at io.appium.java_client.AppiumDriver.&lt;init&gt;(AppiumDriver.java:168)
	at io.appium.java_client.ios.IOSDriver.&lt;init&gt;(IOSDriver.java:56)
	at zRfghY.t.b(WebDriverInstanceGenerator.java:86)
	at zRfghY.s.a(WebDriverFactory.java:36)
	at zRfghY.p.&lt;init&gt;(ThreadFactory.java:101)
	at zRfghY.p$1.c(ThreadFactory.java:97)
	at zRfghY.p$1.initialValue(ThreadFactory.java:95)
	at java.lang.ThreadLocal.setInitialValue(ThreadLocal.java:160)
	at java.lang.ThreadLocal.get(ThreadLocal.java:150)
	at zRfghY.p.b(ThreadFactory.java:165)
	at com.iwaf.framework.testng.TestNGTestListener.onTestStart(TestNGTestListener.java:349)
	at org.testng.internal.Invoker.runTestListeners(Invoker.java:1702)
	at org.testng.internal.Invoker.runTestListeners(Invoker.java:1677)
	at org.testng.internal.Invoker.invokeMethod(Invoker.java:620)
	at org.testng.internal.Invoker.invokeTestMethod(Invoker.java:822)
	at org.testng.internal.Invoker.invokeTestMethods(Invoker.java:1130)
	at org.testng.internal.TestMethodWorker.invokeTestMethods(TestMethodWorker.java:129)
	at org.testng.internal.TestMethodWorker.run(TestMethodWorker.java:112)
	at org.testng.TestRunner.privateRun(TestRunner.java:782)
	at org.testng.TestRunner.run(TestRunner.java:632)
	at org.testng.SuiteRunner.runTest(SuiteRunner.java:366)
	at org.testng.SuiteRunner.runSequentially(SuiteRunner.java:361)
	at org.testng.SuiteRunner.privateRun(SuiteRunner.java:319)
	at org.testng.SuiteRunner.run(SuiteRunner.java:268)
	at org.testng.SuiteRunnerWorker.runSuite(SuiteRunnerWorker.java:52)
	at org.testng.SuiteRunnerWorker.run(SuiteRunnerWorker.java:86)
	at org.testng.TestNG.runSuitesSequentially(TestNG.java:1244)
	at org.testng.TestNG.runSuitesLocally(TestNG.java:1169)
	at org.testng.TestNG.run(TestNG.java:1064)
	at org.testng.remote.RemoteTestNG.run(RemoteTestNG.java:113)
	at org.testng.remote.RemoteTestNG.initAndRun(RemoteTestNG.java:206)
	at org.testng.remote.RemoteTestNG.main(RemoteTestNG.java:177)
</pre></div></td>
<td>602</td>
<td>com.tests.WorkFlow@189fab56</td></tr>
<tr>
<td title='com.tests.WorkFlow.SI_WF19_CustomList_defaultLoc_defaultcategory_NU()'><b>SI_WF19_CustomList_defaultLoc_defaultcategory_NU</b><br>Test class: com.tests.WorkFlow<br>Test method: SI - WF 19-TC1-Custom List + default Loc + default Category for Normal user<br/>
<a href="#Output-973265976" onClick='toggleBox("Output-973265976", this, "Show output", "Hide output");'>Show output</a>

<a href="#Output-973265976" onClick="toggleAllBoxes();">Show all outputs</a>
<div class='log' id="Output-973265976">
<b><font color='RED'>ERROR	:- A new session could not be created. (Original error: Requested a new session but one was in progress) (WARNING: The server did not provide any stacktrace information)
Command duration or timeout: 12 milliseconds
Build info: version: '2.51.0', revision: '1af067d', time: '2016-02-05 19:15:17'
System info: host: 'TVMATP310440M', ip: '10.155.106.25', os.name: 'Mac OS X', os.arch: 'x86_64', os.version: '10.11.4', java.version: '1.7.0_71'
Driver info: io.appium.java_client.ios.IOSDriver</font></b><br/>
</div>
</td>
<td><div><pre>org.openqa.selenium.SessionNotCreatedException: A new session could not be created. (Original error: Requested a new session but one was in progress) (WARNING: The server did not provide any stacktrace information)
Command duration or timeout: 12 milliseconds
Build info: version: &apos;2.51.0&apos;, revision: &apos;1af067d&apos;, time: &apos;2016-02-05 19:15:17&apos;
System info: host: &apos;TVMATP310440M&apos;, ip: &apos;10.155.106.25&apos;, os.name: &apos;Mac OS X&apos;, os.arch: &apos;x86_64&apos;, os.version: &apos;10.11.4&apos;, java.version: &apos;1.7.0_71&apos;
Driver info: io.appium.java_client.ios.IOSDriver
	at sun.reflect.NativeConstructorAccessorImpl.newInstance0(Native Method)
	at sun.reflect.NativeConstructorAccessorImpl.newInstance(NativeConstructorAccessorImpl.java:57)
	at sun.reflect.DelegatingConstructorAccessorImpl.newInstance(DelegatingConstructorAccessorImpl.java:45)
	at java.lang.reflect.Constructor.newInstance(Constructor.java:526)
	at org.openqa.selenium.remote.ErrorHandler.createThrowable(ErrorHandler.java:206)
	at org.openqa.selenium.remote.ErrorHandler.throwIfResponseFailed(ErrorHandler.java:158)
	at org.openqa.selenium.remote.RemoteWebDriver.execute(RemoteWebDriver.java:678)
	at io.appium.java_client.DefaultGenericMobileDriver.execute(DefaultGenericMobileDriver.java:42)
	at io.appium.java_client.AppiumDriver.execute(AppiumDriver.java:1)
	at io.appium.java_client.ios.IOSDriver.execute(IOSDriver.java:1)
	at org.openqa.selenium.remote.RemoteWebDriver.startSession(RemoteWebDriver.java:249)
	at org.openqa.selenium.remote.RemoteWebDriver.&lt;init&gt;(RemoteWebDriver.java:131)
	at org.openqa.selenium.remote.RemoteWebDriver.&lt;init&gt;(RemoteWebDriver.java:144)
	at io.appium.java_client.DefaultGenericMobileDriver.&lt;init&gt;(DefaultGenericMobileDriver.java:37)
	at io.appium.java_client.AppiumDriver.&lt;init&gt;(AppiumDriver.java:160)
	at io.appium.java_client.AppiumDriver.&lt;init&gt;(AppiumDriver.java:168)
	at io.appium.java_client.ios.IOSDriver.&lt;init&gt;(IOSDriver.java:56)
	at zRfghY.t.b(WebDriverInstanceGenerator.java:86)
	at zRfghY.s.a(WebDriverFactory.java:36)
	at zRfghY.p.&lt;init&gt;(ThreadFactory.java:101)
	at zRfghY.p$1.c(ThreadFactory.java:97)
	at zRfghY.p$1.initialValue(ThreadFactory.java:95)
	at java.lang.ThreadLocal.setInitialValue(ThreadLocal.java:160)
	at java.lang.ThreadLocal.get(ThreadLocal.java:150)
	at zRfghY.p.b(ThreadFactory.java:165)
	at com.iwaf.framework.testng.TestNGTestListener.onTestFailure(TestNGTestListener.java:254)
	at org.testng.internal.Invoker.runTestListeners(Invoker.java:1693)
	at org.testng.internal.Invoker.runTestListeners(Invoker.java:1677)
	at org.testng.internal.Invoker.invokeMethod(Invoker.java:702)
	at org.testng.internal.Invoker.invokeTestMethod(Invoker.java:822)
	at org.testng.internal.Invoker.invokeTestMethods(Invoker.java:1130)
	at org.testng.internal.TestMethodWorker.invokeTestMethods(TestMethodWorker.java:129)
	at org.testng.internal.TestMethodWorker.run(TestMethodWorker.java:112)
	at org.testng.TestRunner.privateRun(TestRunner.java:782)
	at org.testng.TestRunner.run(TestRunner.java:632)
	at org.testng.SuiteRunner.runTest(SuiteRunner.java:366)
	at org.testng.SuiteRunner.runSequentially(SuiteRunner.java:361)
	at org.testng.SuiteRunner.privateRun(SuiteRunner.java:319)
	at org.testng.SuiteRunner.run(SuiteRunner.java:268)
	at org.testng.SuiteRunnerWorker.runSuite(SuiteRunnerWorker.java:52)
	at org.testng.SuiteRunnerWorker.run(SuiteRunnerWorker.java:86)
	at org.testng.TestNG.runSuitesSequentially(TestNG.java:1244)
	at org.testng.TestNG.runSuitesLocally(TestNG.java:1169)
	at org.testng.TestNG.run(TestNG.java:1064)
	at org.testng.remote.RemoteTestNG.run(RemoteTestNG.java:113)
	at org.testng.remote.RemoteTestNG.initAndRun(RemoteTestNG.java:206)
	at org.testng.remote.RemoteTestNG.main(RemoteTestNG.java:177)
</pre></div><a href='#' onClick='toggleBox("stack-trace973265976", this, "Click to show all stack frames", "Click to hide stack frames")'>Click to show all stack frames</a>
<div class='stack-trace' id='stack-trace973265976'><pre>org.openqa.selenium.SessionNotCreatedException: A new session could not be created. (Original error: Requested a new session but one was in progress) (WARNING: The server did not provide any stacktrace information)
Command duration or timeout: 12 milliseconds
Build info: version: &apos;2.51.0&apos;, revision: &apos;1af067d&apos;, time: &apos;2016-02-05 19:15:17&apos;
System info: host: &apos;TVMATP310440M&apos;, ip: &apos;10.155.106.25&apos;, os.name: &apos;Mac OS X&apos;, os.arch: &apos;x86_64&apos;, os.version: &apos;10.11.4&apos;, java.version: &apos;1.7.0_71&apos;
Driver info: io.appium.java_client.ios.IOSDriver
	at sun.reflect.NativeConstructorAccessorImpl.newInstance0(Native Method)
	at sun.reflect.NativeConstructorAccessorImpl.newInstance(NativeConstructorAccessorImpl.java:57)
	at sun.reflect.DelegatingConstructorAccessorImpl.newInstance(DelegatingConstructorAccessorImpl.java:45)
	at java.lang.reflect.Constructor.newInstance(Constructor.java:526)
	at org.openqa.selenium.remote.ErrorHandler.createThrowable(ErrorHandler.java:206)
	at org.openqa.selenium.remote.ErrorHandler.throwIfResponseFailed(ErrorHandler.java:158)
	at org.openqa.selenium.remote.RemoteWebDriver.execute(RemoteWebDriver.java:678)
	at io.appium.java_client.DefaultGenericMobileDriver.execute(DefaultGenericMobileDriver.java:42)
	at io.appium.java_client.AppiumDriver.execute(AppiumDriver.java:1)
	at io.appium.java_client.ios.IOSDriver.execute(IOSDriver.java:1)
	at org.openqa.selenium.remote.RemoteWebDriver.startSession(RemoteWebDriver.java:249)
	at org.openqa.selenium.remote.RemoteWebDriver.&lt;init&gt;(RemoteWebDriver.java:131)
	at org.openqa.selenium.remote.RemoteWebDriver.&lt;init&gt;(RemoteWebDriver.java:144)
	at io.appium.java_client.DefaultGenericMobileDriver.&lt;init&gt;(DefaultGenericMobileDriver.java:37)
	at io.appium.java_client.AppiumDriver.&lt;init&gt;(AppiumDriver.java:160)
	at io.appium.java_client.AppiumDriver.&lt;init&gt;(AppiumDriver.java:168)
	at io.appium.java_client.ios.IOSDriver.&lt;init&gt;(IOSDriver.java:56)
	at zRfghY.t.b(WebDriverInstanceGenerator.java:86)
	at zRfghY.s.a(WebDriverFactory.java:36)
	at zRfghY.p.&lt;init&gt;(ThreadFactory.java:101)
	at zRfghY.p$1.c(ThreadFactory.java:97)
	at zRfghY.p$1.initialValue(ThreadFactory.java:95)
	at java.lang.ThreadLocal.setInitialValue(ThreadLocal.java:160)
	at java.lang.ThreadLocal.get(ThreadLocal.java:150)
	at zRfghY.p.b(ThreadFactory.java:165)
	at com.iwaf.framework.testng.TestNGTestListener.onTestFailure(TestNGTestListener.java:254)
	at org.testng.internal.Invoker.runTestListeners(Invoker.java:1693)
	at org.testng.internal.Invoker.runTestListeners(Invoker.java:1677)
	at org.testng.internal.Invoker.invokeMethod(Invoker.java:702)
	at org.testng.internal.Invoker.invokeTestMethod(Invoker.java:822)
	at org.testng.internal.Invoker.invokeTestMethods(Invoker.java:1130)
	at org.testng.internal.TestMethodWorker.invokeTestMethods(TestMethodWorker.java:129)
	at org.testng.internal.TestMethodWorker.run(TestMethodWorker.java:112)
	at org.testng.TestRunner.privateRun(TestRunner.java:782)
	at org.testng.TestRunner.run(TestRunner.java:632)
	at org.testng.SuiteRunner.runTest(SuiteRunner.java:366)
	at org.testng.SuiteRunner.runSequentially(SuiteRunner.java:361)
	at org.testng.SuiteRunner.privateRun(SuiteRunner.java:319)
	at org.testng.SuiteRunner.run(SuiteRunner.java:268)
	at org.testng.SuiteRunnerWorker.runSuite(SuiteRunnerWorker.java:52)
	at org.testng.SuiteRunnerWorker.run(SuiteRunnerWorker.java:86)
	at org.testng.TestNG.runSuitesSequentially(TestNG.java:1244)
	at org.testng.TestNG.runSuitesLocally(TestNG.java:1169)
	at org.testng.TestNG.run(TestNG.java:1064)
	at org.testng.remote.RemoteTestNG.run(RemoteTestNG.java:113)
	at org.testng.remote.RemoteTestNG.initAndRun(RemoteTestNG.java:206)
	at org.testng.remote.RemoteTestNG.main(RemoteTestNG.java:177)
</pre></div></td>
<td>602</td>
<td>com.tests.WorkFlow@189fab56</td></tr>
</table><p>
<table width='100%' border='1' class='invocation-passed'>
<tr><td colspan='4' align='center'><b>PASSED TESTS</b></td></tr>
<tr><td><b>Test method</b></td>
<td width="30%"><b>Exception</b></td>
<td width="10%"><b>Time (seconds)</b></td>
<td><b>Instance</b></td>
</tr>
<tr>
<td title='com.tests.WorkFlow.MIL_WF2_Location_AddItems__MultipleLocation_MA()'><b>MIL_WF2_Location_AddItems__MultipleLocation_MA</b><br>Test class: com.tests.WorkFlow<br>Test method: MIL - WF 2-TC2-Selecing a location, adding same items to multiple location<br/>
<a href="#Output-453808548" onClick='toggleBox("Output-453808548", this, "Show output", "Hide output");'>Show output</a>

<a href="#Output-453808548" onClick="toggleAllBoxes();">Show all outputs</a>
<div class='log' id="Output-453808548">
[11:46:50] : <b><FONT SIZE="2">Launched Sysco UOM</FONT></b><br><br/>
[11:46:50] : <b><FONT SIZE="2">Sign In</FONT></b><br><br/>
[11:47:06] : <b><FONT SIZE="2">Sign in :Pass</FONT></b><br><br/>
[11:47:06] : <b><FONT SIZE="2">Tapping on Hamburger menu</FONT></b><br><br/>
[11:47:13] : <b><FONT COLOR="GREEN"><FONT SIZE="2">Navigating to menu page :Pass</FONT></FONT></b><br><br/>
[11:47:13] : <b><FONT SIZE="2">Tapping on Accounts from Hamburger menu</FONT></b><br><br/>
[11:47:13] : <b><FONT SIZE="2">Account page displayed :Pass</FONT></b><br><br/>
[11:47:23] : <b><FONT COLOR="GREEN"><FONT SIZE="2">Account switched for user :Pass</FONT></FONT></b><br><br/>
[11:47:23] : <b><FONT SIZE="2">Selecting TrackInventory from inventory tools page </FONT></b><br><br/>
[11:47:25] : <b><FONT COLOR="GREEN"><FONT SIZE="2">Tapped  TrackInventory from inventory tools page:Pass</FONT></FONT></b><br><br/>
[11:47:25] : <b><FONT COLOR="GREEN"><FONT SIZE="2">Navigating to Add Locations page :Pass</FONT></FONT></b><br><br/>
[11:47:28] : <b><FONT COLOR="GREEN"><FONT SIZE="2">added location name :Pass</FONT></FONT></b><br><br/>
[11:47:37] : <b><FONT COLOR="GREEN"><FONT SIZE="2">Selected cooler :Pass</FONT></FONT></b><br><br/>
[11:47:46] : <b><FONT COLOR="GREEN"><FONT SIZE="2">Tapped on done:Pass</FONT></FONT></b><br><br/>
[11:47:52] : <b><FONT COLOR="GREEN"><FONT SIZE="2">tap on back :Pass</FONT></FONT></b><br><br/>
[11:47:52] : <b><FONT SIZE="2">Checking addeded Location in location list</FONT></b><br><br/>
[11:47:54] : <b><FONT COLOR="GREEN"><FONT SIZE="2">Location is added :Pass</FONT></FONT></b><br><br/>
[11:47:54] : <b><FONT SIZE="2">Selecting location</FONT></b><br><br/>
[11:47:59] : <b><FONT COLOR="GREEN"><FONT SIZE="2">Location is selected for item :Pass</FONT></FONT></b><br><br/>
[11:47:59] : <b><FONT COLOR="GREEN"><FONT SIZE="2">Navigating to Add Locations page :Pass</FONT></FONT></b><br><br/>
[11:47:59] : <b><FONT SIZE="2">Clicking on Nonsysco item</FONT></b><br><br/>
[11:48:02] : <b><FONT COLOR="GREEN"><FONT SIZE="2">Nonsysco item selected from add item from page :Pass</FONT></FONT></b><br><br/>
[11:48:02] : <b><FONT SIZE="2">Entering details of Nonsysco item</FONT></b><br><br/>
[11:48:02] : <b><FONT SIZE="2">Entering Product name</FONT></b><br><br/>
[11:48:02] : <b><FONT SIZE="2">Entering Product id</FONT></b><br><br/>
[11:48:03] : <b><FONT SIZE="2">Entering Pack</FONT></b><br><br/>
[11:48:03] : <b><FONT SIZE="2">Entering size</FONT></b><br><br/>
[11:48:03] : <b><FONT SIZE="2">Entering weight</FONT></b><br><br/>
[11:48:04] : <b><FONT SIZE="2">Entering Product brand</FONT></b><br><br/>
[11:48:06] : <b><FONT COLOR="GREEN"><FONT SIZE="2">Item details are entered :Pass</FONT></FONT></b><br><br/>
[11:48:10] : <b><FONT SIZE="2">Selected supplier : Pass</FONT></b><br><br/>
[11:48:12] : <b><FONT SIZE="2">Add vendor tap</FONT></b><br><br/>
[11:48:12] : <b><FONT SIZE="2">Click on ADD Vendor Button</FONT></b><br><br/>
[11:48:15] : <b><FONT SIZE="2">In Add Vendor Page</FONT></b><br><br/>
[11:48:15] : <b><FONT COLOR="GREEN"><FONT SIZE="2">Add vendor button click :Pass</FONT></FONT></b><br><br/>
[11:48:15] : <b><FONT SIZE="2">Adding vendor details</FONT></b><br><br/>
[11:48:15] : <b><FONT SIZE="2">Enter vendorname</FONT></b><br><br/>
[11:48:16] : <b><FONT SIZE="2">Enter vendornumber</FONT></b><br><br/>
[11:48:16] : <b><FONT SIZE="2">Enter vendor address</FONT></b><br><br/>
[11:48:17] : <b><FONT SIZE="2">Enter vendor contact info</FONT></b><br><br/>
[11:48:17] : <b><FONT SIZE="2">Enter vendor email</FONT></b><br><br/>
[11:48:18] : <b><FONT SIZE="2">Enter vendor note</FONT></b><br><br/>
[11:48:25] : <b><FONT COLOR="GREEN"><FONT SIZE="2">Vendor details entered  :Pass</FONT></FONT></b><br><br/>
[11:48:34] : <b><FONT COLOR="GREEN"><FONT SIZE="2">Tapped on done:Pass</FONT></FONT></b><br><br/>
[11:48:41] : <b><FONT COLOR="GREEN"><FONT SIZE="2">tap on back :Pass</FONT></FONT></b><br><br/>
[11:48:41] : <b><FONT SIZE="2">Selecting vendor</FONT></b><br><br/>
[11:48:45] : <b><FONT COLOR="GREEN"><FONT SIZE="2">Vendor is selected for item :Pass</FONT></FONT></b><br><br/>
[11:48:47] : <b><FONT SIZE="2">Selected locations : Pass</FONT></b><br><br/>
[11:48:50] : <b><FONT COLOR="GREEN"><FONT SIZE="2">Navigating to Add Locations page :Pass</FONT></FONT></b><br><br/>
[11:48:52] : <b><FONT COLOR="GREEN"><FONT SIZE="2">added location name :Pass</FONT></FONT></b><br><br/>
[11:49:01] : <b><FONT COLOR="GREEN"><FONT SIZE="2">Selected cooler :Pass</FONT></FONT></b><br><br/>
[11:49:10] : <b><FONT COLOR="GREEN"><FONT SIZE="2">Tapped on done:Pass</FONT></FONT></b><br><br/>
[11:49:16] : <b><FONT COLOR="GREEN"><FONT SIZE="2">tap on back :Pass</FONT></FONT></b><br><br/>
[11:49:16] : <b><FONT SIZE="2">Checking addeded Location in location list</FONT></b><br><br/>
[11:49:19] : <b><FONT COLOR="GREEN"><FONT SIZE="2">Location is added :Pass</FONT></FONT></b><br><br/>
[11:49:19] : <b><FONT SIZE="2">Selecting location</FONT></b><br><br/>
[11:49:23] : <b><FONT COLOR="GREEN"><FONT SIZE="2">Location is selected for item :Pass</FONT></FONT></b><br><br/>
[11:49:23] : <b><FONT SIZE="2">Selecting location</FONT></b><br><br/>
[11:49:27] : <b><FONT COLOR="GREEN"><FONT SIZE="2">Location is selected for item :Pass</FONT></FONT></b><br><br/>
[11:49:31] : <b><FONT COLOR="GREEN"><FONT SIZE="2">tap on back :Pass</FONT></FONT></b><br><br/>
[11:49:41] : <b><FONT COLOR="GREEN"><FONT SIZE="2">Tapped on done:Pass</FONT></FONT></b><br><br/>
[11:49:56] : <b><FONT COLOR="GREEN"><FONT SIZE="2">Navigating to Add Locations page :Pass</FONT></FONT></b><br><br/>
[11:49:56] : <b><FONT SIZE="2">Clicking on Prep item</FONT></b><br><br/>
[11:49:59] : <b><FONT COLOR="GREEN"><FONT SIZE="2">Prep item selected from add item from page :Pass</FONT></FONT></b><br><br/>
[11:50:01] : <b><FONT SIZE="2">Entering details of Nonsysco item</FONT></b><br><br/>
[11:50:01] : <b><FONT SIZE="2">Entering Product name</FONT></b><br><br/>
[11:50:01] : <b><FONT SIZE="2">Entering Product id</FONT></b><br><br/>
[11:50:02] : <b><FONT SIZE="2">Entering Pack</FONT></b><br><br/>
[11:50:02] : <b><FONT SIZE="2">Entering size</FONT></b><br><br/>
[11:50:02] : <b><FONT SIZE="2">Entering weight</FONT></b><br><br/>
[11:50:05] : <b><FONT COLOR="GREEN"><FONT SIZE="2">Item details are entered :Pass</FONT></FONT></b><br><br/>
[11:50:09] : <b><FONT SIZE="2">Selected locations : Pass</FONT></b><br><br/>
[11:50:11] : <b><FONT COLOR="GREEN"><FONT SIZE="2">Navigating to Add Locations page :Pass</FONT></FONT></b><br><br/>
[11:50:14] : <b><FONT COLOR="GREEN"><FONT SIZE="2">added location name :Pass</FONT></FONT></b><br><br/>
[11:50:23] : <b><FONT COLOR="GREEN"><FONT SIZE="2">Selected cooler :Pass</FONT></FONT></b><br><br/>
[11:50:32] : <b><FONT COLOR="GREEN"><FONT SIZE="2">Tapped on done:Pass</FONT></FONT></b><br><br/>
[11:50:50] : <b><FONT COLOR="GREEN"><FONT SIZE="2">tap on back :Pass</FONT></FONT></b><br><br/>
[11:50:50] : <b><FONT SIZE="2">Checking addeded Location in location list</FONT></b><br><br/>
[11:50:52] : <b><FONT COLOR="GREEN"><FONT SIZE="2">Location is added :Pass</FONT></FONT></b><br><br/>
[11:50:52] : <b><FONT SIZE="2">Selecting location</FONT></b><br><br/>
[11:50:57] : <b><FONT COLOR="GREEN"><FONT SIZE="2">Location is selected for item :Pass</FONT></FONT></b><br><br/>
[11:50:57] : <b><FONT SIZE="2">Selecting location</FONT></b><br><br/>
[11:51:01] : <b><FONT COLOR="GREEN"><FONT SIZE="2">Location is selected for item :Pass</FONT></FONT></b><br><br/>
[11:51:05] : <b><FONT COLOR="GREEN"><FONT SIZE="2">tap on back :Pass</FONT></FONT></b><br><br/>
[11:51:14] : <b><FONT COLOR="GREEN"><FONT SIZE="2">Tapped on done:Pass</FONT></FONT></b><br><br/>
[11:51:33] : <b><FONT COLOR="GREEN"><FONT SIZE="2">tap on back :Pass</FONT></FONT></b><br><br/>
[11:51:33] : <b><FONT SIZE="2">Selecting location</FONT></b><br><br/>
[11:51:37] : <b><FONT COLOR="GREEN"><FONT SIZE="2">Location is selected for item :Pass</FONT></FONT></b><br><br/>
[11:51:49] : <b><FONT COLOR="GREEN"><FONT SIZE="2">Item Found in Setup Inventory:Pass</FONT></FONT></b><br><br/>
[11:51:56] : <b><FONT COLOR="GREEN"><FONT SIZE="2">tap on back :Pass</FONT></FONT></b><br><br/>
[11:51:56] : <b><FONT SIZE="2">Selecting location</FONT></b><br><br/>
[11:52:00] : <b><FONT COLOR="GREEN"><FONT SIZE="2">Location is selected for item :Pass</FONT></FONT></b><br><br/>
[11:52:12] : <b><FONT COLOR="GREEN"><FONT SIZE="2">Item Found in Setup Inventory:Pass</FONT></FONT></b><br><br/>
[11:52:18] : <b><FONT COLOR="GREEN"><FONT SIZE="2">tap on back :Pass</FONT></FONT></b><br><br/>
[11:52:18] : <b><FONT SIZE="2">Selecting location</FONT></b><br><br/>
[11:52:22] : <b><FONT COLOR="GREEN"><FONT SIZE="2">Location is selected for item :Pass</FONT></FONT></b><br><br/>
[11:52:34] : <b><FONT COLOR="GREEN"><FONT SIZE="2">Item Found in Setup Inventory:Pass</FONT></FONT></b><br><br/>
Test completed : MIL_WF2_Location_AddItems__MultipleLocation_MA<br/>
</div>
</td>
<td></td>
<td>363</td>
<td>com.tests.WorkFlow@189fab56</td></tr>
</table><p>
</body>
</html>