<?xml version="1.0" encoding="UTF-8"?>
<!-- Generated by org.testng.reporters.JUnitXMLReporter -->
<testsuite hostname="TVMATP310440M" name="GRP-SI - WF 33,SI - WF 9,TI-WF1-WF2,SI - WF 3,SI - WF 37" tests="5" failures="1" timestamp="12 Jul 2016 11:34:42 GMT" time="864.172" errors="0">
  <testcase name="SI_WF3_OG_CustomMultipleLocation_CustomMultipleCategory" time="263.249" classname="com.tests.WorkFlow"/>
  <testcase name="SI_WF9_StartFromScratch_PdtCatalog_DefaultLocation_DefaultCategory" time="99.509" classname="com.tests.WorkFlow"/>
  <testcase name="SI_WF37_StartFromScratch_MultipleList_CustomLocation_SuggestedCategory" time="294.472" classname="com.tests.WorkFlow"/>
  <testcase name="TI_WF1_WF2_Location_Item_UOMQuantity" time="130.986" classname="com.tests.WorkFlow">
    <failure type="java.lang.AssertionError" message="expected [true] but found [false]">
      <![CDATA[java.lang.AssertionError: expected [true] but found [false]
	at org.testng.Assert.fail(Assert.java:94)
	at org.testng.Assert.failNotEquals(Assert.java:513)
	at org.testng.Assert.assertTrue(Assert.java:42)
	at org.testng.Assert.assertTrue(Assert.java:52)
	at com.components.pages.SetupInventoryPage.verifyNonSyscoPrepItemSetupInv(SetupInventoryPage.java:801)
	at com.tests.WorkFlow.TI_WF1_WF2_Location_Item_UOMQuantity(WorkFlow.java:2971)
	at sun.reflect.NativeMethodAccessorImpl.invoke0(Native Method)
	at sun.reflect.NativeMethodAccessorImpl.invoke(NativeMethodAccessorImpl.java:57)
	at sun.reflect.DelegatingMethodAccessorImpl.invoke(DelegatingMethodAccessorImpl.java:43)
	at java.lang.reflect.Method.invoke(Method.java:606)
	at org.testng.internal.MethodInvocationHelper.invokeMethod(MethodInvocationHelper.java:86)
	at org.testng.internal.Invoker.invokeMethod(Invoker.java:645)
	at org.testng.internal.Invoker.invokeTestMethod(Invoker.java:822)
	at org.testng.internal.Invoker.invokeTestMethods(Invoker.java:1130)
	at org.testng.internal.TestMethodWorker.invokeTestMethods(TestMethodWorker.java:129)
	at org.testng.internal.TestMethodWorker.run(TestMethodWorker.java:112)
	at org.testng.TestRunner.privateRun(TestRunner.java:782)
	at org.testng.TestRunner.run(TestRunner.java:632)
	at org.testng.SuiteRunner.runTest(SuiteRunner.java:366)
	at org.testng.SuiteRunner.runSequentially(SuiteRunner.java:361)
	at org.testng.SuiteRunner.privateRun(SuiteRunner.java:319)
	at org.testng.SuiteRunner.run(SuiteRunner.java:268)
	at org.testng.SuiteRunnerWorker.runSuite(SuiteRunnerWorker.java:52)
	at org.testng.SuiteRunnerWorker.run(SuiteRunnerWorker.java:86)
	at org.testng.TestNG.runSuitesSequentially(TestNG.java:1244)
	at org.testng.TestNG.runSuitesLocally(TestNG.java:1169)
	at org.testng.TestNG.run(TestNG.java:1064)
	at org.testng.remote.RemoteTestNG.run(RemoteTestNG.java:113)
	at org.testng.remote.RemoteTestNG.initAndRun(RemoteTestNG.java:206)
	at org.testng.remote.RemoteTestNG.main(RemoteTestNG.java:177)
]]>
    </failure>
  </testcase> <!-- TI_WF1_WF2_Location_Item_UOMQuantity -->
  <testcase name="SI_WF33_OG_DefaultLocation_SuggestedCategory" time="65.944" classname="com.tests.WorkFlow"/>
</testsuite> <!-- GRP-SI - WF 33,SI - WF 9,TI-WF1-WF2,SI - WF 3,SI - WF 37 -->
