<html>
<head>
<title>TestNG:  GRP-SI-WF25,SI-WF26</title>
<link href="../testng.css" rel="stylesheet" type="text/css" />
<link href="../my-testng.css" rel="stylesheet" type="text/css" />

<style type="text/css">
.log { display: none;} 
.stack-trace { display: none;} 
</style>
<script type="text/javascript">
<!--
function flip(e) {
  current = e.style.display;
  if (current == 'block') {
    e.style.display = 'none';
    return 0;
  }
  else {
    e.style.display = 'block';
    return 1;
  }
}

function toggleBox(szDivId, elem, msg1, msg2)
{
  var res = -1;  if (document.getElementById) {
    res = flip(document.getElementById(szDivId));
  }
  else if (document.all) {
    // this is the way old msie versions work
    res = flip(document.all[szDivId]);
  }
  if(elem) {
    if(res == 0) elem.innerHTML = msg1; else elem.innerHTML = msg2;
  }

}

function toggleAllBoxes() {
  if (document.getElementsByTagName) {
    d = document.getElementsByTagName('div');
    for (i = 0; i < d.length; i++) {
      if (d[i].className == 'log') {
        flip(d[i]);
      }
    }
  }
}

// -->
</script>

</head>
<body>
<h2 align='center'>GRP-SI-WF25,SI-WF26</h2><table border='1' align="center">
<tr>
<td>Tests passed/Failed/Skipped:</td><td>1/1/0</td>
</tr><tr>
<td>Started on:</td><td>Mon Jun 27 11:05:36 IST 2016</td>
</tr>
<tr><td>Total time:</td><td>262 seconds (262479 ms)</td>
</tr><tr>
<td>Included groups:</td><td>SI-WF25 SI-WF26 </td>
</tr><tr>
<td>Excluded groups:</td><td></td>
</tr>
</table><p/>
<small><i>(Hover the method name to see the test class name)</i></small><p/>
<table width='100%' border='1' class='invocation-failed'>
<tr><td colspan='4' align='center'><b>FAILED TESTS</b></td></tr>
<tr><td><b>Test method</b></td>
<td width="30%"><b>Exception</b></td>
<td width="10%"><b>Time (seconds)</b></td>
<td><b>Instance</b></td>
</tr>
<tr>
<td title='com.tests.WorkFlow.SI_WF26_CustomList_SkipLoc_defaultcategory()'><b>SI_WF26_CustomList_SkipLoc_defaultcategory</b><br>Test class: com.tests.WorkFlow<br>Test method: SI-WF26-Custom List+skip location + default category<br/>
<a href="#Output-993370665" onClick='toggleBox("Output-993370665", this, "Show output", "Hide output");'>Show output</a>

<a href="#Output-993370665" onClick="toggleAllBoxes();">Show all outputs</a>
<div class='log' id="Output-993370665">
[11:08:17] : <b><FONT SIZE="2">Launched Sysco UOM</FONT></b><br><br/>
[11:08:22] : <b><FONT SIZE="2">Verify the Login Page</FONT></b><br><br/>
[11:08:26] : <b><FONT SIZE="2">Login page verification :Pass</FONT></b><br><br/>
[11:08:26] : <b><FONT SIZE="2">Sign In</FONT></b><br><br/>
[11:08:33] : <b><FONT SIZE="2">Sign in :Pass</FONT></b><br><br/>
[11:08:33] : <b><FONT SIZE="2">Sign in :Pass</FONT></b><br><br/>
[11:08:33] : <b><FONT SIZE="2">Selecting 1st account from Accounts page</FONT></b><br><br/>
[11:08:34] : <b><FONT COLOR="GREEN"><FONT SIZE="2">Navigating to Setup inventory page :Pass</FONT></FONT></b><br><br/>
[11:08:34] : <b><FONT SIZE="2">Setup inventory page</FONT></b><br><br/>
[11:08:40] : <b><FONT COLOR="GREEN"><FONT SIZE="2">Tapped on skip :Pass</FONT></FONT></b><br><br/>
[11:08:40] : <b><FONT SIZE="2">Selecting custom list  </FONT></b><br><br/>
[11:08:45] : <b><FONT COLOR="GREEN"><FONT SIZE="2">Selected  custom list  from SetupInventoryImportItems:Pass</FONT></FONT></b><br><br/>
[11:08:46] : <b><FONT COLOR="GREEN"><FONT SIZE="2">Tapped on Continue :Pass</FONT></FONT></b><br><br/>
[11:08:46] : <b><FONT SIZE="2">Selecting list</FONT></b><br><br/>
[11:08:48] : <b><FONT COLOR="GREEN"><FONT SIZE="2">List is selected :Pass</FONT></FONT></b><br><br/>
[11:08:49] : <b><FONT COLOR="GREEN"><FONT SIZE="2">Tapped on Next : Pass</FONT></FONT></b><br><br/>
[11:09:55] : <b><FONT COLOR="GREEN"><FONT SIZE="2">Tapped on DoThisLater :Fail</FONT></FONT></b><br><br/>
<b><font color='RED'>ERROR	:- expected [true] but found [false]</font></b><br/>
</div>
</td>
<td><div><pre>java.lang.AssertionError: expected [true] but found [false]
	at org.testng.Assert.fail(Assert.java:94)
	at org.testng.Assert.failNotEquals(Assert.java:513)
	at org.testng.Assert.assertTrue(Assert.java:42)
	at org.testng.Assert.assertTrue(Assert.java:52)
	at com.components.pages.SetupInventoryPage.TapOnDOThisLater(SetupInventoryPage.java:869)
	at com.tests.WorkFlow.SI_WF26_CustomList_SkipLoc_defaultcategory(WorkFlow.java:1984)
	at sun.reflect.NativeMethodAccessorImpl.invoke0(Native Method)
	at sun.reflect.NativeMethodAccessorImpl.invoke(NativeMethodAccessorImpl.java:62)
	at sun.reflect.DelegatingMethodAccessorImpl.invoke(DelegatingMethodAccessorImpl.java:43)
	at java.lang.reflect.Method.invoke(Method.java:497)
	at org.testng.internal.MethodInvocationHelper.invokeMethod(MethodInvocationHelper.java:86)
	at org.testng.internal.Invoker.invokeMethod(Invoker.java:646)
	at org.testng.internal.Invoker.invokeTestMethod(Invoker.java:823)
	at org.testng.internal.Invoker.invokeTestMethods(Invoker.java:1131)
	at org.testng.internal.TestMethodWorker.invokeTestMethods(TestMethodWorker.java:129)
	at org.testng.internal.TestMethodWorker.run(TestMethodWorker.java:112)
	at org.testng.TestRunner.privateRun(TestRunner.java:778)
	at org.testng.TestRunner.run(TestRunner.java:632)
	at org.testng.SuiteRunner.runTest(SuiteRunner.java:366)
	at org.testng.SuiteRunner.runSequentially(SuiteRunner.java:361)
	at org.testng.SuiteRunner.privateRun(SuiteRunner.java:319)
	at org.testng.SuiteRunner.run(SuiteRunner.java:268)
	at org.testng.SuiteRunnerWorker.runSuite(SuiteRunnerWorker.java:52)
	at org.testng.SuiteRunnerWorker.run(SuiteRunnerWorker.java:86)
	at org.testng.TestNG.runSuitesSequentially(TestNG.java:1225)
	at org.testng.TestNG.runSuitesLocally(TestNG.java:1150)
	at org.testng.TestNG.runSuites(TestNG.java:1075)
	at org.testng.TestNG.run(TestNG.java:1047)
	at org.testng.remote.AbstractRemoteTestNG.run(AbstractRemoteTestNG.java:126)
	at org.testng.remote.RemoteTestNG.initAndRun(RemoteTestNG.java:137)
	at org.testng.remote.RemoteTestNG.main(RemoteTestNG.java:58)
</pre></div><a href='#' onClick='toggleBox("stack-trace993370665", this, "Click to show all stack frames", "Click to hide stack frames")'>Click to show all stack frames</a>
<div class='stack-trace' id='stack-trace993370665'><pre>java.lang.AssertionError: expected [true] but found [false]
	at org.testng.Assert.fail(Assert.java:94)
	at org.testng.Assert.failNotEquals(Assert.java:513)
	at org.testng.Assert.assertTrue(Assert.java:42)
	at org.testng.Assert.assertTrue(Assert.java:52)
	at com.components.pages.SetupInventoryPage.TapOnDOThisLater(SetupInventoryPage.java:869)
	at com.tests.WorkFlow.SI_WF26_CustomList_SkipLoc_defaultcategory(WorkFlow.java:1984)
	at sun.reflect.NativeMethodAccessorImpl.invoke0(Native Method)
	at sun.reflect.NativeMethodAccessorImpl.invoke(NativeMethodAccessorImpl.java:62)
	at sun.reflect.DelegatingMethodAccessorImpl.invoke(DelegatingMethodAccessorImpl.java:43)
	at java.lang.reflect.Method.invoke(Method.java:497)
	at org.testng.internal.MethodInvocationHelper.invokeMethod(MethodInvocationHelper.java:86)
	at org.testng.internal.Invoker.invokeMethod(Invoker.java:646)
	at org.testng.internal.Invoker.invokeTestMethod(Invoker.java:823)
	at org.testng.internal.Invoker.invokeTestMethods(Invoker.java:1131)
	at org.testng.internal.TestMethodWorker.invokeTestMethods(TestMethodWorker.java:129)
	at org.testng.internal.TestMethodWorker.run(TestMethodWorker.java:112)
	at org.testng.TestRunner.privateRun(TestRunner.java:778)
	at org.testng.TestRunner.run(TestRunner.java:632)
	at org.testng.SuiteRunner.runTest(SuiteRunner.java:366)
	at org.testng.SuiteRunner.runSequentially(SuiteRunner.java:361)
	at org.testng.SuiteRunner.privateRun(SuiteRunner.java:319)
	at org.testng.SuiteRunner.run(SuiteRunner.java:268)
	at org.testng.SuiteRunnerWorker.runSuite(SuiteRunnerWorker.java:52)
	at org.testng.SuiteRunnerWorker.run(SuiteRunnerWorker.java:86)
	at org.testng.TestNG.runSuitesSequentially(TestNG.java:1225)
	at org.testng.TestNG.runSuitesLocally(TestNG.java:1150)
	at org.testng.TestNG.runSuites(TestNG.java:1075)
	at org.testng.TestNG.run(TestNG.java:1047)
	at org.testng.remote.AbstractRemoteTestNG.run(AbstractRemoteTestNG.java:126)
	at org.testng.remote.RemoteTestNG.initAndRun(RemoteTestNG.java:137)
	at org.testng.remote.RemoteTestNG.main(RemoteTestNG.java:58)
</pre></div></td>
<td>115</td>
<td>com.tests.WorkFlow@7cd62f43</td></tr>
</table><p>
<table width='100%' border='1' class='invocation-passed'>
<tr><td colspan='4' align='center'><b>PASSED TESTS</b></td></tr>
<tr><td><b>Test method</b></td>
<td width="30%"><b>Exception</b></td>
<td width="10%"><b>Time (seconds)</b></td>
<td><b>Instance</b></td>
</tr>
<tr>
<td title='com.tests.WorkFlow.SI_WF25_CustomList_DefaultLoc_Skipcategory()'><b>SI_WF25_CustomList_DefaultLoc_Skipcategory</b><br>Test class: com.tests.WorkFlow<br>Test method: SI-WF25-Custom List+Default loc + Skip Category <br/>
<a href="#Output-1241529534" onClick='toggleBox("Output-1241529534", this, "Show output", "Hide output");'>Show output</a>

<a href="#Output-1241529534" onClick="toggleAllBoxes();">Show all outputs</a>
<div class='log' id="Output-1241529534">
[11:05:50] : <b><FONT SIZE="2">Launched Sysco UOM</FONT></b><br><br/>
[11:05:55] : <b><FONT SIZE="2">Verify the Login Page</FONT></b><br><br/>
[11:07:00] : <b><FONT SIZE="2">Login page verification :Pass</FONT></b><br><br/>
[11:07:00] : <b><FONT SIZE="2">Sign In</FONT></b><br><br/>
[11:07:16] : <b><FONT SIZE="2">Sign in :Pass</FONT></b><br><br/>
[11:07:16] : <b><FONT SIZE="2">Sign in :Pass</FONT></b><br><br/>
[11:07:16] : <b><FONT SIZE="2">Selecting 6 account from Accounts page</FONT></b><br><br/>
[11:07:17] : <b><FONT COLOR="GREEN"><FONT SIZE="2">Navigating to Setup inventory page :Pass</FONT></FONT></b><br><br/>
[11:07:17] : <b><FONT SIZE="2">Setup inventory page</FONT></b><br><br/>
[11:07:22] : <b><FONT COLOR="GREEN"><FONT SIZE="2">Tapped on skip :Pass</FONT></FONT></b><br><br/>
[11:07:22] : <b><FONT SIZE="2">Selecting custom list  </FONT></b><br><br/>
[11:07:28] : <b><FONT COLOR="GREEN"><FONT SIZE="2">Selected  custom list  from SetupInventoryImportItems:Pass</FONT></FONT></b><br><br/>
[11:07:28] : <b><FONT COLOR="GREEN"><FONT SIZE="2">Tapped on Continue :Pass</FONT></FONT></b><br><br/>
[11:07:28] : <b><FONT SIZE="2">Selecting list</FONT></b><br><br/>
[11:07:31] : <b><FONT COLOR="GREEN"><FONT SIZE="2">List is selected :Pass</FONT></FONT></b><br><br/>
[11:07:31] : <b><FONT COLOR="GREEN"><FONT SIZE="2">Tapped on Next : Pass</FONT></FONT></b><br><br/>
[11:07:37] : <b><FONT COLOR="GREEN"><FONT SIZE="2">Default location clicked :Pass</FONT></FONT></b><br><br/>
[11:07:42] : <b><FONT COLOR="GREEN"><FONT SIZE="2">Tapped on Continue :Pass</FONT></FONT></b><br><br/>
[11:07:47] : <b><FONT COLOR="GREEN"><FONT SIZE="2">Tapped on DoThisLater :Pass</FONT></FONT></b><br><br/>
[11:07:48] : <b><FONT COLOR="GREEN"><FONT SIZE="2">Tapped on TakeHome :Pass</FONT></FONT></b><br><br/>
[11:07:48] : <b><FONT SIZE="2">Selecting TrackInventory from inventory tools page </FONT></b><br><br/>
[11:07:50] : <b><FONT COLOR="GREEN"><FONT SIZE="2">Tapped  TrackInventory from inventory tools page:Pass</FONT></FONT></b><br><br/>
[11:07:50] : <b><FONT SIZE="2">Selecting location</FONT></b><br><br/>
[11:07:53] : <b><FONT COLOR="GREEN"><FONT SIZE="2">Location is selected for item :Pass</FONT></FONT></b><br><br/>
[11:07:58] : <b><FONT COLOR="GREEN"><FONT SIZE="2">Tapped on done:Pass</FONT></FONT></b><br><br/>
Test completed : SI_WF25_CustomList_DefaultLoc_Skipcategory<br/>
</div>
</td>
<td></td>
<td>142</td>
<td>com.tests.WorkFlow@7cd62f43</td></tr>
</table><p>
</body>
</html>