<html>
<head>
<title>TestNG:  GRP-SI - WF 30 NU,SI - WF 29 NU</title>
<link href="../testng.css" rel="stylesheet" type="text/css" />
<link href="../my-testng.css" rel="stylesheet" type="text/css" />

<style type="text/css">
.log { display: none;} 
.stack-trace { display: none;} 
</style>
<script type="text/javascript">
<!--
function flip(e) {
  current = e.style.display;
  if (current == 'block') {
    e.style.display = 'none';
    return 0;
  }
  else {
    e.style.display = 'block';
    return 1;
  }
}

function toggleBox(szDivId, elem, msg1, msg2)
{
  var res = -1;  if (document.getElementById) {
    res = flip(document.getElementById(szDivId));
  }
  else if (document.all) {
    // this is the way old msie versions work
    res = flip(document.all[szDivId]);
  }
  if(elem) {
    if(res == 0) elem.innerHTML = msg1; else elem.innerHTML = msg2;
  }

}

function toggleAllBoxes() {
  if (document.getElementsByTagName) {
    d = document.getElementsByTagName('div');
    for (i = 0; i < d.length; i++) {
      if (d[i].className == 'log') {
        flip(d[i]);
      }
    }
  }
}

// -->
</script>

</head>
<body>
<h2 align='center'>GRP-SI - WF 30 NU,SI - WF 29 NU</h2><table border='1' align="center">
<tr>
<td>Tests passed/Failed/Skipped:</td><td>0/2/0</td>
</tr><tr>
<td>Started on:</td><td>Fri Jun 17 12:58:22 IST 2016</td>
</tr>
<tr><td>Total time:</td><td>228 seconds (228502 ms)</td>
</tr><tr>
<td>Included groups:</td><td>SI - WF 29 NU SI - WF 30 NU </td>
</tr><tr>
<td>Excluded groups:</td><td></td>
</tr>
</table><p/>
<small><i>(Hover the method name to see the test class name)</i></small><p/>
<table width='100%' border='1' class='invocation-failed'>
<tr><td colspan='4' align='center'><b>FAILED TESTS</b></td></tr>
<tr><td><b>Test method</b></td>
<td width="30%"><b>Exception</b></td>
<td width="10%"><b>Time (seconds)</b></td>
<td><b>Instance</b></td>
</tr>
<tr>
<td title='com.tests.WorkFlow.SI_WF29_CustomListSingleList_CustomCategoryOnLocationsPage_defaultcategory_NU()'><b>SI_WF29_CustomListSingleList_CustomCategoryOnLocationsPage_defaultcategory_NU</b><br>Test class: com.tests.WorkFlow<br>Test method: SI - WF 29-TC1-Custom List + Select single  List +Custom categories as location+Default Cat<br/>
<a href="#Output-1235825064" onClick='toggleBox("Output-1235825064", this, "Show output", "Hide output");'>Show output</a>

<a href="#Output-1235825064" onClick="toggleAllBoxes();">Show all outputs</a>
<div class='log' id="Output-1235825064">
[12:58:43] : <b><FONT SIZE="2">Launched Sysco UOM</FONT></b><br><br/>
[12:58:43] : <b><FONT SIZE="2">Verify the Login Page</FONT></b><br><br/>
[12:58:45] : <b><FONT SIZE="2">Login page verification :Pass</FONT></b><br><br/>
[12:58:46] : <b><FONT SIZE="2">Save username verification :Pass</FONT></b><br><br/>
[12:58:46] : <b><FONT SIZE="2">Sign In</FONT></b><br><br/>
[12:59:00] : <b><FONT SIZE="2">Sign in :Pass</FONT></b><br><br/>
[12:59:00] : <b><FONT SIZE="2">Selecting 5 account from Accounts page</FONT></b><br><br/>
[12:59:00] : <b><FONT COLOR="GREEN"><FONT SIZE="2">Navigating to Setup inventory page :Pass</FONT></FONT></b><br><br/>
[12:59:00] : <b><FONT SIZE="2">Setup inventory page</FONT></b><br><br/>
[12:59:03] : <b><FONT COLOR="GREEN"><FONT SIZE="2">Tapped on skip :Pass</FONT></FONT></b><br><br/>
[12:59:03] : <b><FONT SIZE="2">Selecting custom list  </FONT></b><br><br/>
[12:59:03] : <b><FONT COLOR="GREEN"><FONT SIZE="2">Selected  custom list  from SetupInventoryImportItems:Pass</FONT></FONT></b><br><br/>
[12:59:03] : <b><FONT COLOR="GREEN"><FONT SIZE="2">Tapped on Continue :Pass</FONT></FONT></b><br><br/>
[12:59:03] : <b><FONT SIZE="2">Selecting list</FONT></b><br><br/>
[12:59:08] : <b><FONT COLOR="GREEN"><FONT SIZE="2">List is selected :Pass</FONT></FONT></b><br><br/>
[12:59:11] : <b><FONT SIZE="2">Selecting custom category from Locations page</FONT></b><br><br/>
[13:00:17] : <b><FONT COLOR="GREEN"><FONT SIZE="2">Custom category selected from locations page :Fail</FONT></FONT></b><br><br/>
<b><font color='RED'>ERROR	:- expected [true] but found [false]</font></b><br/>
</div>
</td>
<td><div><pre>java.lang.AssertionError: expected [true] but found [false]
	at org.testng.Assert.fail(Assert.java:94)
	at org.testng.Assert.failNotEquals(Assert.java:513)
	at org.testng.Assert.assertTrue(Assert.java:42)
	at org.testng.Assert.assertTrue(Assert.java:52)
	at com.components.pages.LocationsPage.CustomCategories(LocationsPage.java:2441)
	at com.tests.WorkFlow.SI_WF29_CustomListSingleList_CustomCategoryOnLocationsPage_defaultcategory_NU(WorkFlow.java:2106)
	at sun.reflect.NativeMethodAccessorImpl.invoke0(Native Method)
	at sun.reflect.NativeMethodAccessorImpl.invoke(NativeMethodAccessorImpl.java:57)
	at sun.reflect.DelegatingMethodAccessorImpl.invoke(DelegatingMethodAccessorImpl.java:43)
	at java.lang.reflect.Method.invoke(Method.java:606)
	at org.testng.internal.MethodInvocationHelper.invokeMethod(MethodInvocationHelper.java:86)
	at org.testng.internal.Invoker.invokeMethod(Invoker.java:645)
	at org.testng.internal.Invoker.invokeTestMethod(Invoker.java:822)
	at org.testng.internal.Invoker.invokeTestMethods(Invoker.java:1130)
	at org.testng.internal.TestMethodWorker.invokeTestMethods(TestMethodWorker.java:129)
	at org.testng.internal.TestMethodWorker.run(TestMethodWorker.java:112)
	at org.testng.TestRunner.privateRun(TestRunner.java:782)
	at org.testng.TestRunner.run(TestRunner.java:632)
	at org.testng.SuiteRunner.runTest(SuiteRunner.java:366)
	at org.testng.SuiteRunner.runSequentially(SuiteRunner.java:361)
	at org.testng.SuiteRunner.privateRun(SuiteRunner.java:319)
	at org.testng.SuiteRunner.run(SuiteRunner.java:268)
	at org.testng.SuiteRunnerWorker.runSuite(SuiteRunnerWorker.java:52)
	at org.testng.SuiteRunnerWorker.run(SuiteRunnerWorker.java:86)
	at org.testng.TestNG.runSuitesSequentially(TestNG.java:1244)
	at org.testng.TestNG.runSuitesLocally(TestNG.java:1169)
	at org.testng.TestNG.run(TestNG.java:1064)
	at org.testng.remote.RemoteTestNG.run(RemoteTestNG.java:113)
	at org.testng.remote.RemoteTestNG.initAndRun(RemoteTestNG.java:206)
	at org.testng.remote.RemoteTestNG.main(RemoteTestNG.java:177)
</pre></div><a href='#' onClick='toggleBox("stack-trace1235825064", this, "Click to show all stack frames", "Click to hide stack frames")'>Click to show all stack frames</a>
<div class='stack-trace' id='stack-trace1235825064'><pre>java.lang.AssertionError: expected [true] but found [false]
	at org.testng.Assert.fail(Assert.java:94)
	at org.testng.Assert.failNotEquals(Assert.java:513)
	at org.testng.Assert.assertTrue(Assert.java:42)
	at org.testng.Assert.assertTrue(Assert.java:52)
	at com.components.pages.LocationsPage.CustomCategories(LocationsPage.java:2441)
	at com.tests.WorkFlow.SI_WF29_CustomListSingleList_CustomCategoryOnLocationsPage_defaultcategory_NU(WorkFlow.java:2106)
	at sun.reflect.NativeMethodAccessorImpl.invoke0(Native Method)
	at sun.reflect.NativeMethodAccessorImpl.invoke(NativeMethodAccessorImpl.java:57)
	at sun.reflect.DelegatingMethodAccessorImpl.invoke(DelegatingMethodAccessorImpl.java:43)
	at java.lang.reflect.Method.invoke(Method.java:606)
	at org.testng.internal.MethodInvocationHelper.invokeMethod(MethodInvocationHelper.java:86)
	at org.testng.internal.Invoker.invokeMethod(Invoker.java:645)
	at org.testng.internal.Invoker.invokeTestMethod(Invoker.java:822)
	at org.testng.internal.Invoker.invokeTestMethods(Invoker.java:1130)
	at org.testng.internal.TestMethodWorker.invokeTestMethods(TestMethodWorker.java:129)
	at org.testng.internal.TestMethodWorker.run(TestMethodWorker.java:112)
	at org.testng.TestRunner.privateRun(TestRunner.java:782)
	at org.testng.TestRunner.run(TestRunner.java:632)
	at org.testng.SuiteRunner.runTest(SuiteRunner.java:366)
	at org.testng.SuiteRunner.runSequentially(SuiteRunner.java:361)
	at org.testng.SuiteRunner.privateRun(SuiteRunner.java:319)
	at org.testng.SuiteRunner.run(SuiteRunner.java:268)
	at org.testng.SuiteRunnerWorker.runSuite(SuiteRunnerWorker.java:52)
	at org.testng.SuiteRunnerWorker.run(SuiteRunnerWorker.java:86)
	at org.testng.TestNG.runSuitesSequentially(TestNG.java:1244)
	at org.testng.TestNG.runSuitesLocally(TestNG.java:1169)
	at org.testng.TestNG.run(TestNG.java:1064)
	at org.testng.remote.RemoteTestNG.run(RemoteTestNG.java:113)
	at org.testng.remote.RemoteTestNG.initAndRun(RemoteTestNG.java:206)
	at org.testng.remote.RemoteTestNG.main(RemoteTestNG.java:177)
</pre></div></td>
<td>114</td>
<td>com.tests.WorkFlow@56618102</td></tr>
<tr>
<td title='com.tests.WorkFlow.SI_WF30_CustomListSingleList_CustomCategoryOnLocationsPage_customcategory_NU()'><b>SI_WF30_CustomListSingleList_CustomCategoryOnLocationsPage_customcategory_NU</b><br>Test class: com.tests.WorkFlow<br>Test method: SI - WF 30-TC1-Custom List + Select single  List +Custom Categories as location+Custom Cat<br/>
<a href="#Output-1091284983" onClick='toggleBox("Output-1091284983", this, "Show output", "Hide output");'>Show output</a>

<a href="#Output-1091284983" onClick="toggleAllBoxes();">Show all outputs</a>
<div class='log' id="Output-1091284983">
[13:00:35] : <b><FONT SIZE="2">Launched Sysco UOM</FONT></b><br><br/>
[13:00:35] : <b><FONT SIZE="2">Verify the Login Page</FONT></b><br><br/>
[13:00:37] : <b><FONT SIZE="2">Login page verification :Pass</FONT></b><br><br/>
[13:00:37] : <b><FONT SIZE="2">Save username verification :Pass</FONT></b><br><br/>
[13:00:37] : <b><FONT SIZE="2">Sign In</FONT></b><br><br/>
[13:00:50] : <b><FONT SIZE="2">Sign in :Pass</FONT></b><br><br/>
[13:00:50] : <b><FONT SIZE="2">Selecting 5 account from Accounts page</FONT></b><br><br/>
[13:00:51] : <b><FONT COLOR="GREEN"><FONT SIZE="2">Navigating to Setup inventory page :Pass</FONT></FONT></b><br><br/>
[13:00:51] : <b><FONT SIZE="2">Setup inventory page</FONT></b><br><br/>
[13:00:53] : <b><FONT COLOR="GREEN"><FONT SIZE="2">Tapped on skip :Pass</FONT></FONT></b><br><br/>
[13:00:53] : <b><FONT SIZE="2">Selecting custom list  </FONT></b><br><br/>
[13:00:53] : <b><FONT COLOR="GREEN"><FONT SIZE="2">Selected  custom list  from SetupInventoryImportItems:Pass</FONT></FONT></b><br><br/>
[13:00:53] : <b><FONT COLOR="GREEN"><FONT SIZE="2">Tapped on Continue :Pass</FONT></FONT></b><br><br/>
[13:00:53] : <b><FONT SIZE="2">Selecting list</FONT></b><br><br/>
[13:00:58] : <b><FONT COLOR="GREEN"><FONT SIZE="2">List is selected :Pass</FONT></FONT></b><br><br/>
[13:01:00] : <b><FONT SIZE="2">Selecting custom category from Locations page</FONT></b><br><br/>
[13:02:06] : <b><FONT COLOR="GREEN"><FONT SIZE="2">Custom category selected from locations page :Fail</FONT></FONT></b><br><br/>
<b><font color='RED'>ERROR	:- expected [true] but found [false]</font></b><br/>
</div>
</td>
<td><div><pre>java.lang.AssertionError: expected [true] but found [false]
	at org.testng.Assert.fail(Assert.java:94)
	at org.testng.Assert.failNotEquals(Assert.java:513)
	at org.testng.Assert.assertTrue(Assert.java:42)
	at org.testng.Assert.assertTrue(Assert.java:52)
	at com.components.pages.LocationsPage.CustomCategories(LocationsPage.java:2441)
	at com.tests.WorkFlow.SI_WF30_CustomListSingleList_CustomCategoryOnLocationsPage_customcategory_NU(WorkFlow.java:2158)
	at sun.reflect.NativeMethodAccessorImpl.invoke0(Native Method)
	at sun.reflect.NativeMethodAccessorImpl.invoke(NativeMethodAccessorImpl.java:57)
	at sun.reflect.DelegatingMethodAccessorImpl.invoke(DelegatingMethodAccessorImpl.java:43)
	at java.lang.reflect.Method.invoke(Method.java:606)
	at org.testng.internal.MethodInvocationHelper.invokeMethod(MethodInvocationHelper.java:86)
	at org.testng.internal.Invoker.invokeMethod(Invoker.java:645)
	at org.testng.internal.Invoker.invokeTestMethod(Invoker.java:822)
	at org.testng.internal.Invoker.invokeTestMethods(Invoker.java:1130)
	at org.testng.internal.TestMethodWorker.invokeTestMethods(TestMethodWorker.java:129)
	at org.testng.internal.TestMethodWorker.run(TestMethodWorker.java:112)
	at org.testng.TestRunner.privateRun(TestRunner.java:782)
	at org.testng.TestRunner.run(TestRunner.java:632)
	at org.testng.SuiteRunner.runTest(SuiteRunner.java:366)
	at org.testng.SuiteRunner.runSequentially(SuiteRunner.java:361)
	at org.testng.SuiteRunner.privateRun(SuiteRunner.java:319)
	at org.testng.SuiteRunner.run(SuiteRunner.java:268)
	at org.testng.SuiteRunnerWorker.runSuite(SuiteRunnerWorker.java:52)
	at org.testng.SuiteRunnerWorker.run(SuiteRunnerWorker.java:86)
	at org.testng.TestNG.runSuitesSequentially(TestNG.java:1244)
	at org.testng.TestNG.runSuitesLocally(TestNG.java:1169)
	at org.testng.TestNG.run(TestNG.java:1064)
	at org.testng.remote.RemoteTestNG.run(RemoteTestNG.java:113)
	at org.testng.remote.RemoteTestNG.initAndRun(RemoteTestNG.java:206)
	at org.testng.remote.RemoteTestNG.main(RemoteTestNG.java:177)
</pre></div><a href='#' onClick='toggleBox("stack-trace1091284983", this, "Click to show all stack frames", "Click to hide stack frames")'>Click to show all stack frames</a>
<div class='stack-trace' id='stack-trace1091284983'><pre>java.lang.AssertionError: expected [true] but found [false]
	at org.testng.Assert.fail(Assert.java:94)
	at org.testng.Assert.failNotEquals(Assert.java:513)
	at org.testng.Assert.assertTrue(Assert.java:42)
	at org.testng.Assert.assertTrue(Assert.java:52)
	at com.components.pages.LocationsPage.CustomCategories(LocationsPage.java:2441)
	at com.tests.WorkFlow.SI_WF30_CustomListSingleList_CustomCategoryOnLocationsPage_customcategory_NU(WorkFlow.java:2158)
	at sun.reflect.NativeMethodAccessorImpl.invoke0(Native Method)
	at sun.reflect.NativeMethodAccessorImpl.invoke(NativeMethodAccessorImpl.java:57)
	at sun.reflect.DelegatingMethodAccessorImpl.invoke(DelegatingMethodAccessorImpl.java:43)
	at java.lang.reflect.Method.invoke(Method.java:606)
	at org.testng.internal.MethodInvocationHelper.invokeMethod(MethodInvocationHelper.java:86)
	at org.testng.internal.Invoker.invokeMethod(Invoker.java:645)
	at org.testng.internal.Invoker.invokeTestMethod(Invoker.java:822)
	at org.testng.internal.Invoker.invokeTestMethods(Invoker.java:1130)
	at org.testng.internal.TestMethodWorker.invokeTestMethods(TestMethodWorker.java:129)
	at org.testng.internal.TestMethodWorker.run(TestMethodWorker.java:112)
	at org.testng.TestRunner.privateRun(TestRunner.java:782)
	at org.testng.TestRunner.run(TestRunner.java:632)
	at org.testng.SuiteRunner.runTest(SuiteRunner.java:366)
	at org.testng.SuiteRunner.runSequentially(SuiteRunner.java:361)
	at org.testng.SuiteRunner.privateRun(SuiteRunner.java:319)
	at org.testng.SuiteRunner.run(SuiteRunner.java:268)
	at org.testng.SuiteRunnerWorker.runSuite(SuiteRunnerWorker.java:52)
	at org.testng.SuiteRunnerWorker.run(SuiteRunnerWorker.java:86)
	at org.testng.TestNG.runSuitesSequentially(TestNG.java:1244)
	at org.testng.TestNG.runSuitesLocally(TestNG.java:1169)
	at org.testng.TestNG.run(TestNG.java:1064)
	at org.testng.remote.RemoteTestNG.run(RemoteTestNG.java:113)
	at org.testng.remote.RemoteTestNG.initAndRun(RemoteTestNG.java:206)
	at org.testng.remote.RemoteTestNG.main(RemoteTestNG.java:177)
</pre></div></td>
<td>103</td>
<td>com.tests.WorkFlow@56618102</td></tr>
</table><p>
</body>
</html>