<html>
<head>
<title>TestNG:  GRP-SI - WF 11,SI-WF38,MIL-WF1-WF4,SI - WF 17 MA,TI-WF1-WF2</title>
<link href="../testng.css" rel="stylesheet" type="text/css" />
<link href="../my-testng.css" rel="stylesheet" type="text/css" />

<style type="text/css">
.log { display: none;} 
.stack-trace { display: none;} 
</style>
<script type="text/javascript">
<!--
function flip(e) {
  current = e.style.display;
  if (current == 'block') {
    e.style.display = 'none';
    return 0;
  }
  else {
    e.style.display = 'block';
    return 1;
  }
}

function toggleBox(szDivId, elem, msg1, msg2)
{
  var res = -1;  if (document.getElementById) {
    res = flip(document.getElementById(szDivId));
  }
  else if (document.all) {
    // this is the way old msie versions work
    res = flip(document.all[szDivId]);
  }
  if(elem) {
    if(res == 0) elem.innerHTML = msg1; else elem.innerHTML = msg2;
  }

}

function toggleAllBoxes() {
  if (document.getElementsByTagName) {
    d = document.getElementsByTagName('div');
    for (i = 0; i < d.length; i++) {
      if (d[i].className == 'log') {
        flip(d[i]);
      }
    }
  }
}

// -->
</script>

</head>
<body>
<h2 align='center'>GRP-SI - WF 11,SI-WF38,MIL-WF1-WF4,SI - WF 17 MA,TI-WF1-WF2</h2><table border='1' align="center">
<tr>
<td>Tests passed/Failed/Skipped:</td><td>0/2/0</td>
</tr><tr>
<td>Started on:</td><td>Tue Jun 21 12:26:47 IST 2016</td>
</tr>
<tr><td>Total time:</td><td>221 seconds (221196 ms)</td>
</tr><tr>
<td>Included groups:</td><td>TI-WF1-WF2 SI-WF38 MIL-WF1-WF4 SI - WF 17 MA SI - WF 11 </td>
</tr><tr>
<td>Excluded groups:</td><td></td>
</tr>
</table><p/>
<small><i>(Hover the method name to see the test class name)</i></small><p/>
<table width='100%' border='1' class='invocation-failed'>
<tr><td colspan='4' align='center'><b>FAILED TESTS</b></td></tr>
<tr><td><b>Test method</b></td>
<td width="30%"><b>Exception</b></td>
<td width="10%"><b>Time (seconds)</b></td>
<td><b>Instance</b></td>
</tr>
<tr>
<td title='com.tests.WorkFlow.SI_WF11_StartFromScratch_NonSysco_Prep_DefaultLocation_DefaultCategory_MA()'><b>SI_WF11_StartFromScratch_NonSysco_Prep_DefaultLocation_DefaultCategory_MA</b><br>Test class: com.tests.WorkFlow<br>Test method: SI - WF 11-TC1-Start From Scratch + add items Non-sysco & Prep+Default Loc + Default Category for MA user<br/>
<a href="#Output-453133218" onClick='toggleBox("Output-453133218", this, "Show output", "Hide output");'>Show output</a>

<a href="#Output-453133218" onClick="toggleAllBoxes();">Show all outputs</a>
<div class='log' id="Output-453133218">
[12:27:07] : <b><FONT SIZE="2">Launched Sysco UOM</FONT></b><br><br/>
[12:27:07] : <b><FONT SIZE="2">Verify the Login Page</FONT></b><br><br/>
[12:27:09] : <b><FONT SIZE="2">Login page verification :Pass</FONT></b><br><br/>
[12:27:09] : <b><FONT SIZE="2">Save username verification :Pass</FONT></b><br><br/>
[12:27:09] : <b><FONT SIZE="2">Sign In</FONT></b><br><br/>
[12:27:24] : <b><FONT SIZE="2">Sign in :Pass</FONT></b><br><br/>
[12:27:24] : <b><FONT SIZE="2">Selecting 1st account from Accounts page</FONT></b><br><br/>
[12:27:24] : <b><FONT COLOR="GREEN"><FONT SIZE="2">Navigating to Setup inventory page :Pass</FONT></FONT></b><br><br/>
[12:27:24] : <b><FONT SIZE="2">Setup inventory page</FONT></b><br><br/>
[12:27:26] : <b><FONT COLOR="GREEN"><FONT SIZE="2">Tapped on skip :Pass</FONT></FONT></b><br><br/>
[12:27:26] : <b><FONT COLOR="GREEN"><FONT SIZE="2">Tapped on Start from Scratch :Pass</FONT></FONT></b><br><br/>
[12:27:26] : <b><FONT COLOR="GREEN"><FONT SIZE="2">Tapped on Continue :Pass</FONT></FONT></b><br><br/>
[12:27:26] : <b><FONT SIZE="2">Clicking on add items</FONT></b><br><br/>
[12:27:26] : <b><FONT COLOR="GREEN"><FONT SIZE="2">Tapping on add items button from setup inventory page :Pass</FONT></FONT></b><br><br/>
[12:27:26] : <b><FONT SIZE="2">Clicking on Nonsysco item</FONT></b><br><br/>
[12:27:27] : <b><FONT COLOR="GREEN"><FONT SIZE="2">Nonsysco item selected from add item from page :Pass</FONT></FONT></b><br><br/>
[12:27:27] : <b><FONT SIZE="2">Entering details of Nonsysco item</FONT></b><br><br/>
[12:27:27] : <b><FONT SIZE="2">Entering Product name</FONT></b><br><br/>
[12:27:27] : <b><FONT SIZE="2">Entering Product id</FONT></b><br><br/>
[12:27:28] : <b><FONT SIZE="2">Entering Pack</FONT></b><br><br/>
[12:27:28] : <b><FONT SIZE="2">Entering size</FONT></b><br><br/>
[12:27:28] : <b><FONT SIZE="2">Entering weight</FONT></b><br><br/>
[12:27:29] : <b><FONT SIZE="2">Entering Product brand</FONT></b><br><br/>
[12:27:31] : <b><FONT COLOR="GREEN"><FONT SIZE="2">Item details are entered :Pass</FONT></FONT></b><br><br/>
[12:27:31] : <b><FONT SIZE="2">Selected supplier : Pass</FONT></b><br><br/>
[12:27:31] : <b><FONT SIZE="2">Add vendor tap</FONT></b><br><br/>
[12:27:31] : <b><FONT SIZE="2">Click on ADD Vendor Button</FONT></b><br><br/>
[12:27:31] : <b><FONT SIZE="2">In Add Vendor Page</FONT></b><br><br/>
[12:27:31] : <b><FONT COLOR="GREEN"><FONT SIZE="2">Add vendor button click :Pass</FONT></FONT></b><br><br/>
[12:27:31] : <b><FONT SIZE="2">Adding vendor details</FONT></b><br><br/>
[12:27:32] : <b><FONT SIZE="2">Enter vendorname</FONT></b><br><br/>
[12:27:32] : <b><FONT SIZE="2">Enter vendornumber</FONT></b><br><br/>
[12:27:33] : <b><FONT SIZE="2">Enter vendor address</FONT></b><br><br/>
[12:27:34] : <b><FONT SIZE="2">Enter vendor contact info</FONT></b><br><br/>
[12:27:34] : <b><FONT SIZE="2">Enter vendor email</FONT></b><br><br/>
[12:27:35] : <b><FONT SIZE="2">Enter vendor note</FONT></b><br><br/>
[12:27:41] : <b><FONT COLOR="GREEN"><FONT SIZE="2">Vendor details entered  :Pass</FONT></FONT></b><br><br/>
[12:27:50] : <b><FONT COLOR="GREEN"><FONT SIZE="2">Tapped on done:Pass</FONT></FONT></b><br><br/>
[12:27:52] : <b><FONT COLOR="GREEN"><FONT SIZE="2">tap on back :Pass</FONT></FONT></b><br><br/>
[12:27:52] : <b><FONT SIZE="2">Selecting vendor</FONT></b><br><br/>
[12:27:53] : <b><FONT COLOR="GREEN"><FONT SIZE="2">Vendor is selected for item :Pass</FONT></FONT></b><br><br/>
[12:28:02] : <b><FONT COLOR="GREEN"><FONT SIZE="2">Tapped on done:Pass</FONT></FONT></b><br><br/>
[12:28:12] : <b><FONT COLOR="GREEN"><FONT SIZE="2">Item Found in Setup Inventory:Pass</FONT></FONT></b><br><br/>
[12:28:12] : <b><FONT COLOR="GREEN"><FONT SIZE="2">Tapped on add items link :Pass</FONT></FONT></b><br><br/>
[12:28:12] : <b><FONT SIZE="2">Clicking on Prep item</FONT></b><br><br/>
[12:28:14] : <b><FONT COLOR="GREEN"><FONT SIZE="2">Prep item selected from add item from page :Pass</FONT></FONT></b><br><br/>
[12:28:14] : <b><FONT SIZE="2">Entering details of Nonsysco item</FONT></b><br><br/>
[12:28:15] : <b><FONT SIZE="2">Entering Product name</FONT></b><br><br/>
[12:28:15] : <b><FONT SIZE="2">Entering Product id</FONT></b><br><br/>
[12:28:15] : <b><FONT SIZE="2">Entering Pack</FONT></b><br><br/>
[12:28:16] : <b><FONT SIZE="2">Entering size</FONT></b><br><br/>
[12:28:16] : <b><FONT SIZE="2">Entering weight</FONT></b><br><br/>
[12:28:18] : <b><FONT COLOR="GREEN"><FONT SIZE="2">Item details are entered :Pass</FONT></FONT></b><br><br/>
[12:28:27] : <b><FONT COLOR="GREEN"><FONT SIZE="2">Tapped on done:Pass</FONT></FONT></b><br><br/>
[12:28:37] : <b><FONT COLOR="GREEN"><FONT SIZE="2">Item Found in Setup Inventory:Pass</FONT></FONT></b><br><br/>
[12:28:47] : <b><FONT COLOR="GREEN"><FONT SIZE="2">Item Found in Setup Inventory:Pass</FONT></FONT></b><br><br/>
[12:28:56] : <b><FONT COLOR="GREEN"><FONT SIZE="2">Tapped on done:Pass</FONT></FONT></b><br><br/>
[12:28:56] : <b><FONT SIZE="2">Setup inventory page</FONT></b><br><br/>
[12:30:04] : <b><FONT COLOR="GREEN"><FONT SIZE="2">Tapped on skip :Fail</FONT></FONT></b><br><br/>
<b><font color='RED'>ERROR	:- expected [true] but found [false]</font></b><br/>
</div>
</td>
<td><div><pre>java.lang.AssertionError: expected [true] but found [false]
	at org.testng.Assert.fail(Assert.java:94)
	at org.testng.Assert.failNotEquals(Assert.java:513)
	at org.testng.Assert.assertTrue(Assert.java:42)
	at org.testng.Assert.assertTrue(Assert.java:52)
	at com.components.pages.SetupInventoryPage.TapOnSkip(SetupInventoryPage.java:1101)
	at com.tests.WorkFlow.SI_WF11_StartFromScratch_NonSysco_Prep_DefaultLocation_DefaultCategory_MA(WorkFlow.java:584)
	at sun.reflect.NativeMethodAccessorImpl.invoke0(Native Method)
	at sun.reflect.NativeMethodAccessorImpl.invoke(NativeMethodAccessorImpl.java:57)
	at sun.reflect.DelegatingMethodAccessorImpl.invoke(DelegatingMethodAccessorImpl.java:43)
	at java.lang.reflect.Method.invoke(Method.java:606)
	at org.testng.internal.MethodInvocationHelper.invokeMethod(MethodInvocationHelper.java:86)
	at org.testng.internal.Invoker.invokeMethod(Invoker.java:645)
	at org.testng.internal.Invoker.invokeTestMethod(Invoker.java:822)
	at org.testng.internal.Invoker.invokeTestMethods(Invoker.java:1130)
	at org.testng.internal.TestMethodWorker.invokeTestMethods(TestMethodWorker.java:129)
	at org.testng.internal.TestMethodWorker.run(TestMethodWorker.java:112)
	at org.testng.TestRunner.privateRun(TestRunner.java:782)
	at org.testng.TestRunner.run(TestRunner.java:632)
	at org.testng.SuiteRunner.runTest(SuiteRunner.java:366)
	at org.testng.SuiteRunner.runSequentially(SuiteRunner.java:361)
	at org.testng.SuiteRunner.privateRun(SuiteRunner.java:319)
	at org.testng.SuiteRunner.run(SuiteRunner.java:268)
	at org.testng.SuiteRunnerWorker.runSuite(SuiteRunnerWorker.java:52)
	at org.testng.SuiteRunnerWorker.run(SuiteRunnerWorker.java:86)
	at org.testng.TestNG.runSuitesSequentially(TestNG.java:1244)
	at org.testng.TestNG.runSuitesLocally(TestNG.java:1169)
	at org.testng.TestNG.run(TestNG.java:1064)
	at org.testng.remote.RemoteTestNG.run(RemoteTestNG.java:113)
	at org.testng.remote.RemoteTestNG.initAndRun(RemoteTestNG.java:206)
	at org.testng.remote.RemoteTestNG.main(RemoteTestNG.java:177)
</pre></div><a href='#' onClick='toggleBox("stack-trace453133218", this, "Click to show all stack frames", "Click to hide stack frames")'>Click to show all stack frames</a>
<div class='stack-trace' id='stack-trace453133218'><pre>java.lang.AssertionError: expected [true] but found [false]
	at org.testng.Assert.fail(Assert.java:94)
	at org.testng.Assert.failNotEquals(Assert.java:513)
	at org.testng.Assert.assertTrue(Assert.java:42)
	at org.testng.Assert.assertTrue(Assert.java:52)
	at com.components.pages.SetupInventoryPage.TapOnSkip(SetupInventoryPage.java:1101)
	at com.tests.WorkFlow.SI_WF11_StartFromScratch_NonSysco_Prep_DefaultLocation_DefaultCategory_MA(WorkFlow.java:584)
	at sun.reflect.NativeMethodAccessorImpl.invoke0(Native Method)
	at sun.reflect.NativeMethodAccessorImpl.invoke(NativeMethodAccessorImpl.java:57)
	at sun.reflect.DelegatingMethodAccessorImpl.invoke(DelegatingMethodAccessorImpl.java:43)
	at java.lang.reflect.Method.invoke(Method.java:606)
	at org.testng.internal.MethodInvocationHelper.invokeMethod(MethodInvocationHelper.java:86)
	at org.testng.internal.Invoker.invokeMethod(Invoker.java:645)
	at org.testng.internal.Invoker.invokeTestMethod(Invoker.java:822)
	at org.testng.internal.Invoker.invokeTestMethods(Invoker.java:1130)
	at org.testng.internal.TestMethodWorker.invokeTestMethods(TestMethodWorker.java:129)
	at org.testng.internal.TestMethodWorker.run(TestMethodWorker.java:112)
	at org.testng.TestRunner.privateRun(TestRunner.java:782)
	at org.testng.TestRunner.run(TestRunner.java:632)
	at org.testng.SuiteRunner.runTest(SuiteRunner.java:366)
	at org.testng.SuiteRunner.runSequentially(SuiteRunner.java:361)
	at org.testng.SuiteRunner.privateRun(SuiteRunner.java:319)
	at org.testng.SuiteRunner.run(SuiteRunner.java:268)
	at org.testng.SuiteRunnerWorker.runSuite(SuiteRunnerWorker.java:52)
	at org.testng.SuiteRunnerWorker.run(SuiteRunnerWorker.java:86)
	at org.testng.TestNG.runSuitesSequentially(TestNG.java:1244)
	at org.testng.TestNG.runSuitesLocally(TestNG.java:1169)
	at org.testng.TestNG.run(TestNG.java:1064)
	at org.testng.remote.RemoteTestNG.run(RemoteTestNG.java:113)
	at org.testng.remote.RemoteTestNG.initAndRun(RemoteTestNG.java:206)
	at org.testng.remote.RemoteTestNG.main(RemoteTestNG.java:177)
</pre></div></td>
<td>197</td>
<td>com.tests.WorkFlow@3fd4714d</td></tr>
<tr>
<td title='com.tests.WorkFlow.SI_WF17_StartFromScratch_MultipleList_DefaultLocation_SkipCategory_MA()'><b>SI_WF17_StartFromScratch_MultipleList_DefaultLocation_SkipCategory_MA</b><br>Test class: com.tests.WorkFlow<br>Test method: SI - WF 17-TC1-Start from scratch + Multiple lists + Default loc + Skip Category<br/>
<a href="#Output-708141162" onClick='toggleBox("Output-708141162", this, "Show output", "Hide output");'>Show output</a>

<a href="#Output-708141162" onClick="toggleAllBoxes();">Show all outputs</a>
<div class='log' id="Output-708141162">
[12:30:26] : <b><FONT SIZE="2">Launched Sysco UOM</FONT></b><br><br/>
[12:30:26] : <b><FONT SIZE="2">Verify the Login Page</FONT></b><br><br/>
<b><font color='RED'>ERROR	:- Error communicating with the remote browser. It may have died.
Build info: version: '2.51.0', revision: '1af067d', time: '2016-02-05 19:15:17'
System info: host: 'TVMATP310440M', ip: '10.155.106.25', os.name: 'Mac OS X', os.arch: 'x86_64', os.version: '10.11.4', java.version: '1.7.0_71'
Driver info: driver.version: AppiumDriver
Session ID: 3121b596-f6d7-4362-8a3e-2b8c882fb960
Capabilities [{platformVersion=9.1, app=/Users/sujina_s/Desktop/Sysco/June/June21/UOMQASQ.ipa, platform=MAC, databaseEnabled=false, autoWebview=false, javascriptEnabled=true, platformName=iOS, deviceName=Sysco-iPhone 6, browserName=iOS, webStorageEnabled=false, networkConnectionEnabled=false, desired={app=/Users/sujina_s/Desktop/Sysco/June/June21/UOMQASQ.ipa, platformVersion=9.1, autoWebview=false, deviceName=Sysco-iPhone 6, platformName=iOS}, locationContextEnabled=false, warnings={}, takesScreenshot=true}]</font></b><br/>
Error communicating with the remote browser. It may have died.
Build info: version: '2.51.0', revision: '1af067d', time: '2016-02-05 19:15:17'
System info: host: 'TVMATP310440M', ip: '10.155.106.25', os.name: 'Mac OS X', os.arch: 'x86_64', os.version: '10.11.4', java.version: '1.7.0_71'
Driver info: driver.version: RemoteWebDriver
Session ID: 3121b596-f6d7-4362-8a3e-2b8c882fb960
Capabilities [{platformVersion=9.1, app=/Users/sujina_s/Desktop/Sysco/June/June21/UOMQASQ.ipa, platform=MAC, databaseEnabled=false, autoWebview=false, javascriptEnabled=true, platformName=iOS, deviceName=Sysco-iPhone 6, browserName=iOS, webStorageEnabled=false, networkConnectionEnabled=false, desired={app=/Users/sujina_s/Desktop/Sysco/June/June21/UOMQASQ.ipa, platformVersion=9.1, autoWebview=false, deviceName=Sysco-iPhone 6, platformName=iOS}, locationContextEnabled=false, warnings={}, takesScreenshot=true}]<br/>
</div>
</td>
<td><div><pre>org.openqa.selenium.remote.UnreachableBrowserException: Error communicating with the remote browser. It may have died.
Build info: version: &apos;2.51.0&apos;, revision: &apos;1af067d&apos;, time: &apos;2016-02-05 19:15:17&apos;
System info: host: &apos;TVMATP310440M&apos;, ip: &apos;10.155.106.25&apos;, os.name: &apos;Mac OS X&apos;, os.arch: &apos;x86_64&apos;, os.version: &apos;10.11.4&apos;, java.version: &apos;1.7.0_71&apos;
Driver info: driver.version: AppiumDriver
Session ID: 3121b596-f6d7-4362-8a3e-2b8c882fb960
Capabilities [{platformVersion=9.1, app=/Users/sujina_s/Desktop/Sysco/June/June21/UOMQASQ.ipa, platform=MAC, databaseEnabled=false, autoWebview=false, javascriptEnabled=true, platformName=iOS, deviceName=Sysco-iPhone 6, browserName=iOS, webStorageEnabled=false, networkConnectionEnabled=false, desired={app=/Users/sujina_s/Desktop/Sysco/June/June21/UOMQASQ.ipa, platformVersion=9.1, autoWebview=false, deviceName=Sysco-iPhone 6, platformName=iOS}, locationContextEnabled=false, warnings={}, takesScreenshot=true}]
	at org.openqa.selenium.remote.RemoteWebDriver.execute(RemoteWebDriver.java:665)
	at io.appium.java_client.DefaultGenericMobileDriver.execute(DefaultGenericMobileDriver.java:42)
	at io.appium.java_client.AppiumDriver.execute(AppiumDriver.java:1)
	at io.appium.java_client.ios.IOSDriver.execute(IOSDriver.java:1)
	at io.appium.java_client.AppiumDriver.context(AppiumDriver.java:529)
	at com.components.pages.LoginPage.verifyLoginPage(LoginPage.java:95)
	at com.tests.WorkFlow.SI_WF17_StartFromScratch_MultipleList_DefaultLocation_SkipCategory_MA(WorkFlow.java:1160)
	at sun.reflect.NativeMethodAccessorImpl.invoke0(Native Method)
	at sun.reflect.NativeMethodAccessorImpl.invoke(NativeMethodAccessorImpl.java:57)
	at sun.reflect.DelegatingMethodAccessorImpl.invoke(DelegatingMethodAccessorImpl.java:43)
	at java.lang.reflect.Method.invoke(Method.java:606)
	at org.testng.internal.MethodInvocationHelper.invokeMethod(MethodInvocationHelper.java:86)
	at org.testng.internal.Invoker.invokeMethod(Invoker.java:645)
	at org.testng.internal.Invoker.invokeTestMethod(Invoker.java:822)
	at org.testng.internal.Invoker.invokeTestMethods(Invoker.java:1130)
	at org.testng.internal.TestMethodWorker.invokeTestMethods(TestMethodWorker.java:129)
	at org.testng.internal.TestMethodWorker.run(TestMethodWorker.java:112)
	at org.testng.TestRunner.privateRun(TestRunner.java:782)
	at org.testng.TestRunner.run(TestRunner.java:632)
	at org.testng.SuiteRunner.runTest(SuiteRunner.java:366)
	at org.testng.SuiteRunner.runSequentially(SuiteRunner.java:361)
	at org.testng.SuiteRunner.privateRun(SuiteRunner.java:319)
	at org.testng.SuiteRunner.run(SuiteRunner.java:268)
	at org.testng.SuiteRunnerWorker.runSuite(SuiteRunnerWorker.java:52)
	at org.testng.SuiteRunnerWorker.run(SuiteRunnerWorker.java:86)
	at org.testng.TestNG.runSuitesSequentially(TestNG.java:1244)
	at org.testng.TestNG.runSuitesLocally(TestNG.java:1169)
	at org.testng.TestNG.run(TestNG.java:1064)
	at org.testng.remote.RemoteTestNG.run(RemoteTestNG.java:113)
	at org.testng.remote.RemoteTestNG.initAndRun(RemoteTestNG.java:206)
	at org.testng.remote.RemoteTestNG.main(RemoteTestNG.java:177)
Caused by: org.openqa.selenium.WebDriverException: org.apache.http.conn.HttpHostConnectException: Connect to 10.155.106.25:4723 [/10.155.106.25] failed: Connection refused
Build info: version: &apos;2.51.0&apos;, revision: &apos;1af067d&apos;, time: &apos;2016-02-05 19:15:17&apos;
System info: host: &apos;TVMATP310440M&apos;, ip: &apos;10.155.106.25&apos;, os.name: &apos;Mac OS X&apos;, os.arch: &apos;x86_64&apos;, os.version: &apos;10.11.4&apos;, java.version: &apos;1.7.0_71&apos;
Driver info: driver.version: AppiumDriver
	at io.appium.java_client.remote.AppiumCommandExecutor.execute(AppiumCommandExecutor.java:64)
	at org.openqa.selenium.remote.RemoteWebDriver.execute(RemoteWebDriver.java:644)
	... 30 more
Caused by: org.apache.http.conn.HttpHostConnectException: Connect to 10.155.106.25:4723 [/10.155.106.25] failed: Connection refused
	at org.apache.http.impl.conn.DefaultHttpClientConnectionOperator.connect(DefaultHttpClientConnectionOperator.java:151)
	at org.apache.http.impl.conn.PoolingHttpClientConnectionManager.connect(PoolingHttpClientConnectionManager.java:353)
	at org.apache.http.impl.execchain.MainClientExec.establishRoute(MainClientExec.java:380)
	at org.apache.http.impl.execchain.MainClientExec.execute(MainClientExec.java:236)
	at org.apache.http.impl.execchain.ProtocolExec.execute(ProtocolExec.java:184)
	at org.apache.http.impl.execchain.RetryExec.execute(RetryExec.java:88)
	at org.apache.http.impl.execchain.RedirectExec.execute(RedirectExec.java:110)
	at org.apache.http.impl.client.InternalHttpClient.doExecute(InternalHttpClient.java:184)
	at org.apache.http.impl.client.CloseableHttpClient.execute(CloseableHttpClient.java:71)
	at org.apache.http.impl.client.CloseableHttpClient.execute(CloseableHttpClient.java:55)
	at org.openqa.selenium.remote.internal.ApacheHttpClient.fallBackExecute(ApacheHttpClient.java:144)
	at org.openqa.selenium.remote.internal.ApacheHttpClient.execute(ApacheHttpClient.java:90)
	at org.openqa.selenium.remote.HttpCommandExecutor.execute(HttpCommandExecutor.java:142)
	at io.appium.java_client.remote.AppiumCommandExecutor.execute(AppiumCommandExecutor.java:52)
	... 31 more
Caused by: java.net.ConnectException: Connection refused
	at java.net.PlainSocketImpl.socketConnect(Native Method)
	at java.net.AbstractPlainSocketImpl.doConnect(AbstractPlainSocketImpl.java:339)
	at java.net.AbstractPlainSocketImpl.connectToAddress(AbstractPlainSocketImpl.java:200)
	at java.net.AbstractPlainSocketImpl.connect(AbstractPlainSocketImpl.java:182)
	at java.net.SocksSocketImpl.connect(SocksSocketImpl.java:392)
	at java.net.Socket.connect(Socket.java:579)
	at org.apache.http.conn.socket.PlainConnectionSocketFactory.connectSocket(PlainConnectionSocketFactory.java:74)
	at org.apache.http.impl.conn.DefaultHttpClientConnectionOperator.connect(DefaultHttpClientConnectionOperator.java:134)
	... 44 more
</pre></div><a href='#' onClick='toggleBox("stack-trace708141162", this, "Click to show all stack frames", "Click to hide stack frames")'>Click to show all stack frames</a>
<div class='stack-trace' id='stack-trace708141162'><pre>org.openqa.selenium.remote.UnreachableBrowserException: Error communicating with the remote browser. It may have died.
Build info: version: &apos;2.51.0&apos;, revision: &apos;1af067d&apos;, time: &apos;2016-02-05 19:15:17&apos;
System info: host: &apos;TVMATP310440M&apos;, ip: &apos;10.155.106.25&apos;, os.name: &apos;Mac OS X&apos;, os.arch: &apos;x86_64&apos;, os.version: &apos;10.11.4&apos;, java.version: &apos;1.7.0_71&apos;
Driver info: driver.version: AppiumDriver
Session ID: 3121b596-f6d7-4362-8a3e-2b8c882fb960
Capabilities [{platformVersion=9.1, app=/Users/sujina_s/Desktop/Sysco/June/June21/UOMQASQ.ipa, platform=MAC, databaseEnabled=false, autoWebview=false, javascriptEnabled=true, platformName=iOS, deviceName=Sysco-iPhone 6, browserName=iOS, webStorageEnabled=false, networkConnectionEnabled=false, desired={app=/Users/sujina_s/Desktop/Sysco/June/June21/UOMQASQ.ipa, platformVersion=9.1, autoWebview=false, deviceName=Sysco-iPhone 6, platformName=iOS}, locationContextEnabled=false, warnings={}, takesScreenshot=true}]
	at org.openqa.selenium.remote.RemoteWebDriver.execute(RemoteWebDriver.java:665)
	at io.appium.java_client.DefaultGenericMobileDriver.execute(DefaultGenericMobileDriver.java:42)
	at io.appium.java_client.AppiumDriver.execute(AppiumDriver.java:1)
	at io.appium.java_client.ios.IOSDriver.execute(IOSDriver.java:1)
	at io.appium.java_client.AppiumDriver.context(AppiumDriver.java:529)
	at com.components.pages.LoginPage.verifyLoginPage(LoginPage.java:95)
	at com.tests.WorkFlow.SI_WF17_StartFromScratch_MultipleList_DefaultLocation_SkipCategory_MA(WorkFlow.java:1160)
	at sun.reflect.NativeMethodAccessorImpl.invoke0(Native Method)
	at sun.reflect.NativeMethodAccessorImpl.invoke(NativeMethodAccessorImpl.java:57)
	at sun.reflect.DelegatingMethodAccessorImpl.invoke(DelegatingMethodAccessorImpl.java:43)
	at java.lang.reflect.Method.invoke(Method.java:606)
	at org.testng.internal.MethodInvocationHelper.invokeMethod(MethodInvocationHelper.java:86)
	at org.testng.internal.Invoker.invokeMethod(Invoker.java:645)
	at org.testng.internal.Invoker.invokeTestMethod(Invoker.java:822)
	at org.testng.internal.Invoker.invokeTestMethods(Invoker.java:1130)
	at org.testng.internal.TestMethodWorker.invokeTestMethods(TestMethodWorker.java:129)
	at org.testng.internal.TestMethodWorker.run(TestMethodWorker.java:112)
	at org.testng.TestRunner.privateRun(TestRunner.java:782)
	at org.testng.TestRunner.run(TestRunner.java:632)
	at org.testng.SuiteRunner.runTest(SuiteRunner.java:366)
	at org.testng.SuiteRunner.runSequentially(SuiteRunner.java:361)
	at org.testng.SuiteRunner.privateRun(SuiteRunner.java:319)
	at org.testng.SuiteRunner.run(SuiteRunner.java:268)
	at org.testng.SuiteRunnerWorker.runSuite(SuiteRunnerWorker.java:52)
	at org.testng.SuiteRunnerWorker.run(SuiteRunnerWorker.java:86)
	at org.testng.TestNG.runSuitesSequentially(TestNG.java:1244)
	at org.testng.TestNG.runSuitesLocally(TestNG.java:1169)
	at org.testng.TestNG.run(TestNG.java:1064)
	at org.testng.remote.RemoteTestNG.run(RemoteTestNG.java:113)
	at org.testng.remote.RemoteTestNG.initAndRun(RemoteTestNG.java:206)
	at org.testng.remote.RemoteTestNG.main(RemoteTestNG.java:177)
Caused by: org.openqa.selenium.WebDriverException: org.apache.http.conn.HttpHostConnectException: Connect to 10.155.106.25:4723 [/10.155.106.25] failed: Connection refused
Build info: version: &apos;2.51.0&apos;, revision: &apos;1af067d&apos;, time: &apos;2016-02-05 19:15:17&apos;
System info: host: &apos;TVMATP310440M&apos;, ip: &apos;10.155.106.25&apos;, os.name: &apos;Mac OS X&apos;, os.arch: &apos;x86_64&apos;, os.version: &apos;10.11.4&apos;, java.version: &apos;1.7.0_71&apos;
Driver info: driver.version: AppiumDriver
	at io.appium.java_client.remote.AppiumCommandExecutor.execute(AppiumCommandExecutor.java:64)
	at org.openqa.selenium.remote.RemoteWebDriver.execute(RemoteWebDriver.java:644)
	... 30 more
Caused by: org.apache.http.conn.HttpHostConnectException: Connect to 10.155.106.25:4723 [/10.155.106.25] failed: Connection refused
	at org.apache.http.impl.conn.DefaultHttpClientConnectionOperator.connect(DefaultHttpClientConnectionOperator.java:151)
	at org.apache.http.impl.conn.PoolingHttpClientConnectionManager.connect(PoolingHttpClientConnectionManager.java:353)
	at org.apache.http.impl.execchain.MainClientExec.establishRoute(MainClientExec.java:380)
	at org.apache.http.impl.execchain.MainClientExec.execute(MainClientExec.java:236)
	at org.apache.http.impl.execchain.ProtocolExec.execute(ProtocolExec.java:184)
	at org.apache.http.impl.execchain.RetryExec.execute(RetryExec.java:88)
	at org.apache.http.impl.execchain.RedirectExec.execute(RedirectExec.java:110)
	at org.apache.http.impl.client.InternalHttpClient.doExecute(InternalHttpClient.java:184)
	at org.apache.http.impl.client.CloseableHttpClient.execute(CloseableHttpClient.java:71)
	at org.apache.http.impl.client.CloseableHttpClient.execute(CloseableHttpClient.java:55)
	at org.openqa.selenium.remote.internal.ApacheHttpClient.fallBackExecute(ApacheHttpClient.java:144)
	at org.openqa.selenium.remote.internal.ApacheHttpClient.execute(ApacheHttpClient.java:90)
	at org.openqa.selenium.remote.HttpCommandExecutor.execute(HttpCommandExecutor.java:142)
	at io.appium.java_client.remote.AppiumCommandExecutor.execute(AppiumCommandExecutor.java:52)
	... 31 more
Caused by: java.net.ConnectException: Connection refused
	at java.net.PlainSocketImpl.socketConnect(Native Method)
	at java.net.AbstractPlainSocketImpl.doConnect(AbstractPlainSocketImpl.java:339)
	at java.net.AbstractPlainSocketImpl.connectToAddress(AbstractPlainSocketImpl.java:200)
	at java.net.AbstractPlainSocketImpl.connect(AbstractPlainSocketImpl.java:182)
	at java.net.SocksSocketImpl.connect(SocksSocketImpl.java:392)
	at java.net.Socket.connect(Socket.java:579)
	at org.apache.http.conn.socket.PlainConnectionSocketFactory.connectSocket(PlainConnectionSocketFactory.java:74)
	at org.apache.http.impl.conn.DefaultHttpClientConnectionOperator.connect(DefaultHttpClientConnectionOperator.java:134)
	... 44 more
</pre></div></td>
<td>18</td>
<td>com.tests.WorkFlow@3fd4714d</td></tr>
<tr>
<td title='com.tests.WorkFlow.SI_WF17_StartFromScratch_MultipleList_DefaultLocation_SkipCategory_MA()'><b>SI_WF17_StartFromScratch_MultipleList_DefaultLocation_SkipCategory_MA</b><br>Test class: com.tests.WorkFlow<br>Test method: SI - WF 17-TC1-Start from scratch + Multiple lists + Default loc + Skip Category<br/>
<a href="#Output-1300992695" onClick='toggleBox("Output-1300992695", this, "Show output", "Hide output");'>Show output</a>

<a href="#Output-1300992695" onClick="toggleAllBoxes();">Show all outputs</a>
<div class='log' id="Output-1300992695">
<b><font color='RED'>ERROR	:- Error occured while closing webdriver sessionError communicating with the remote browser. It may have died.
Build info: version: '2.51.0', revision: '1af067d', time: '2016-02-05 19:15:17'
System info: host: 'TVMATP310440M', ip: '10.155.106.25', os.name: 'Mac OS X', os.arch: 'x86_64', os.version: '10.11.4', java.version: '1.7.0_71'
Driver info: driver.version: RemoteWebDriver
Session ID: 3121b596-f6d7-4362-8a3e-2b8c882fb960
Capabilities [{platformVersion=9.1, app=/Users/sujina_s/Desktop/Sysco/June/June21/UOMQASQ.ipa, platform=MAC, databaseEnabled=false, autoWebview=false, javascriptEnabled=true, platformName=iOS, deviceName=Sysco-iPhone 6, browserName=iOS, webStorageEnabled=false, networkConnectionEnabled=false, desired={app=/Users/sujina_s/Desktop/Sysco/June/June21/UOMQASQ.ipa, platformVersion=9.1, autoWebview=false, deviceName=Sysco-iPhone 6, platformName=iOS}, locationContextEnabled=false, warnings={}, takesScreenshot=true}]</font></b><br/>
</div>
</td>
<td><div><pre>java.lang.RuntimeException: Error occured while closing webdriver sessionError communicating with the remote browser. It may have died.
Build info: version: &apos;2.51.0&apos;, revision: &apos;1af067d&apos;, time: &apos;2016-02-05 19:15:17&apos;
System info: host: &apos;TVMATP310440M&apos;, ip: &apos;10.155.106.25&apos;, os.name: &apos;Mac OS X&apos;, os.arch: &apos;x86_64&apos;, os.version: &apos;10.11.4&apos;, java.version: &apos;1.7.0_71&apos;
Driver info: driver.version: RemoteWebDriver
Session ID: 3121b596-f6d7-4362-8a3e-2b8c882fb960
Capabilities [{platformVersion=9.1, app=/Users/sujina_s/Desktop/Sysco/June/June21/UOMQASQ.ipa, platform=MAC, databaseEnabled=false, autoWebview=false, javascriptEnabled=true, platformName=iOS, deviceName=Sysco-iPhone 6, browserName=iOS, webStorageEnabled=false, networkConnectionEnabled=false, desired={app=/Users/sujina_s/Desktop/Sysco/June/June21/UOMQASQ.ipa, platformVersion=9.1, autoWebview=false, deviceName=Sysco-iPhone 6, platformName=iOS}, locationContextEnabled=false, warnings={}, takesScreenshot=true}]
	at zRfghY.s.b(WebDriverFactory.java:48)
	at com.iwaf.framework.testng.TestNGTestListener.closeTestSession(TestNGTestListener.java:458)
	at com.iwaf.framework.testng.TestNGTestListener.onTestFailure(TestNGTestListener.java:291)
	at org.testng.internal.Invoker.runTestListeners(Invoker.java:1693)
	at org.testng.internal.Invoker.runTestListeners(Invoker.java:1677)
	at org.testng.internal.Invoker.invokeMethod(Invoker.java:702)
	at org.testng.internal.Invoker.invokeTestMethod(Invoker.java:822)
	at org.testng.internal.Invoker.invokeTestMethods(Invoker.java:1130)
	at org.testng.internal.TestMethodWorker.invokeTestMethods(TestMethodWorker.java:129)
	at org.testng.internal.TestMethodWorker.run(TestMethodWorker.java:112)
	at org.testng.TestRunner.privateRun(TestRunner.java:782)
	at org.testng.TestRunner.run(TestRunner.java:632)
	at org.testng.SuiteRunner.runTest(SuiteRunner.java:366)
	at org.testng.SuiteRunner.runSequentially(SuiteRunner.java:361)
	at org.testng.SuiteRunner.privateRun(SuiteRunner.java:319)
	at org.testng.SuiteRunner.run(SuiteRunner.java:268)
	at org.testng.SuiteRunnerWorker.runSuite(SuiteRunnerWorker.java:52)
	at org.testng.SuiteRunnerWorker.run(SuiteRunnerWorker.java:86)
	at org.testng.TestNG.runSuitesSequentially(TestNG.java:1244)
	at org.testng.TestNG.runSuitesLocally(TestNG.java:1169)
	at org.testng.TestNG.run(TestNG.java:1064)
	at org.testng.remote.RemoteTestNG.run(RemoteTestNG.java:113)
	at org.testng.remote.RemoteTestNG.initAndRun(RemoteTestNG.java:206)
	at org.testng.remote.RemoteTestNG.main(RemoteTestNG.java:177)
Caused by: org.openqa.selenium.remote.UnreachableBrowserException: Error communicating with the remote browser. It may have died.
Build info: version: &apos;2.51.0&apos;, revision: &apos;1af067d&apos;, time: &apos;2016-02-05 19:15:17&apos;
System info: host: &apos;TVMATP310440M&apos;, ip: &apos;10.155.106.25&apos;, os.name: &apos;Mac OS X&apos;, os.arch: &apos;x86_64&apos;, os.version: &apos;10.11.4&apos;, java.version: &apos;1.7.0_71&apos;
Driver info: driver.version: RemoteWebDriver
Session ID: 3121b596-f6d7-4362-8a3e-2b8c882fb960
Capabilities [{platformVersion=9.1, app=/Users/sujina_s/Desktop/Sysco/June/June21/UOMQASQ.ipa, platform=MAC, databaseEnabled=false, autoWebview=false, javascriptEnabled=true, platformName=iOS, deviceName=Sysco-iPhone 6, browserName=iOS, webStorageEnabled=false, networkConnectionEnabled=false, desired={app=/Users/sujina_s/Desktop/Sysco/June/June21/UOMQASQ.ipa, platformVersion=9.1, autoWebview=false, deviceName=Sysco-iPhone 6, platformName=iOS}, locationContextEnabled=false, warnings={}, takesScreenshot=true}]
	at org.openqa.selenium.remote.RemoteWebDriver.execute(RemoteWebDriver.java:665)
	at io.appium.java_client.DefaultGenericMobileDriver.execute(DefaultGenericMobileDriver.java:42)
	at io.appium.java_client.AppiumDriver.execute(AppiumDriver.java:189)
	at org.openqa.selenium.remote.RemoteWebDriver.quit(RemoteWebDriver.java:526)
	at zRfghY.t.c(WebDriverInstanceGenerator.java:131)
	at zRfghY.s.b(WebDriverFactory.java:45)
	... 23 more
Caused by: org.openqa.selenium.WebDriverException: org.apache.http.conn.HttpHostConnectException: Connect to 10.155.106.25:4723 [/10.155.106.25] failed: Connection refused
Build info: version: &apos;2.51.0&apos;, revision: &apos;1af067d&apos;, time: &apos;2016-02-05 19:15:17&apos;
System info: host: &apos;TVMATP310440M&apos;, ip: &apos;10.155.106.25&apos;, os.name: &apos;Mac OS X&apos;, os.arch: &apos;x86_64&apos;, os.version: &apos;10.11.4&apos;, java.version: &apos;1.7.0_71&apos;
Driver info: driver.version: RemoteWebDriver
	at io.appium.java_client.remote.AppiumCommandExecutor.execute(AppiumCommandExecutor.java:64)
	at org.openqa.selenium.remote.RemoteWebDriver.execute(RemoteWebDriver.java:644)
	... 28 more
Caused by: org.apache.http.conn.HttpHostConnectException: Connect to 10.155.106.25:4723 [/10.155.106.25] failed: Connection refused
	at org.apache.http.impl.conn.DefaultHttpClientConnectionOperator.connect(DefaultHttpClientConnectionOperator.java:151)
	at org.apache.http.impl.conn.PoolingHttpClientConnectionManager.connect(PoolingHttpClientConnectionManager.java:353)
	at org.apache.http.impl.execchain.MainClientExec.establishRoute(MainClientExec.java:380)
	at org.apache.http.impl.execchain.MainClientExec.execute(MainClientExec.java:236)
	at org.apache.http.impl.execchain.ProtocolExec.execute(ProtocolExec.java:184)
	at org.apache.http.impl.execchain.RetryExec.execute(RetryExec.java:88)
	at org.apache.http.impl.execchain.RedirectExec.execute(RedirectExec.java:110)
	at org.apache.http.impl.client.InternalHttpClient.doExecute(InternalHttpClient.java:184)
	at org.apache.http.impl.client.CloseableHttpClient.execute(CloseableHttpClient.java:71)
	at org.apache.http.impl.client.CloseableHttpClient.execute(CloseableHttpClient.java:55)
	at org.openqa.selenium.remote.internal.ApacheHttpClient.fallBackExecute(ApacheHttpClient.java:144)
	at org.openqa.selenium.remote.internal.ApacheHttpClient.execute(ApacheHttpClient.java:90)
	at org.openqa.selenium.remote.HttpCommandExecutor.execute(HttpCommandExecutor.java:142)
	at io.appium.java_client.remote.AppiumCommandExecutor.execute(AppiumCommandExecutor.java:52)
	... 29 more
Caused by: java.net.ConnectException: Connection refused
	at java.net.PlainSocketImpl.socketConnect(Native Method)
	at java.net.AbstractPlainSocketImpl.doConnect(AbstractPlainSocketImpl.java:339)
	at java.net.AbstractPlainSocketImpl.connectToAddress(AbstractPlainSocketImpl.java:200)
	at java.net.AbstractPlainSocketImpl.connect(AbstractPlainSocketImpl.java:182)
	at java.net.SocksSocketImpl.connect(SocksSocketImpl.java:392)
	at java.net.Socket.connect(Socket.java:579)
	at org.apache.http.conn.socket.PlainConnectionSocketFactory.connectSocket(PlainConnectionSocketFactory.java:74)
	at org.apache.http.impl.conn.DefaultHttpClientConnectionOperator.connect(DefaultHttpClientConnectionOperator.java:134)
	... 42 more
</pre></div><a href='#' onClick='toggleBox("stack-trace1300992695", this, "Click to show all stack frames", "Click to hide stack frames")'>Click to show all stack frames</a>
<div class='stack-trace' id='stack-trace1300992695'><pre>java.lang.RuntimeException: Error occured while closing webdriver sessionError communicating with the remote browser. It may have died.
Build info: version: &apos;2.51.0&apos;, revision: &apos;1af067d&apos;, time: &apos;2016-02-05 19:15:17&apos;
System info: host: &apos;TVMATP310440M&apos;, ip: &apos;10.155.106.25&apos;, os.name: &apos;Mac OS X&apos;, os.arch: &apos;x86_64&apos;, os.version: &apos;10.11.4&apos;, java.version: &apos;1.7.0_71&apos;
Driver info: driver.version: RemoteWebDriver
Session ID: 3121b596-f6d7-4362-8a3e-2b8c882fb960
Capabilities [{platformVersion=9.1, app=/Users/sujina_s/Desktop/Sysco/June/June21/UOMQASQ.ipa, platform=MAC, databaseEnabled=false, autoWebview=false, javascriptEnabled=true, platformName=iOS, deviceName=Sysco-iPhone 6, browserName=iOS, webStorageEnabled=false, networkConnectionEnabled=false, desired={app=/Users/sujina_s/Desktop/Sysco/June/June21/UOMQASQ.ipa, platformVersion=9.1, autoWebview=false, deviceName=Sysco-iPhone 6, platformName=iOS}, locationContextEnabled=false, warnings={}, takesScreenshot=true}]
	at zRfghY.s.b(WebDriverFactory.java:48)
	at com.iwaf.framework.testng.TestNGTestListener.closeTestSession(TestNGTestListener.java:458)
	at com.iwaf.framework.testng.TestNGTestListener.onTestFailure(TestNGTestListener.java:291)
	at org.testng.internal.Invoker.runTestListeners(Invoker.java:1693)
	at org.testng.internal.Invoker.runTestListeners(Invoker.java:1677)
	at org.testng.internal.Invoker.invokeMethod(Invoker.java:702)
	at org.testng.internal.Invoker.invokeTestMethod(Invoker.java:822)
	at org.testng.internal.Invoker.invokeTestMethods(Invoker.java:1130)
	at org.testng.internal.TestMethodWorker.invokeTestMethods(TestMethodWorker.java:129)
	at org.testng.internal.TestMethodWorker.run(TestMethodWorker.java:112)
	at org.testng.TestRunner.privateRun(TestRunner.java:782)
	at org.testng.TestRunner.run(TestRunner.java:632)
	at org.testng.SuiteRunner.runTest(SuiteRunner.java:366)
	at org.testng.SuiteRunner.runSequentially(SuiteRunner.java:361)
	at org.testng.SuiteRunner.privateRun(SuiteRunner.java:319)
	at org.testng.SuiteRunner.run(SuiteRunner.java:268)
	at org.testng.SuiteRunnerWorker.runSuite(SuiteRunnerWorker.java:52)
	at org.testng.SuiteRunnerWorker.run(SuiteRunnerWorker.java:86)
	at org.testng.TestNG.runSuitesSequentially(TestNG.java:1244)
	at org.testng.TestNG.runSuitesLocally(TestNG.java:1169)
	at org.testng.TestNG.run(TestNG.java:1064)
	at org.testng.remote.RemoteTestNG.run(RemoteTestNG.java:113)
	at org.testng.remote.RemoteTestNG.initAndRun(RemoteTestNG.java:206)
	at org.testng.remote.RemoteTestNG.main(RemoteTestNG.java:177)
Caused by: org.openqa.selenium.remote.UnreachableBrowserException: Error communicating with the remote browser. It may have died.
Build info: version: &apos;2.51.0&apos;, revision: &apos;1af067d&apos;, time: &apos;2016-02-05 19:15:17&apos;
System info: host: &apos;TVMATP310440M&apos;, ip: &apos;10.155.106.25&apos;, os.name: &apos;Mac OS X&apos;, os.arch: &apos;x86_64&apos;, os.version: &apos;10.11.4&apos;, java.version: &apos;1.7.0_71&apos;
Driver info: driver.version: RemoteWebDriver
Session ID: 3121b596-f6d7-4362-8a3e-2b8c882fb960
Capabilities [{platformVersion=9.1, app=/Users/sujina_s/Desktop/Sysco/June/June21/UOMQASQ.ipa, platform=MAC, databaseEnabled=false, autoWebview=false, javascriptEnabled=true, platformName=iOS, deviceName=Sysco-iPhone 6, browserName=iOS, webStorageEnabled=false, networkConnectionEnabled=false, desired={app=/Users/sujina_s/Desktop/Sysco/June/June21/UOMQASQ.ipa, platformVersion=9.1, autoWebview=false, deviceName=Sysco-iPhone 6, platformName=iOS}, locationContextEnabled=false, warnings={}, takesScreenshot=true}]
	at org.openqa.selenium.remote.RemoteWebDriver.execute(RemoteWebDriver.java:665)
	at io.appium.java_client.DefaultGenericMobileDriver.execute(DefaultGenericMobileDriver.java:42)
	at io.appium.java_client.AppiumDriver.execute(AppiumDriver.java:189)
	at org.openqa.selenium.remote.RemoteWebDriver.quit(RemoteWebDriver.java:526)
	at zRfghY.t.c(WebDriverInstanceGenerator.java:131)
	at zRfghY.s.b(WebDriverFactory.java:45)
	... 23 more
Caused by: org.openqa.selenium.WebDriverException: org.apache.http.conn.HttpHostConnectException: Connect to 10.155.106.25:4723 [/10.155.106.25] failed: Connection refused
Build info: version: &apos;2.51.0&apos;, revision: &apos;1af067d&apos;, time: &apos;2016-02-05 19:15:17&apos;
System info: host: &apos;TVMATP310440M&apos;, ip: &apos;10.155.106.25&apos;, os.name: &apos;Mac OS X&apos;, os.arch: &apos;x86_64&apos;, os.version: &apos;10.11.4&apos;, java.version: &apos;1.7.0_71&apos;
Driver info: driver.version: RemoteWebDriver
	at io.appium.java_client.remote.AppiumCommandExecutor.execute(AppiumCommandExecutor.java:64)
	at org.openqa.selenium.remote.RemoteWebDriver.execute(RemoteWebDriver.java:644)
	... 28 more
Caused by: org.apache.http.conn.HttpHostConnectException: Connect to 10.155.106.25:4723 [/10.155.106.25] failed: Connection refused
	at org.apache.http.impl.conn.DefaultHttpClientConnectionOperator.connect(DefaultHttpClientConnectionOperator.java:151)
	at org.apache.http.impl.conn.PoolingHttpClientConnectionManager.connect(PoolingHttpClientConnectionManager.java:353)
	at org.apache.http.impl.execchain.MainClientExec.establishRoute(MainClientExec.java:380)
	at org.apache.http.impl.execchain.MainClientExec.execute(MainClientExec.java:236)
	at org.apache.http.impl.execchain.ProtocolExec.execute(ProtocolExec.java:184)
	at org.apache.http.impl.execchain.RetryExec.execute(RetryExec.java:88)
	at org.apache.http.impl.execchain.RedirectExec.execute(RedirectExec.java:110)
	at org.apache.http.impl.client.InternalHttpClient.doExecute(InternalHttpClient.java:184)
	at org.apache.http.impl.client.CloseableHttpClient.execute(CloseableHttpClient.java:71)
	at org.apache.http.impl.client.CloseableHttpClient.execute(CloseableHttpClient.java:55)
	at org.openqa.selenium.remote.internal.ApacheHttpClient.fallBackExecute(ApacheHttpClient.java:144)
	at org.openqa.selenium.remote.internal.ApacheHttpClient.execute(ApacheHttpClient.java:90)
	at org.openqa.selenium.remote.HttpCommandExecutor.execute(HttpCommandExecutor.java:142)
	at io.appium.java_client.remote.AppiumCommandExecutor.execute(AppiumCommandExecutor.java:52)
	... 29 more
Caused by: java.net.ConnectException: Connection refused
	at java.net.PlainSocketImpl.socketConnect(Native Method)
	at java.net.AbstractPlainSocketImpl.doConnect(AbstractPlainSocketImpl.java:339)
	at java.net.AbstractPlainSocketImpl.connectToAddress(AbstractPlainSocketImpl.java:200)
	at java.net.AbstractPlainSocketImpl.connect(AbstractPlainSocketImpl.java:182)
	at java.net.SocksSocketImpl.connect(SocksSocketImpl.java:392)
	at java.net.Socket.connect(Socket.java:579)
	at org.apache.http.conn.socket.PlainConnectionSocketFactory.connectSocket(PlainConnectionSocketFactory.java:74)
	at org.apache.http.impl.conn.DefaultHttpClientConnectionOperator.connect(DefaultHttpClientConnectionOperator.java:134)
	... 42 more
</pre></div></td>
<td>18</td>
<td>com.tests.WorkFlow@3fd4714d</td></tr>
</table><p>
</body>
</html>