<html>
<head>
<title>TestNG:  GRP-SI - WF 35 NU,SI - WF 36 NU</title>
<link href="../testng.css" rel="stylesheet" type="text/css" />
<link href="../my-testng.css" rel="stylesheet" type="text/css" />

<style type="text/css">
.log { display: none;} 
.stack-trace { display: none;} 
</style>
<script type="text/javascript">
<!--
function flip(e) {
  current = e.style.display;
  if (current == 'block') {
    e.style.display = 'none';
    return 0;
  }
  else {
    e.style.display = 'block';
    return 1;
  }
}

function toggleBox(szDivId, elem, msg1, msg2)
{
  var res = -1;  if (document.getElementById) {
    res = flip(document.getElementById(szDivId));
  }
  else if (document.all) {
    // this is the way old msie versions work
    res = flip(document.all[szDivId]);
  }
  if(elem) {
    if(res == 0) elem.innerHTML = msg1; else elem.innerHTML = msg2;
  }

}

function toggleAllBoxes() {
  if (document.getElementsByTagName) {
    d = document.getElementsByTagName('div');
    for (i = 0; i < d.length; i++) {
      if (d[i].className == 'log') {
        flip(d[i]);
      }
    }
  }
}

// -->
</script>

</head>
<body>
<h2 align='center'>GRP-SI - WF 35 NU,SI - WF 36 NU</h2><table border='1' align="center">
<tr>
<td>Tests passed/Failed/Skipped:</td><td>0/2/0</td>
</tr><tr>
<td>Started on:</td><td>Fri Jun 17 14:31:00 IST 2016</td>
</tr>
<tr><td>Total time:</td><td>210 seconds (210791 ms)</td>
</tr><tr>
<td>Included groups:</td><td>SI - WF 36 NU SI - WF 35 NU </td>
</tr><tr>
<td>Excluded groups:</td><td></td>
</tr>
</table><p/>
<small><i>(Hover the method name to see the test class name)</i></small><p/>
<table width='100%' border='1' class='invocation-failed'>
<tr><td colspan='4' align='center'><b>FAILED TESTS</b></td></tr>
<tr><td><b>Test method</b></td>
<td width="30%"><b>Exception</b></td>
<td width="10%"><b>Time (seconds)</b></td>
<td><b>Instance</b></td>
</tr>
<tr>
<td title='com.tests.WorkFlow.SI_WF35_CustomListSingleList_CustomCategoryOnLocationsPage_suggestedcategory_NU()'><b>SI_WF35_CustomListSingleList_CustomCategoryOnLocationsPage_suggestedcategory_NU</b><br>Test class: com.tests.WorkFlow<br>Test method: SI - WF 35-TC1-Custom List + Select single  List +Custom Categories as location+Suggested Cat<br/>
<a href="#Output-1092367450" onClick='toggleBox("Output-1092367450", this, "Show output", "Hide output");'>Show output</a>

<a href="#Output-1092367450" onClick="toggleAllBoxes();">Show all outputs</a>
<div class='log' id="Output-1092367450">
[14:31:19] : <b><FONT SIZE="2">Launched Sysco UOM</FONT></b><br><br/>
[14:31:19] : <b><FONT SIZE="2">Verify the Login Page</FONT></b><br><br/>
[14:31:22] : <b><FONT SIZE="2">Login page verification :Pass</FONT></b><br><br/>
[14:31:22] : <b><FONT SIZE="2">Save username verification :Pass</FONT></b><br><br/>
[14:31:22] : <b><FONT SIZE="2">Sign In</FONT></b><br><br/>
[14:31:42] : <b><FONT SIZE="2">Sign in :Pass</FONT></b><br><br/>
[14:31:42] : <b><FONT SIZE="2">Selecting 5 account from Accounts page</FONT></b><br><br/>
[14:31:43] : <b><FONT COLOR="GREEN"><FONT SIZE="2">Navigating to Setup inventory page :Pass</FONT></FONT></b><br><br/>
[14:31:43] : <b><FONT SIZE="2">Setup inventory page</FONT></b><br><br/>
[14:31:46] : <b><FONT COLOR="GREEN"><FONT SIZE="2">Tapped on skip :Pass</FONT></FONT></b><br><br/>
[14:31:46] : <b><FONT SIZE="2">Selecting custom list  </FONT></b><br><br/>
[14:31:46] : <b><FONT COLOR="GREEN"><FONT SIZE="2">Selected  custom list  from SetupInventoryImportItems:Pass</FONT></FONT></b><br><br/>
[14:31:46] : <b><FONT COLOR="GREEN"><FONT SIZE="2">Tapped on Continue :Pass</FONT></FONT></b><br><br/>
[14:31:46] : <b><FONT SIZE="2">Selecting list</FONT></b><br><br/>
[14:31:51] : <b><FONT COLOR="GREEN"><FONT SIZE="2">List is selected :Pass</FONT></FONT></b><br><br/>
[14:31:53] : <b><FONT SIZE="2">Selecting custom category from Locations page</FONT></b><br><br/>
[14:32:59] : <b><FONT COLOR="GREEN"><FONT SIZE="2">Custom category selected from locations page :Fail</FONT></FONT></b><br><br/>
<b><font color='RED'>ERROR	:- expected [true] but found [false]</font></b><br/>
</div>
</td>
<td><div><pre>java.lang.AssertionError: expected [true] but found [false]
	at org.testng.Assert.fail(Assert.java:94)
	at org.testng.Assert.failNotEquals(Assert.java:513)
	at org.testng.Assert.assertTrue(Assert.java:42)
	at org.testng.Assert.assertTrue(Assert.java:52)
	at com.components.pages.LocationsPage.CustomCategories(LocationsPage.java:2441)
	at com.tests.WorkFlow.SI_WF35_CustomListSingleList_CustomCategoryOnLocationsPage_suggestedcategory_NU(WorkFlow.java:2450)
	at sun.reflect.NativeMethodAccessorImpl.invoke0(Native Method)
	at sun.reflect.NativeMethodAccessorImpl.invoke(NativeMethodAccessorImpl.java:57)
	at sun.reflect.DelegatingMethodAccessorImpl.invoke(DelegatingMethodAccessorImpl.java:43)
	at java.lang.reflect.Method.invoke(Method.java:606)
	at org.testng.internal.MethodInvocationHelper.invokeMethod(MethodInvocationHelper.java:86)
	at org.testng.internal.Invoker.invokeMethod(Invoker.java:645)
	at org.testng.internal.Invoker.invokeTestMethod(Invoker.java:822)
	at org.testng.internal.Invoker.invokeTestMethods(Invoker.java:1130)
	at org.testng.internal.TestMethodWorker.invokeTestMethods(TestMethodWorker.java:129)
	at org.testng.internal.TestMethodWorker.run(TestMethodWorker.java:112)
	at org.testng.TestRunner.privateRun(TestRunner.java:782)
	at org.testng.TestRunner.run(TestRunner.java:632)
	at org.testng.SuiteRunner.runTest(SuiteRunner.java:366)
	at org.testng.SuiteRunner.runSequentially(SuiteRunner.java:361)
	at org.testng.SuiteRunner.privateRun(SuiteRunner.java:319)
	at org.testng.SuiteRunner.run(SuiteRunner.java:268)
	at org.testng.SuiteRunnerWorker.runSuite(SuiteRunnerWorker.java:52)
	at org.testng.SuiteRunnerWorker.run(SuiteRunnerWorker.java:86)
	at org.testng.TestNG.runSuitesSequentially(TestNG.java:1244)
	at org.testng.TestNG.runSuitesLocally(TestNG.java:1169)
	at org.testng.TestNG.run(TestNG.java:1064)
	at org.testng.remote.RemoteTestNG.run(RemoteTestNG.java:113)
	at org.testng.remote.RemoteTestNG.initAndRun(RemoteTestNG.java:206)
	at org.testng.remote.RemoteTestNG.main(RemoteTestNG.java:177)
</pre></div><a href='#' onClick='toggleBox("stack-trace1092367450", this, "Click to show all stack frames", "Click to hide stack frames")'>Click to show all stack frames</a>
<div class='stack-trace' id='stack-trace1092367450'><pre>java.lang.AssertionError: expected [true] but found [false]
	at org.testng.Assert.fail(Assert.java:94)
	at org.testng.Assert.failNotEquals(Assert.java:513)
	at org.testng.Assert.assertTrue(Assert.java:42)
	at org.testng.Assert.assertTrue(Assert.java:52)
	at com.components.pages.LocationsPage.CustomCategories(LocationsPage.java:2441)
	at com.tests.WorkFlow.SI_WF35_CustomListSingleList_CustomCategoryOnLocationsPage_suggestedcategory_NU(WorkFlow.java:2450)
	at sun.reflect.NativeMethodAccessorImpl.invoke0(Native Method)
	at sun.reflect.NativeMethodAccessorImpl.invoke(NativeMethodAccessorImpl.java:57)
	at sun.reflect.DelegatingMethodAccessorImpl.invoke(DelegatingMethodAccessorImpl.java:43)
	at java.lang.reflect.Method.invoke(Method.java:606)
	at org.testng.internal.MethodInvocationHelper.invokeMethod(MethodInvocationHelper.java:86)
	at org.testng.internal.Invoker.invokeMethod(Invoker.java:645)
	at org.testng.internal.Invoker.invokeTestMethod(Invoker.java:822)
	at org.testng.internal.Invoker.invokeTestMethods(Invoker.java:1130)
	at org.testng.internal.TestMethodWorker.invokeTestMethods(TestMethodWorker.java:129)
	at org.testng.internal.TestMethodWorker.run(TestMethodWorker.java:112)
	at org.testng.TestRunner.privateRun(TestRunner.java:782)
	at org.testng.TestRunner.run(TestRunner.java:632)
	at org.testng.SuiteRunner.runTest(SuiteRunner.java:366)
	at org.testng.SuiteRunner.runSequentially(SuiteRunner.java:361)
	at org.testng.SuiteRunner.privateRun(SuiteRunner.java:319)
	at org.testng.SuiteRunner.run(SuiteRunner.java:268)
	at org.testng.SuiteRunnerWorker.runSuite(SuiteRunnerWorker.java:52)
	at org.testng.SuiteRunnerWorker.run(SuiteRunnerWorker.java:86)
	at org.testng.TestNG.runSuitesSequentially(TestNG.java:1244)
	at org.testng.TestNG.runSuitesLocally(TestNG.java:1169)
	at org.testng.TestNG.run(TestNG.java:1064)
	at org.testng.remote.RemoteTestNG.run(RemoteTestNG.java:113)
	at org.testng.remote.RemoteTestNG.initAndRun(RemoteTestNG.java:206)
	at org.testng.remote.RemoteTestNG.main(RemoteTestNG.java:177)
</pre></div></td>
<td>118</td>
<td>com.tests.WorkFlow@712fe0c0</td></tr>
<tr>
<td title='com.tests.WorkFlow.SI_WF36_CustomList_MultipleList_ListNames_SuggestedCat_NU()'><b>SI_WF36_CustomList_MultipleList_ListNames_SuggestedCat_NU</b><br>Test class: com.tests.WorkFlow<br>Test method: SI - WF 36-TC1-Custom List + Select Multiple List +List Names+Suggested Cat for Normal user<br/>
<a href="#Output-1636596153" onClick='toggleBox("Output-1636596153", this, "Show output", "Hide output");'>Show output</a>

<a href="#Output-1636596153" onClick="toggleAllBoxes();">Show all outputs</a>
<div class='log' id="Output-1636596153">
[14:33:18] : <b><FONT SIZE="2">Launched Sysco UOM</FONT></b><br><br/>
[14:33:18] : <b><FONT SIZE="2">Verify the Login Page</FONT></b><br><br/>
[14:33:21] : <b><FONT SIZE="2">Login page verification :Pass</FONT></b><br><br/>
[14:33:21] : <b><FONT SIZE="2">Save username verification :Pass</FONT></b><br><br/>
[14:33:21] : <b><FONT SIZE="2">Sign In</FONT></b><br><br/>
[14:33:34] : <b><FONT SIZE="2">Sign in :Pass</FONT></b><br><br/>
[14:33:34] : <b><FONT SIZE="2">Selecting 1st account from Accounts page</FONT></b><br><br/>
[14:33:34] : <b><FONT COLOR="GREEN"><FONT SIZE="2">Navigating to Setup inventory page :Pass</FONT></FONT></b><br><br/>
[14:33:34] : <b><FONT SIZE="2">Setup inventory page</FONT></b><br><br/>
[14:33:37] : <b><FONT COLOR="GREEN"><FONT SIZE="2">Tapped on skip :Pass</FONT></FONT></b><br><br/>
[14:33:37] : <b><FONT SIZE="2">Selecting custom list  </FONT></b><br><br/>
[14:33:37] : <b><FONT COLOR="GREEN"><FONT SIZE="2">Selected  custom list  from SetupInventoryImportItems:Pass</FONT></FONT></b><br><br/>
[14:33:37] : <b><FONT COLOR="GREEN"><FONT SIZE="2">Tapped on Continue :Pass</FONT></FONT></b><br><br/>
[14:33:37] : <b><FONT SIZE="2">Selecting list</FONT></b><br><br/>
[14:33:42] : <b><FONT COLOR="GREEN"><FONT SIZE="2">List is selected :Pass</FONT></FONT></b><br><br/>
[14:33:42] : <b><FONT SIZE="2">Selecting list</FONT></b><br><br/>
[14:33:47] : <b><FONT COLOR="GREEN"><FONT SIZE="2">List is selected :Pass</FONT></FONT></b><br><br/>
[14:33:49] : <b><FONT SIZE="2">Selecting custom category from Locations page</FONT></b><br><br/>
[14:33:49] : <b><FONT COLOR="GREEN"><FONT SIZE="2">List Names selected from locations page :Pass</FONT></FONT></b><br><br/>
[14:33:49] : <b><FONT COLOR="GREEN"><FONT SIZE="2">Tapped on Continue :Pass</FONT></FONT></b><br><br/>
[14:33:49] : <b><FONT SIZE="2">Selecting suggested category from Food cost page</FONT></b><br><br/>
[14:33:56] : <b><FONT COLOR="GREEN"><FONT SIZE="2">Suggested Category selected :Pass</FONT></FONT></b><br><br/>
[14:33:56] : <b><FONT COLOR="GREEN"><FONT SIZE="2">Tapped on Continue :Pass</FONT></FONT></b><br><br/>
[14:34:05] : <b><FONT COLOR="GREEN"><FONT SIZE="2">Tapped on TakeHome :Pass</FONT></FONT></b><br><br/>
[14:34:05] : <b><FONT SIZE="2">Selecting TrackInventory from inventory tools page </FONT></b><br><br/>
[14:34:11] : <b><FONT COLOR="GREEN"><FONT SIZE="2">Tapped  TrackInventory from inventory tools page:Pass</FONT></FONT></b><br><br/>
[14:34:11] : <b><FONT SIZE="2">Selecting location</FONT></b><br><br/>
[14:34:12] : <b><FONT COLOR="GREEN"><FONT SIZE="2">Location is selected for item :Pass</FONT></FONT></b><br><br/>
[14:34:12] : <b><FONT SIZE="2">locationItem verify </FONT></b><br><br/>
[14:34:12] : <b><FONT COLOR="GREEN"><FONT SIZE="2">Item verification done :Pass</FONT></FONT></b><br><br/>
[14:34:21] : <b><FONT COLOR="GREEN"><FONT SIZE="2">Tapped on done:Pass</FONT></FONT></b><br><br/>
[14:34:23] : <b><FONT SIZE="2">Selecting location</FONT></b><br><br/>
[14:34:25] : <b><FONT COLOR="GREEN"><FONT SIZE="2">Location is selected for item :Pass</FONT></FONT></b><br><br/>
[14:34:25] : <b><FONT SIZE="2">locationItem verify </FONT></b><br><br/>
[14:34:26] : <b><FONT COLOR="GREEN"><FONT SIZE="2">Item verification done :Pass</FONT></FONT></b><br><br/>
[14:34:26] : <b><FONT COLOR="GREEN"><FONT SIZE="2">Suggested Category is verified for item :Pass</FONT></FONT></b><br><br/>
[14:34:26] : <b><FONT SIZE="2">Selecting an item from location </FONT></b><br><br/>
<b><font color='RED'>ERROR	:- io.appium.java_client.ios.IOSDriver cannot be cast to io.appium.java_client.android.AndroidDriver</font></b><br/>
</div>
</td>
<td><div><pre>java.lang.ClassCastException: io.appium.java_client.ios.IOSDriver cannot be cast to io.appium.java_client.android.AndroidDriver
	at com.components.pages.LocationsPage.SyscoProductSelect(LocationsPage.java:3171)
	at com.tests.WorkFlow.SI_WF36_CustomList_MultipleList_ListNames_SuggestedCat_NU(WorkFlow.java:2529)
	at sun.reflect.NativeMethodAccessorImpl.invoke0(Native Method)
	at sun.reflect.NativeMethodAccessorImpl.invoke(NativeMethodAccessorImpl.java:57)
	at sun.reflect.DelegatingMethodAccessorImpl.invoke(DelegatingMethodAccessorImpl.java:43)
	at java.lang.reflect.Method.invoke(Method.java:606)
	at org.testng.internal.MethodInvocationHelper.invokeMethod(MethodInvocationHelper.java:86)
	at org.testng.internal.Invoker.invokeMethod(Invoker.java:645)
	at org.testng.internal.Invoker.invokeTestMethod(Invoker.java:822)
	at org.testng.internal.Invoker.invokeTestMethods(Invoker.java:1130)
	at org.testng.internal.TestMethodWorker.invokeTestMethods(TestMethodWorker.java:129)
	at org.testng.internal.TestMethodWorker.run(TestMethodWorker.java:112)
	at org.testng.TestRunner.privateRun(TestRunner.java:782)
	at org.testng.TestRunner.run(TestRunner.java:632)
	at org.testng.SuiteRunner.runTest(SuiteRunner.java:366)
	at org.testng.SuiteRunner.runSequentially(SuiteRunner.java:361)
	at org.testng.SuiteRunner.privateRun(SuiteRunner.java:319)
	at org.testng.SuiteRunner.run(SuiteRunner.java:268)
	at org.testng.SuiteRunnerWorker.runSuite(SuiteRunnerWorker.java:52)
	at org.testng.SuiteRunnerWorker.run(SuiteRunnerWorker.java:86)
	at org.testng.TestNG.runSuitesSequentially(TestNG.java:1244)
	at org.testng.TestNG.runSuitesLocally(TestNG.java:1169)
	at org.testng.TestNG.run(TestNG.java:1064)
	at org.testng.remote.RemoteTestNG.run(RemoteTestNG.java:113)
	at org.testng.remote.RemoteTestNG.initAndRun(RemoteTestNG.java:206)
	at org.testng.remote.RemoteTestNG.main(RemoteTestNG.java:177)
</pre></div><a href='#' onClick='toggleBox("stack-trace1636596153", this, "Click to show all stack frames", "Click to hide stack frames")'>Click to show all stack frames</a>
<div class='stack-trace' id='stack-trace1636596153'><pre>java.lang.ClassCastException: io.appium.java_client.ios.IOSDriver cannot be cast to io.appium.java_client.android.AndroidDriver
	at com.components.pages.LocationsPage.SyscoProductSelect(LocationsPage.java:3171)
	at com.tests.WorkFlow.SI_WF36_CustomList_MultipleList_ListNames_SuggestedCat_NU(WorkFlow.java:2529)
	at sun.reflect.NativeMethodAccessorImpl.invoke0(Native Method)
	at sun.reflect.NativeMethodAccessorImpl.invoke(NativeMethodAccessorImpl.java:57)
	at sun.reflect.DelegatingMethodAccessorImpl.invoke(DelegatingMethodAccessorImpl.java:43)
	at java.lang.reflect.Method.invoke(Method.java:606)
	at org.testng.internal.MethodInvocationHelper.invokeMethod(MethodInvocationHelper.java:86)
	at org.testng.internal.Invoker.invokeMethod(Invoker.java:645)
	at org.testng.internal.Invoker.invokeTestMethod(Invoker.java:822)
	at org.testng.internal.Invoker.invokeTestMethods(Invoker.java:1130)
	at org.testng.internal.TestMethodWorker.invokeTestMethods(TestMethodWorker.java:129)
	at org.testng.internal.TestMethodWorker.run(TestMethodWorker.java:112)
	at org.testng.TestRunner.privateRun(TestRunner.java:782)
	at org.testng.TestRunner.run(TestRunner.java:632)
	at org.testng.SuiteRunner.runTest(SuiteRunner.java:366)
	at org.testng.SuiteRunner.runSequentially(SuiteRunner.java:361)
	at org.testng.SuiteRunner.privateRun(SuiteRunner.java:319)
	at org.testng.SuiteRunner.run(SuiteRunner.java:268)
	at org.testng.SuiteRunnerWorker.runSuite(SuiteRunnerWorker.java:52)
	at org.testng.SuiteRunnerWorker.run(SuiteRunnerWorker.java:86)
	at org.testng.TestNG.runSuitesSequentially(TestNG.java:1244)
	at org.testng.TestNG.runSuitesLocally(TestNG.java:1169)
	at org.testng.TestNG.run(TestNG.java:1064)
	at org.testng.remote.RemoteTestNG.run(RemoteTestNG.java:113)
	at org.testng.remote.RemoteTestNG.initAndRun(RemoteTestNG.java:206)
	at org.testng.remote.RemoteTestNG.main(RemoteTestNG.java:177)
</pre></div></td>
<td>82</td>
<td>com.tests.WorkFlow@712fe0c0</td></tr>
</table><p>
</body>
</html>