<html>
<head>
<title>TestNG:  GRP-SI-WF1,SI-WF19,SI-WF20</title>
<link href="../testng.css" rel="stylesheet" type="text/css" />
<link href="../my-testng.css" rel="stylesheet" type="text/css" />

<style type="text/css">
.log { display: none;} 
.stack-trace { display: none;} 
</style>
<script type="text/javascript">
<!--
function flip(e) {
  current = e.style.display;
  if (current == 'block') {
    e.style.display = 'none';
    return 0;
  }
  else {
    e.style.display = 'block';
    return 1;
  }
}

function toggleBox(szDivId, elem, msg1, msg2)
{
  var res = -1;  if (document.getElementById) {
    res = flip(document.getElementById(szDivId));
  }
  else if (document.all) {
    // this is the way old msie versions work
    res = flip(document.all[szDivId]);
  }
  if(elem) {
    if(res == 0) elem.innerHTML = msg1; else elem.innerHTML = msg2;
  }

}

function toggleAllBoxes() {
  if (document.getElementsByTagName) {
    d = document.getElementsByTagName('div');
    for (i = 0; i < d.length; i++) {
      if (d[i].className == 'log') {
        flip(d[i]);
      }
    }
  }
}

// -->
</script>

</head>
<body>
<h2 align='center'>GRP-SI-WF1,SI-WF19,SI-WF20</h2><table border='1' align="center">
<tr>
<td>Tests passed/Failed/Skipped:</td><td>0/0/0</td>
</tr><tr>
<td>Started on:</td><td>Mon Jun 27 10:24:04 IST 2016</td>
</tr>
<tr><td>Total time:</td><td>17 seconds (17736 ms)</td>
</tr><tr>
<td>Included groups:</td><td>SI-WF1 SI-WF19 SI-WF20 </td>
</tr><tr>
<td>Excluded groups:</td><td></td>
</tr>
</table><p/>
<small><i>(Hover the method name to see the test class name)</i></small><p/>
<table width='100%' border='1' class='invocation-failed'>
<tr><td colspan='4' align='center'><b>FAILED TESTS</b></td></tr>
<tr><td><b>Test method</b></td>
<td width="30%"><b>Exception</b></td>
<td width="10%"><b>Time (seconds)</b></td>
<td><b>Instance</b></td>
</tr>
<tr>
<td title='com.tests.WorkFlow.SI_WF19_CustomList_defaultLoc_defaultcategory()'><b>SI_WF19_CustomList_defaultLoc_defaultcategory</b><br>Test class: com.tests.WorkFlow<br>Test method: SI-WF19-Custom List + default Loc + default Category <br/>
<a href="#Output-302977067" onClick='toggleBox("Output-302977067", this, "Show output", "Hide output");'>Show output</a>

<a href="#Output-302977067" onClick="toggleAllBoxes();">Show all outputs</a>
<div class='log' id="Output-302977067">
<b><font color='RED'>ERROR	:- An unknown server-side error occurred while processing the command. Original error: ENOENT: no such file or directory, open '/var/folders/9l/ll_xv39s7zq5vglnpbv4tf5c0000gp/T/2016527-9379-1shgfaa/appium-app.zip' (WARNING: The server did not provide any stacktrace information)
Command duration or timeout: 11.59 seconds
Build info: version: '2.51.0', revision: '1af067d', time: '2016-02-05 19:15:17'
System info: host: 'tvmatp312483m.ad.infosys.com', ip: '10.155.162.74', os.name: 'Mac OS X', os.arch: 'x86_64', os.version: '10.11.4', java.version: '1.8.0_40'
Driver info: io.appium.java_client.android.AndroidDriver</font></b><br/>
</div>
</td>
<td><div><pre>org.openqa.selenium.WebDriverException: An unknown server-side error occurred while processing the command. Original error: ENOENT: no such file or directory, open &apos;/var/folders/9l/ll_xv39s7zq5vglnpbv4tf5c0000gp/T/2016527-9379-1shgfaa/appium-app.zip&apos; (WARNING: The server did not provide any stacktrace information)
Command duration or timeout: 11.59 seconds
Build info: version: &apos;2.51.0&apos;, revision: &apos;1af067d&apos;, time: &apos;2016-02-05 19:15:17&apos;
System info: host: &apos;tvmatp312483m.ad.infosys.com&apos;, ip: &apos;10.155.162.74&apos;, os.name: &apos;Mac OS X&apos;, os.arch: &apos;x86_64&apos;, os.version: &apos;10.11.4&apos;, java.version: &apos;1.8.0_40&apos;
Driver info: io.appium.java_client.android.AndroidDriver
	at sun.reflect.NativeConstructorAccessorImpl.newInstance0(Native Method)
	at sun.reflect.NativeConstructorAccessorImpl.newInstance(NativeConstructorAccessorImpl.java:62)
	at sun.reflect.DelegatingConstructorAccessorImpl.newInstance(DelegatingConstructorAccessorImpl.java:45)
	at java.lang.reflect.Constructor.newInstance(Constructor.java:422)
	at org.openqa.selenium.remote.ErrorHandler.createThrowable(ErrorHandler.java:206)
	at org.openqa.selenium.remote.ErrorHandler.throwIfResponseFailed(ErrorHandler.java:158)
	at org.openqa.selenium.remote.RemoteWebDriver.execute(RemoteWebDriver.java:678)
	at io.appium.java_client.DefaultGenericMobileDriver.execute(DefaultGenericMobileDriver.java:42)
	at io.appium.java_client.AppiumDriver.execute(AppiumDriver.java:1)
	at io.appium.java_client.android.AndroidDriver.execute(AndroidDriver.java:1)
	at org.openqa.selenium.remote.RemoteWebDriver.startSession(RemoteWebDriver.java:249)
	at org.openqa.selenium.remote.RemoteWebDriver.&lt;init&gt;(RemoteWebDriver.java:131)
	at org.openqa.selenium.remote.RemoteWebDriver.&lt;init&gt;(RemoteWebDriver.java:144)
	at io.appium.java_client.DefaultGenericMobileDriver.&lt;init&gt;(DefaultGenericMobileDriver.java:37)
	at io.appium.java_client.AppiumDriver.&lt;init&gt;(AppiumDriver.java:160)
	at io.appium.java_client.AppiumDriver.&lt;init&gt;(AppiumDriver.java:168)
	at io.appium.java_client.android.AndroidDriver.&lt;init&gt;(AndroidDriver.java:69)
	at zRfghY.t.b(WebDriverInstanceGenerator.java:84)
	at zRfghY.s.a(WebDriverFactory.java:36)
	at zRfghY.p.&lt;init&gt;(ThreadFactory.java:101)
	at zRfghY.p$1.c(ThreadFactory.java:97)
	at zRfghY.p$1.initialValue(ThreadFactory.java:95)
	at java.lang.ThreadLocal.setInitialValue(ThreadLocal.java:180)
	at java.lang.ThreadLocal.get(ThreadLocal.java:170)
	at zRfghY.p.b(ThreadFactory.java:165)
	at com.iwaf.framework.testng.TestNGTestListener.onTestStart(TestNGTestListener.java:349)
	at org.testng.internal.Invoker.runTestListeners(Invoker.java:1670)
	at org.testng.internal.Invoker.runTestListeners(Invoker.java:1645)
	at org.testng.internal.Invoker.invokeMethod(Invoker.java:621)
	at org.testng.internal.Invoker.invokeTestMethod(Invoker.java:823)
	at org.testng.internal.Invoker.invokeTestMethods(Invoker.java:1131)
	at org.testng.internal.TestMethodWorker.invokeTestMethods(TestMethodWorker.java:129)
	at org.testng.internal.TestMethodWorker.run(TestMethodWorker.java:112)
	at org.testng.TestRunner.privateRun(TestRunner.java:778)
	at org.testng.TestRunner.run(TestRunner.java:632)
	at org.testng.SuiteRunner.runTest(SuiteRunner.java:366)
	at org.testng.SuiteRunner.runSequentially(SuiteRunner.java:361)
	at org.testng.SuiteRunner.privateRun(SuiteRunner.java:319)
	at org.testng.SuiteRunner.run(SuiteRunner.java:268)
	at org.testng.SuiteRunnerWorker.runSuite(SuiteRunnerWorker.java:52)
	at org.testng.SuiteRunnerWorker.run(SuiteRunnerWorker.java:86)
	at org.testng.TestNG.runSuitesSequentially(TestNG.java:1225)
	at org.testng.TestNG.runSuitesLocally(TestNG.java:1150)
	at org.testng.TestNG.runSuites(TestNG.java:1075)
	at org.testng.TestNG.run(TestNG.java:1047)
	at org.testng.remote.AbstractRemoteTestNG.run(AbstractRemoteTestNG.java:126)
	at org.testng.remote.RemoteTestNG.initAndRun(RemoteTestNG.java:137)
	at org.testng.remote.RemoteTestNG.main(RemoteTestNG.java:58)
</pre></div><a href='#' onClick='toggleBox("stack-trace302977067", this, "Click to show all stack frames", "Click to hide stack frames")'>Click to show all stack frames</a>
<div class='stack-trace' id='stack-trace302977067'><pre>org.openqa.selenium.WebDriverException: An unknown server-side error occurred while processing the command. Original error: ENOENT: no such file or directory, open &apos;/var/folders/9l/ll_xv39s7zq5vglnpbv4tf5c0000gp/T/2016527-9379-1shgfaa/appium-app.zip&apos; (WARNING: The server did not provide any stacktrace information)
Command duration or timeout: 11.59 seconds
Build info: version: &apos;2.51.0&apos;, revision: &apos;1af067d&apos;, time: &apos;2016-02-05 19:15:17&apos;
System info: host: &apos;tvmatp312483m.ad.infosys.com&apos;, ip: &apos;10.155.162.74&apos;, os.name: &apos;Mac OS X&apos;, os.arch: &apos;x86_64&apos;, os.version: &apos;10.11.4&apos;, java.version: &apos;1.8.0_40&apos;
Driver info: io.appium.java_client.android.AndroidDriver
	at sun.reflect.NativeConstructorAccessorImpl.newInstance0(Native Method)
	at sun.reflect.NativeConstructorAccessorImpl.newInstance(NativeConstructorAccessorImpl.java:62)
	at sun.reflect.DelegatingConstructorAccessorImpl.newInstance(DelegatingConstructorAccessorImpl.java:45)
	at java.lang.reflect.Constructor.newInstance(Constructor.java:422)
	at org.openqa.selenium.remote.ErrorHandler.createThrowable(ErrorHandler.java:206)
	at org.openqa.selenium.remote.ErrorHandler.throwIfResponseFailed(ErrorHandler.java:158)
	at org.openqa.selenium.remote.RemoteWebDriver.execute(RemoteWebDriver.java:678)
	at io.appium.java_client.DefaultGenericMobileDriver.execute(DefaultGenericMobileDriver.java:42)
	at io.appium.java_client.AppiumDriver.execute(AppiumDriver.java:1)
	at io.appium.java_client.android.AndroidDriver.execute(AndroidDriver.java:1)
	at org.openqa.selenium.remote.RemoteWebDriver.startSession(RemoteWebDriver.java:249)
	at org.openqa.selenium.remote.RemoteWebDriver.&lt;init&gt;(RemoteWebDriver.java:131)
	at org.openqa.selenium.remote.RemoteWebDriver.&lt;init&gt;(RemoteWebDriver.java:144)
	at io.appium.java_client.DefaultGenericMobileDriver.&lt;init&gt;(DefaultGenericMobileDriver.java:37)
	at io.appium.java_client.AppiumDriver.&lt;init&gt;(AppiumDriver.java:160)
	at io.appium.java_client.AppiumDriver.&lt;init&gt;(AppiumDriver.java:168)
	at io.appium.java_client.android.AndroidDriver.&lt;init&gt;(AndroidDriver.java:69)
	at zRfghY.t.b(WebDriverInstanceGenerator.java:84)
	at zRfghY.s.a(WebDriverFactory.java:36)
	at zRfghY.p.&lt;init&gt;(ThreadFactory.java:101)
	at zRfghY.p$1.c(ThreadFactory.java:97)
	at zRfghY.p$1.initialValue(ThreadFactory.java:95)
	at java.lang.ThreadLocal.setInitialValue(ThreadLocal.java:180)
	at java.lang.ThreadLocal.get(ThreadLocal.java:170)
	at zRfghY.p.b(ThreadFactory.java:165)
	at com.iwaf.framework.testng.TestNGTestListener.onTestStart(TestNGTestListener.java:349)
	at org.testng.internal.Invoker.runTestListeners(Invoker.java:1670)
	at org.testng.internal.Invoker.runTestListeners(Invoker.java:1645)
	at org.testng.internal.Invoker.invokeMethod(Invoker.java:621)
	at org.testng.internal.Invoker.invokeTestMethod(Invoker.java:823)
	at org.testng.internal.Invoker.invokeTestMethods(Invoker.java:1131)
	at org.testng.internal.TestMethodWorker.invokeTestMethods(TestMethodWorker.java:129)
	at org.testng.internal.TestMethodWorker.run(TestMethodWorker.java:112)
	at org.testng.TestRunner.privateRun(TestRunner.java:778)
	at org.testng.TestRunner.run(TestRunner.java:632)
	at org.testng.SuiteRunner.runTest(SuiteRunner.java:366)
	at org.testng.SuiteRunner.runSequentially(SuiteRunner.java:361)
	at org.testng.SuiteRunner.privateRun(SuiteRunner.java:319)
	at org.testng.SuiteRunner.run(SuiteRunner.java:268)
	at org.testng.SuiteRunnerWorker.runSuite(SuiteRunnerWorker.java:52)
	at org.testng.SuiteRunnerWorker.run(SuiteRunnerWorker.java:86)
	at org.testng.TestNG.runSuitesSequentially(TestNG.java:1225)
	at org.testng.TestNG.runSuitesLocally(TestNG.java:1150)
	at org.testng.TestNG.runSuites(TestNG.java:1075)
	at org.testng.TestNG.run(TestNG.java:1047)
	at org.testng.remote.AbstractRemoteTestNG.run(AbstractRemoteTestNG.java:126)
	at org.testng.remote.RemoteTestNG.initAndRun(RemoteTestNG.java:137)
	at org.testng.remote.RemoteTestNG.main(RemoteTestNG.java:58)
</pre></div></td>
<td>15</td>
<td>com.tests.WorkFlow@7cd62f43</td></tr>
<tr>
<td title='com.tests.WorkFlow.SI_WF19_CustomList_defaultLoc_defaultcategory()'><b>SI_WF19_CustomList_defaultLoc_defaultcategory</b><br>Test class: com.tests.WorkFlow<br>Test method: SI-WF19-Custom List + default Loc + default Category <br/>
<a href="#Output-1373419525" onClick='toggleBox("Output-1373419525", this, "Show output", "Hide output");'>Show output</a>

<a href="#Output-1373419525" onClick="toggleAllBoxes();">Show all outputs</a>
<div class='log' id="Output-1373419525">
<b><font color='RED'>ERROR	:- An unknown server-side error occurred while processing the command. Original error: App zip unzipped OK, but we could not find a .apk bundle in it. Make sure your archive contains the .apk package and nothing else (WARNING: The server did not provide any stacktrace information)
Command duration or timeout: 1.62 seconds
Build info: version: '2.51.0', revision: '1af067d', time: '2016-02-05 19:15:17'
System info: host: 'tvmatp312483m.ad.infosys.com', ip: '10.155.162.74', os.name: 'Mac OS X', os.arch: 'x86_64', os.version: '10.11.4', java.version: '1.8.0_40'
Driver info: io.appium.java_client.android.AndroidDriver</font></b><br/>
</div>
</td>
<td><div><pre>org.openqa.selenium.WebDriverException: An unknown server-side error occurred while processing the command. Original error: App zip unzipped OK, but we could not find a .apk bundle in it. Make sure your archive contains the .apk package and nothing else (WARNING: The server did not provide any stacktrace information)
Command duration or timeout: 1.62 seconds
Build info: version: &apos;2.51.0&apos;, revision: &apos;1af067d&apos;, time: &apos;2016-02-05 19:15:17&apos;
System info: host: &apos;tvmatp312483m.ad.infosys.com&apos;, ip: &apos;10.155.162.74&apos;, os.name: &apos;Mac OS X&apos;, os.arch: &apos;x86_64&apos;, os.version: &apos;10.11.4&apos;, java.version: &apos;1.8.0_40&apos;
Driver info: io.appium.java_client.android.AndroidDriver
	at sun.reflect.NativeConstructorAccessorImpl.newInstance0(Native Method)
	at sun.reflect.NativeConstructorAccessorImpl.newInstance(NativeConstructorAccessorImpl.java:62)
	at sun.reflect.DelegatingConstructorAccessorImpl.newInstance(DelegatingConstructorAccessorImpl.java:45)
	at java.lang.reflect.Constructor.newInstance(Constructor.java:422)
	at org.openqa.selenium.remote.ErrorHandler.createThrowable(ErrorHandler.java:206)
	at org.openqa.selenium.remote.ErrorHandler.throwIfResponseFailed(ErrorHandler.java:158)
	at org.openqa.selenium.remote.RemoteWebDriver.execute(RemoteWebDriver.java:678)
	at io.appium.java_client.DefaultGenericMobileDriver.execute(DefaultGenericMobileDriver.java:42)
	at io.appium.java_client.AppiumDriver.execute(AppiumDriver.java:1)
	at io.appium.java_client.android.AndroidDriver.execute(AndroidDriver.java:1)
	at org.openqa.selenium.remote.RemoteWebDriver.startSession(RemoteWebDriver.java:249)
	at org.openqa.selenium.remote.RemoteWebDriver.&lt;init&gt;(RemoteWebDriver.java:131)
	at org.openqa.selenium.remote.RemoteWebDriver.&lt;init&gt;(RemoteWebDriver.java:144)
	at io.appium.java_client.DefaultGenericMobileDriver.&lt;init&gt;(DefaultGenericMobileDriver.java:37)
	at io.appium.java_client.AppiumDriver.&lt;init&gt;(AppiumDriver.java:160)
	at io.appium.java_client.AppiumDriver.&lt;init&gt;(AppiumDriver.java:168)
	at io.appium.java_client.android.AndroidDriver.&lt;init&gt;(AndroidDriver.java:69)
	at zRfghY.t.b(WebDriverInstanceGenerator.java:84)
	at zRfghY.s.a(WebDriverFactory.java:36)
	at zRfghY.p.&lt;init&gt;(ThreadFactory.java:101)
	at zRfghY.p$1.c(ThreadFactory.java:97)
	at zRfghY.p$1.initialValue(ThreadFactory.java:95)
	at java.lang.ThreadLocal.setInitialValue(ThreadLocal.java:180)
	at java.lang.ThreadLocal.get(ThreadLocal.java:170)
	at zRfghY.p.b(ThreadFactory.java:165)
	at com.iwaf.framework.testng.TestNGTestListener.onTestFailure(TestNGTestListener.java:254)
	at org.testng.internal.Invoker.runTestListeners(Invoker.java:1661)
	at org.testng.internal.Invoker.runTestListeners(Invoker.java:1645)
	at org.testng.internal.Invoker.invokeMethod(Invoker.java:703)
	at org.testng.internal.Invoker.invokeTestMethod(Invoker.java:823)
	at org.testng.internal.Invoker.invokeTestMethods(Invoker.java:1131)
	at org.testng.internal.TestMethodWorker.invokeTestMethods(TestMethodWorker.java:129)
	at org.testng.internal.TestMethodWorker.run(TestMethodWorker.java:112)
	at org.testng.TestRunner.privateRun(TestRunner.java:778)
	at org.testng.TestRunner.run(TestRunner.java:632)
	at org.testng.SuiteRunner.runTest(SuiteRunner.java:366)
	at org.testng.SuiteRunner.runSequentially(SuiteRunner.java:361)
	at org.testng.SuiteRunner.privateRun(SuiteRunner.java:319)
	at org.testng.SuiteRunner.run(SuiteRunner.java:268)
	at org.testng.SuiteRunnerWorker.runSuite(SuiteRunnerWorker.java:52)
	at org.testng.SuiteRunnerWorker.run(SuiteRunnerWorker.java:86)
	at org.testng.TestNG.runSuitesSequentially(TestNG.java:1225)
	at org.testng.TestNG.runSuitesLocally(TestNG.java:1150)
	at org.testng.TestNG.runSuites(TestNG.java:1075)
	at org.testng.TestNG.run(TestNG.java:1047)
	at org.testng.remote.AbstractRemoteTestNG.run(AbstractRemoteTestNG.java:126)
	at org.testng.remote.RemoteTestNG.initAndRun(RemoteTestNG.java:137)
	at org.testng.remote.RemoteTestNG.main(RemoteTestNG.java:58)
</pre></div><a href='#' onClick='toggleBox("stack-trace1373419525", this, "Click to show all stack frames", "Click to hide stack frames")'>Click to show all stack frames</a>
<div class='stack-trace' id='stack-trace1373419525'><pre>org.openqa.selenium.WebDriverException: An unknown server-side error occurred while processing the command. Original error: App zip unzipped OK, but we could not find a .apk bundle in it. Make sure your archive contains the .apk package and nothing else (WARNING: The server did not provide any stacktrace information)
Command duration or timeout: 1.62 seconds
Build info: version: &apos;2.51.0&apos;, revision: &apos;1af067d&apos;, time: &apos;2016-02-05 19:15:17&apos;
System info: host: &apos;tvmatp312483m.ad.infosys.com&apos;, ip: &apos;10.155.162.74&apos;, os.name: &apos;Mac OS X&apos;, os.arch: &apos;x86_64&apos;, os.version: &apos;10.11.4&apos;, java.version: &apos;1.8.0_40&apos;
Driver info: io.appium.java_client.android.AndroidDriver
	at sun.reflect.NativeConstructorAccessorImpl.newInstance0(Native Method)
	at sun.reflect.NativeConstructorAccessorImpl.newInstance(NativeConstructorAccessorImpl.java:62)
	at sun.reflect.DelegatingConstructorAccessorImpl.newInstance(DelegatingConstructorAccessorImpl.java:45)
	at java.lang.reflect.Constructor.newInstance(Constructor.java:422)
	at org.openqa.selenium.remote.ErrorHandler.createThrowable(ErrorHandler.java:206)
	at org.openqa.selenium.remote.ErrorHandler.throwIfResponseFailed(ErrorHandler.java:158)
	at org.openqa.selenium.remote.RemoteWebDriver.execute(RemoteWebDriver.java:678)
	at io.appium.java_client.DefaultGenericMobileDriver.execute(DefaultGenericMobileDriver.java:42)
	at io.appium.java_client.AppiumDriver.execute(AppiumDriver.java:1)
	at io.appium.java_client.android.AndroidDriver.execute(AndroidDriver.java:1)
	at org.openqa.selenium.remote.RemoteWebDriver.startSession(RemoteWebDriver.java:249)
	at org.openqa.selenium.remote.RemoteWebDriver.&lt;init&gt;(RemoteWebDriver.java:131)
	at org.openqa.selenium.remote.RemoteWebDriver.&lt;init&gt;(RemoteWebDriver.java:144)
	at io.appium.java_client.DefaultGenericMobileDriver.&lt;init&gt;(DefaultGenericMobileDriver.java:37)
	at io.appium.java_client.AppiumDriver.&lt;init&gt;(AppiumDriver.java:160)
	at io.appium.java_client.AppiumDriver.&lt;init&gt;(AppiumDriver.java:168)
	at io.appium.java_client.android.AndroidDriver.&lt;init&gt;(AndroidDriver.java:69)
	at zRfghY.t.b(WebDriverInstanceGenerator.java:84)
	at zRfghY.s.a(WebDriverFactory.java:36)
	at zRfghY.p.&lt;init&gt;(ThreadFactory.java:101)
	at zRfghY.p$1.c(ThreadFactory.java:97)
	at zRfghY.p$1.initialValue(ThreadFactory.java:95)
	at java.lang.ThreadLocal.setInitialValue(ThreadLocal.java:180)
	at java.lang.ThreadLocal.get(ThreadLocal.java:170)
	at zRfghY.p.b(ThreadFactory.java:165)
	at com.iwaf.framework.testng.TestNGTestListener.onTestFailure(TestNGTestListener.java:254)
	at org.testng.internal.Invoker.runTestListeners(Invoker.java:1661)
	at org.testng.internal.Invoker.runTestListeners(Invoker.java:1645)
	at org.testng.internal.Invoker.invokeMethod(Invoker.java:703)
	at org.testng.internal.Invoker.invokeTestMethod(Invoker.java:823)
	at org.testng.internal.Invoker.invokeTestMethods(Invoker.java:1131)
	at org.testng.internal.TestMethodWorker.invokeTestMethods(TestMethodWorker.java:129)
	at org.testng.internal.TestMethodWorker.run(TestMethodWorker.java:112)
	at org.testng.TestRunner.privateRun(TestRunner.java:778)
	at org.testng.TestRunner.run(TestRunner.java:632)
	at org.testng.SuiteRunner.runTest(SuiteRunner.java:366)
	at org.testng.SuiteRunner.runSequentially(SuiteRunner.java:361)
	at org.testng.SuiteRunner.privateRun(SuiteRunner.java:319)
	at org.testng.SuiteRunner.run(SuiteRunner.java:268)
	at org.testng.SuiteRunnerWorker.runSuite(SuiteRunnerWorker.java:52)
	at org.testng.SuiteRunnerWorker.run(SuiteRunnerWorker.java:86)
	at org.testng.TestNG.runSuitesSequentially(TestNG.java:1225)
	at org.testng.TestNG.runSuitesLocally(TestNG.java:1150)
	at org.testng.TestNG.runSuites(TestNG.java:1075)
	at org.testng.TestNG.run(TestNG.java:1047)
	at org.testng.remote.AbstractRemoteTestNG.run(AbstractRemoteTestNG.java:126)
	at org.testng.remote.RemoteTestNG.initAndRun(RemoteTestNG.java:137)
	at org.testng.remote.RemoteTestNG.main(RemoteTestNG.java:58)
</pre></div></td>
<td>16</td>
<td>com.tests.WorkFlow@7cd62f43</td></tr>
</table><p>
</body>
</html>