<html>
<head>
<title>TestNG:  GRP-SI - WF 6,SI - WF 4,SI - WF 5,SI - WF 3,SI - WF 1</title>
<link href="../testng.css" rel="stylesheet" type="text/css" />
<link href="../my-testng.css" rel="stylesheet" type="text/css" />

<style type="text/css">
.log { display: none;} 
.stack-trace { display: none;} 
</style>
<script type="text/javascript">
<!--
function flip(e) {
  current = e.style.display;
  if (current == 'block') {
    e.style.display = 'none';
    return 0;
  }
  else {
    e.style.display = 'block';
    return 1;
  }
}

function toggleBox(szDivId, elem, msg1, msg2)
{
  var res = -1;  if (document.getElementById) {
    res = flip(document.getElementById(szDivId));
  }
  else if (document.all) {
    // this is the way old msie versions work
    res = flip(document.all[szDivId]);
  }
  if(elem) {
    if(res == 0) elem.innerHTML = msg1; else elem.innerHTML = msg2;
  }

}

function toggleAllBoxes() {
  if (document.getElementsByTagName) {
    d = document.getElementsByTagName('div');
    for (i = 0; i < d.length; i++) {
      if (d[i].className == 'log') {
        flip(d[i]);
      }
    }
  }
}

// -->
</script>

</head>
<body>
<h2 align='center'>GRP-SI - WF 6,SI - WF 4,SI - WF 5,SI - WF 3,SI - WF 1</h2><table border='1' align="center">
<tr>
<td>Tests passed/Failed/Skipped:</td><td>2/3/0</td>
</tr><tr>
<td>Started on:</td><td>Thu Jul 14 12:53:30 IST 2016</td>
</tr>
<tr><td>Total time:</td><td>914 seconds (914773 ms)</td>
</tr><tr>
<td>Included groups:</td><td>SI - WF 6 SI - WF 4 SI - WF 5 SI - WF 3 SI - WF 1 </td>
</tr><tr>
<td>Excluded groups:</td><td></td>
</tr>
</table><p/>
<small><i>(Hover the method name to see the test class name)</i></small><p/>
<table width='100%' border='1' class='invocation-failed'>
<tr><td colspan='4' align='center'><b>FAILED TESTS</b></td></tr>
<tr><td><b>Test method</b></td>
<td width="30%"><b>Exception</b></td>
<td width="10%"><b>Time (seconds)</b></td>
<td><b>Instance</b></td>
</tr>
<tr>
<td title='com.tests.WorkFlow.SI_WF1_OG_DefaultLocation_DefaultCategory()'><b>SI_WF1_OG_DefaultLocation_DefaultCategory</b><br>Test class: com.tests.WorkFlow<br>Test method: SI - WF 1-OG + Dafault Loc + Default Category<br/>
<a href="#Output-1934932165" onClick='toggleBox("Output-1934932165", this, "Show output", "Hide output");'>Show output</a>

<a href="#Output-1934932165" onClick="toggleAllBoxes();">Show all outputs</a>
<div class='log' id="Output-1934932165">
[13:01:34] : <b><FONT SIZE="2">Launched Sysco UOM</FONT></b><br><br/>
[13:01:40] : <b><FONT SIZE="2">Login page verification :Pass</FONT></b><br><br/>
[13:01:40] : <b><FONT SIZE="2">Save username verification :Pass</FONT></b><br><br/>
[13:01:40] : <b><FONT SIZE="2">Sign In</FONT></b><br><br/>
[13:02:16] : <b><FONT SIZE="2">Sign in :Pass</FONT></b><br><br/>
[13:02:16] : <b><FONT COLOR="GREEN"><FONT SIZE="2">Navigating to Setup inventory page :Pass</FONT></FONT></b><br><br/>
[13:02:18] : <b><FONT COLOR="GREEN"><FONT SIZE="2">Tapped on skip :Pass</FONT></FONT></b><br><br/>
[13:02:19] : <b><FONT COLOR="GREEN"><FONT SIZE="2">Import item page verification done :Pass</FONT></FONT></b><br><br/>
[13:02:19] : <b><FONT COLOR="GREEN"><FONT SIZE="2">Selected  orderguide  from SetupInventoryImportItems:Pass</FONT></FONT></b><br><br/>
[13:02:19] : <b><FONT COLOR="GREEN"><FONT SIZE="2">Tapped on Continue :Pass</FONT></FONT></b><br><br/>
[13:02:19] : <b><FONT SIZE="2">Set up locations page verify </FONT></b><br><br/>
[13:02:19] : <b><FONT COLOR="GREEN"><FONT SIZE="2">Set up location verification done :Pass</FONT></FONT></b><br><br/>
[13:02:20] : <b><FONT COLOR="GREEN"><FONT SIZE="2">default location clicked :Pass</FONT></FONT></b><br><br/>
[13:02:20] : <b><FONT COLOR="GREEN"><FONT SIZE="2">Tapped on Continue :Pass</FONT></FONT></b><br><br/>
[13:02:28] : <b><FONT SIZE="2">VerifyOptionsOnSetUpFoodCost:Pass</FONT></b><br><br/>
[13:02:28] : <b><FONT COLOR="GREEN"><FONT SIZE="2">Category page verification done :Pass</FONT></FONT></b><br><br/>
[13:02:28] : <b><FONT SIZE="2">Selecting default category from Food cost page</FONT></b><br><br/>
[13:02:29] : <b><FONT COLOR="GREEN"><FONT SIZE="2">default Category selected :Pass</FONT></FONT></b><br><br/>
[13:02:29] : <b><FONT COLOR="GREEN"><FONT SIZE="2">Tapped on Complete :Pass</FONT></FONT></b><br><br/>
[13:02:37] : <b><FONT COLOR="GREEN"><FONT SIZE="2">Tapped on TakeHome :Pass</FONT></FONT></b><br><br/>
[13:02:46] : <b><FONT COLOR="GREEN"><FONT SIZE="2">Tapped  TrackInventory from inventory tools page:Pass</FONT></FONT></b><br><br/>
[13:02:46] : <b><FONT SIZE="2">Selecting location</FONT></b><br><br/>
[13:02:49] : <b><FONT COLOR="GREEN"><FONT SIZE="2">Location is selected for item :Pass</FONT></FONT></b><br><br/>
[13:02:54] : <b><FONT COLOR="GREEN"><FONT SIZE="2">Item verification done :Pass</FONT></FONT></b><br><br/>
[13:02:56] : <b><FONT COLOR="GREEN"><FONT SIZE="2">tap on back :Pass</FONT></FONT></b><br><br/>
[13:02:56] : <b><FONT SIZE="2">Verifying item count</FONT></b><br><br/>
[13:02:58] : <b><FONT COLOR="GREEN"><FONT SIZE="2">Item count verified :Pass</FONT></FONT></b><br><br/>
[13:02:58] : <b><FONT SIZE="2">Selecting location</FONT></b><br><br/>
[13:03:00] : <b><FONT COLOR="GREEN"><FONT SIZE="2">Location is selected for item :Pass</FONT></FONT></b><br><br/>
[13:03:05] : <b><FONT COLOR="GREEN"><FONT SIZE="2">Item verification done :Pass</FONT></FONT></b><br><br/>
[13:03:08] : <b><FONT COLOR="GREEN"><FONT SIZE="2">tap on back :Pass</FONT></FONT></b><br><br/>
[13:03:08] : <b><FONT SIZE="2">Verifying item count</FONT></b><br><br/>
[13:03:11] : <b><FONT COLOR="GREEN"><FONT SIZE="2">Item count verified,LocationName(x) :Fail</FONT></FONT></b><br><br/>
<b><font color='RED'>ERROR	:- expected [true] but found [false]</font></b><br/>
</div>
</td>
<td><div><pre>java.lang.AssertionError: expected [true] but found [false]
	at org.testng.Assert.fail(Assert.java:94)
	at org.testng.Assert.failNotEquals(Assert.java:513)
	at org.testng.Assert.assertTrue(Assert.java:42)
	at org.testng.Assert.assertTrue(Assert.java:52)
	at com.components.pages.LocationsPage.VerifyCountOfItemsInLocation(LocationsPage.java:2588)
	at com.tests.WorkFlow.SI_WF1_OG_DefaultLocation_DefaultCategory(WorkFlow.java:86)
	at sun.reflect.NativeMethodAccessorImpl.invoke0(Native Method)
	at sun.reflect.NativeMethodAccessorImpl.invoke(NativeMethodAccessorImpl.java:62)
	at sun.reflect.DelegatingMethodAccessorImpl.invoke(DelegatingMethodAccessorImpl.java:43)
	at java.lang.reflect.Method.invoke(Method.java:497)
	at org.testng.internal.MethodInvocationHelper.invokeMethod(MethodInvocationHelper.java:86)
	at org.testng.internal.Invoker.invokeMethod(Invoker.java:646)
	at org.testng.internal.Invoker.invokeTestMethod(Invoker.java:823)
	at org.testng.internal.Invoker.invokeTestMethods(Invoker.java:1131)
	at org.testng.internal.TestMethodWorker.invokeTestMethods(TestMethodWorker.java:129)
	at org.testng.internal.TestMethodWorker.run(TestMethodWorker.java:112)
	at org.testng.TestRunner.privateRun(TestRunner.java:778)
	at org.testng.TestRunner.run(TestRunner.java:632)
	at org.testng.SuiteRunner.runTest(SuiteRunner.java:366)
	at org.testng.SuiteRunner.runSequentially(SuiteRunner.java:361)
	at org.testng.SuiteRunner.privateRun(SuiteRunner.java:319)
	at org.testng.SuiteRunner.run(SuiteRunner.java:268)
	at org.testng.SuiteRunnerWorker.runSuite(SuiteRunnerWorker.java:52)
	at org.testng.SuiteRunnerWorker.run(SuiteRunnerWorker.java:86)
	at org.testng.TestNG.runSuitesSequentially(TestNG.java:1225)
	at org.testng.TestNG.runSuitesLocally(TestNG.java:1150)
	at org.testng.TestNG.runSuites(TestNG.java:1075)
	at org.testng.TestNG.run(TestNG.java:1047)
	at org.testng.remote.AbstractRemoteTestNG.run(AbstractRemoteTestNG.java:126)
	at org.testng.remote.RemoteTestNG.initAndRun(RemoteTestNG.java:137)
	at org.testng.remote.RemoteTestNG.main(RemoteTestNG.java:58)
</pre></div><a href='#' onClick='toggleBox("stack-trace1934932165", this, "Click to show all stack frames", "Click to hide stack frames")'>Click to show all stack frames</a>
<div class='stack-trace' id='stack-trace1934932165'><pre>java.lang.AssertionError: expected [true] but found [false]
	at org.testng.Assert.fail(Assert.java:94)
	at org.testng.Assert.failNotEquals(Assert.java:513)
	at org.testng.Assert.assertTrue(Assert.java:42)
	at org.testng.Assert.assertTrue(Assert.java:52)
	at com.components.pages.LocationsPage.VerifyCountOfItemsInLocation(LocationsPage.java:2588)
	at com.tests.WorkFlow.SI_WF1_OG_DefaultLocation_DefaultCategory(WorkFlow.java:86)
	at sun.reflect.NativeMethodAccessorImpl.invoke0(Native Method)
	at sun.reflect.NativeMethodAccessorImpl.invoke(NativeMethodAccessorImpl.java:62)
	at sun.reflect.DelegatingMethodAccessorImpl.invoke(DelegatingMethodAccessorImpl.java:43)
	at java.lang.reflect.Method.invoke(Method.java:497)
	at org.testng.internal.MethodInvocationHelper.invokeMethod(MethodInvocationHelper.java:86)
	at org.testng.internal.Invoker.invokeMethod(Invoker.java:646)
	at org.testng.internal.Invoker.invokeTestMethod(Invoker.java:823)
	at org.testng.internal.Invoker.invokeTestMethods(Invoker.java:1131)
	at org.testng.internal.TestMethodWorker.invokeTestMethods(TestMethodWorker.java:129)
	at org.testng.internal.TestMethodWorker.run(TestMethodWorker.java:112)
	at org.testng.TestRunner.privateRun(TestRunner.java:778)
	at org.testng.TestRunner.run(TestRunner.java:632)
	at org.testng.SuiteRunner.runTest(SuiteRunner.java:366)
	at org.testng.SuiteRunner.runSequentially(SuiteRunner.java:361)
	at org.testng.SuiteRunner.privateRun(SuiteRunner.java:319)
	at org.testng.SuiteRunner.run(SuiteRunner.java:268)
	at org.testng.SuiteRunnerWorker.runSuite(SuiteRunnerWorker.java:52)
	at org.testng.SuiteRunnerWorker.run(SuiteRunnerWorker.java:86)
	at org.testng.TestNG.runSuitesSequentially(TestNG.java:1225)
	at org.testng.TestNG.runSuitesLocally(TestNG.java:1150)
	at org.testng.TestNG.runSuites(TestNG.java:1075)
	at org.testng.TestNG.run(TestNG.java:1047)
	at org.testng.remote.AbstractRemoteTestNG.run(AbstractRemoteTestNG.java:126)
	at org.testng.remote.RemoteTestNG.initAndRun(RemoteTestNG.java:137)
	at org.testng.remote.RemoteTestNG.main(RemoteTestNG.java:58)
</pre></div></td>
<td>116</td>
<td>com.tests.WorkFlow@4667ae56</td></tr>
<tr>
<td title='com.tests.WorkFlow.SI_WF3_OG_CustomMultipleLocation_CustomMultipleCategory()'><b>SI_WF3_OG_CustomMultipleLocation_CustomMultipleCategory</b><br>Test class: com.tests.WorkFlow<br>Test method: SI - WF 3-OG + Cus Loc + Cust Category<br/>
<a href="#Output-1896232624" onClick='toggleBox("Output-1896232624", this, "Show output", "Hide output");'>Show output</a>

<a href="#Output-1896232624" onClick="toggleAllBoxes();">Show all outputs</a>
<div class='log' id="Output-1896232624">
[12:54:00] : <b><FONT SIZE="2">Launched Sysco UOM</FONT></b><br><br/>
[12:54:06] : <b><FONT SIZE="2">Login page verification :Pass</FONT></b><br><br/>
[12:54:06] : <b><FONT SIZE="2">Save username verification :Pass</FONT></b><br><br/>
[12:54:06] : <b><FONT SIZE="2">Sign In</FONT></b><br><br/>
[12:54:34] : <b><FONT SIZE="2">Sign in :Pass</FONT></b><br><br/>
[12:54:35] : <b><FONT COLOR="GREEN"><FONT SIZE="2">Navigating to Setup inventory page :Pass</FONT></FONT></b><br><br/>
[12:54:37] : <b><FONT COLOR="GREEN"><FONT SIZE="2">Tapped on skip :Pass</FONT></FONT></b><br><br/>
[12:54:37] : <b><FONT COLOR="GREEN"><FONT SIZE="2">Selected  orderguide  from SetupInventoryImportItems:Pass</FONT></FONT></b><br><br/>
[12:54:38] : <b><FONT COLOR="GREEN"><FONT SIZE="2">Tapped on Continue :Pass</FONT></FONT></b><br><br/>
[12:54:38] : <b><FONT COLOR="GREEN"><FONT SIZE="2">custom location clicked :Pass</FONT></FONT></b><br><br/>
[12:54:38] : <b><FONT COLOR="GREEN"><FONT SIZE="2">Tapped on Continue :Pass</FONT></FONT></b><br><br/>
[12:54:39] : <b><FONT COLOR="GREEN"><FONT SIZE="2">added location name :Pass</FONT></FONT></b><br><br/>
[12:54:39] : <b><FONT SIZE="2">Entering type Dry</FONT></b><br><br/>
[12:54:49] : <b><FONT COLOR="GREEN"><FONT SIZE="2">Entered type in add Locations page :Pass</FONT></FONT></b><br><br/>
[12:55:00] : <b><FONT COLOR="GREEN"><FONT SIZE="2">Entered type in add Locations page :Pass</FONT></FONT></b><br><br/>
[12:55:00] : <b><FONT SIZE="2">Entering anotherloc</FONT></b><br><br/>
[12:55:05] : <b><FONT COLOR="GREEN"><FONT SIZE="2">Entered second loc in Locations page :Pass</FONT></FONT></b><br><br/>
[12:55:05] : <b><FONT SIZE="2">Entering Location name</FONT></b><br><br/>
[12:55:16] : <b><FONT COLOR="GREEN"><FONT SIZE="2">Entered location name2 in add Locations page :Pass</FONT></FONT></b><br><br/>
[12:55:16] : <b><FONT SIZE="2">Entering type Dry</FONT></b><br><br/>
[12:55:21] : <b><FONT COLOR="GREEN"><FONT SIZE="2">Entered type in add Locations page :Pass</FONT></FONT></b><br><br/>
[12:55:27] : <b><FONT COLOR="GREEN"><FONT SIZE="2">Entered type in add Locations page :Pass</FONT></FONT></b><br><br/>
[12:55:36] : <b><FONT COLOR="GREEN"><FONT SIZE="2">Tapped on Next : Pass</FONT></FONT></b><br><br/>
[12:55:36] : <b><FONT SIZE="2"> Adding Item from Order Guide</FONT></b><br><br/>
[12:55:56] : <b><FONT COLOR="GREEN"><FONT SIZE="2">Multiple items selected :Pass</FONT></FONT></b><br><br/>
[12:56:04] : <b><FONT COLOR="GREEN"><FONT SIZE="2">Tapped on Next : Pass</FONT></FONT></b><br><br/>
[12:56:11] : <b><FONT COLOR="GREEN"><FONT SIZE="2">Multiple items selected :Pass</FONT></FONT></b><br><br/>
[12:56:19] : <b><FONT COLOR="GREEN"><FONT SIZE="2">Tapped on done:Pass</FONT></FONT></b><br><br/>
[12:56:22] : <b><FONT COLOR="GREEN"><FONT SIZE="2">Custom Category selected from Food cost page :Pass</FONT></FONT></b><br><br/>
[12:56:23] : <b><FONT COLOR="GREEN"><FONT SIZE="2">Tapped on Continue :Pass</FONT></FONT></b><br><br/>
[12:56:23] : <b><FONT SIZE="2">Creating multiple custom category</FONT></b><br><br/>
[12:56:29] : <b><FONT COLOR="GREEN"><FONT SIZE="2">Custom Categories created:Pass</FONT></FONT></b><br><br/>
[12:56:40] : <b><FONT COLOR="GREEN"><FONT SIZE="2">Tapped on Next : Pass</FONT></FONT></b><br><br/>
[12:56:48] : <b><FONT COLOR="GREEN"><FONT SIZE="2">Multiple items selected :Pass</FONT></FONT></b><br><br/>
[12:56:57] : <b><FONT COLOR="GREEN"><FONT SIZE="2">Tapped on Next : Pass</FONT></FONT></b><br><br/>
[12:56:58] : <b><FONT COLOR="GREEN"><FONT SIZE="2">Multiple items selected :Pass</FONT></FONT></b><br><br/>
[12:57:08] : <b><FONT COLOR="GREEN"><FONT SIZE="2">Tapped on done:Pass</FONT></FONT></b><br><br/>
[12:57:16] : <b><FONT COLOR="GREEN"><FONT SIZE="2">Tapped on TakeHome :Pass</FONT></FONT></b><br><br/>
[12:57:24] : <b><FONT COLOR="GREEN"><FONT SIZE="2">Tapped  TrackInventory from inventory tools page:Pass</FONT></FONT></b><br><br/>
[12:57:24] : <b><FONT SIZE="2">Selecting location</FONT></b><br><br/>
[12:57:27] : <b><FONT COLOR="GREEN"><FONT SIZE="2">Location is selected for item :Pass</FONT></FONT></b><br><br/>
[12:57:27] : <b><FONT SIZE="2">locationItem verify </FONT></b><br><br/>
[12:58:32] : <b><FONT COLOR="GREEN"><FONT SIZE="2">Item verification done  :Fail</FONT></FONT></b><br><br/>
<b><font color='RED'>ERROR	:- expected [true] but found [false]</font></b><br/>
</div>
</td>
<td><div><pre>java.lang.AssertionError: expected [true] but found [false]
	at org.testng.Assert.fail(Assert.java:94)
	at org.testng.Assert.failNotEquals(Assert.java:513)
	at org.testng.Assert.assertTrue(Assert.java:42)
	at org.testng.Assert.assertTrue(Assert.java:52)
	at com.components.pages.LocationsPage.ItemVerifyOnLocation1(LocationsPage.java:1525)
	at com.tests.WorkFlow.SI_WF3_OG_CustomMultipleLocation_CustomMultipleCategory(WorkFlow.java:164)
	at sun.reflect.NativeMethodAccessorImpl.invoke0(Native Method)
	at sun.reflect.NativeMethodAccessorImpl.invoke(NativeMethodAccessorImpl.java:62)
	at sun.reflect.DelegatingMethodAccessorImpl.invoke(DelegatingMethodAccessorImpl.java:43)
	at java.lang.reflect.Method.invoke(Method.java:497)
	at org.testng.internal.MethodInvocationHelper.invokeMethod(MethodInvocationHelper.java:86)
	at org.testng.internal.Invoker.invokeMethod(Invoker.java:646)
	at org.testng.internal.Invoker.invokeTestMethod(Invoker.java:823)
	at org.testng.internal.Invoker.invokeTestMethods(Invoker.java:1131)
	at org.testng.internal.TestMethodWorker.invokeTestMethods(TestMethodWorker.java:129)
	at org.testng.internal.TestMethodWorker.run(TestMethodWorker.java:112)
	at org.testng.TestRunner.privateRun(TestRunner.java:778)
	at org.testng.TestRunner.run(TestRunner.java:632)
	at org.testng.SuiteRunner.runTest(SuiteRunner.java:366)
	at org.testng.SuiteRunner.runSequentially(SuiteRunner.java:361)
	at org.testng.SuiteRunner.privateRun(SuiteRunner.java:319)
	at org.testng.SuiteRunner.run(SuiteRunner.java:268)
	at org.testng.SuiteRunnerWorker.runSuite(SuiteRunnerWorker.java:52)
	at org.testng.SuiteRunnerWorker.run(SuiteRunnerWorker.java:86)
	at org.testng.TestNG.runSuitesSequentially(TestNG.java:1225)
	at org.testng.TestNG.runSuitesLocally(TestNG.java:1150)
	at org.testng.TestNG.runSuites(TestNG.java:1075)
	at org.testng.TestNG.run(TestNG.java:1047)
	at org.testng.remote.AbstractRemoteTestNG.run(AbstractRemoteTestNG.java:126)
	at org.testng.remote.RemoteTestNG.initAndRun(RemoteTestNG.java:137)
	at org.testng.remote.RemoteTestNG.main(RemoteTestNG.java:58)
</pre></div><a href='#' onClick='toggleBox("stack-trace1896232624", this, "Click to show all stack frames", "Click to hide stack frames")'>Click to show all stack frames</a>
<div class='stack-trace' id='stack-trace1896232624'><pre>java.lang.AssertionError: expected [true] but found [false]
	at org.testng.Assert.fail(Assert.java:94)
	at org.testng.Assert.failNotEquals(Assert.java:513)
	at org.testng.Assert.assertTrue(Assert.java:42)
	at org.testng.Assert.assertTrue(Assert.java:52)
	at com.components.pages.LocationsPage.ItemVerifyOnLocation1(LocationsPage.java:1525)
	at com.tests.WorkFlow.SI_WF3_OG_CustomMultipleLocation_CustomMultipleCategory(WorkFlow.java:164)
	at sun.reflect.NativeMethodAccessorImpl.invoke0(Native Method)
	at sun.reflect.NativeMethodAccessorImpl.invoke(NativeMethodAccessorImpl.java:62)
	at sun.reflect.DelegatingMethodAccessorImpl.invoke(DelegatingMethodAccessorImpl.java:43)
	at java.lang.reflect.Method.invoke(Method.java:497)
	at org.testng.internal.MethodInvocationHelper.invokeMethod(MethodInvocationHelper.java:86)
	at org.testng.internal.Invoker.invokeMethod(Invoker.java:646)
	at org.testng.internal.Invoker.invokeTestMethod(Invoker.java:823)
	at org.testng.internal.Invoker.invokeTestMethods(Invoker.java:1131)
	at org.testng.internal.TestMethodWorker.invokeTestMethods(TestMethodWorker.java:129)
	at org.testng.internal.TestMethodWorker.run(TestMethodWorker.java:112)
	at org.testng.TestRunner.privateRun(TestRunner.java:778)
	at org.testng.TestRunner.run(TestRunner.java:632)
	at org.testng.SuiteRunner.runTest(SuiteRunner.java:366)
	at org.testng.SuiteRunner.runSequentially(SuiteRunner.java:361)
	at org.testng.SuiteRunner.privateRun(SuiteRunner.java:319)
	at org.testng.SuiteRunner.run(SuiteRunner.java:268)
	at org.testng.SuiteRunnerWorker.runSuite(SuiteRunnerWorker.java:52)
	at org.testng.SuiteRunnerWorker.run(SuiteRunnerWorker.java:86)
	at org.testng.TestNG.runSuitesSequentially(TestNG.java:1225)
	at org.testng.TestNG.runSuitesLocally(TestNG.java:1150)
	at org.testng.TestNG.runSuites(TestNG.java:1075)
	at org.testng.TestNG.run(TestNG.java:1047)
	at org.testng.remote.AbstractRemoteTestNG.run(AbstractRemoteTestNG.java:126)
	at org.testng.remote.RemoteTestNG.initAndRun(RemoteTestNG.java:137)
	at org.testng.remote.RemoteTestNG.main(RemoteTestNG.java:58)
</pre></div></td>
<td>302</td>
<td>com.tests.WorkFlow@4667ae56</td></tr>
<tr>
<td title='com.tests.WorkFlow.SI_WF6_OG_SkipLocation_SkipCategory()'><b>SI_WF6_OG_SkipLocation_SkipCategory</b><br>Test class: com.tests.WorkFlow<br>Test method: SI - WF 6-OG + Skip Loc + Skip Cust<br/>
<a href="#Output-271095942" onClick='toggleBox("Output-271095942", this, "Show output", "Hide output");'>Show output</a>

<a href="#Output-271095942" onClick="toggleAllBoxes();">Show all outputs</a>
<div class='log' id="Output-271095942">
[12:59:06] : <b><FONT SIZE="2">Launched Sysco UOM</FONT></b><br><br/>
[12:59:11] : <b><FONT SIZE="2">Login page verification :Pass</FONT></b><br><br/>
[12:59:12] : <b><FONT SIZE="2">Save username verification :Pass</FONT></b><br><br/>
[12:59:12] : <b><FONT SIZE="2">Sign In</FONT></b><br><br/>
[12:59:48] : <b><FONT SIZE="2">Sign in :Pass</FONT></b><br><br/>
[12:59:48] : <b><FONT COLOR="GREEN"><FONT SIZE="2">Navigating to Setup inventory page :Pass</FONT></FONT></b><br><br/>
[12:59:50] : <b><FONT COLOR="GREEN"><FONT SIZE="2">Tapped on skip :Pass</FONT></FONT></b><br><br/>
[12:59:51] : <b><FONT COLOR="GREEN"><FONT SIZE="2">Selected  orderguide  from SetupInventoryImportItems:Pass</FONT></FONT></b><br><br/>
[12:59:51] : <b><FONT COLOR="GREEN"><FONT SIZE="2">Tapped on Continue :Pass</FONT></FONT></b><br><br/>
[13:01:09] : <b><FONT COLOR="GREEN"><FONT SIZE="2">Tapped on DoThisLater :Fail</FONT></FONT></b><br><br/>
<b><font color='RED'>ERROR	:- expected [true] but found [false]</font></b><br/>
</div>
</td>
<td><div><pre>java.lang.AssertionError: expected [true] but found [false]
	at org.testng.Assert.fail(Assert.java:94)
	at org.testng.Assert.failNotEquals(Assert.java:513)
	at org.testng.Assert.assertTrue(Assert.java:42)
	at org.testng.Assert.assertTrue(Assert.java:52)
	at com.components.pages.SetupInventoryPage.TapOnDOThisLater(SetupInventoryPage.java:1054)
	at com.tests.WorkFlow.SI_WF6_OG_SkipLocation_SkipCategory(WorkFlow.java:342)
	at sun.reflect.NativeMethodAccessorImpl.invoke0(Native Method)
	at sun.reflect.NativeMethodAccessorImpl.invoke(NativeMethodAccessorImpl.java:62)
	at sun.reflect.DelegatingMethodAccessorImpl.invoke(DelegatingMethodAccessorImpl.java:43)
	at java.lang.reflect.Method.invoke(Method.java:497)
	at org.testng.internal.MethodInvocationHelper.invokeMethod(MethodInvocationHelper.java:86)
	at org.testng.internal.Invoker.invokeMethod(Invoker.java:646)
	at org.testng.internal.Invoker.invokeTestMethod(Invoker.java:823)
	at org.testng.internal.Invoker.invokeTestMethods(Invoker.java:1131)
	at org.testng.internal.TestMethodWorker.invokeTestMethods(TestMethodWorker.java:129)
	at org.testng.internal.TestMethodWorker.run(TestMethodWorker.java:112)
	at org.testng.TestRunner.privateRun(TestRunner.java:778)
	at org.testng.TestRunner.run(TestRunner.java:632)
	at org.testng.SuiteRunner.runTest(SuiteRunner.java:366)
	at org.testng.SuiteRunner.runSequentially(SuiteRunner.java:361)
	at org.testng.SuiteRunner.privateRun(SuiteRunner.java:319)
	at org.testng.SuiteRunner.run(SuiteRunner.java:268)
	at org.testng.SuiteRunnerWorker.runSuite(SuiteRunnerWorker.java:52)
	at org.testng.SuiteRunnerWorker.run(SuiteRunnerWorker.java:86)
	at org.testng.TestNG.runSuitesSequentially(TestNG.java:1225)
	at org.testng.TestNG.runSuitesLocally(TestNG.java:1150)
	at org.testng.TestNG.runSuites(TestNG.java:1075)
	at org.testng.TestNG.run(TestNG.java:1047)
	at org.testng.remote.AbstractRemoteTestNG.run(AbstractRemoteTestNG.java:126)
	at org.testng.remote.RemoteTestNG.initAndRun(RemoteTestNG.java:137)
	at org.testng.remote.RemoteTestNG.main(RemoteTestNG.java:58)
</pre></div><a href='#' onClick='toggleBox("stack-trace271095942", this, "Click to show all stack frames", "Click to hide stack frames")'>Click to show all stack frames</a>
<div class='stack-trace' id='stack-trace271095942'><pre>java.lang.AssertionError: expected [true] but found [false]
	at org.testng.Assert.fail(Assert.java:94)
	at org.testng.Assert.failNotEquals(Assert.java:513)
	at org.testng.Assert.assertTrue(Assert.java:42)
	at org.testng.Assert.assertTrue(Assert.java:52)
	at com.components.pages.SetupInventoryPage.TapOnDOThisLater(SetupInventoryPage.java:1054)
	at com.tests.WorkFlow.SI_WF6_OG_SkipLocation_SkipCategory(WorkFlow.java:342)
	at sun.reflect.NativeMethodAccessorImpl.invoke0(Native Method)
	at sun.reflect.NativeMethodAccessorImpl.invoke(NativeMethodAccessorImpl.java:62)
	at sun.reflect.DelegatingMethodAccessorImpl.invoke(DelegatingMethodAccessorImpl.java:43)
	at java.lang.reflect.Method.invoke(Method.java:497)
	at org.testng.internal.MethodInvocationHelper.invokeMethod(MethodInvocationHelper.java:86)
	at org.testng.internal.Invoker.invokeMethod(Invoker.java:646)
	at org.testng.internal.Invoker.invokeTestMethod(Invoker.java:823)
	at org.testng.internal.Invoker.invokeTestMethods(Invoker.java:1131)
	at org.testng.internal.TestMethodWorker.invokeTestMethods(TestMethodWorker.java:129)
	at org.testng.internal.TestMethodWorker.run(TestMethodWorker.java:112)
	at org.testng.TestRunner.privateRun(TestRunner.java:778)
	at org.testng.TestRunner.run(TestRunner.java:632)
	at org.testng.SuiteRunner.runTest(SuiteRunner.java:366)
	at org.testng.SuiteRunner.runSequentially(SuiteRunner.java:361)
	at org.testng.SuiteRunner.privateRun(SuiteRunner.java:319)
	at org.testng.SuiteRunner.run(SuiteRunner.java:268)
	at org.testng.SuiteRunnerWorker.runSuite(SuiteRunnerWorker.java:52)
	at org.testng.SuiteRunnerWorker.run(SuiteRunnerWorker.java:86)
	at org.testng.TestNG.runSuitesSequentially(TestNG.java:1225)
	at org.testng.TestNG.runSuitesLocally(TestNG.java:1150)
	at org.testng.TestNG.runSuites(TestNG.java:1075)
	at org.testng.TestNG.run(TestNG.java:1047)
	at org.testng.remote.AbstractRemoteTestNG.run(AbstractRemoteTestNG.java:126)
	at org.testng.remote.RemoteTestNG.initAndRun(RemoteTestNG.java:137)
	at org.testng.remote.RemoteTestNG.main(RemoteTestNG.java:58)
</pre></div></td>
<td>150</td>
<td>com.tests.WorkFlow@4667ae56</td></tr>
</table><p>
<table width='100%' border='1' class='invocation-passed'>
<tr><td colspan='4' align='center'><b>PASSED TESTS</b></td></tr>
<tr><td><b>Test method</b></td>
<td width="30%"><b>Exception</b></td>
<td width="10%"><b>Time (seconds)</b></td>
<td><b>Instance</b></td>
</tr>
<tr>
<td title='com.tests.WorkFlow.SI_WF4_OG_DefaultLocation_CustomCategory()'><b>SI_WF4_OG_DefaultLocation_CustomCategory</b><br>Test class: com.tests.WorkFlow<br>Test method: SI - WF 4-OG + Default Loc + Custom Category <br/>
<a href="#Output-1870209957" onClick='toggleBox("Output-1870209957", this, "Show output", "Hide output");'>Show output</a>

<a href="#Output-1870209957" onClick="toggleAllBoxes();">Show all outputs</a>
<div class='log' id="Output-1870209957">
[13:03:38] : <b><FONT SIZE="2">Launched Sysco UOM</FONT></b><br><br/>
[13:03:43] : <b><FONT SIZE="2">Login page verification :Pass</FONT></b><br><br/>
[13:03:43] : <b><FONT SIZE="2">Save username verification :Pass</FONT></b><br><br/>
[13:03:43] : <b><FONT SIZE="2">Sign In</FONT></b><br><br/>
[13:04:07] : <b><FONT SIZE="2">Sign in :Pass</FONT></b><br><br/>
[13:04:07] : <b><FONT COLOR="GREEN"><FONT SIZE="2">Navigating to Setup inventory page :Pass</FONT></FONT></b><br><br/>
[13:04:09] : <b><FONT COLOR="GREEN"><FONT SIZE="2">Tapped on skip :Pass</FONT></FONT></b><br><br/>
[13:04:09] : <b><FONT COLOR="GREEN"><FONT SIZE="2">Selected  orderguide  from SetupInventoryImportItems:Pass</FONT></FONT></b><br><br/>
[13:04:10] : <b><FONT COLOR="GREEN"><FONT SIZE="2">Tapped on Continue :Pass</FONT></FONT></b><br><br/>
[13:04:10] : <b><FONT COLOR="GREEN"><FONT SIZE="2">default location clicked :Pass</FONT></FONT></b><br><br/>
[13:04:10] : <b><FONT COLOR="GREEN"><FONT SIZE="2">Tapped on Continue :Pass</FONT></FONT></b><br><br/>
[13:04:20] : <b><FONT COLOR="GREEN"><FONT SIZE="2">Custom Category selected from Food cost page :Pass</FONT></FONT></b><br><br/>
[13:04:20] : <b><FONT COLOR="GREEN"><FONT SIZE="2">Tapped on Continue :Pass</FONT></FONT></b><br><br/>
[13:04:20] : <b><FONT SIZE="2">Creating multiple custom category</FONT></b><br><br/>
[13:04:27] : <b><FONT COLOR="GREEN"><FONT SIZE="2">Custom Categories created:Pass</FONT></FONT></b><br><br/>
[13:04:35] : <b><FONT COLOR="GREEN"><FONT SIZE="2">Tapped on Next : Pass</FONT></FONT></b><br><br/>
[13:04:42] : <b><FONT COLOR="GREEN"><FONT SIZE="2">Multiple items selected :Pass</FONT></FONT></b><br><br/>
[13:04:50] : <b><FONT COLOR="GREEN"><FONT SIZE="2">Tapped on Next : Pass</FONT></FONT></b><br><br/>
[13:04:51] : <b><FONT COLOR="GREEN"><FONT SIZE="2">Multiple items selected :Pass</FONT></FONT></b><br><br/>
[13:05:00] : <b><FONT COLOR="GREEN"><FONT SIZE="2">Tapped on done:Pass</FONT></FONT></b><br><br/>
[13:05:07] : <b><FONT COLOR="GREEN"><FONT SIZE="2">Tapped on TakeHome :Pass</FONT></FONT></b><br><br/>
[13:05:13] : <b><FONT COLOR="GREEN"><FONT SIZE="2">Tapped  TrackInventory from inventory tools page:Pass</FONT></FONT></b><br><br/>
[13:05:13] : <b><FONT SIZE="2">Order of locations verify</FONT></b><br><br/>
[13:05:14] : <b><FONT COLOR="GREEN"><FONT SIZE="2">VerifyOrderOfLocations:Pass</FONT></FONT></b><br><br/>
Test completed : SI_WF4_OG_DefaultLocation_CustomCategory<br/>
</div>
</td>
<td></td>
<td>118</td>
<td>com.tests.WorkFlow@4667ae56</td></tr>
<tr>
<td title='com.tests.WorkFlow.SI_WF5_OG_CustomLocation_DefaultCategory()'><b>SI_WF5_OG_CustomLocation_DefaultCategory</b><br>Test class: com.tests.WorkFlow<br>Test method: SI - WF 5-OG + Custom Loc + Default Category<br/>
<a href="#Output-1632914150" onClick='toggleBox("Output-1632914150", this, "Show output", "Hide output");'>Show output</a>

<a href="#Output-1632914150" onClick="toggleAllBoxes();">Show all outputs</a>
<div class='log' id="Output-1632914150">
[13:05:46] : <b><FONT SIZE="2">Launched Sysco UOM</FONT></b><br><br/>
[13:05:51] : <b><FONT SIZE="2">Login page verification :Pass</FONT></b><br><br/>
[13:05:52] : <b><FONT SIZE="2">Save username verification :Pass</FONT></b><br><br/>
[13:05:52] : <b><FONT SIZE="2">Sign In</FONT></b><br><br/>
[13:06:16] : <b><FONT SIZE="2">Sign in :Pass</FONT></b><br><br/>
[13:06:16] : <b><FONT COLOR="GREEN"><FONT SIZE="2">Navigating to Setup inventory page :Pass</FONT></FONT></b><br><br/>
[13:06:18] : <b><FONT COLOR="GREEN"><FONT SIZE="2">Tapped on skip :Pass</FONT></FONT></b><br><br/>
[13:06:19] : <b><FONT COLOR="GREEN"><FONT SIZE="2">Selected  orderguide  from SetupInventoryImportItems:Pass</FONT></FONT></b><br><br/>
[13:06:19] : <b><FONT COLOR="GREEN"><FONT SIZE="2">Tapped on Continue :Pass</FONT></FONT></b><br><br/>
[13:06:19] : <b><FONT COLOR="GREEN"><FONT SIZE="2">custom location clicked :Pass</FONT></FONT></b><br><br/>
[13:06:19] : <b><FONT COLOR="GREEN"><FONT SIZE="2">Tapped on Continue :Pass</FONT></FONT></b><br><br/>
[13:06:20] : <b><FONT COLOR="GREEN"><FONT SIZE="2">added location name :Pass</FONT></FONT></b><br><br/>
[13:06:20] : <b><FONT SIZE="2">Entering type Dry</FONT></b><br><br/>
[13:06:30] : <b><FONT COLOR="GREEN"><FONT SIZE="2">Entered type in add Locations page :Pass</FONT></FONT></b><br><br/>
[13:06:40] : <b><FONT COLOR="GREEN"><FONT SIZE="2">Entered type in add Locations page :Pass</FONT></FONT></b><br><br/>
[13:06:40] : <b><FONT SIZE="2">Entering anotherloc</FONT></b><br><br/>
[13:06:45] : <b><FONT COLOR="GREEN"><FONT SIZE="2">Entered second loc in Locations page :Pass</FONT></FONT></b><br><br/>
[13:06:45] : <b><FONT SIZE="2">Entering Location name</FONT></b><br><br/>
[13:06:56] : <b><FONT COLOR="GREEN"><FONT SIZE="2">Entered location name2 in add Locations page :Pass</FONT></FONT></b><br><br/>
[13:06:56] : <b><FONT SIZE="2">Entering type Dry</FONT></b><br><br/>
[13:07:02] : <b><FONT COLOR="GREEN"><FONT SIZE="2">Entered type in add Locations page :Pass</FONT></FONT></b><br><br/>
[13:07:07] : <b><FONT COLOR="GREEN"><FONT SIZE="2">Entered type in add Locations page :Pass</FONT></FONT></b><br><br/>
[13:07:16] : <b><FONT COLOR="GREEN"><FONT SIZE="2">Tapped on Next : Pass</FONT></FONT></b><br><br/>
[13:07:16] : <b><FONT SIZE="2"> Adding Item from Order Guide</FONT></b><br><br/>
[13:07:32] : <b><FONT COLOR="GREEN"><FONT SIZE="2">Multiple items selected :Pass</FONT></FONT></b><br><br/>
[13:07:40] : <b><FONT COLOR="GREEN"><FONT SIZE="2">Tapped on Next : Pass</FONT></FONT></b><br><br/>
[13:07:47] : <b><FONT COLOR="GREEN"><FONT SIZE="2">Multiple items selected :Pass</FONT></FONT></b><br><br/>
[13:07:55] : <b><FONT COLOR="GREEN"><FONT SIZE="2">Tapped on done:Pass</FONT></FONT></b><br><br/>
[13:08:11] : <b><FONT SIZE="2">Selecting default category from Food cost page</FONT></b><br><br/>
[13:08:11] : <b><FONT COLOR="GREEN"><FONT SIZE="2">default Category selected :Pass</FONT></FONT></b><br><br/>
[13:08:11] : <b><FONT COLOR="GREEN"><FONT SIZE="2">Tapped on Complete :Pass</FONT></FONT></b><br><br/>
[13:08:20] : <b><FONT COLOR="GREEN"><FONT SIZE="2">Tapped on TakeHome :Pass</FONT></FONT></b><br><br/>
[13:08:27] : <b><FONT COLOR="GREEN"><FONT SIZE="2">Tapped  TrackInventory from inventory tools page:Pass</FONT></FONT></b><br><br/>
[13:08:27] : <b><FONT SIZE="2">Selecting location</FONT></b><br><br/>
[13:08:29] : <b><FONT COLOR="GREEN"><FONT SIZE="2">Location is selected for item :Pass</FONT></FONT></b><br><br/>
[13:08:29] : <b><FONT SIZE="2">locationItem verify </FONT></b><br><br/>
[13:08:29] : <b><FONT COLOR="GREEN"><FONT SIZE="2">Item verification done :Pass</FONT></FONT></b><br><br/>
[13:08:31] : <b><FONT COLOR="GREEN"><FONT SIZE="2">tap on back :Pass</FONT></FONT></b><br><br/>
[13:08:31] : <b><FONT SIZE="2">Selecting location</FONT></b><br><br/>
[13:08:34] : <b><FONT COLOR="GREEN"><FONT SIZE="2">Location is selected for item :Pass</FONT></FONT></b><br><br/>
[13:08:34] : <b><FONT SIZE="2">locationItem verify </FONT></b><br><br/>
[13:08:34] : <b><FONT COLOR="GREEN"><FONT SIZE="2">Item verification done :Pass</FONT></FONT></b><br><br/>
[13:08:36] : <b><FONT COLOR="GREEN"><FONT SIZE="2">tap on back :Pass</FONT></FONT></b><br><br/>
[13:08:38] : <b><FONT COLOR="GREEN"><FONT SIZE="2">tap on back :Pass</FONT></FONT></b><br><br/>
[13:08:39] : <b><FONT SIZE="2">In locations Page</FONT></b><br><br/>
[13:08:39] : <b><FONT COLOR="GREEN"><FONT SIZE="2">Navigating to Locations page :Pass</FONT></FONT></b><br><br/>
[13:08:39] : <b><FONT SIZE="2">Selecting location</FONT></b><br><br/>
[13:08:41] : <b><FONT COLOR="GREEN"><FONT SIZE="2">Location is selected for item :Pass</FONT></FONT></b><br><br/>
[13:08:41] : <b><FONT COLOR="GREEN"><FONT SIZE="2">tap on view items on location  :Pass</FONT></FONT></b><br><br/>
[13:08:41] : <b><FONT SIZE="2">locationItem verify </FONT></b><br><br/>
[13:08:41] : <b><FONT COLOR="GREEN"><FONT SIZE="2">Item verification done :Pass</FONT></FONT></b><br><br/>
Test completed : SI_WF5_OG_CustomLocation_DefaultCategory<br/>
</div>
</td>
<td></td>
<td>204</td>
<td>com.tests.WorkFlow@4667ae56</td></tr>
</table><p>
</body>
</html>