<html>
<head>
<title>TestNG:  GRP-SI - WF 5,SI - WF 1</title>
<link href="../testng.css" rel="stylesheet" type="text/css" />
<link href="../my-testng.css" rel="stylesheet" type="text/css" />

<style type="text/css">
.log { display: none;} 
.stack-trace { display: none;} 
</style>
<script type="text/javascript">
<!--
function flip(e) {
  current = e.style.display;
  if (current == 'block') {
    e.style.display = 'none';
    return 0;
  }
  else {
    e.style.display = 'block';
    return 1;
  }
}

function toggleBox(szDivId, elem, msg1, msg2)
{
  var res = -1;  if (document.getElementById) {
    res = flip(document.getElementById(szDivId));
  }
  else if (document.all) {
    // this is the way old msie versions work
    res = flip(document.all[szDivId]);
  }
  if(elem) {
    if(res == 0) elem.innerHTML = msg1; else elem.innerHTML = msg2;
  }

}

function toggleAllBoxes() {
  if (document.getElementsByTagName) {
    d = document.getElementsByTagName('div');
    for (i = 0; i < d.length; i++) {
      if (d[i].className == 'log') {
        flip(d[i]);
      }
    }
  }
}

// -->
</script>

</head>
<body>
<h2 align='center'>GRP-SI - WF 5,SI - WF 1</h2><table border='1' align="center">
<tr>
<td>Tests passed/Failed/Skipped:</td><td>0/2/0</td>
</tr><tr>
<td>Started on:</td><td>Tue Jul 12 14:48:49 IST 2016</td>
</tr>
<tr><td>Total time:</td><td>253 seconds (253722 ms)</td>
</tr><tr>
<td>Included groups:</td><td>SI - WF 5 SI - WF 1 </td>
</tr><tr>
<td>Excluded groups:</td><td></td>
</tr>
</table><p/>
<small><i>(Hover the method name to see the test class name)</i></small><p/>
<table width='100%' border='1' class='invocation-failed'>
<tr><td colspan='4' align='center'><b>FAILED TESTS</b></td></tr>
<tr><td><b>Test method</b></td>
<td width="30%"><b>Exception</b></td>
<td width="10%"><b>Time (seconds)</b></td>
<td><b>Instance</b></td>
</tr>
<tr>
<td title='com.tests.WorkFlow.SI_WF1_OG_DefaultLocation_DefaultCategory()'><b>SI_WF1_OG_DefaultLocation_DefaultCategory</b><br>Test class: com.tests.WorkFlow<br>Test method: SI - WF 1-OG + Dafault Loc + Default Category<br/>
<a href="#Output-1125964210" onClick='toggleBox("Output-1125964210", this, "Show output", "Hide output");'>Show output</a>

<a href="#Output-1125964210" onClick="toggleAllBoxes();">Show all outputs</a>
<div class='log' id="Output-1125964210">
[14:49:11] : <b><FONT SIZE="2">Launched Sysco UOM</FONT></b><br><br/>
[14:49:17] : <b><FONT SIZE="2">Login page verification :Pass</FONT></b><br><br/>
[14:49:19] : <b><FONT SIZE="2">Save username verification :Pass</FONT></b><br><br/>
[14:49:19] : <b><FONT SIZE="2">Sign In</FONT></b><br><br/>
[14:49:55] : <b><FONT SIZE="2">Sign in :Pass</FONT></b><br><br/>
[14:49:57] : <b><FONT COLOR="GREEN"><FONT SIZE="2">Navigating to Setup inventory page :Pass</FONT></FONT></b><br><br/>
[14:50:01] : <b><FONT COLOR="GREEN"><FONT SIZE="2">Tapped on skip :Pass</FONT></FONT></b><br><br/>
[14:50:04] : <b><FONT COLOR="GREEN"><FONT SIZE="2">Import item page verification done :Pass</FONT></FONT></b><br><br/>
[14:50:06] : <b><FONT COLOR="GREEN"><FONT SIZE="2">Selected  orderguide  from SetupInventoryImportItems:Pass</FONT></FONT></b><br><br/>
[14:50:07] : <b><FONT COLOR="GREEN"><FONT SIZE="2">Tapped on Continue :Pass</FONT></FONT></b><br><br/>
[14:50:07] : <b><FONT SIZE="2">Set up locations page verify </FONT></b><br><br/>
[14:50:09] : <b><FONT COLOR="GREEN"><FONT SIZE="2">Set up location verification done :Pass</FONT></FONT></b><br><br/>
[14:50:11] : <b><FONT COLOR="GREEN"><FONT SIZE="2">default location clicked :Pass</FONT></FONT></b><br><br/>
[14:50:13] : <b><FONT COLOR="GREEN"><FONT SIZE="2">Tapped on Continue :Pass</FONT></FONT></b><br><br/>
[14:50:36] : <b><FONT SIZE="2">VerifyOptionsOnSetUpFoodCost:Pass</FONT></b><br><br/>
[14:50:36] : <b><FONT COLOR="GREEN"><FONT SIZE="2">Category page verification done :Pass</FONT></FONT></b><br><br/>
[14:50:36] : <b><FONT SIZE="2">Selecting default category from Food cost page</FONT></b><br><br/>
[14:50:38] : <b><FONT COLOR="GREEN"><FONT SIZE="2">default Category selected :Pass</FONT></FONT></b><br><br/>
[14:50:40] : <b><FONT COLOR="GREEN"><FONT SIZE="2">Tapped on Complete :Pass</FONT></FONT></b><br><br/>
[14:51:06] : <b><FONT COLOR="GREEN"><FONT SIZE="2">Tapped on TakeHome :Pass</FONT></FONT></b><br><br/>
[14:51:50] : <b><FONT COLOR="GREEN"><FONT SIZE="2">Tapped  TrackInventory from inventory tools page:Pass</FONT></FONT></b><br><br/>
[14:51:50] : <b><FONT SIZE="2">Selecting location</FONT></b><br><br/>
[14:51:54] : <b><FONT COLOR="GREEN"><FONT SIZE="2">Location is selected for item :Pass</FONT></FONT></b><br><br/>
[14:52:02] : <b><FONT COLOR="GREEN"><FONT SIZE="2">Item verification done :Pass</FONT></FONT></b><br><br/>
[14:52:06] : <b><FONT COLOR="GREEN"><FONT SIZE="2">tap on back :Pass</FONT></FONT></b><br><br/>
[14:52:06] : <b><FONT SIZE="2">Verifying item count</FONT></b><br><br/>
[14:52:10] : <b><FONT COLOR="GREEN"><FONT SIZE="2">Item count verified :Pass</FONT></FONT></b><br><br/>
[14:52:10] : <b><FONT SIZE="2">Selecting location</FONT></b><br><br/>
[14:52:14] : <b><FONT COLOR="GREEN"><FONT SIZE="2">Location is selected for item :Pass</FONT></FONT></b><br><br/>
[14:52:22] : <b><FONT COLOR="GREEN"><FONT SIZE="2">Item verification done :Pass</FONT></FONT></b><br><br/>
[14:52:26] : <b><FONT COLOR="GREEN"><FONT SIZE="2">tap on back :Pass</FONT></FONT></b><br><br/>
[14:52:26] : <b><FONT SIZE="2">Verifying item count</FONT></b><br><br/>
[14:52:34] : <b><FONT COLOR="GREEN"><FONT SIZE="2">Item count verified,LocationName(x) :Fail</FONT></FONT></b><br><br/>
<b><font color='RED'>ERROR	:- expected [true] but found [false]</font></b><br/>
</div>
</td>
<td><div><pre>java.lang.AssertionError: expected [true] but found [false]
	at org.testng.Assert.fail(Assert.java:94)
	at org.testng.Assert.failNotEquals(Assert.java:513)
	at org.testng.Assert.assertTrue(Assert.java:42)
	at org.testng.Assert.assertTrue(Assert.java:52)
	at com.components.pages.LocationsPage.VerifyCountOfItemsInLocation(LocationsPage.java:2588)
	at com.tests.WorkFlow.SI_WF1_OG_DefaultLocation_DefaultCategory(WorkFlow.java:86)
	at sun.reflect.NativeMethodAccessorImpl.invoke0(Native Method)
	at sun.reflect.NativeMethodAccessorImpl.invoke(NativeMethodAccessorImpl.java:62)
	at sun.reflect.DelegatingMethodAccessorImpl.invoke(DelegatingMethodAccessorImpl.java:43)
	at java.lang.reflect.Method.invoke(Method.java:497)
	at org.testng.internal.MethodInvocationHelper.invokeMethod(MethodInvocationHelper.java:86)
	at org.testng.internal.Invoker.invokeMethod(Invoker.java:646)
	at org.testng.internal.Invoker.invokeTestMethod(Invoker.java:823)
	at org.testng.internal.Invoker.invokeTestMethods(Invoker.java:1131)
	at org.testng.internal.TestMethodWorker.invokeTestMethods(TestMethodWorker.java:129)
	at org.testng.internal.TestMethodWorker.run(TestMethodWorker.java:112)
	at org.testng.TestRunner.privateRun(TestRunner.java:778)
	at org.testng.TestRunner.run(TestRunner.java:632)
	at org.testng.SuiteRunner.runTest(SuiteRunner.java:366)
	at org.testng.SuiteRunner.runSequentially(SuiteRunner.java:361)
	at org.testng.SuiteRunner.privateRun(SuiteRunner.java:319)
	at org.testng.SuiteRunner.run(SuiteRunner.java:268)
	at org.testng.SuiteRunnerWorker.runSuite(SuiteRunnerWorker.java:52)
	at org.testng.SuiteRunnerWorker.run(SuiteRunnerWorker.java:86)
	at org.testng.TestNG.runSuitesSequentially(TestNG.java:1225)
	at org.testng.TestNG.runSuitesLocally(TestNG.java:1150)
	at org.testng.TestNG.runSuites(TestNG.java:1075)
	at org.testng.TestNG.run(TestNG.java:1047)
	at org.testng.remote.AbstractRemoteTestNG.run(AbstractRemoteTestNG.java:126)
	at org.testng.remote.RemoteTestNG.initAndRun(RemoteTestNG.java:137)
	at org.testng.remote.RemoteTestNG.main(RemoteTestNG.java:58)
</pre></div><a href='#' onClick='toggleBox("stack-trace1125964210", this, "Click to show all stack frames", "Click to hide stack frames")'>Click to show all stack frames</a>
<div class='stack-trace' id='stack-trace1125964210'><pre>java.lang.AssertionError: expected [true] but found [false]
	at org.testng.Assert.fail(Assert.java:94)
	at org.testng.Assert.failNotEquals(Assert.java:513)
	at org.testng.Assert.assertTrue(Assert.java:42)
	at org.testng.Assert.assertTrue(Assert.java:52)
	at com.components.pages.LocationsPage.VerifyCountOfItemsInLocation(LocationsPage.java:2588)
	at com.tests.WorkFlow.SI_WF1_OG_DefaultLocation_DefaultCategory(WorkFlow.java:86)
	at sun.reflect.NativeMethodAccessorImpl.invoke0(Native Method)
	at sun.reflect.NativeMethodAccessorImpl.invoke(NativeMethodAccessorImpl.java:62)
	at sun.reflect.DelegatingMethodAccessorImpl.invoke(DelegatingMethodAccessorImpl.java:43)
	at java.lang.reflect.Method.invoke(Method.java:497)
	at org.testng.internal.MethodInvocationHelper.invokeMethod(MethodInvocationHelper.java:86)
	at org.testng.internal.Invoker.invokeMethod(Invoker.java:646)
	at org.testng.internal.Invoker.invokeTestMethod(Invoker.java:823)
	at org.testng.internal.Invoker.invokeTestMethods(Invoker.java:1131)
	at org.testng.internal.TestMethodWorker.invokeTestMethods(TestMethodWorker.java:129)
	at org.testng.internal.TestMethodWorker.run(TestMethodWorker.java:112)
	at org.testng.TestRunner.privateRun(TestRunner.java:778)
	at org.testng.TestRunner.run(TestRunner.java:632)
	at org.testng.SuiteRunner.runTest(SuiteRunner.java:366)
	at org.testng.SuiteRunner.runSequentially(SuiteRunner.java:361)
	at org.testng.SuiteRunner.privateRun(SuiteRunner.java:319)
	at org.testng.SuiteRunner.run(SuiteRunner.java:268)
	at org.testng.SuiteRunnerWorker.runSuite(SuiteRunnerWorker.java:52)
	at org.testng.SuiteRunnerWorker.run(SuiteRunnerWorker.java:86)
	at org.testng.TestNG.runSuitesSequentially(TestNG.java:1225)
	at org.testng.TestNG.runSuitesLocally(TestNG.java:1150)
	at org.testng.TestNG.runSuites(TestNG.java:1075)
	at org.testng.TestNG.run(TestNG.java:1047)
	at org.testng.remote.AbstractRemoteTestNG.run(AbstractRemoteTestNG.java:126)
	at org.testng.remote.RemoteTestNG.initAndRun(RemoteTestNG.java:137)
	at org.testng.remote.RemoteTestNG.main(RemoteTestNG.java:58)
</pre></div></td>
<td>224</td>
<td>com.tests.WorkFlow@4667ae56</td></tr>
<tr>
<td title='com.tests.WorkFlow.SI_WF5_OG_CustomLocation_DefaultCategory()'><b>SI_WF5_OG_CustomLocation_DefaultCategory</b><br>Test class: com.tests.WorkFlow<br>Test method: SI - WF 5-OG + Custom Loc + Default Category<br/>
<a href="#Output-1593458942" onClick='toggleBox("Output-1593458942", this, "Show output", "Hide output");'>Show output</a>

<a href="#Output-1593458942" onClick="toggleAllBoxes();">Show all outputs</a>
<div class='log' id="Output-1593458942">
<b><font color='RED'>ERROR	:- An unknown server-side error occurred while processing the command. Original error: Bad app: /Users/naveen_raj04/Desktop/UOM_Files/Builds/june 22/UOMQASQ.ipa. App paths need to be absolute, or relative to the appium server install dir, or a URL to compressed file, or a special app name. (WARNING: The server did not provide any stacktrace information)
Command duration or timeout: 48 milliseconds
Build info: version: '2.51.0', revision: '1af067d', time: '2016-02-05 19:15:17'
System info: host: 'tvmatp312483m.ad.infosys.com', ip: '10.155.162.74', os.name: 'Mac OS X', os.arch: 'x86_64', os.version: '10.11.4', java.version: '1.8.0_40'
Driver info: io.appium.java_client.ios.IOSDriver</font></b><br/>
</div>
</td>
<td><div><pre>org.openqa.selenium.WebDriverException: An unknown server-side error occurred while processing the command. Original error: Bad app: /Users/naveen_raj04/Desktop/UOM_Files/Builds/june 22/UOMQASQ.ipa. App paths need to be absolute, or relative to the appium server install dir, or a URL to compressed file, or a special app name. (WARNING: The server did not provide any stacktrace information)
Command duration or timeout: 48 milliseconds
Build info: version: &apos;2.51.0&apos;, revision: &apos;1af067d&apos;, time: &apos;2016-02-05 19:15:17&apos;
System info: host: &apos;tvmatp312483m.ad.infosys.com&apos;, ip: &apos;10.155.162.74&apos;, os.name: &apos;Mac OS X&apos;, os.arch: &apos;x86_64&apos;, os.version: &apos;10.11.4&apos;, java.version: &apos;1.8.0_40&apos;
Driver info: io.appium.java_client.ios.IOSDriver
	at sun.reflect.NativeConstructorAccessorImpl.newInstance0(Native Method)
	at sun.reflect.NativeConstructorAccessorImpl.newInstance(NativeConstructorAccessorImpl.java:62)
	at sun.reflect.DelegatingConstructorAccessorImpl.newInstance(DelegatingConstructorAccessorImpl.java:45)
	at java.lang.reflect.Constructor.newInstance(Constructor.java:422)
	at org.openqa.selenium.remote.ErrorHandler.createThrowable(ErrorHandler.java:206)
	at org.openqa.selenium.remote.ErrorHandler.throwIfResponseFailed(ErrorHandler.java:158)
	at org.openqa.selenium.remote.RemoteWebDriver.execute(RemoteWebDriver.java:678)
	at io.appium.java_client.DefaultGenericMobileDriver.execute(DefaultGenericMobileDriver.java:42)
	at io.appium.java_client.AppiumDriver.execute(AppiumDriver.java:1)
	at io.appium.java_client.ios.IOSDriver.execute(IOSDriver.java:1)
	at org.openqa.selenium.remote.RemoteWebDriver.startSession(RemoteWebDriver.java:249)
	at org.openqa.selenium.remote.RemoteWebDriver.&lt;init&gt;(RemoteWebDriver.java:131)
	at org.openqa.selenium.remote.RemoteWebDriver.&lt;init&gt;(RemoteWebDriver.java:144)
	at io.appium.java_client.DefaultGenericMobileDriver.&lt;init&gt;(DefaultGenericMobileDriver.java:37)
	at io.appium.java_client.AppiumDriver.&lt;init&gt;(AppiumDriver.java:160)
	at io.appium.java_client.AppiumDriver.&lt;init&gt;(AppiumDriver.java:168)
	at io.appium.java_client.ios.IOSDriver.&lt;init&gt;(IOSDriver.java:56)
	at zRfghY.t.b(WebDriverInstanceGenerator.java:86)
	at zRfghY.s.a(WebDriverFactory.java:36)
	at zRfghY.p.&lt;init&gt;(ThreadFactory.java:101)
	at zRfghY.p$1.c(ThreadFactory.java:97)
	at zRfghY.p$1.initialValue(ThreadFactory.java:95)
	at java.lang.ThreadLocal.setInitialValue(ThreadLocal.java:180)
	at java.lang.ThreadLocal.get(ThreadLocal.java:170)
	at zRfghY.p.b(ThreadFactory.java:165)
	at com.iwaf.framework.testng.TestNGTestListener.onTestStart(TestNGTestListener.java:349)
	at org.testng.internal.Invoker.runTestListeners(Invoker.java:1670)
	at org.testng.internal.Invoker.runTestListeners(Invoker.java:1645)
	at org.testng.internal.Invoker.invokeMethod(Invoker.java:621)
	at org.testng.internal.Invoker.invokeTestMethod(Invoker.java:823)
	at org.testng.internal.Invoker.invokeTestMethods(Invoker.java:1131)
	at org.testng.internal.TestMethodWorker.invokeTestMethods(TestMethodWorker.java:129)
	at org.testng.internal.TestMethodWorker.run(TestMethodWorker.java:112)
	at org.testng.TestRunner.privateRun(TestRunner.java:778)
	at org.testng.TestRunner.run(TestRunner.java:632)
	at org.testng.SuiteRunner.runTest(SuiteRunner.java:366)
	at org.testng.SuiteRunner.runSequentially(SuiteRunner.java:361)
	at org.testng.SuiteRunner.privateRun(SuiteRunner.java:319)
	at org.testng.SuiteRunner.run(SuiteRunner.java:268)
	at org.testng.SuiteRunnerWorker.runSuite(SuiteRunnerWorker.java:52)
	at org.testng.SuiteRunnerWorker.run(SuiteRunnerWorker.java:86)
	at org.testng.TestNG.runSuitesSequentially(TestNG.java:1225)
	at org.testng.TestNG.runSuitesLocally(TestNG.java:1150)
	at org.testng.TestNG.runSuites(TestNG.java:1075)
	at org.testng.TestNG.run(TestNG.java:1047)
	at org.testng.remote.AbstractRemoteTestNG.run(AbstractRemoteTestNG.java:126)
	at org.testng.remote.RemoteTestNG.initAndRun(RemoteTestNG.java:137)
	at org.testng.remote.RemoteTestNG.main(RemoteTestNG.java:58)
</pre></div><a href='#' onClick='toggleBox("stack-trace1593458942", this, "Click to show all stack frames", "Click to hide stack frames")'>Click to show all stack frames</a>
<div class='stack-trace' id='stack-trace1593458942'><pre>org.openqa.selenium.WebDriverException: An unknown server-side error occurred while processing the command. Original error: Bad app: /Users/naveen_raj04/Desktop/UOM_Files/Builds/june 22/UOMQASQ.ipa. App paths need to be absolute, or relative to the appium server install dir, or a URL to compressed file, or a special app name. (WARNING: The server did not provide any stacktrace information)
Command duration or timeout: 48 milliseconds
Build info: version: &apos;2.51.0&apos;, revision: &apos;1af067d&apos;, time: &apos;2016-02-05 19:15:17&apos;
System info: host: &apos;tvmatp312483m.ad.infosys.com&apos;, ip: &apos;10.155.162.74&apos;, os.name: &apos;Mac OS X&apos;, os.arch: &apos;x86_64&apos;, os.version: &apos;10.11.4&apos;, java.version: &apos;1.8.0_40&apos;
Driver info: io.appium.java_client.ios.IOSDriver
	at sun.reflect.NativeConstructorAccessorImpl.newInstance0(Native Method)
	at sun.reflect.NativeConstructorAccessorImpl.newInstance(NativeConstructorAccessorImpl.java:62)
	at sun.reflect.DelegatingConstructorAccessorImpl.newInstance(DelegatingConstructorAccessorImpl.java:45)
	at java.lang.reflect.Constructor.newInstance(Constructor.java:422)
	at org.openqa.selenium.remote.ErrorHandler.createThrowable(ErrorHandler.java:206)
	at org.openqa.selenium.remote.ErrorHandler.throwIfResponseFailed(ErrorHandler.java:158)
	at org.openqa.selenium.remote.RemoteWebDriver.execute(RemoteWebDriver.java:678)
	at io.appium.java_client.DefaultGenericMobileDriver.execute(DefaultGenericMobileDriver.java:42)
	at io.appium.java_client.AppiumDriver.execute(AppiumDriver.java:1)
	at io.appium.java_client.ios.IOSDriver.execute(IOSDriver.java:1)
	at org.openqa.selenium.remote.RemoteWebDriver.startSession(RemoteWebDriver.java:249)
	at org.openqa.selenium.remote.RemoteWebDriver.&lt;init&gt;(RemoteWebDriver.java:131)
	at org.openqa.selenium.remote.RemoteWebDriver.&lt;init&gt;(RemoteWebDriver.java:144)
	at io.appium.java_client.DefaultGenericMobileDriver.&lt;init&gt;(DefaultGenericMobileDriver.java:37)
	at io.appium.java_client.AppiumDriver.&lt;init&gt;(AppiumDriver.java:160)
	at io.appium.java_client.AppiumDriver.&lt;init&gt;(AppiumDriver.java:168)
	at io.appium.java_client.ios.IOSDriver.&lt;init&gt;(IOSDriver.java:56)
	at zRfghY.t.b(WebDriverInstanceGenerator.java:86)
	at zRfghY.s.a(WebDriverFactory.java:36)
	at zRfghY.p.&lt;init&gt;(ThreadFactory.java:101)
	at zRfghY.p$1.c(ThreadFactory.java:97)
	at zRfghY.p$1.initialValue(ThreadFactory.java:95)
	at java.lang.ThreadLocal.setInitialValue(ThreadLocal.java:180)
	at java.lang.ThreadLocal.get(ThreadLocal.java:170)
	at zRfghY.p.b(ThreadFactory.java:165)
	at com.iwaf.framework.testng.TestNGTestListener.onTestStart(TestNGTestListener.java:349)
	at org.testng.internal.Invoker.runTestListeners(Invoker.java:1670)
	at org.testng.internal.Invoker.runTestListeners(Invoker.java:1645)
	at org.testng.internal.Invoker.invokeMethod(Invoker.java:621)
	at org.testng.internal.Invoker.invokeTestMethod(Invoker.java:823)
	at org.testng.internal.Invoker.invokeTestMethods(Invoker.java:1131)
	at org.testng.internal.TestMethodWorker.invokeTestMethods(TestMethodWorker.java:129)
	at org.testng.internal.TestMethodWorker.run(TestMethodWorker.java:112)
	at org.testng.TestRunner.privateRun(TestRunner.java:778)
	at org.testng.TestRunner.run(TestRunner.java:632)
	at org.testng.SuiteRunner.runTest(SuiteRunner.java:366)
	at org.testng.SuiteRunner.runSequentially(SuiteRunner.java:361)
	at org.testng.SuiteRunner.privateRun(SuiteRunner.java:319)
	at org.testng.SuiteRunner.run(SuiteRunner.java:268)
	at org.testng.SuiteRunnerWorker.runSuite(SuiteRunnerWorker.java:52)
	at org.testng.SuiteRunnerWorker.run(SuiteRunnerWorker.java:86)
	at org.testng.TestNG.runSuitesSequentially(TestNG.java:1225)
	at org.testng.TestNG.runSuitesLocally(TestNG.java:1150)
	at org.testng.TestNG.runSuites(TestNG.java:1075)
	at org.testng.TestNG.run(TestNG.java:1047)
	at org.testng.remote.AbstractRemoteTestNG.run(AbstractRemoteTestNG.java:126)
	at org.testng.remote.RemoteTestNG.initAndRun(RemoteTestNG.java:137)
	at org.testng.remote.RemoteTestNG.main(RemoteTestNG.java:58)
</pre></div></td>
<td>0</td>
<td>com.tests.WorkFlow@4667ae56</td></tr>
<tr>
<td title='com.tests.WorkFlow.SI_WF5_OG_CustomLocation_DefaultCategory()'><b>SI_WF5_OG_CustomLocation_DefaultCategory</b><br>Test class: com.tests.WorkFlow<br>Test method: SI - WF 5-OG + Custom Loc + Default Category<br/>
<a href="#Output-479920916" onClick='toggleBox("Output-479920916", this, "Show output", "Hide output");'>Show output</a>

<a href="#Output-479920916" onClick="toggleAllBoxes();">Show all outputs</a>
<div class='log' id="Output-479920916">
<b><font color='RED'>ERROR	:- An unknown server-side error occurred while processing the command. Original error: Bad app: /Users/naveen_raj04/Desktop/UOM_Files/Builds/june 22/UOMQASQ.ipa. App paths need to be absolute, or relative to the appium server install dir, or a URL to compressed file, or a special app name. (WARNING: The server did not provide any stacktrace information)
Command duration or timeout: 148 milliseconds
Build info: version: '2.51.0', revision: '1af067d', time: '2016-02-05 19:15:17'
System info: host: 'tvmatp312483m.ad.infosys.com', ip: '10.155.162.74', os.name: 'Mac OS X', os.arch: 'x86_64', os.version: '10.11.4', java.version: '1.8.0_40'
Driver info: io.appium.java_client.ios.IOSDriver</font></b><br/>
</div>
</td>
<td><div><pre>org.openqa.selenium.WebDriverException: An unknown server-side error occurred while processing the command. Original error: Bad app: /Users/naveen_raj04/Desktop/UOM_Files/Builds/june 22/UOMQASQ.ipa. App paths need to be absolute, or relative to the appium server install dir, or a URL to compressed file, or a special app name. (WARNING: The server did not provide any stacktrace information)
Command duration or timeout: 148 milliseconds
Build info: version: &apos;2.51.0&apos;, revision: &apos;1af067d&apos;, time: &apos;2016-02-05 19:15:17&apos;
System info: host: &apos;tvmatp312483m.ad.infosys.com&apos;, ip: &apos;10.155.162.74&apos;, os.name: &apos;Mac OS X&apos;, os.arch: &apos;x86_64&apos;, os.version: &apos;10.11.4&apos;, java.version: &apos;1.8.0_40&apos;
Driver info: io.appium.java_client.ios.IOSDriver
	at sun.reflect.NativeConstructorAccessorImpl.newInstance0(Native Method)
	at sun.reflect.NativeConstructorAccessorImpl.newInstance(NativeConstructorAccessorImpl.java:62)
	at sun.reflect.DelegatingConstructorAccessorImpl.newInstance(DelegatingConstructorAccessorImpl.java:45)
	at java.lang.reflect.Constructor.newInstance(Constructor.java:422)
	at org.openqa.selenium.remote.ErrorHandler.createThrowable(ErrorHandler.java:206)
	at org.openqa.selenium.remote.ErrorHandler.throwIfResponseFailed(ErrorHandler.java:158)
	at org.openqa.selenium.remote.RemoteWebDriver.execute(RemoteWebDriver.java:678)
	at io.appium.java_client.DefaultGenericMobileDriver.execute(DefaultGenericMobileDriver.java:42)
	at io.appium.java_client.AppiumDriver.execute(AppiumDriver.java:1)
	at io.appium.java_client.ios.IOSDriver.execute(IOSDriver.java:1)
	at org.openqa.selenium.remote.RemoteWebDriver.startSession(RemoteWebDriver.java:249)
	at org.openqa.selenium.remote.RemoteWebDriver.&lt;init&gt;(RemoteWebDriver.java:131)
	at org.openqa.selenium.remote.RemoteWebDriver.&lt;init&gt;(RemoteWebDriver.java:144)
	at io.appium.java_client.DefaultGenericMobileDriver.&lt;init&gt;(DefaultGenericMobileDriver.java:37)
	at io.appium.java_client.AppiumDriver.&lt;init&gt;(AppiumDriver.java:160)
	at io.appium.java_client.AppiumDriver.&lt;init&gt;(AppiumDriver.java:168)
	at io.appium.java_client.ios.IOSDriver.&lt;init&gt;(IOSDriver.java:56)
	at zRfghY.t.b(WebDriverInstanceGenerator.java:86)
	at zRfghY.s.a(WebDriverFactory.java:36)
	at zRfghY.p.&lt;init&gt;(ThreadFactory.java:101)
	at zRfghY.p$1.c(ThreadFactory.java:97)
	at zRfghY.p$1.initialValue(ThreadFactory.java:95)
	at java.lang.ThreadLocal.setInitialValue(ThreadLocal.java:180)
	at java.lang.ThreadLocal.get(ThreadLocal.java:170)
	at zRfghY.p.b(ThreadFactory.java:165)
	at com.iwaf.framework.testng.TestNGTestListener.onTestFailure(TestNGTestListener.java:254)
	at org.testng.internal.Invoker.runTestListeners(Invoker.java:1661)
	at org.testng.internal.Invoker.runTestListeners(Invoker.java:1645)
	at org.testng.internal.Invoker.invokeMethod(Invoker.java:703)
	at org.testng.internal.Invoker.invokeTestMethod(Invoker.java:823)
	at org.testng.internal.Invoker.invokeTestMethods(Invoker.java:1131)
	at org.testng.internal.TestMethodWorker.invokeTestMethods(TestMethodWorker.java:129)
	at org.testng.internal.TestMethodWorker.run(TestMethodWorker.java:112)
	at org.testng.TestRunner.privateRun(TestRunner.java:778)
	at org.testng.TestRunner.run(TestRunner.java:632)
	at org.testng.SuiteRunner.runTest(SuiteRunner.java:366)
	at org.testng.SuiteRunner.runSequentially(SuiteRunner.java:361)
	at org.testng.SuiteRunner.privateRun(SuiteRunner.java:319)
	at org.testng.SuiteRunner.run(SuiteRunner.java:268)
	at org.testng.SuiteRunnerWorker.runSuite(SuiteRunnerWorker.java:52)
	at org.testng.SuiteRunnerWorker.run(SuiteRunnerWorker.java:86)
	at org.testng.TestNG.runSuitesSequentially(TestNG.java:1225)
	at org.testng.TestNG.runSuitesLocally(TestNG.java:1150)
	at org.testng.TestNG.runSuites(TestNG.java:1075)
	at org.testng.TestNG.run(TestNG.java:1047)
	at org.testng.remote.AbstractRemoteTestNG.run(AbstractRemoteTestNG.java:126)
	at org.testng.remote.RemoteTestNG.initAndRun(RemoteTestNG.java:137)
	at org.testng.remote.RemoteTestNG.main(RemoteTestNG.java:58)
</pre></div><a href='#' onClick='toggleBox("stack-trace479920916", this, "Click to show all stack frames", "Click to hide stack frames")'>Click to show all stack frames</a>
<div class='stack-trace' id='stack-trace479920916'><pre>org.openqa.selenium.WebDriverException: An unknown server-side error occurred while processing the command. Original error: Bad app: /Users/naveen_raj04/Desktop/UOM_Files/Builds/june 22/UOMQASQ.ipa. App paths need to be absolute, or relative to the appium server install dir, or a URL to compressed file, or a special app name. (WARNING: The server did not provide any stacktrace information)
Command duration or timeout: 148 milliseconds
Build info: version: &apos;2.51.0&apos;, revision: &apos;1af067d&apos;, time: &apos;2016-02-05 19:15:17&apos;
System info: host: &apos;tvmatp312483m.ad.infosys.com&apos;, ip: &apos;10.155.162.74&apos;, os.name: &apos;Mac OS X&apos;, os.arch: &apos;x86_64&apos;, os.version: &apos;10.11.4&apos;, java.version: &apos;1.8.0_40&apos;
Driver info: io.appium.java_client.ios.IOSDriver
	at sun.reflect.NativeConstructorAccessorImpl.newInstance0(Native Method)
	at sun.reflect.NativeConstructorAccessorImpl.newInstance(NativeConstructorAccessorImpl.java:62)
	at sun.reflect.DelegatingConstructorAccessorImpl.newInstance(DelegatingConstructorAccessorImpl.java:45)
	at java.lang.reflect.Constructor.newInstance(Constructor.java:422)
	at org.openqa.selenium.remote.ErrorHandler.createThrowable(ErrorHandler.java:206)
	at org.openqa.selenium.remote.ErrorHandler.throwIfResponseFailed(ErrorHandler.java:158)
	at org.openqa.selenium.remote.RemoteWebDriver.execute(RemoteWebDriver.java:678)
	at io.appium.java_client.DefaultGenericMobileDriver.execute(DefaultGenericMobileDriver.java:42)
	at io.appium.java_client.AppiumDriver.execute(AppiumDriver.java:1)
	at io.appium.java_client.ios.IOSDriver.execute(IOSDriver.java:1)
	at org.openqa.selenium.remote.RemoteWebDriver.startSession(RemoteWebDriver.java:249)
	at org.openqa.selenium.remote.RemoteWebDriver.&lt;init&gt;(RemoteWebDriver.java:131)
	at org.openqa.selenium.remote.RemoteWebDriver.&lt;init&gt;(RemoteWebDriver.java:144)
	at io.appium.java_client.DefaultGenericMobileDriver.&lt;init&gt;(DefaultGenericMobileDriver.java:37)
	at io.appium.java_client.AppiumDriver.&lt;init&gt;(AppiumDriver.java:160)
	at io.appium.java_client.AppiumDriver.&lt;init&gt;(AppiumDriver.java:168)
	at io.appium.java_client.ios.IOSDriver.&lt;init&gt;(IOSDriver.java:56)
	at zRfghY.t.b(WebDriverInstanceGenerator.java:86)
	at zRfghY.s.a(WebDriverFactory.java:36)
	at zRfghY.p.&lt;init&gt;(ThreadFactory.java:101)
	at zRfghY.p$1.c(ThreadFactory.java:97)
	at zRfghY.p$1.initialValue(ThreadFactory.java:95)
	at java.lang.ThreadLocal.setInitialValue(ThreadLocal.java:180)
	at java.lang.ThreadLocal.get(ThreadLocal.java:170)
	at zRfghY.p.b(ThreadFactory.java:165)
	at com.iwaf.framework.testng.TestNGTestListener.onTestFailure(TestNGTestListener.java:254)
	at org.testng.internal.Invoker.runTestListeners(Invoker.java:1661)
	at org.testng.internal.Invoker.runTestListeners(Invoker.java:1645)
	at org.testng.internal.Invoker.invokeMethod(Invoker.java:703)
	at org.testng.internal.Invoker.invokeTestMethod(Invoker.java:823)
	at org.testng.internal.Invoker.invokeTestMethods(Invoker.java:1131)
	at org.testng.internal.TestMethodWorker.invokeTestMethods(TestMethodWorker.java:129)
	at org.testng.internal.TestMethodWorker.run(TestMethodWorker.java:112)
	at org.testng.TestRunner.privateRun(TestRunner.java:778)
	at org.testng.TestRunner.run(TestRunner.java:632)
	at org.testng.SuiteRunner.runTest(SuiteRunner.java:366)
	at org.testng.SuiteRunner.runSequentially(SuiteRunner.java:361)
	at org.testng.SuiteRunner.privateRun(SuiteRunner.java:319)
	at org.testng.SuiteRunner.run(SuiteRunner.java:268)
	at org.testng.SuiteRunnerWorker.runSuite(SuiteRunnerWorker.java:52)
	at org.testng.SuiteRunnerWorker.run(SuiteRunnerWorker.java:86)
	at org.testng.TestNG.runSuitesSequentially(TestNG.java:1225)
	at org.testng.TestNG.runSuitesLocally(TestNG.java:1150)
	at org.testng.TestNG.runSuites(TestNG.java:1075)
	at org.testng.TestNG.run(TestNG.java:1047)
	at org.testng.remote.AbstractRemoteTestNG.run(AbstractRemoteTestNG.java:126)
	at org.testng.remote.RemoteTestNG.initAndRun(RemoteTestNG.java:137)
	at org.testng.remote.RemoteTestNG.main(RemoteTestNG.java:58)
</pre></div></td>
<td>0</td>
<td>com.tests.WorkFlow@4667ae56</td></tr>
</table><p>
</body>
</html>