<html>
<head>
<title>TestNG:  GRP-SI - WF 24,SI - WF 25,SI - WF 7,SI - WF 33,SI - WF 23,SI - WF 34,SI - WF 9,SI - WF 26</title>
<link href="../testng.css" rel="stylesheet" type="text/css" />
<link href="../my-testng.css" rel="stylesheet" type="text/css" />

<style type="text/css">
.log { display: none;} 
.stack-trace { display: none;} 
</style>
<script type="text/javascript">
<!--
function flip(e) {
  current = e.style.display;
  if (current == 'block') {
    e.style.display = 'none';
    return 0;
  }
  else {
    e.style.display = 'block';
    return 1;
  }
}

function toggleBox(szDivId, elem, msg1, msg2)
{
  var res = -1;  if (document.getElementById) {
    res = flip(document.getElementById(szDivId));
  }
  else if (document.all) {
    // this is the way old msie versions work
    res = flip(document.all[szDivId]);
  }
  if(elem) {
    if(res == 0) elem.innerHTML = msg1; else elem.innerHTML = msg2;
  }

}

function toggleAllBoxes() {
  if (document.getElementsByTagName) {
    d = document.getElementsByTagName('div');
    for (i = 0; i < d.length; i++) {
      if (d[i].className == 'log') {
        flip(d[i]);
      }
    }
  }
}

// -->
</script>

</head>
<body>
<h2 align='center'>GRP-SI - WF 24,SI - WF 25,SI - WF 7,SI - WF 33,SI - WF 23,SI - WF 34,SI - WF 9,SI - WF 26</h2><table border='1' align="center">
<tr>
<td>Tests passed/Failed/Skipped:</td><td>2/6/0</td>
</tr><tr>
<td>Started on:</td><td>Tue Jul 12 15:47:09 IST 2016</td>
</tr>
<tr><td>Total time:</td><td>997 seconds (997966 ms)</td>
</tr><tr>
<td>Included groups:</td><td>SI - WF 26 SI - WF 9 SI - WF 33 SI - WF 34 SI - WF 7 SI - WF 23 SI - WF 24 SI - WF 25 </td>
</tr><tr>
<td>Excluded groups:</td><td></td>
</tr>
</table><p/>
<small><i>(Hover the method name to see the test class name)</i></small><p/>
<table width='100%' border='1' class='invocation-failed'>
<tr><td colspan='4' align='center'><b>FAILED TESTS</b></td></tr>
<tr><td><b>Test method</b></td>
<td width="30%"><b>Exception</b></td>
<td width="10%"><b>Time (seconds)</b></td>
<td><b>Instance</b></td>
</tr>
<tr>
<td title='com.tests.WorkFlow.SI_WF24_CustomList_SkipLoc_Skipcategory()'><b>SI_WF24_CustomList_SkipLoc_Skipcategory</b><br>Test class: com.tests.WorkFlow<br>Test method: SI - WF 24-Custom List + Skip location+ Skip Category<br/>
<a href="#Output-2033540808" onClick='toggleBox("Output-2033540808", this, "Show output", "Hide output");'>Show output</a>

<a href="#Output-2033540808" onClick="toggleAllBoxes();">Show all outputs</a>
<div class='log' id="Output-2033540808">
[15:50:38] : <b><FONT SIZE="2">Launched Sysco UOM</FONT></b><br><br/>
[15:50:43] : <b><FONT SIZE="2">Login page verification :Pass</FONT></b><br><br/>
[15:50:43] : <b><FONT SIZE="2">Save username verification :Pass</FONT></b><br><br/>
[15:50:43] : <b><FONT SIZE="2">Sign In</FONT></b><br><br/>
[15:51:05] : <b><FONT SIZE="2">Sign in :Pass</FONT></b><br><br/>
[15:51:05] : <b><FONT COLOR="GREEN"><FONT SIZE="2">Navigating to Setup inventory page :Pass</FONT></FONT></b><br><br/>
[15:51:07] : <b><FONT COLOR="GREEN"><FONT SIZE="2">Tapped on skip :Pass</FONT></FONT></b><br><br/>
[15:51:07] : <b><FONT SIZE="2">Selecting custom list  </FONT></b><br><br/>
[15:51:07] : <b><FONT COLOR="GREEN"><FONT SIZE="2">Selected  custom list  from SetupInventoryImportItems:Pass</FONT></FONT></b><br><br/>
[15:51:07] : <b><FONT COLOR="GREEN"><FONT SIZE="2">Tapped on Continue :Pass</FONT></FONT></b><br><br/>
[15:51:07] : <b><FONT SIZE="2">Selecting list</FONT></b><br><br/>
[15:51:12] : <b><FONT COLOR="GREEN"><FONT SIZE="2">List is selected :Pass</FONT></FONT></b><br><br/>
[15:52:20] : <b><FONT COLOR="GREEN"><FONT SIZE="2">Tapped on DoThisLater :Fail</FONT></FONT></b><br><br/>
<b><font color='RED'>ERROR	:- expected [true] but found [false]</font></b><br/>
</div>
</td>
<td><div><pre>java.lang.AssertionError: expected [true] but found [false]
	at org.testng.Assert.fail(Assert.java:94)
	at org.testng.Assert.failNotEquals(Assert.java:513)
	at org.testng.Assert.assertTrue(Assert.java:42)
	at org.testng.Assert.assertTrue(Assert.java:52)
	at com.components.pages.SetupInventoryPage.TapOnDOThisLater(SetupInventoryPage.java:1055)
	at com.tests.WorkFlow.SI_WF24_CustomList_SkipLoc_Skipcategory(WorkFlow.java:1898)
	at sun.reflect.NativeMethodAccessorImpl.invoke0(Native Method)
	at sun.reflect.NativeMethodAccessorImpl.invoke(NativeMethodAccessorImpl.java:57)
	at sun.reflect.DelegatingMethodAccessorImpl.invoke(DelegatingMethodAccessorImpl.java:43)
	at java.lang.reflect.Method.invoke(Method.java:606)
	at org.testng.internal.MethodInvocationHelper.invokeMethod(MethodInvocationHelper.java:86)
	at org.testng.internal.Invoker.invokeMethod(Invoker.java:645)
	at org.testng.internal.Invoker.invokeTestMethod(Invoker.java:822)
	at org.testng.internal.Invoker.invokeTestMethods(Invoker.java:1130)
	at org.testng.internal.TestMethodWorker.invokeTestMethods(TestMethodWorker.java:129)
	at org.testng.internal.TestMethodWorker.run(TestMethodWorker.java:112)
	at org.testng.TestRunner.privateRun(TestRunner.java:782)
	at org.testng.TestRunner.run(TestRunner.java:632)
	at org.testng.SuiteRunner.runTest(SuiteRunner.java:366)
	at org.testng.SuiteRunner.runSequentially(SuiteRunner.java:361)
	at org.testng.SuiteRunner.privateRun(SuiteRunner.java:319)
	at org.testng.SuiteRunner.run(SuiteRunner.java:268)
	at org.testng.SuiteRunnerWorker.runSuite(SuiteRunnerWorker.java:52)
	at org.testng.SuiteRunnerWorker.run(SuiteRunnerWorker.java:86)
	at org.testng.TestNG.runSuitesSequentially(TestNG.java:1244)
	at org.testng.TestNG.runSuitesLocally(TestNG.java:1169)
	at org.testng.TestNG.run(TestNG.java:1064)
	at org.testng.remote.RemoteTestNG.run(RemoteTestNG.java:113)
	at org.testng.remote.RemoteTestNG.initAndRun(RemoteTestNG.java:206)
	at org.testng.remote.RemoteTestNG.main(RemoteTestNG.java:177)
</pre></div><a href='#' onClick='toggleBox("stack-trace2033540808", this, "Click to show all stack frames", "Click to hide stack frames")'>Click to show all stack frames</a>
<div class='stack-trace' id='stack-trace2033540808'><pre>java.lang.AssertionError: expected [true] but found [false]
	at org.testng.Assert.fail(Assert.java:94)
	at org.testng.Assert.failNotEquals(Assert.java:513)
	at org.testng.Assert.assertTrue(Assert.java:42)
	at org.testng.Assert.assertTrue(Assert.java:52)
	at com.components.pages.SetupInventoryPage.TapOnDOThisLater(SetupInventoryPage.java:1055)
	at com.tests.WorkFlow.SI_WF24_CustomList_SkipLoc_Skipcategory(WorkFlow.java:1898)
	at sun.reflect.NativeMethodAccessorImpl.invoke0(Native Method)
	at sun.reflect.NativeMethodAccessorImpl.invoke(NativeMethodAccessorImpl.java:57)
	at sun.reflect.DelegatingMethodAccessorImpl.invoke(DelegatingMethodAccessorImpl.java:43)
	at java.lang.reflect.Method.invoke(Method.java:606)
	at org.testng.internal.MethodInvocationHelper.invokeMethod(MethodInvocationHelper.java:86)
	at org.testng.internal.Invoker.invokeMethod(Invoker.java:645)
	at org.testng.internal.Invoker.invokeTestMethod(Invoker.java:822)
	at org.testng.internal.Invoker.invokeTestMethods(Invoker.java:1130)
	at org.testng.internal.TestMethodWorker.invokeTestMethods(TestMethodWorker.java:129)
	at org.testng.internal.TestMethodWorker.run(TestMethodWorker.java:112)
	at org.testng.TestRunner.privateRun(TestRunner.java:782)
	at org.testng.TestRunner.run(TestRunner.java:632)
	at org.testng.SuiteRunner.runTest(SuiteRunner.java:366)
	at org.testng.SuiteRunner.runSequentially(SuiteRunner.java:361)
	at org.testng.SuiteRunner.privateRun(SuiteRunner.java:319)
	at org.testng.SuiteRunner.run(SuiteRunner.java:268)
	at org.testng.SuiteRunnerWorker.runSuite(SuiteRunnerWorker.java:52)
	at org.testng.SuiteRunnerWorker.run(SuiteRunnerWorker.java:86)
	at org.testng.TestNG.runSuitesSequentially(TestNG.java:1244)
	at org.testng.TestNG.runSuitesLocally(TestNG.java:1169)
	at org.testng.TestNG.run(TestNG.java:1064)
	at org.testng.remote.RemoteTestNG.run(RemoteTestNG.java:113)
	at org.testng.remote.RemoteTestNG.initAndRun(RemoteTestNG.java:206)
	at org.testng.remote.RemoteTestNG.main(RemoteTestNG.java:177)
</pre></div></td>
<td>119</td>
<td>com.tests.WorkFlow@14828232</td></tr>
<tr>
<td title='com.tests.WorkFlow.SI_WF26_CustomList_SkipLoc_defaultcategory_NU()'><b>SI_WF26_CustomList_SkipLoc_defaultcategory_NU</b><br>Test class: com.tests.WorkFlow<br>Test method: SI - WF 26-Custom List+skip location + default category for Normal user<br/>
<a href="#Output-1182578436" onClick='toggleBox("Output-1182578436", this, "Show output", "Hide output");'>Show output</a>

<a href="#Output-1182578436" onClick="toggleAllBoxes();">Show all outputs</a>
<div class='log' id="Output-1182578436">
[15:54:07] : <b><FONT SIZE="2">Launched Sysco UOM</FONT></b><br><br/>
[15:54:12] : <b><FONT SIZE="2">Login page verification :Pass</FONT></b><br><br/>
[15:54:12] : <b><FONT SIZE="2">Save username verification :Pass</FONT></b><br><br/>
[15:54:12] : <b><FONT SIZE="2">Sign In</FONT></b><br><br/>
[15:54:33] : <b><FONT SIZE="2">Sign in :Pass</FONT></b><br><br/>
[15:54:33] : <b><FONT COLOR="GREEN"><FONT SIZE="2">Navigating to Setup inventory page :Pass</FONT></FONT></b><br><br/>
[15:54:35] : <b><FONT COLOR="GREEN"><FONT SIZE="2">Tapped on skip :Pass</FONT></FONT></b><br><br/>
[15:54:35] : <b><FONT SIZE="2">Selecting custom list  </FONT></b><br><br/>
[15:54:36] : <b><FONT COLOR="GREEN"><FONT SIZE="2">Selected  custom list  from SetupInventoryImportItems:Pass</FONT></FONT></b><br><br/>
[15:54:36] : <b><FONT COLOR="GREEN"><FONT SIZE="2">Tapped on Continue :Pass</FONT></FONT></b><br><br/>
[15:54:36] : <b><FONT SIZE="2">Selecting list</FONT></b><br><br/>
[15:54:41] : <b><FONT COLOR="GREEN"><FONT SIZE="2">List is selected :Pass</FONT></FONT></b><br><br/>
[15:56:01] : <b><FONT COLOR="GREEN"><FONT SIZE="2">Tapped on DoThisLater :Fail</FONT></FONT></b><br><br/>
<b><font color='RED'>ERROR	:- expected [true] but found [false]</font></b><br/>
</div>
</td>
<td><div><pre>java.lang.AssertionError: expected [true] but found [false]
	at org.testng.Assert.fail(Assert.java:94)
	at org.testng.Assert.failNotEquals(Assert.java:513)
	at org.testng.Assert.assertTrue(Assert.java:42)
	at org.testng.Assert.assertTrue(Assert.java:52)
	at com.components.pages.SetupInventoryPage.TapOnDOThisLater(SetupInventoryPage.java:1055)
	at com.tests.WorkFlow.SI_WF26_CustomList_SkipLoc_defaultcategory_NU(WorkFlow.java:2009)
	at sun.reflect.NativeMethodAccessorImpl.invoke0(Native Method)
	at sun.reflect.NativeMethodAccessorImpl.invoke(NativeMethodAccessorImpl.java:57)
	at sun.reflect.DelegatingMethodAccessorImpl.invoke(DelegatingMethodAccessorImpl.java:43)
	at java.lang.reflect.Method.invoke(Method.java:606)
	at org.testng.internal.MethodInvocationHelper.invokeMethod(MethodInvocationHelper.java:86)
	at org.testng.internal.Invoker.invokeMethod(Invoker.java:645)
	at org.testng.internal.Invoker.invokeTestMethod(Invoker.java:822)
	at org.testng.internal.Invoker.invokeTestMethods(Invoker.java:1130)
	at org.testng.internal.TestMethodWorker.invokeTestMethods(TestMethodWorker.java:129)
	at org.testng.internal.TestMethodWorker.run(TestMethodWorker.java:112)
	at org.testng.TestRunner.privateRun(TestRunner.java:782)
	at org.testng.TestRunner.run(TestRunner.java:632)
	at org.testng.SuiteRunner.runTest(SuiteRunner.java:366)
	at org.testng.SuiteRunner.runSequentially(SuiteRunner.java:361)
	at org.testng.SuiteRunner.privateRun(SuiteRunner.java:319)
	at org.testng.SuiteRunner.run(SuiteRunner.java:268)
	at org.testng.SuiteRunnerWorker.runSuite(SuiteRunnerWorker.java:52)
	at org.testng.SuiteRunnerWorker.run(SuiteRunnerWorker.java:86)
	at org.testng.TestNG.runSuitesSequentially(TestNG.java:1244)
	at org.testng.TestNG.runSuitesLocally(TestNG.java:1169)
	at org.testng.TestNG.run(TestNG.java:1064)
	at org.testng.remote.RemoteTestNG.run(RemoteTestNG.java:113)
	at org.testng.remote.RemoteTestNG.initAndRun(RemoteTestNG.java:206)
	at org.testng.remote.RemoteTestNG.main(RemoteTestNG.java:177)
</pre></div><a href='#' onClick='toggleBox("stack-trace1182578436", this, "Click to show all stack frames", "Click to hide stack frames")'>Click to show all stack frames</a>
<div class='stack-trace' id='stack-trace1182578436'><pre>java.lang.AssertionError: expected [true] but found [false]
	at org.testng.Assert.fail(Assert.java:94)
	at org.testng.Assert.failNotEquals(Assert.java:513)
	at org.testng.Assert.assertTrue(Assert.java:42)
	at org.testng.Assert.assertTrue(Assert.java:52)
	at com.components.pages.SetupInventoryPage.TapOnDOThisLater(SetupInventoryPage.java:1055)
	at com.tests.WorkFlow.SI_WF26_CustomList_SkipLoc_defaultcategory_NU(WorkFlow.java:2009)
	at sun.reflect.NativeMethodAccessorImpl.invoke0(Native Method)
	at sun.reflect.NativeMethodAccessorImpl.invoke(NativeMethodAccessorImpl.java:57)
	at sun.reflect.DelegatingMethodAccessorImpl.invoke(DelegatingMethodAccessorImpl.java:43)
	at java.lang.reflect.Method.invoke(Method.java:606)
	at org.testng.internal.MethodInvocationHelper.invokeMethod(MethodInvocationHelper.java:86)
	at org.testng.internal.Invoker.invokeMethod(Invoker.java:645)
	at org.testng.internal.Invoker.invokeTestMethod(Invoker.java:822)
	at org.testng.internal.Invoker.invokeTestMethods(Invoker.java:1130)
	at org.testng.internal.TestMethodWorker.invokeTestMethods(TestMethodWorker.java:129)
	at org.testng.internal.TestMethodWorker.run(TestMethodWorker.java:112)
	at org.testng.TestRunner.privateRun(TestRunner.java:782)
	at org.testng.TestRunner.run(TestRunner.java:632)
	at org.testng.SuiteRunner.runTest(SuiteRunner.java:366)
	at org.testng.SuiteRunner.runSequentially(SuiteRunner.java:361)
	at org.testng.SuiteRunner.privateRun(SuiteRunner.java:319)
	at org.testng.SuiteRunner.run(SuiteRunner.java:268)
	at org.testng.SuiteRunnerWorker.runSuite(SuiteRunnerWorker.java:52)
	at org.testng.SuiteRunnerWorker.run(SuiteRunnerWorker.java:86)
	at org.testng.TestNG.runSuitesSequentially(TestNG.java:1244)
	at org.testng.TestNG.runSuitesLocally(TestNG.java:1169)
	at org.testng.TestNG.run(TestNG.java:1064)
	at org.testng.remote.RemoteTestNG.run(RemoteTestNG.java:113)
	at org.testng.remote.RemoteTestNG.initAndRun(RemoteTestNG.java:206)
	at org.testng.remote.RemoteTestNG.main(RemoteTestNG.java:177)
</pre></div></td>
<td>131</td>
<td>com.tests.WorkFlow@14828232</td></tr>
<tr>
<td title='com.tests.WorkFlow.SI_WF33_OG_DefaultLocation_SuggestedCategory()'><b>SI_WF33_OG_DefaultLocation_SuggestedCategory</b><br>Test class: com.tests.WorkFlow<br>Test method: SI - WF 33-OG + Default Loc + Suggested Category<br/>
<a href="#Output-971279180" onClick='toggleBox("Output-971279180", this, "Show output", "Hide output");'>Show output</a>

<a href="#Output-971279180" onClick="toggleAllBoxes();">Show all outputs</a>
<div class='log' id="Output-971279180">
[16:03:28] : <b><FONT SIZE="2">Launched Sysco UOM</FONT></b><br><br/>
[16:03:31] : <b><FONT COLOR="GREEN"><FONT SIZE="2">Login page verification :Fail</FONT></FONT></b><br><br/>
<b><font color='RED'>ERROR	:- expected [true] but found [false]</font></b><br/>
</div>
</td>
<td><div><pre>java.lang.AssertionError: expected [true] but found [false]
	at org.testng.Assert.fail(Assert.java:94)
	at org.testng.Assert.failNotEquals(Assert.java:513)
	at org.testng.Assert.assertTrue(Assert.java:42)
	at org.testng.Assert.assertTrue(Assert.java:52)
	at com.components.pages.LoginPage.verifyLoginPage(LoginPage.java:84)
	at com.tests.WorkFlow.SI_WF33_OG_DefaultLocation_SuggestedCategory(WorkFlow.java:2412)
	at sun.reflect.NativeMethodAccessorImpl.invoke0(Native Method)
	at sun.reflect.NativeMethodAccessorImpl.invoke(NativeMethodAccessorImpl.java:57)
	at sun.reflect.DelegatingMethodAccessorImpl.invoke(DelegatingMethodAccessorImpl.java:43)
	at java.lang.reflect.Method.invoke(Method.java:606)
	at org.testng.internal.MethodInvocationHelper.invokeMethod(MethodInvocationHelper.java:86)
	at org.testng.internal.Invoker.invokeMethod(Invoker.java:645)
	at org.testng.internal.Invoker.invokeTestMethod(Invoker.java:822)
	at org.testng.internal.Invoker.invokeTestMethods(Invoker.java:1130)
	at org.testng.internal.TestMethodWorker.invokeTestMethods(TestMethodWorker.java:129)
	at org.testng.internal.TestMethodWorker.run(TestMethodWorker.java:112)
	at org.testng.TestRunner.privateRun(TestRunner.java:782)
	at org.testng.TestRunner.run(TestRunner.java:632)
	at org.testng.SuiteRunner.runTest(SuiteRunner.java:366)
	at org.testng.SuiteRunner.runSequentially(SuiteRunner.java:361)
	at org.testng.SuiteRunner.privateRun(SuiteRunner.java:319)
	at org.testng.SuiteRunner.run(SuiteRunner.java:268)
	at org.testng.SuiteRunnerWorker.runSuite(SuiteRunnerWorker.java:52)
	at org.testng.SuiteRunnerWorker.run(SuiteRunnerWorker.java:86)
	at org.testng.TestNG.runSuitesSequentially(TestNG.java:1244)
	at org.testng.TestNG.runSuitesLocally(TestNG.java:1169)
	at org.testng.TestNG.run(TestNG.java:1064)
	at org.testng.remote.RemoteTestNG.run(RemoteTestNG.java:113)
	at org.testng.remote.RemoteTestNG.initAndRun(RemoteTestNG.java:206)
	at org.testng.remote.RemoteTestNG.main(RemoteTestNG.java:177)
</pre></div><a href='#' onClick='toggleBox("stack-trace971279180", this, "Click to show all stack frames", "Click to hide stack frames")'>Click to show all stack frames</a>
<div class='stack-trace' id='stack-trace971279180'><pre>java.lang.AssertionError: expected [true] but found [false]
	at org.testng.Assert.fail(Assert.java:94)
	at org.testng.Assert.failNotEquals(Assert.java:513)
	at org.testng.Assert.assertTrue(Assert.java:42)
	at org.testng.Assert.assertTrue(Assert.java:52)
	at com.components.pages.LoginPage.verifyLoginPage(LoginPage.java:84)
	at com.tests.WorkFlow.SI_WF33_OG_DefaultLocation_SuggestedCategory(WorkFlow.java:2412)
	at sun.reflect.NativeMethodAccessorImpl.invoke0(Native Method)
	at sun.reflect.NativeMethodAccessorImpl.invoke(NativeMethodAccessorImpl.java:57)
	at sun.reflect.DelegatingMethodAccessorImpl.invoke(DelegatingMethodAccessorImpl.java:43)
	at java.lang.reflect.Method.invoke(Method.java:606)
	at org.testng.internal.MethodInvocationHelper.invokeMethod(MethodInvocationHelper.java:86)
	at org.testng.internal.Invoker.invokeMethod(Invoker.java:645)
	at org.testng.internal.Invoker.invokeTestMethod(Invoker.java:822)
	at org.testng.internal.Invoker.invokeTestMethods(Invoker.java:1130)
	at org.testng.internal.TestMethodWorker.invokeTestMethods(TestMethodWorker.java:129)
	at org.testng.internal.TestMethodWorker.run(TestMethodWorker.java:112)
	at org.testng.TestRunner.privateRun(TestRunner.java:782)
	at org.testng.TestRunner.run(TestRunner.java:632)
	at org.testng.SuiteRunner.runTest(SuiteRunner.java:366)
	at org.testng.SuiteRunner.runSequentially(SuiteRunner.java:361)
	at org.testng.SuiteRunner.privateRun(SuiteRunner.java:319)
	at org.testng.SuiteRunner.run(SuiteRunner.java:268)
	at org.testng.SuiteRunnerWorker.runSuite(SuiteRunnerWorker.java:52)
	at org.testng.SuiteRunnerWorker.run(SuiteRunnerWorker.java:86)
	at org.testng.TestNG.runSuitesSequentially(TestNG.java:1244)
	at org.testng.TestNG.runSuitesLocally(TestNG.java:1169)
	at org.testng.TestNG.run(TestNG.java:1064)
	at org.testng.remote.RemoteTestNG.run(RemoteTestNG.java:113)
	at org.testng.remote.RemoteTestNG.initAndRun(RemoteTestNG.java:206)
	at org.testng.remote.RemoteTestNG.main(RemoteTestNG.java:177)
</pre></div></td>
<td>13</td>
<td>com.tests.WorkFlow@14828232</td></tr>
<tr>
<td title='com.tests.WorkFlow.SI_WF34_OG_CustomLocation_SuggestedCategory()'><b>SI_WF34_OG_CustomLocation_SuggestedCategory</b><br>Test class: com.tests.WorkFlow<br>Test method: SI - WF 34-OG + Custom Loc + Suggested Category<br/>
<a href="#Output-186287160" onClick='toggleBox("Output-186287160", this, "Show output", "Hide output");'>Show output</a>

<a href="#Output-186287160" onClick="toggleAllBoxes();">Show all outputs</a>
<div class='log' id="Output-186287160">
[15:56:21] : <b><FONT SIZE="2">Launched Sysco UOM</FONT></b><br><br/>
[15:56:26] : <b><FONT SIZE="2">Login page verification :Pass</FONT></b><br><br/>
[15:56:26] : <b><FONT SIZE="2">Save username verification :Pass</FONT></b><br><br/>
[15:56:26] : <b><FONT SIZE="2">Sign In</FONT></b><br><br/>
[15:56:47] : <b><FONT SIZE="2">Sign in :Pass</FONT></b><br><br/>
[15:56:47] : <b><FONT COLOR="GREEN"><FONT SIZE="2">Navigating to Setup inventory page :Pass</FONT></FONT></b><br><br/>
[15:56:50] : <b><FONT COLOR="GREEN"><FONT SIZE="2">Tapped on skip :Pass</FONT></FONT></b><br><br/>
[15:56:50] : <b><FONT COLOR="GREEN"><FONT SIZE="2">Selected  orderguide  from SetupInventoryImportItems:Pass</FONT></FONT></b><br><br/>
[15:56:50] : <b><FONT COLOR="GREEN"><FONT SIZE="2">Tapped on Continue :Pass</FONT></FONT></b><br><br/>
[15:56:50] : <b><FONT COLOR="GREEN"><FONT SIZE="2">custom location clicked :Pass</FONT></FONT></b><br><br/>
[15:56:50] : <b><FONT COLOR="GREEN"><FONT SIZE="2">Tapped on Continue :Pass</FONT></FONT></b><br><br/>
[15:56:51] : <b><FONT COLOR="GREEN"><FONT SIZE="2">added location name :Pass</FONT></FONT></b><br><br/>
[15:56:51] : <b><FONT SIZE="2">Entering type Dry</FONT></b><br><br/>
[15:57:01] : <b><FONT COLOR="GREEN"><FONT SIZE="2">Entered type in add Locations page :Pass</FONT></FONT></b><br><br/>
[15:57:11] : <b><FONT COLOR="GREEN"><FONT SIZE="2">Entered type in add Locations page :Pass</FONT></FONT></b><br><br/>
[15:57:11] : <b><FONT SIZE="2">Entering anotherloc</FONT></b><br><br/>
[15:57:16] : <b><FONT COLOR="GREEN"><FONT SIZE="2">Entered second loc in Locations page :Pass</FONT></FONT></b><br><br/>
[15:57:16] : <b><FONT SIZE="2">Entering Location name</FONT></b><br><br/>
[15:57:27] : <b><FONT COLOR="GREEN"><FONT SIZE="2">Entered location name2 in add Locations page :Pass</FONT></FONT></b><br><br/>
[15:57:27] : <b><FONT SIZE="2">Entering type Dry</FONT></b><br><br/>
[15:57:32] : <b><FONT COLOR="GREEN"><FONT SIZE="2">Entered type in add Locations page :Pass</FONT></FONT></b><br><br/>
[15:57:38] : <b><FONT COLOR="GREEN"><FONT SIZE="2">Entered type in add Locations page :Pass</FONT></FONT></b><br><br/>
[15:57:46] : <b><FONT COLOR="GREEN"><FONT SIZE="2">Tapped on Next : Pass</FONT></FONT></b><br><br/>
[15:57:46] : <b><FONT SIZE="2"> Adding Item from Order Guide</FONT></b><br><br/>
[15:58:05] : <b><FONT COLOR="GREEN"><FONT SIZE="2">Multiple items selected :Pass</FONT></FONT></b><br><br/>
[15:58:13] : <b><FONT COLOR="GREEN"><FONT SIZE="2">Tapped on Next : Pass</FONT></FONT></b><br><br/>
[15:58:19] : <b><FONT COLOR="GREEN"><FONT SIZE="2">Multiple items selected :Pass</FONT></FONT></b><br><br/>
[15:58:28] : <b><FONT COLOR="GREEN"><FONT SIZE="2">Tapped on done:Pass</FONT></FONT></b><br><br/>
[15:58:30] : <b><FONT SIZE="2">Selecting suggested category from Food cost page</FONT></b><br><br/>
[15:58:31] : <b><FONT COLOR="GREEN"><FONT SIZE="2">Suggested Category selected :Pass</FONT></FONT></b><br><br/>
[15:58:31] : <b><FONT COLOR="GREEN"><FONT SIZE="2">Tapped on Continue :Pass</FONT></FONT></b><br><br/>
[15:58:39] : <b><FONT COLOR="GREEN"><FONT SIZE="2">Tapped on TakeHome :Pass</FONT></FONT></b><br><br/>
[15:58:46] : <b><FONT COLOR="GREEN"><FONT SIZE="2">Tapped  TrackInventory from inventory tools page:Pass</FONT></FONT></b><br><br/>
[15:58:46] : <b><FONT SIZE="2">Selecting location</FONT></b><br><br/>
[15:58:48] : <b><FONT COLOR="GREEN"><FONT SIZE="2">Location is selected for item :Pass</FONT></FONT></b><br><br/>
[15:58:48] : <b><FONT SIZE="2">locationItem verify </FONT></b><br><br/>
[15:59:54] : <b><FONT COLOR="GREEN"><FONT SIZE="2">Item verification done  :Fail</FONT></FONT></b><br><br/>
<b><font color='RED'>ERROR	:- expected [true] but found [false]</font></b><br/>
</div>
</td>
<td><div><pre>java.lang.AssertionError: expected [true] but found [false]
	at org.testng.Assert.fail(Assert.java:94)
	at org.testng.Assert.failNotEquals(Assert.java:513)
	at org.testng.Assert.assertTrue(Assert.java:42)
	at org.testng.Assert.assertTrue(Assert.java:52)
	at com.components.pages.LocationsPage.ItemVerifyOnLocation1(LocationsPage.java:1525)
	at com.tests.WorkFlow.SI_WF34_OG_CustomLocation_SuggestedCategory(WorkFlow.java:2518)
	at sun.reflect.NativeMethodAccessorImpl.invoke0(Native Method)
	at sun.reflect.NativeMethodAccessorImpl.invoke(NativeMethodAccessorImpl.java:57)
	at sun.reflect.DelegatingMethodAccessorImpl.invoke(DelegatingMethodAccessorImpl.java:43)
	at java.lang.reflect.Method.invoke(Method.java:606)
	at org.testng.internal.MethodInvocationHelper.invokeMethod(MethodInvocationHelper.java:86)
	at org.testng.internal.Invoker.invokeMethod(Invoker.java:645)
	at org.testng.internal.Invoker.invokeTestMethod(Invoker.java:822)
	at org.testng.internal.Invoker.invokeTestMethods(Invoker.java:1130)
	at org.testng.internal.TestMethodWorker.invokeTestMethods(TestMethodWorker.java:129)
	at org.testng.internal.TestMethodWorker.run(TestMethodWorker.java:112)
	at org.testng.TestRunner.privateRun(TestRunner.java:782)
	at org.testng.TestRunner.run(TestRunner.java:632)
	at org.testng.SuiteRunner.runTest(SuiteRunner.java:366)
	at org.testng.SuiteRunner.runSequentially(SuiteRunner.java:361)
	at org.testng.SuiteRunner.privateRun(SuiteRunner.java:319)
	at org.testng.SuiteRunner.run(SuiteRunner.java:268)
	at org.testng.SuiteRunnerWorker.runSuite(SuiteRunnerWorker.java:52)
	at org.testng.SuiteRunnerWorker.run(SuiteRunnerWorker.java:86)
	at org.testng.TestNG.runSuitesSequentially(TestNG.java:1244)
	at org.testng.TestNG.runSuitesLocally(TestNG.java:1169)
	at org.testng.TestNG.run(TestNG.java:1064)
	at org.testng.remote.RemoteTestNG.run(RemoteTestNG.java:113)
	at org.testng.remote.RemoteTestNG.initAndRun(RemoteTestNG.java:206)
	at org.testng.remote.RemoteTestNG.main(RemoteTestNG.java:177)
</pre></div><a href='#' onClick='toggleBox("stack-trace186287160", this, "Click to show all stack frames", "Click to hide stack frames")'>Click to show all stack frames</a>
<div class='stack-trace' id='stack-trace186287160'><pre>java.lang.AssertionError: expected [true] but found [false]
	at org.testng.Assert.fail(Assert.java:94)
	at org.testng.Assert.failNotEquals(Assert.java:513)
	at org.testng.Assert.assertTrue(Assert.java:42)
	at org.testng.Assert.assertTrue(Assert.java:52)
	at com.components.pages.LocationsPage.ItemVerifyOnLocation1(LocationsPage.java:1525)
	at com.tests.WorkFlow.SI_WF34_OG_CustomLocation_SuggestedCategory(WorkFlow.java:2518)
	at sun.reflect.NativeMethodAccessorImpl.invoke0(Native Method)
	at sun.reflect.NativeMethodAccessorImpl.invoke(NativeMethodAccessorImpl.java:57)
	at sun.reflect.DelegatingMethodAccessorImpl.invoke(DelegatingMethodAccessorImpl.java:43)
	at java.lang.reflect.Method.invoke(Method.java:606)
	at org.testng.internal.MethodInvocationHelper.invokeMethod(MethodInvocationHelper.java:86)
	at org.testng.internal.Invoker.invokeMethod(Invoker.java:645)
	at org.testng.internal.Invoker.invokeTestMethod(Invoker.java:822)
	at org.testng.internal.Invoker.invokeTestMethods(Invoker.java:1130)
	at org.testng.internal.TestMethodWorker.invokeTestMethods(TestMethodWorker.java:129)
	at org.testng.internal.TestMethodWorker.run(TestMethodWorker.java:112)
	at org.testng.TestRunner.privateRun(TestRunner.java:782)
	at org.testng.TestRunner.run(TestRunner.java:632)
	at org.testng.SuiteRunner.runTest(SuiteRunner.java:366)
	at org.testng.SuiteRunner.runSequentially(SuiteRunner.java:361)
	at org.testng.SuiteRunner.privateRun(SuiteRunner.java:319)
	at org.testng.SuiteRunner.run(SuiteRunner.java:268)
	at org.testng.SuiteRunnerWorker.runSuite(SuiteRunnerWorker.java:52)
	at org.testng.SuiteRunnerWorker.run(SuiteRunnerWorker.java:86)
	at org.testng.TestNG.runSuitesSequentially(TestNG.java:1244)
	at org.testng.TestNG.runSuitesLocally(TestNG.java:1169)
	at org.testng.TestNG.run(TestNG.java:1064)
	at org.testng.remote.RemoteTestNG.run(RemoteTestNG.java:113)
	at org.testng.remote.RemoteTestNG.initAndRun(RemoteTestNG.java:206)
	at org.testng.remote.RemoteTestNG.main(RemoteTestNG.java:177)
</pre></div></td>
<td>228</td>
<td>com.tests.WorkFlow@14828232</td></tr>
<tr>
<td title='com.tests.WorkFlow.SI_WF7_OG_DefaultLocation_SkipCategory()'><b>SI_WF7_OG_DefaultLocation_SkipCategory</b><br>Test class: com.tests.WorkFlow<br>Test method: SI - WF 7-OG+Default loc + Skip Category<br/>
<a href="#Output-58802372" onClick='toggleBox("Output-58802372", this, "Show output", "Hide output");'>Show output</a>

<a href="#Output-58802372" onClick="toggleAllBoxes();">Show all outputs</a>
<div class='log' id="Output-58802372">
[16:00:16] : <b><FONT SIZE="2">Launched Sysco UOM</FONT></b><br><br/>
[16:00:21] : <b><FONT SIZE="2">Login page verification :Pass</FONT></b><br><br/>
[16:00:21] : <b><FONT SIZE="2">Save username verification :Pass</FONT></b><br><br/>
[16:00:21] : <b><FONT SIZE="2">Sign In</FONT></b><br><br/>
[16:00:43] : <b><FONT SIZE="2">Sign in :Pass</FONT></b><br><br/>
[16:00:43] : <b><FONT COLOR="GREEN"><FONT SIZE="2">Navigating to Setup inventory page :Pass</FONT></FONT></b><br><br/>
[16:00:45] : <b><FONT COLOR="GREEN"><FONT SIZE="2">Tapped on skip :Pass</FONT></FONT></b><br><br/>
[16:00:45] : <b><FONT COLOR="GREEN"><FONT SIZE="2">Selected  orderguide  from SetupInventoryImportItems:Pass</FONT></FONT></b><br><br/>
[16:00:45] : <b><FONT COLOR="GREEN"><FONT SIZE="2">Tapped on Continue :Pass</FONT></FONT></b><br><br/>
[16:00:45] : <b><FONT COLOR="GREEN"><FONT SIZE="2">default location clicked :Pass</FONT></FONT></b><br><br/>
[16:00:45] : <b><FONT COLOR="GREEN"><FONT SIZE="2">Tapped on Continue :Pass</FONT></FONT></b><br><br/>
[16:00:55] : <b><FONT COLOR="GREEN"><FONT SIZE="2">Tapped on DoThisLater :Pass</FONT></FONT></b><br><br/>
[16:01:01] : <b><FONT COLOR="GREEN"><FONT SIZE="2">Tapped on TakeHome :Pass</FONT></FONT></b><br><br/>
[16:01:08] : <b><FONT COLOR="GREEN"><FONT SIZE="2">Tapped  TrackInventory from inventory tools page:Pass</FONT></FONT></b><br><br/>
[16:01:11] : <b><FONT COLOR="GREEN"><FONT SIZE="2">tap on back :Pass</FONT></FONT></b><br><br/>
[16:01:16] : <b><FONT COLOR="GREEN"><FONT SIZE="2">Navigating to menu page :Pass</FONT></FONT></b><br><br/>
[16:01:16] : <b><FONT COLOR="GREEN"><FONT SIZE="2">Tapped on Logout from Hamburger menu :Pass</FONT></FONT></b><br><br/>
[16:01:16] : <b><FONT SIZE="2">Sign In</FONT></b><br><br/>
[16:01:40] : <b><FONT SIZE="2">Sign in :Pass</FONT></b><br><br/>
[16:01:42] : <b><FONT COLOR="GREEN"><FONT SIZE="2">Tapped  TrackInventory from inventory tools page:Pass</FONT></FONT></b><br><br/>
[16:01:43] : <b><FONT COLOR="GREEN"><FONT SIZE="2">Navigating to Add Locations page :Pass</FONT></FONT></b><br><br/>
[16:01:43] : <b><FONT COLOR="GREEN"><FONT SIZE="2">added location name :Pass</FONT></FONT></b><br><br/>
[16:01:49] : <b><FONT COLOR="GREEN"><FONT SIZE="2">Selected cooler :Pass</FONT></FONT></b><br><br/>
[16:01:58] : <b><FONT COLOR="GREEN"><FONT SIZE="2">Tapped on done:Pass</FONT></FONT></b><br><br/>
[16:02:03] : <b><FONT COLOR="GREEN"><FONT SIZE="2">tap on back :Pass</FONT></FONT></b><br><br/>
[16:02:03] : <b><FONT SIZE="2">Checking addeded Location in location list</FONT></b><br><br/>
[16:02:05] : <b><FONT COLOR="GREEN"><FONT SIZE="2">Location is added :Pass</FONT></FONT></b><br><br/>
[16:02:05] : <b><FONT SIZE="2">Selecting location</FONT></b><br><br/>
[16:02:07] : <b><FONT COLOR="GREEN"><FONT SIZE="2">Location is selected for item :Pass</FONT></FONT></b><br><br/>
[16:02:07] : <b><FONT COLOR="GREEN"><FONT SIZE="2">Navigating to Add Locations page :Pass</FONT></FONT></b><br><br/>
[16:02:11] : <b><FONT COLOR="GREEN"><FONT SIZE="2">Search item :Pass</FONT></FONT></b><br><br/>
[16:02:12] : <b><FONT COLOR="GREEN"><FONT SIZE="2">First item selected from pdt catalog  :Pass</FONT></FONT></b><br><br/>
[16:02:20] : <b><FONT COLOR="GREEN"><FONT SIZE="2">Tapped on done:Pass</FONT></FONT></b><br><br/>
[16:02:30] : <b><FONT COLOR="GREEN"><FONT SIZE="2">Item Found in Setup Inventory:Pass</FONT></FONT></b><br><br/>
[16:02:39] : <b><FONT COLOR="GREEN"><FONT SIZE="2">Tapped on done:Pass</FONT></FONT></b><br><br/>
[16:02:49] : <b><FONT COLOR="GREEN"><FONT SIZE="2">Item Found in Setup Inventory:Fail</FONT></FONT></b><br><br/>
<b><font color='RED'>ERROR	:- expected [true] but found [false]</font></b><br/>
</div>
</td>
<td><div><pre>java.lang.AssertionError: expected [true] but found [false]
	at org.testng.Assert.fail(Assert.java:94)
	at org.testng.Assert.failNotEquals(Assert.java:513)
	at org.testng.Assert.assertTrue(Assert.java:42)
	at org.testng.Assert.assertTrue(Assert.java:52)
	at com.components.pages.SetupInventoryPage.verifySearchItemsOnSetupInv(SetupInventoryPage.java:593)
	at com.tests.WorkFlow.SI_WF7_OG_DefaultLocation_SkipCategory(WorkFlow.java:431)
	at sun.reflect.NativeMethodAccessorImpl.invoke0(Native Method)
	at sun.reflect.NativeMethodAccessorImpl.invoke(NativeMethodAccessorImpl.java:57)
	at sun.reflect.DelegatingMethodAccessorImpl.invoke(DelegatingMethodAccessorImpl.java:43)
	at java.lang.reflect.Method.invoke(Method.java:606)
	at org.testng.internal.MethodInvocationHelper.invokeMethod(MethodInvocationHelper.java:86)
	at org.testng.internal.Invoker.invokeMethod(Invoker.java:645)
	at org.testng.internal.Invoker.invokeTestMethod(Invoker.java:822)
	at org.testng.internal.Invoker.invokeTestMethods(Invoker.java:1130)
	at org.testng.internal.TestMethodWorker.invokeTestMethods(TestMethodWorker.java:129)
	at org.testng.internal.TestMethodWorker.run(TestMethodWorker.java:112)
	at org.testng.TestRunner.privateRun(TestRunner.java:782)
	at org.testng.TestRunner.run(TestRunner.java:632)
	at org.testng.SuiteRunner.runTest(SuiteRunner.java:366)
	at org.testng.SuiteRunner.runSequentially(SuiteRunner.java:361)
	at org.testng.SuiteRunner.privateRun(SuiteRunner.java:319)
	at org.testng.SuiteRunner.run(SuiteRunner.java:268)
	at org.testng.SuiteRunnerWorker.runSuite(SuiteRunnerWorker.java:52)
	at org.testng.SuiteRunnerWorker.run(SuiteRunnerWorker.java:86)
	at org.testng.TestNG.runSuitesSequentially(TestNG.java:1244)
	at org.testng.TestNG.runSuitesLocally(TestNG.java:1169)
	at org.testng.TestNG.run(TestNG.java:1064)
	at org.testng.remote.RemoteTestNG.run(RemoteTestNG.java:113)
	at org.testng.remote.RemoteTestNG.initAndRun(RemoteTestNG.java:206)
	at org.testng.remote.RemoteTestNG.main(RemoteTestNG.java:177)
</pre></div><a href='#' onClick='toggleBox("stack-trace58802372", this, "Click to show all stack frames", "Click to hide stack frames")'>Click to show all stack frames</a>
<div class='stack-trace' id='stack-trace58802372'><pre>java.lang.AssertionError: expected [true] but found [false]
	at org.testng.Assert.fail(Assert.java:94)
	at org.testng.Assert.failNotEquals(Assert.java:513)
	at org.testng.Assert.assertTrue(Assert.java:42)
	at org.testng.Assert.assertTrue(Assert.java:52)
	at com.components.pages.SetupInventoryPage.verifySearchItemsOnSetupInv(SetupInventoryPage.java:593)
	at com.tests.WorkFlow.SI_WF7_OG_DefaultLocation_SkipCategory(WorkFlow.java:431)
	at sun.reflect.NativeMethodAccessorImpl.invoke0(Native Method)
	at sun.reflect.NativeMethodAccessorImpl.invoke(NativeMethodAccessorImpl.java:57)
	at sun.reflect.DelegatingMethodAccessorImpl.invoke(DelegatingMethodAccessorImpl.java:43)
	at java.lang.reflect.Method.invoke(Method.java:606)
	at org.testng.internal.MethodInvocationHelper.invokeMethod(MethodInvocationHelper.java:86)
	at org.testng.internal.Invoker.invokeMethod(Invoker.java:645)
	at org.testng.internal.Invoker.invokeTestMethod(Invoker.java:822)
	at org.testng.internal.Invoker.invokeTestMethods(Invoker.java:1130)
	at org.testng.internal.TestMethodWorker.invokeTestMethods(TestMethodWorker.java:129)
	at org.testng.internal.TestMethodWorker.run(TestMethodWorker.java:112)
	at org.testng.TestRunner.privateRun(TestRunner.java:782)
	at org.testng.TestRunner.run(TestRunner.java:632)
	at org.testng.SuiteRunner.runTest(SuiteRunner.java:366)
	at org.testng.SuiteRunner.runSequentially(SuiteRunner.java:361)
	at org.testng.SuiteRunner.privateRun(SuiteRunner.java:319)
	at org.testng.SuiteRunner.run(SuiteRunner.java:268)
	at org.testng.SuiteRunnerWorker.runSuite(SuiteRunnerWorker.java:52)
	at org.testng.SuiteRunnerWorker.run(SuiteRunnerWorker.java:86)
	at org.testng.TestNG.runSuitesSequentially(TestNG.java:1244)
	at org.testng.TestNG.runSuitesLocally(TestNG.java:1169)
	at org.testng.TestNG.run(TestNG.java:1064)
	at org.testng.remote.RemoteTestNG.run(RemoteTestNG.java:113)
	at org.testng.remote.RemoteTestNG.initAndRun(RemoteTestNG.java:206)
	at org.testng.remote.RemoteTestNG.main(RemoteTestNG.java:177)
</pre></div></td>
<td>169</td>
<td>com.tests.WorkFlow@14828232</td></tr>
<tr>
<td title='com.tests.WorkFlow.SI_WF9_StartFromScratch_PdtCatalog_DefaultLocation_DefaultCategory()'><b>SI_WF9_StartFromScratch_PdtCatalog_DefaultLocation_DefaultCategory</b><br>Test class: com.tests.WorkFlow<br>Test method: SI - WF 9-Start From Scratch + add items from Product catelog +Default Loc + Default Category<br/>
<a href="#Output-2017605980" onClick='toggleBox("Output-2017605980", this, "Show output", "Hide output");'>Show output</a>

<a href="#Output-2017605980" onClick="toggleAllBoxes();">Show all outputs</a>
<div class='log' id="Output-2017605980">
[16:03:11] : <b><FONT SIZE="2">Launched Sysco UOM</FONT></b><br><br/>
[16:03:14] : <b><FONT COLOR="GREEN"><FONT SIZE="2">Login page verification :Fail</FONT></FONT></b><br><br/>
<b><font color='RED'>ERROR	:- expected [true] but found [false]</font></b><br/>
</div>
</td>
<td><div><pre>java.lang.AssertionError: expected [true] but found [false]
	at org.testng.Assert.fail(Assert.java:94)
	at org.testng.Assert.failNotEquals(Assert.java:513)
	at org.testng.Assert.assertTrue(Assert.java:42)
	at org.testng.Assert.assertTrue(Assert.java:52)
	at com.components.pages.LoginPage.verifyLoginPage(LoginPage.java:84)
	at com.tests.WorkFlow.SI_WF9_StartFromScratch_PdtCatalog_DefaultLocation_DefaultCategory(WorkFlow.java:493)
	at sun.reflect.NativeMethodAccessorImpl.invoke0(Native Method)
	at sun.reflect.NativeMethodAccessorImpl.invoke(NativeMethodAccessorImpl.java:57)
	at sun.reflect.DelegatingMethodAccessorImpl.invoke(DelegatingMethodAccessorImpl.java:43)
	at java.lang.reflect.Method.invoke(Method.java:606)
	at org.testng.internal.MethodInvocationHelper.invokeMethod(MethodInvocationHelper.java:86)
	at org.testng.internal.Invoker.invokeMethod(Invoker.java:645)
	at org.testng.internal.Invoker.invokeTestMethod(Invoker.java:822)
	at org.testng.internal.Invoker.invokeTestMethods(Invoker.java:1130)
	at org.testng.internal.TestMethodWorker.invokeTestMethods(TestMethodWorker.java:129)
	at org.testng.internal.TestMethodWorker.run(TestMethodWorker.java:112)
	at org.testng.TestRunner.privateRun(TestRunner.java:782)
	at org.testng.TestRunner.run(TestRunner.java:632)
	at org.testng.SuiteRunner.runTest(SuiteRunner.java:366)
	at org.testng.SuiteRunner.runSequentially(SuiteRunner.java:361)
	at org.testng.SuiteRunner.privateRun(SuiteRunner.java:319)
	at org.testng.SuiteRunner.run(SuiteRunner.java:268)
	at org.testng.SuiteRunnerWorker.runSuite(SuiteRunnerWorker.java:52)
	at org.testng.SuiteRunnerWorker.run(SuiteRunnerWorker.java:86)
	at org.testng.TestNG.runSuitesSequentially(TestNG.java:1244)
	at org.testng.TestNG.runSuitesLocally(TestNG.java:1169)
	at org.testng.TestNG.run(TestNG.java:1064)
	at org.testng.remote.RemoteTestNG.run(RemoteTestNG.java:113)
	at org.testng.remote.RemoteTestNG.initAndRun(RemoteTestNG.java:206)
	at org.testng.remote.RemoteTestNG.main(RemoteTestNG.java:177)
</pre></div><a href='#' onClick='toggleBox("stack-trace2017605980", this, "Click to show all stack frames", "Click to hide stack frames")'>Click to show all stack frames</a>
<div class='stack-trace' id='stack-trace2017605980'><pre>java.lang.AssertionError: expected [true] but found [false]
	at org.testng.Assert.fail(Assert.java:94)
	at org.testng.Assert.failNotEquals(Assert.java:513)
	at org.testng.Assert.assertTrue(Assert.java:42)
	at org.testng.Assert.assertTrue(Assert.java:52)
	at com.components.pages.LoginPage.verifyLoginPage(LoginPage.java:84)
	at com.tests.WorkFlow.SI_WF9_StartFromScratch_PdtCatalog_DefaultLocation_DefaultCategory(WorkFlow.java:493)
	at sun.reflect.NativeMethodAccessorImpl.invoke0(Native Method)
	at sun.reflect.NativeMethodAccessorImpl.invoke(NativeMethodAccessorImpl.java:57)
	at sun.reflect.DelegatingMethodAccessorImpl.invoke(DelegatingMethodAccessorImpl.java:43)
	at java.lang.reflect.Method.invoke(Method.java:606)
	at org.testng.internal.MethodInvocationHelper.invokeMethod(MethodInvocationHelper.java:86)
	at org.testng.internal.Invoker.invokeMethod(Invoker.java:645)
	at org.testng.internal.Invoker.invokeTestMethod(Invoker.java:822)
	at org.testng.internal.Invoker.invokeTestMethods(Invoker.java:1130)
	at org.testng.internal.TestMethodWorker.invokeTestMethods(TestMethodWorker.java:129)
	at org.testng.internal.TestMethodWorker.run(TestMethodWorker.java:112)
	at org.testng.TestRunner.privateRun(TestRunner.java:782)
	at org.testng.TestRunner.run(TestRunner.java:632)
	at org.testng.SuiteRunner.runTest(SuiteRunner.java:366)
	at org.testng.SuiteRunner.runSequentially(SuiteRunner.java:361)
	at org.testng.SuiteRunner.privateRun(SuiteRunner.java:319)
	at org.testng.SuiteRunner.run(SuiteRunner.java:268)
	at org.testng.SuiteRunnerWorker.runSuite(SuiteRunnerWorker.java:52)
	at org.testng.SuiteRunnerWorker.run(SuiteRunnerWorker.java:86)
	at org.testng.TestNG.runSuitesSequentially(TestNG.java:1244)
	at org.testng.TestNG.runSuitesLocally(TestNG.java:1169)
	at org.testng.TestNG.run(TestNG.java:1064)
	at org.testng.remote.RemoteTestNG.run(RemoteTestNG.java:113)
	at org.testng.remote.RemoteTestNG.initAndRun(RemoteTestNG.java:206)
	at org.testng.remote.RemoteTestNG.main(RemoteTestNG.java:177)
</pre></div></td>
<td>20</td>
<td>com.tests.WorkFlow@14828232</td></tr>
</table><p>
<table width='100%' border='1' class='invocation-passed'>
<tr><td colspan='4' align='center'><b>PASSED TESTS</b></td></tr>
<tr><td><b>Test method</b></td>
<td width="30%"><b>Exception</b></td>
<td width="10%"><b>Time (seconds)</b></td>
<td><b>Instance</b></td>
</tr>
<tr>
<td title='com.tests.WorkFlow.SI_WF23_CustomList_CustomLoc_defaultcategory()'><b>SI_WF23_CustomList_CustomLoc_defaultcategory</b><br>Test class: com.tests.WorkFlow<br>Test method: SI - WF 23-Custom List + Custom Loc + default Category<br/>
<a href="#Output-1672491437" onClick='toggleBox("Output-1672491437", this, "Show output", "Hide output");'>Show output</a>

<a href="#Output-1672491437" onClick="toggleAllBoxes();">Show all outputs</a>
<div class='log' id="Output-1672491437">
[15:47:29] : <b><FONT SIZE="2">Launched Sysco UOM</FONT></b><br><br/>
[15:47:35] : <b><FONT SIZE="2">Login page verification :Pass</FONT></b><br><br/>
[15:47:35] : <b><FONT SIZE="2">Save username verification :Pass</FONT></b><br><br/>
[15:47:35] : <b><FONT SIZE="2">Sign In</FONT></b><br><br/>
[15:47:56] : <b><FONT SIZE="2">Sign in :Pass</FONT></b><br><br/>
[15:47:56] : <b><FONT COLOR="GREEN"><FONT SIZE="2">Navigating to Setup inventory page :Pass</FONT></FONT></b><br><br/>
[15:47:58] : <b><FONT COLOR="GREEN"><FONT SIZE="2">Tapped on skip :Pass</FONT></FONT></b><br><br/>
[15:47:58] : <b><FONT SIZE="2">Selecting custom list  </FONT></b><br><br/>
[15:47:59] : <b><FONT COLOR="GREEN"><FONT SIZE="2">Selected  custom list  from SetupInventoryImportItems:Pass</FONT></FONT></b><br><br/>
[15:47:59] : <b><FONT COLOR="GREEN"><FONT SIZE="2">Tapped on Continue :Pass</FONT></FONT></b><br><br/>
[15:47:59] : <b><FONT SIZE="2">Selecting list</FONT></b><br><br/>
[15:48:04] : <b><FONT COLOR="GREEN"><FONT SIZE="2">List is selected :Pass</FONT></FONT></b><br><br/>
[15:48:07] : <b><FONT COLOR="GREEN"><FONT SIZE="2">custom location clicked :Pass</FONT></FONT></b><br><br/>
[15:48:07] : <b><FONT COLOR="GREEN"><FONT SIZE="2">Tapped on Continue :Pass</FONT></FONT></b><br><br/>
[15:48:08] : <b><FONT COLOR="GREEN"><FONT SIZE="2">added location name :Pass</FONT></FONT></b><br><br/>
[15:48:08] : <b><FONT SIZE="2">Entering type Dry</FONT></b><br><br/>
[15:48:18] : <b><FONT COLOR="GREEN"><FONT SIZE="2">Entered type in add Locations page :Pass</FONT></FONT></b><br><br/>
[15:48:28] : <b><FONT COLOR="GREEN"><FONT SIZE="2">Entered type in add Locations page :Pass</FONT></FONT></b><br><br/>
[15:48:28] : <b><FONT SIZE="2">Entering anotherloc</FONT></b><br><br/>
[15:48:33] : <b><FONT COLOR="GREEN"><FONT SIZE="2">Entered second loc in Locations page :Pass</FONT></FONT></b><br><br/>
[15:48:33] : <b><FONT SIZE="2">Entering Location name</FONT></b><br><br/>
[15:48:44] : <b><FONT COLOR="GREEN"><FONT SIZE="2">Entered location name2 in add Locations page :Pass</FONT></FONT></b><br><br/>
[15:48:44] : <b><FONT SIZE="2">Entering type Dry</FONT></b><br><br/>
[15:48:49] : <b><FONT COLOR="GREEN"><FONT SIZE="2">Entered type in add Locations page :Pass</FONT></FONT></b><br><br/>
[15:48:54] : <b><FONT COLOR="GREEN"><FONT SIZE="2">Entered type in add Locations page :Pass</FONT></FONT></b><br><br/>
[15:49:04] : <b><FONT COLOR="GREEN"><FONT SIZE="2">Tapped on Next : Pass</FONT></FONT></b><br><br/>
[15:49:04] : <b><FONT SIZE="2"> Adding Item from Order Guide</FONT></b><br><br/>
[15:49:17] : <b><FONT COLOR="GREEN"><FONT SIZE="2">Multiple items selected :Pass</FONT></FONT></b><br><br/>
[15:49:25] : <b><FONT COLOR="GREEN"><FONT SIZE="2">Tapped on Next : Pass</FONT></FONT></b><br><br/>
[15:49:31] : <b><FONT COLOR="GREEN"><FONT SIZE="2">Multiple items selected :Pass</FONT></FONT></b><br><br/>
[15:49:40] : <b><FONT COLOR="GREEN"><FONT SIZE="2">Tapped on done:Pass</FONT></FONT></b><br><br/>
[15:49:42] : <b><FONT SIZE="2">Selecting default category from Food cost page</FONT></b><br><br/>
[15:49:43] : <b><FONT COLOR="GREEN"><FONT SIZE="2">default Category selected :Pass</FONT></FONT></b><br><br/>
[15:49:43] : <b><FONT COLOR="GREEN"><FONT SIZE="2">Tapped on Complete :Pass</FONT></FONT></b><br><br/>
[15:49:51] : <b><FONT COLOR="GREEN"><FONT SIZE="2">Tapped on TakeHome :Pass</FONT></FONT></b><br><br/>
[15:49:56] : <b><FONT COLOR="GREEN"><FONT SIZE="2">Tapped  TrackInventory from inventory tools page:Pass</FONT></FONT></b><br><br/>
[15:49:56] : <b><FONT SIZE="2">Selecting location</FONT></b><br><br/>
[15:49:58] : <b><FONT COLOR="GREEN"><FONT SIZE="2">Location is selected for item :Pass</FONT></FONT></b><br><br/>
[15:49:58] : <b><FONT SIZE="2">locationItem verify </FONT></b><br><br/>
[15:49:58] : <b><FONT COLOR="GREEN"><FONT SIZE="2">Item verification done :Pass</FONT></FONT></b><br><br/>
[15:49:58] : <b><FONT SIZE="2">category verify </FONT></b><br><br/>
[15:50:00] : <b><FONT COLOR="GREEN"><FONT SIZE="2">Categories identified for syscoitems :Pass</FONT></FONT></b><br><br/>
[15:50:02] : <b><FONT COLOR="GREEN"><FONT SIZE="2">Default Category is verified for items :Pass</FONT></FONT></b><br><br/>
[15:50:10] : <b><FONT COLOR="GREEN"><FONT SIZE="2">Tapped on done:Pass</FONT></FONT></b><br><br/>
[15:50:13] : <b><FONT SIZE="2">Selecting location</FONT></b><br><br/>
[15:50:15] : <b><FONT COLOR="GREEN"><FONT SIZE="2">Location is selected for item :Pass</FONT></FONT></b><br><br/>
[15:50:15] : <b><FONT SIZE="2">locationItem verify </FONT></b><br><br/>
[15:50:15] : <b><FONT COLOR="GREEN"><FONT SIZE="2">Item verification done :Pass</FONT></FONT></b><br><br/>
[15:50:15] : <b><FONT SIZE="2">category verify </FONT></b><br><br/>
[15:50:16] : <b><FONT COLOR="GREEN"><FONT SIZE="2">Categories identified for syscoitems :Pass</FONT></FONT></b><br><br/>
[15:50:16] : <b><FONT SIZE="2">Default Category verification</FONT></b><br><br/>
[15:50:18] : <b><FONT COLOR="GREEN"><FONT SIZE="2">Default Category is verified for items :Pass</FONT></FONT></b><br><br/>
Test completed : SI_WF23_CustomList_CustomLoc_defaultcategory<br/>
</div>
</td>
<td></td>
<td>188</td>
<td>com.tests.WorkFlow@14828232</td></tr>
<tr>
<td title='com.tests.WorkFlow.SI_WF25_CustomList_DefaultLoc_Skipcategory()'><b>SI_WF25_CustomList_DefaultLoc_Skipcategory</b><br>Test class: com.tests.WorkFlow<br>Test method: SI - WF 25-Custom List+Default loc + Skip Category<br/>
<a href="#Output-550248388" onClick='toggleBox("Output-550248388", this, "Show output", "Hide output");'>Show output</a>

<a href="#Output-550248388" onClick="toggleAllBoxes();">Show all outputs</a>
<div class='log' id="Output-550248388">
[15:52:52] : <b><FONT SIZE="2">Launched Sysco UOM</FONT></b><br><br/>
[15:52:57] : <b><FONT SIZE="2">Login page verification :Pass</FONT></b><br><br/>
[15:52:57] : <b><FONT SIZE="2">Save username verification :Pass</FONT></b><br><br/>
[15:52:57] : <b><FONT SIZE="2">Sign In</FONT></b><br><br/>
[15:53:18] : <b><FONT SIZE="2">Sign in :Pass</FONT></b><br><br/>
[15:53:18] : <b><FONT COLOR="GREEN"><FONT SIZE="2">Navigating to Setup inventory page :Pass</FONT></FONT></b><br><br/>
[15:53:21] : <b><FONT COLOR="GREEN"><FONT SIZE="2">Tapped on skip :Pass</FONT></FONT></b><br><br/>
[15:53:21] : <b><FONT SIZE="2">Selecting custom list  </FONT></b><br><br/>
[15:53:21] : <b><FONT COLOR="GREEN"><FONT SIZE="2">Selected  custom list  from SetupInventoryImportItems:Pass</FONT></FONT></b><br><br/>
[15:53:21] : <b><FONT COLOR="GREEN"><FONT SIZE="2">Tapped on Continue :Pass</FONT></FONT></b><br><br/>
[15:53:21] : <b><FONT SIZE="2">Selecting list</FONT></b><br><br/>
[15:53:26] : <b><FONT COLOR="GREEN"><FONT SIZE="2">List is selected :Pass</FONT></FONT></b><br><br/>
[15:53:28] : <b><FONT COLOR="GREEN"><FONT SIZE="2">default location clicked :Pass</FONT></FONT></b><br><br/>
[15:53:28] : <b><FONT COLOR="GREEN"><FONT SIZE="2">Tapped on Continue :Pass</FONT></FONT></b><br><br/>
[15:53:36] : <b><FONT COLOR="GREEN"><FONT SIZE="2">Tapped on DoThisLater :Pass</FONT></FONT></b><br><br/>
[15:53:42] : <b><FONT COLOR="GREEN"><FONT SIZE="2">Tapped on TakeHome :Pass</FONT></FONT></b><br><br/>
[15:53:47] : <b><FONT COLOR="GREEN"><FONT SIZE="2">Tapped  TrackInventory from inventory tools page:Pass</FONT></FONT></b><br><br/>
Test completed : SI_WF25_CustomList_DefaultLoc_Skipcategory<br/>
</div>
</td>
<td></td>
<td>71</td>
<td>com.tests.WorkFlow@14828232</td></tr>
</table><p>
</body>
</html>