<html>
<head>
<title>TestNG:  GRP-SI - WF 34,TI-WF1-WF2,MIL - WF 2,SI - WF 37,MIL-WF1-WF4</title>
<link href="../testng.css" rel="stylesheet" type="text/css" />
<link href="../my-testng.css" rel="stylesheet" type="text/css" />

<style type="text/css">
.log { display: none;} 
.stack-trace { display: none;} 
</style>
<script type="text/javascript">
<!--
function flip(e) {
  current = e.style.display;
  if (current == 'block') {
    e.style.display = 'none';
    return 0;
  }
  else {
    e.style.display = 'block';
    return 1;
  }
}

function toggleBox(szDivId, elem, msg1, msg2)
{
  var res = -1;  if (document.getElementById) {
    res = flip(document.getElementById(szDivId));
  }
  else if (document.all) {
    // this is the way old msie versions work
    res = flip(document.all[szDivId]);
  }
  if(elem) {
    if(res == 0) elem.innerHTML = msg1; else elem.innerHTML = msg2;
  }

}

function toggleAllBoxes() {
  if (document.getElementsByTagName) {
    d = document.getElementsByTagName('div');
    for (i = 0; i < d.length; i++) {
      if (d[i].className == 'log') {
        flip(d[i]);
      }
    }
  }
}

// -->
</script>

</head>
<body>
<h2 align='center'>GRP-SI - WF 34,TI-WF1-WF2,MIL - WF 2,SI - WF 37,MIL-WF1-WF4</h2><table border='1' align="center">
<tr>
<td>Tests passed/Failed/Skipped:</td><td>0/5/0</td>
</tr><tr>
<td>Started on:</td><td>Thu Jul 07 10:50:01 IST 2016</td>
</tr>
<tr><td>Total time:</td><td>936 seconds (936007 ms)</td>
</tr><tr>
<td>Included groups:</td><td>MIL - WF 2 SI - WF 37 TI-WF1-WF2 SI - WF 34 MIL-WF1-WF4 </td>
</tr><tr>
<td>Excluded groups:</td><td></td>
</tr>
</table><p/>
<small><i>(Hover the method name to see the test class name)</i></small><p/>
<table width='100%' border='1' class='invocation-failed'>
<tr><td colspan='4' align='center'><b>FAILED TESTS</b></td></tr>
<tr><td><b>Test method</b></td>
<td width="30%"><b>Exception</b></td>
<td width="10%"><b>Time (seconds)</b></td>
<td><b>Instance</b></td>
</tr>
<tr>
<td title='com.tests.WorkFlow.MIL_WF1_WF4_Location_AddItems()'><b>MIL_WF1_WF4_Location_AddItems</b><br>Test class: com.tests.WorkFlow<br>Test method: MIL - WF 1,WF 4-Creating Location in trackinventory and add items from multiple lists to location<br/>
<a href="#Output-783510654" onClick='toggleBox("Output-783510654", this, "Show output", "Hide output");'>Show output</a>

<a href="#Output-783510654" onClick="toggleAllBoxes();">Show all outputs</a>
<div class='log' id="Output-783510654">
[10:50:28] : <b><FONT SIZE="2">Launched Sysco UOM</FONT></b><br><br/>
[10:50:33] : <b><FONT SIZE="2">Login page verification :Pass</FONT></b><br><br/>
[10:50:33] : <b><FONT SIZE="2">Sign In</FONT></b><br><br/>
[10:50:57] : <b><FONT SIZE="2">Sign in :Pass</FONT></b><br><br/>
[10:50:57] : <b><FONT COLOR="GREEN"><FONT SIZE="2">Navigating to Setup inventory page :Pass</FONT></FONT></b><br><br/>
[10:51:00] : <b><FONT COLOR="GREEN"><FONT SIZE="2">Tapped on skip :Pass</FONT></FONT></b><br><br/>
[10:51:00] : <b><FONT COLOR="GREEN"><FONT SIZE="2">Selected  orderguide  from SetupInventoryImportItems:Pass</FONT></FONT></b><br><br/>
[10:51:00] : <b><FONT COLOR="GREEN"><FONT SIZE="2">Tapped on Continue :Pass</FONT></FONT></b><br><br/>
[10:51:00] : <b><FONT COLOR="GREEN"><FONT SIZE="2">default location clicked :Pass</FONT></FONT></b><br><br/>
[10:51:00] : <b><FONT COLOR="GREEN"><FONT SIZE="2">Tapped on Continue :Pass</FONT></FONT></b><br><br/>
[10:52:05] : <b><FONT COLOR="GREEN"><FONT SIZE="2">Tapped on DoThisLater :Fail</FONT></FONT></b><br><br/>
<b><font color='RED'>ERROR	:- expected [true] but found [false]</font></b><br/>
</div>
</td>
<td><div><pre>java.lang.AssertionError: expected [true] but found [false]
	at org.testng.Assert.fail(Assert.java:94)
	at org.testng.Assert.failNotEquals(Assert.java:513)
	at org.testng.Assert.assertTrue(Assert.java:42)
	at org.testng.Assert.assertTrue(Assert.java:52)
	at com.components.pages.SetupInventoryPage.TapOnDOThisLater(SetupInventoryPage.java:1054)
	at com.tests.WorkFlow.MIL_WF1_WF4_Location_AddItems(WorkFlow.java:3037)
	at sun.reflect.NativeMethodAccessorImpl.invoke0(Native Method)
	at sun.reflect.NativeMethodAccessorImpl.invoke(NativeMethodAccessorImpl.java:57)
	at sun.reflect.DelegatingMethodAccessorImpl.invoke(DelegatingMethodAccessorImpl.java:43)
	at java.lang.reflect.Method.invoke(Method.java:606)
	at org.testng.internal.MethodInvocationHelper.invokeMethod(MethodInvocationHelper.java:86)
	at org.testng.internal.Invoker.invokeMethod(Invoker.java:645)
	at org.testng.internal.Invoker.invokeTestMethod(Invoker.java:822)
	at org.testng.internal.Invoker.invokeTestMethods(Invoker.java:1130)
	at org.testng.internal.TestMethodWorker.invokeTestMethods(TestMethodWorker.java:129)
	at org.testng.internal.TestMethodWorker.run(TestMethodWorker.java:112)
	at org.testng.TestRunner.privateRun(TestRunner.java:782)
	at org.testng.TestRunner.run(TestRunner.java:632)
	at org.testng.SuiteRunner.runTest(SuiteRunner.java:366)
	at org.testng.SuiteRunner.runSequentially(SuiteRunner.java:361)
	at org.testng.SuiteRunner.privateRun(SuiteRunner.java:319)
	at org.testng.SuiteRunner.run(SuiteRunner.java:268)
	at org.testng.SuiteRunnerWorker.runSuite(SuiteRunnerWorker.java:52)
	at org.testng.SuiteRunnerWorker.run(SuiteRunnerWorker.java:86)
	at org.testng.TestNG.runSuitesSequentially(TestNG.java:1244)
	at org.testng.TestNG.runSuitesLocally(TestNG.java:1169)
	at org.testng.TestNG.run(TestNG.java:1064)
	at org.testng.remote.RemoteTestNG.run(RemoteTestNG.java:113)
	at org.testng.remote.RemoteTestNG.initAndRun(RemoteTestNG.java:206)
	at org.testng.remote.RemoteTestNG.main(RemoteTestNG.java:177)
</pre></div><a href='#' onClick='toggleBox("stack-trace783510654", this, "Click to show all stack frames", "Click to hide stack frames")'>Click to show all stack frames</a>
<div class='stack-trace' id='stack-trace783510654'><pre>java.lang.AssertionError: expected [true] but found [false]
	at org.testng.Assert.fail(Assert.java:94)
	at org.testng.Assert.failNotEquals(Assert.java:513)
	at org.testng.Assert.assertTrue(Assert.java:42)
	at org.testng.Assert.assertTrue(Assert.java:52)
	at com.components.pages.SetupInventoryPage.TapOnDOThisLater(SetupInventoryPage.java:1054)
	at com.tests.WorkFlow.MIL_WF1_WF4_Location_AddItems(WorkFlow.java:3037)
	at sun.reflect.NativeMethodAccessorImpl.invoke0(Native Method)
	at sun.reflect.NativeMethodAccessorImpl.invoke(NativeMethodAccessorImpl.java:57)
	at sun.reflect.DelegatingMethodAccessorImpl.invoke(DelegatingMethodAccessorImpl.java:43)
	at java.lang.reflect.Method.invoke(Method.java:606)
	at org.testng.internal.MethodInvocationHelper.invokeMethod(MethodInvocationHelper.java:86)
	at org.testng.internal.Invoker.invokeMethod(Invoker.java:645)
	at org.testng.internal.Invoker.invokeTestMethod(Invoker.java:822)
	at org.testng.internal.Invoker.invokeTestMethods(Invoker.java:1130)
	at org.testng.internal.TestMethodWorker.invokeTestMethods(TestMethodWorker.java:129)
	at org.testng.internal.TestMethodWorker.run(TestMethodWorker.java:112)
	at org.testng.TestRunner.privateRun(TestRunner.java:782)
	at org.testng.TestRunner.run(TestRunner.java:632)
	at org.testng.SuiteRunner.runTest(SuiteRunner.java:366)
	at org.testng.SuiteRunner.runSequentially(SuiteRunner.java:361)
	at org.testng.SuiteRunner.privateRun(SuiteRunner.java:319)
	at org.testng.SuiteRunner.run(SuiteRunner.java:268)
	at org.testng.SuiteRunnerWorker.runSuite(SuiteRunnerWorker.java:52)
	at org.testng.SuiteRunnerWorker.run(SuiteRunnerWorker.java:86)
	at org.testng.TestNG.runSuitesSequentially(TestNG.java:1244)
	at org.testng.TestNG.runSuitesLocally(TestNG.java:1169)
	at org.testng.TestNG.run(TestNG.java:1064)
	at org.testng.remote.RemoteTestNG.run(RemoteTestNG.java:113)
	at org.testng.remote.RemoteTestNG.initAndRun(RemoteTestNG.java:206)
	at org.testng.remote.RemoteTestNG.main(RemoteTestNG.java:177)
</pre></div></td>
<td>124</td>
<td>com.tests.WorkFlow@7782d113</td></tr>
<tr>
<td title='com.tests.WorkFlow.MIL_WF2_Location_AddItems__MultipleLocation()'><b>MIL_WF2_Location_AddItems__MultipleLocation</b><br>Test class: com.tests.WorkFlow<br>Test method: MIL - WF 2-Selecing a location, adding same items to multiple location<br/>
<a href="#Output-80231988" onClick='toggleBox("Output-80231988", this, "Show output", "Hide output");'>Show output</a>

<a href="#Output-80231988" onClick="toggleAllBoxes();">Show all outputs</a>
<div class='log' id="Output-80231988">
[10:55:22] : <b><FONT SIZE="2">Launched Sysco UOM</FONT></b><br><br/>
[10:55:27] : <b><FONT SIZE="2">Login page verification :Pass</FONT></b><br><br/>
[10:55:27] : <b><FONT SIZE="2">Sign In</FONT></b><br><br/>
[10:55:50] : <b><FONT SIZE="2">Sign in :Pass</FONT></b><br><br/>
[10:55:51] : <b><FONT COLOR="GREEN"><FONT SIZE="2">Navigating to Setup inventory page :Pass</FONT></FONT></b><br><br/>
[10:55:53] : <b><FONT COLOR="GREEN"><FONT SIZE="2">Tapped on skip :Pass</FONT></FONT></b><br><br/>
[10:55:53] : <b><FONT COLOR="GREEN"><FONT SIZE="2">Selected  orderguide  from SetupInventoryImportItems:Pass</FONT></FONT></b><br><br/>
[10:55:53] : <b><FONT COLOR="GREEN"><FONT SIZE="2">Tapped on Continue :Pass</FONT></FONT></b><br><br/>
[10:55:53] : <b><FONT COLOR="GREEN"><FONT SIZE="2">default location clicked :Pass</FONT></FONT></b><br><br/>
[10:55:53] : <b><FONT COLOR="GREEN"><FONT SIZE="2">Tapped on Continue :Pass</FONT></FONT></b><br><br/>
[10:56:59] : <b><FONT COLOR="GREEN"><FONT SIZE="2">Tapped on DoThisLater :Fail</FONT></FONT></b><br><br/>
<b><font color='RED'>ERROR	:- expected [true] but found [false]</font></b><br/>
</div>
</td>
<td><div><pre>java.lang.AssertionError: expected [true] but found [false]
	at org.testng.Assert.fail(Assert.java:94)
	at org.testng.Assert.failNotEquals(Assert.java:513)
	at org.testng.Assert.assertTrue(Assert.java:42)
	at org.testng.Assert.assertTrue(Assert.java:52)
	at com.components.pages.SetupInventoryPage.TapOnDOThisLater(SetupInventoryPage.java:1054)
	at com.tests.WorkFlow.MIL_WF2_Location_AddItems__MultipleLocation(WorkFlow.java:3170)
	at sun.reflect.NativeMethodAccessorImpl.invoke0(Native Method)
	at sun.reflect.NativeMethodAccessorImpl.invoke(NativeMethodAccessorImpl.java:57)
	at sun.reflect.DelegatingMethodAccessorImpl.invoke(DelegatingMethodAccessorImpl.java:43)
	at java.lang.reflect.Method.invoke(Method.java:606)
	at org.testng.internal.MethodInvocationHelper.invokeMethod(MethodInvocationHelper.java:86)
	at org.testng.internal.Invoker.invokeMethod(Invoker.java:645)
	at org.testng.internal.Invoker.invokeTestMethod(Invoker.java:822)
	at org.testng.internal.Invoker.invokeTestMethods(Invoker.java:1130)
	at org.testng.internal.TestMethodWorker.invokeTestMethods(TestMethodWorker.java:129)
	at org.testng.internal.TestMethodWorker.run(TestMethodWorker.java:112)
	at org.testng.TestRunner.privateRun(TestRunner.java:782)
	at org.testng.TestRunner.run(TestRunner.java:632)
	at org.testng.SuiteRunner.runTest(SuiteRunner.java:366)
	at org.testng.SuiteRunner.runSequentially(SuiteRunner.java:361)
	at org.testng.SuiteRunner.privateRun(SuiteRunner.java:319)
	at org.testng.SuiteRunner.run(SuiteRunner.java:268)
	at org.testng.SuiteRunnerWorker.runSuite(SuiteRunnerWorker.java:52)
	at org.testng.SuiteRunnerWorker.run(SuiteRunnerWorker.java:86)
	at org.testng.TestNG.runSuitesSequentially(TestNG.java:1244)
	at org.testng.TestNG.runSuitesLocally(TestNG.java:1169)
	at org.testng.TestNG.run(TestNG.java:1064)
	at org.testng.remote.RemoteTestNG.run(RemoteTestNG.java:113)
	at org.testng.remote.RemoteTestNG.initAndRun(RemoteTestNG.java:206)
	at org.testng.remote.RemoteTestNG.main(RemoteTestNG.java:177)
</pre></div><a href='#' onClick='toggleBox("stack-trace80231988", this, "Click to show all stack frames", "Click to hide stack frames")'>Click to show all stack frames</a>
<div class='stack-trace' id='stack-trace80231988'><pre>java.lang.AssertionError: expected [true] but found [false]
	at org.testng.Assert.fail(Assert.java:94)
	at org.testng.Assert.failNotEquals(Assert.java:513)
	at org.testng.Assert.assertTrue(Assert.java:42)
	at org.testng.Assert.assertTrue(Assert.java:52)
	at com.components.pages.SetupInventoryPage.TapOnDOThisLater(SetupInventoryPage.java:1054)
	at com.tests.WorkFlow.MIL_WF2_Location_AddItems__MultipleLocation(WorkFlow.java:3170)
	at sun.reflect.NativeMethodAccessorImpl.invoke0(Native Method)
	at sun.reflect.NativeMethodAccessorImpl.invoke(NativeMethodAccessorImpl.java:57)
	at sun.reflect.DelegatingMethodAccessorImpl.invoke(DelegatingMethodAccessorImpl.java:43)
	at java.lang.reflect.Method.invoke(Method.java:606)
	at org.testng.internal.MethodInvocationHelper.invokeMethod(MethodInvocationHelper.java:86)
	at org.testng.internal.Invoker.invokeMethod(Invoker.java:645)
	at org.testng.internal.Invoker.invokeTestMethod(Invoker.java:822)
	at org.testng.internal.Invoker.invokeTestMethods(Invoker.java:1130)
	at org.testng.internal.TestMethodWorker.invokeTestMethods(TestMethodWorker.java:129)
	at org.testng.internal.TestMethodWorker.run(TestMethodWorker.java:112)
	at org.testng.TestRunner.privateRun(TestRunner.java:782)
	at org.testng.TestRunner.run(TestRunner.java:632)
	at org.testng.SuiteRunner.runTest(SuiteRunner.java:366)
	at org.testng.SuiteRunner.runSequentially(SuiteRunner.java:361)
	at org.testng.SuiteRunner.privateRun(SuiteRunner.java:319)
	at org.testng.SuiteRunner.run(SuiteRunner.java:268)
	at org.testng.SuiteRunnerWorker.runSuite(SuiteRunnerWorker.java:52)
	at org.testng.SuiteRunnerWorker.run(SuiteRunnerWorker.java:86)
	at org.testng.TestNG.runSuitesSequentially(TestNG.java:1244)
	at org.testng.TestNG.runSuitesLocally(TestNG.java:1169)
	at org.testng.TestNG.run(TestNG.java:1064)
	at org.testng.remote.RemoteTestNG.run(RemoteTestNG.java:113)
	at org.testng.remote.RemoteTestNG.initAndRun(RemoteTestNG.java:206)
	at org.testng.remote.RemoteTestNG.main(RemoteTestNG.java:177)
</pre></div></td>
<td>112</td>
<td>com.tests.WorkFlow@7782d113</td></tr>
<tr>
<td title='com.tests.WorkFlow.SI_WF34_OG_CustomLocation_SuggestedCategory()'><b>SI_WF34_OG_CustomLocation_SuggestedCategory</b><br>Test class: com.tests.WorkFlow<br>Test method: SI - WF 34-OG + Custom Loc + Suggested Category<br/>
<a href="#Output-1981442765" onClick='toggleBox("Output-1981442765", this, "Show output", "Hide output");'>Show output</a>

<a href="#Output-1981442765" onClick="toggleAllBoxes();">Show all outputs</a>
<div class='log' id="Output-1981442765">
[10:52:24] : <b><FONT SIZE="2">Launched Sysco UOM</FONT></b><br><br/>
[10:52:29] : <b><FONT SIZE="2">Login page verification :Pass</FONT></b><br><br/>
[10:52:29] : <b><FONT SIZE="2">Save username verification :Pass</FONT></b><br><br/>
[10:52:29] : <b><FONT SIZE="2">Sign In</FONT></b><br><br/>
[10:52:52] : <b><FONT SIZE="2">Sign in :Pass</FONT></b><br><br/>
[10:52:53] : <b><FONT COLOR="GREEN"><FONT SIZE="2">Navigating to Setup inventory page :Pass</FONT></FONT></b><br><br/>
[10:52:55] : <b><FONT COLOR="GREEN"><FONT SIZE="2">Tapped on skip :Pass</FONT></FONT></b><br><br/>
[10:52:55] : <b><FONT COLOR="GREEN"><FONT SIZE="2">Selected  orderguide  from SetupInventoryImportItems:Pass</FONT></FONT></b><br><br/>
[10:52:55] : <b><FONT COLOR="GREEN"><FONT SIZE="2">Tapped on Continue :Pass</FONT></FONT></b><br><br/>
[10:52:55] : <b><FONT COLOR="GREEN"><FONT SIZE="2">custom location clicked :Pass</FONT></FONT></b><br><br/>
[10:52:55] : <b><FONT COLOR="GREEN"><FONT SIZE="2">Tapped on Continue :Pass</FONT></FONT></b><br><br/>
[10:52:56] : <b><FONT COLOR="GREEN"><FONT SIZE="2">added location name :Pass</FONT></FONT></b><br><br/>
[10:52:56] : <b><FONT SIZE="2">Entering type Dry</FONT></b><br><br/>
[10:53:06] : <b><FONT COLOR="GREEN"><FONT SIZE="2">Entered type in add Locations page :Pass</FONT></FONT></b><br><br/>
[10:53:16] : <b><FONT COLOR="GREEN"><FONT SIZE="2">Entered type in add Locations page :Pass</FONT></FONT></b><br><br/>
[10:53:16] : <b><FONT SIZE="2">Entering anotherloc</FONT></b><br><br/>
[10:53:21] : <b><FONT COLOR="GREEN"><FONT SIZE="2">Entered second loc in Locations page :Pass</FONT></FONT></b><br><br/>
[10:53:21] : <b><FONT SIZE="2">Entering Location name</FONT></b><br><br/>
[10:53:32] : <b><FONT COLOR="GREEN"><FONT SIZE="2">Entered location name2 in add Locations page :Pass</FONT></FONT></b><br><br/>
[10:53:32] : <b><FONT SIZE="2">Entering type Dry</FONT></b><br><br/>
[10:53:37] : <b><FONT COLOR="GREEN"><FONT SIZE="2">Entered type in add Locations page :Pass</FONT></FONT></b><br><br/>
[10:53:43] : <b><FONT COLOR="GREEN"><FONT SIZE="2">Entered type in add Locations page :Pass</FONT></FONT></b><br><br/>
[10:53:51] : <b><FONT COLOR="GREEN"><FONT SIZE="2">Tapped on Next : Pass</FONT></FONT></b><br><br/>
[10:53:51] : <b><FONT SIZE="2"> Adding Item from Order Guide</FONT></b><br><br/>
[10:55:02] : <b><FONT COLOR="GREEN"><FONT SIZE="2">Multiple items selected :Fail</FONT></FONT></b><br><br/>
<b><font color='RED'>ERROR	:- expected [true] but found [false]</font></b><br/>
</div>
</td>
<td><div><pre>java.lang.AssertionError: expected [true] but found [false]
	at org.testng.Assert.fail(Assert.java:94)
	at org.testng.Assert.failNotEquals(Assert.java:513)
	at org.testng.Assert.assertTrue(Assert.java:42)
	at org.testng.Assert.assertTrue(Assert.java:52)
	at com.components.pages.LocationsPage.selectMultipleItemsFromLocation1(LocationsPage.java:1428)
	at com.tests.WorkFlow.SI_WF34_OG_CustomLocation_SuggestedCategory(WorkFlow.java:2497)
	at sun.reflect.NativeMethodAccessorImpl.invoke0(Native Method)
	at sun.reflect.NativeMethodAccessorImpl.invoke(NativeMethodAccessorImpl.java:57)
	at sun.reflect.DelegatingMethodAccessorImpl.invoke(DelegatingMethodAccessorImpl.java:43)
	at java.lang.reflect.Method.invoke(Method.java:606)
	at org.testng.internal.MethodInvocationHelper.invokeMethod(MethodInvocationHelper.java:86)
	at org.testng.internal.Invoker.invokeMethod(Invoker.java:645)
	at org.testng.internal.Invoker.invokeTestMethod(Invoker.java:822)
	at org.testng.internal.Invoker.invokeTestMethods(Invoker.java:1130)
	at org.testng.internal.TestMethodWorker.invokeTestMethods(TestMethodWorker.java:129)
	at org.testng.internal.TestMethodWorker.run(TestMethodWorker.java:112)
	at org.testng.TestRunner.privateRun(TestRunner.java:782)
	at org.testng.TestRunner.run(TestRunner.java:632)
	at org.testng.SuiteRunner.runTest(SuiteRunner.java:366)
	at org.testng.SuiteRunner.runSequentially(SuiteRunner.java:361)
	at org.testng.SuiteRunner.privateRun(SuiteRunner.java:319)
	at org.testng.SuiteRunner.run(SuiteRunner.java:268)
	at org.testng.SuiteRunnerWorker.runSuite(SuiteRunnerWorker.java:52)
	at org.testng.SuiteRunnerWorker.run(SuiteRunnerWorker.java:86)
	at org.testng.TestNG.runSuitesSequentially(TestNG.java:1244)
	at org.testng.TestNG.runSuitesLocally(TestNG.java:1169)
	at org.testng.TestNG.run(TestNG.java:1064)
	at org.testng.remote.RemoteTestNG.run(RemoteTestNG.java:113)
	at org.testng.remote.RemoteTestNG.initAndRun(RemoteTestNG.java:206)
	at org.testng.remote.RemoteTestNG.main(RemoteTestNG.java:177)
</pre></div><a href='#' onClick='toggleBox("stack-trace1981442765", this, "Click to show all stack frames", "Click to hide stack frames")'>Click to show all stack frames</a>
<div class='stack-trace' id='stack-trace1981442765'><pre>java.lang.AssertionError: expected [true] but found [false]
	at org.testng.Assert.fail(Assert.java:94)
	at org.testng.Assert.failNotEquals(Assert.java:513)
	at org.testng.Assert.assertTrue(Assert.java:42)
	at org.testng.Assert.assertTrue(Assert.java:52)
	at com.components.pages.LocationsPage.selectMultipleItemsFromLocation1(LocationsPage.java:1428)
	at com.tests.WorkFlow.SI_WF34_OG_CustomLocation_SuggestedCategory(WorkFlow.java:2497)
	at sun.reflect.NativeMethodAccessorImpl.invoke0(Native Method)
	at sun.reflect.NativeMethodAccessorImpl.invoke(NativeMethodAccessorImpl.java:57)
	at sun.reflect.DelegatingMethodAccessorImpl.invoke(DelegatingMethodAccessorImpl.java:43)
	at java.lang.reflect.Method.invoke(Method.java:606)
	at org.testng.internal.MethodInvocationHelper.invokeMethod(MethodInvocationHelper.java:86)
	at org.testng.internal.Invoker.invokeMethod(Invoker.java:645)
	at org.testng.internal.Invoker.invokeTestMethod(Invoker.java:822)
	at org.testng.internal.Invoker.invokeTestMethods(Invoker.java:1130)
	at org.testng.internal.TestMethodWorker.invokeTestMethods(TestMethodWorker.java:129)
	at org.testng.internal.TestMethodWorker.run(TestMethodWorker.java:112)
	at org.testng.TestRunner.privateRun(TestRunner.java:782)
	at org.testng.TestRunner.run(TestRunner.java:632)
	at org.testng.SuiteRunner.runTest(SuiteRunner.java:366)
	at org.testng.SuiteRunner.runSequentially(SuiteRunner.java:361)
	at org.testng.SuiteRunner.privateRun(SuiteRunner.java:319)
	at org.testng.SuiteRunner.run(SuiteRunner.java:268)
	at org.testng.SuiteRunnerWorker.runSuite(SuiteRunnerWorker.java:52)
	at org.testng.SuiteRunnerWorker.run(SuiteRunnerWorker.java:86)
	at org.testng.TestNG.runSuitesSequentially(TestNG.java:1244)
	at org.testng.TestNG.runSuitesLocally(TestNG.java:1169)
	at org.testng.TestNG.run(TestNG.java:1064)
	at org.testng.remote.RemoteTestNG.run(RemoteTestNG.java:113)
	at org.testng.remote.RemoteTestNG.initAndRun(RemoteTestNG.java:206)
	at org.testng.remote.RemoteTestNG.main(RemoteTestNG.java:177)
</pre></div></td>
<td>172</td>
<td>com.tests.WorkFlow@7782d113</td></tr>
<tr>
<td title='com.tests.WorkFlow.SI_WF37_StartFromScratch_MultipleList_CustomLocation_SuggestedCategory()'><b>SI_WF37_StartFromScratch_MultipleList_CustomLocation_SuggestedCategory</b><br>Test class: com.tests.WorkFlow<br>Test method: SI - WF 37-Start from scratch+ Multiple lists +Custom location +Suggested category<br/>
<a href="#Output-1993552032" onClick='toggleBox("Output-1993552032", this, "Show output", "Hide output");'>Show output</a>

<a href="#Output-1993552032" onClick="toggleAllBoxes();">Show all outputs</a>
<div class='log' id="Output-1993552032">
[10:57:17] : <b><FONT SIZE="2">Launched Sysco UOM</FONT></b><br><br/>
[10:57:22] : <b><FONT SIZE="2">Login page verification :Pass</FONT></b><br><br/>
[10:57:22] : <b><FONT SIZE="2">Save username verification :Pass</FONT></b><br><br/>
[10:57:22] : <b><FONT SIZE="2">Sign In</FONT></b><br><br/>
[10:57:46] : <b><FONT SIZE="2">Sign in :Pass</FONT></b><br><br/>
[10:57:46] : <b><FONT COLOR="GREEN"><FONT SIZE="2">Navigating to Setup inventory page :Pass</FONT></FONT></b><br><br/>
[10:57:48] : <b><FONT COLOR="GREEN"><FONT SIZE="2">Tapped on skip :Pass</FONT></FONT></b><br><br/>
[10:57:48] : <b><FONT COLOR="GREEN"><FONT SIZE="2">Tapped on Start from Scratch :Pass</FONT></FONT></b><br><br/>
[10:57:48] : <b><FONT COLOR="GREEN"><FONT SIZE="2">Tapped on Continue :Pass</FONT></FONT></b><br><br/>
[10:57:48] : <b><FONT COLOR="GREEN"><FONT SIZE="2">Tapping on add items button from setup inventory page :Pass</FONT></FONT></b><br><br/>
[10:57:49] : <b><FONT COLOR="GREEN"><FONT SIZE="2">Nonsysco item selected from add item from page :Pass</FONT></FONT></b><br><br/>
[10:57:49] : <b><FONT SIZE="2">Entering details of Nonsysco item</FONT></b><br><br/>
[10:57:49] : <b><FONT SIZE="2">Entering Product name</FONT></b><br><br/>
[10:57:49] : <b><FONT SIZE="2">Entering Product id</FONT></b><br><br/>
[10:57:50] : <b><FONT SIZE="2">Entering Pack</FONT></b><br><br/>
[10:57:50] : <b><FONT SIZE="2">Entering size</FONT></b><br><br/>
[10:57:50] : <b><FONT SIZE="2">Entering weight</FONT></b><br><br/>
[10:57:51] : <b><FONT SIZE="2">Entering Product brand</FONT></b><br><br/>
[10:57:53] : <b><FONT COLOR="GREEN"><FONT SIZE="2">Item details are entered :Pass</FONT></FONT></b><br><br/>
[10:57:53] : <b><FONT SIZE="2">Selected supplier : Pass</FONT></b><br><br/>
[10:57:53] : <b><FONT SIZE="2">Click on ADD Vendor Button</FONT></b><br><br/>
[10:57:53] : <b><FONT COLOR="GREEN"><FONT SIZE="2">Add vendor button click :Pass</FONT></FONT></b><br><br/>
[10:57:53] : <b><FONT SIZE="2">Adding vendor details</FONT></b><br><br/>
[10:58:03] : <b><FONT COLOR="GREEN"><FONT SIZE="2">Vendor details entered  :Pass</FONT></FONT></b><br><br/>
[10:58:11] : <b><FONT COLOR="GREEN"><FONT SIZE="2">Tapped on done:Pass</FONT></FONT></b><br><br/>
[10:58:13] : <b><FONT COLOR="GREEN"><FONT SIZE="2">tap on back :Pass</FONT></FONT></b><br><br/>
[10:58:15] : <b><FONT COLOR="GREEN"><FONT SIZE="2">Vendor is selected for item :Pass</FONT></FONT></b><br><br/>
[10:58:23] : <b><FONT COLOR="GREEN"><FONT SIZE="2">Tapped on done:Pass</FONT></FONT></b><br><br/>
[10:58:24] : <b><FONT COLOR="GREEN"><FONT SIZE="2">Tapped on add items link :Pass</FONT></FONT></b><br><br/>
[10:58:25] : <b><FONT COLOR="GREEN"><FONT SIZE="2">Prep item selected from add item from page :Pass</FONT></FONT></b><br><br/>
[10:58:25] : <b><FONT SIZE="2">Entering details of Nonsysco item</FONT></b><br><br/>
[10:58:25] : <b><FONT SIZE="2">Entering Product name</FONT></b><br><br/>
[10:58:25] : <b><FONT SIZE="2">Entering Product id</FONT></b><br><br/>
[10:58:25] : <b><FONT SIZE="2">Entering Pack</FONT></b><br><br/>
[10:58:26] : <b><FONT SIZE="2">Entering size</FONT></b><br><br/>
[10:58:26] : <b><FONT SIZE="2">Entering weight</FONT></b><br><br/>
[10:58:28] : <b><FONT COLOR="GREEN"><FONT SIZE="2">Item details are entered :Pass</FONT></FONT></b><br><br/>
[10:58:37] : <b><FONT COLOR="GREEN"><FONT SIZE="2">Tapped on done:Pass</FONT></FONT></b><br><br/>
[10:58:38] : <b><FONT COLOR="GREEN"><FONT SIZE="2">Tapped on add items link :Pass</FONT></FONT></b><br><br/>
[10:58:43] : <b><FONT COLOR="GREEN"><FONT SIZE="2">Search item :Pass</FONT></FONT></b><br><br/>
[10:58:44] : <b><FONT COLOR="GREEN"><FONT SIZE="2">First item selected from pdt catalog  :Pass</FONT></FONT></b><br><br/>
[10:58:52] : <b><FONT COLOR="GREEN"><FONT SIZE="2">Tapped on done:Pass</FONT></FONT></b><br><br/>
[10:58:53] : <b><FONT COLOR="GREEN"><FONT SIZE="2">Tapped on add items link :Pass</FONT></FONT></b><br><br/>
[10:58:56] : <b><FONT COLOR="GREEN"><FONT SIZE="2">Order Guide Click : Pass</FONT></FONT></b><br><br/>
[10:58:57] : <b><FONT COLOR="GREEN"><FONT SIZE="2">First item selected Order Guide  :Pass</FONT></FONT></b><br><br/>
[10:59:05] : <b><FONT COLOR="GREEN"><FONT SIZE="2">Tapped on done:Pass</FONT></FONT></b><br><br/>
[10:59:15] : <b><FONT COLOR="GREEN"><FONT SIZE="2">Item Found in Setup Inventory:Pass</FONT></FONT></b><br><br/>
[10:59:25] : <b><FONT COLOR="GREEN"><FONT SIZE="2">Item Found in Setup Inventory:Pass</FONT></FONT></b><br><br/>
[10:59:36] : <b><FONT COLOR="GREEN"><FONT SIZE="2">Item Found in Setup Inventory:Pass</FONT></FONT></b><br><br/>
[10:59:46] : <b><FONT COLOR="GREEN"><FONT SIZE="2">Item Found in Setup Inventory:Pass</FONT></FONT></b><br><br/>
[10:59:54] : <b><FONT COLOR="GREEN"><FONT SIZE="2">Tapped on done:Pass</FONT></FONT></b><br><br/>
[10:59:55] : <b><FONT COLOR="GREEN"><FONT SIZE="2">custom location clicked :Pass</FONT></FONT></b><br><br/>
[10:59:55] : <b><FONT COLOR="GREEN"><FONT SIZE="2">Tapped on Continue :Pass</FONT></FONT></b><br><br/>
[10:59:56] : <b><FONT COLOR="GREEN"><FONT SIZE="2">added location name :Pass</FONT></FONT></b><br><br/>
[10:59:56] : <b><FONT SIZE="2">Entering type Dry</FONT></b><br><br/>
[11:00:06] : <b><FONT COLOR="GREEN"><FONT SIZE="2">Entered type in add Locations page :Pass</FONT></FONT></b><br><br/>
[11:00:16] : <b><FONT COLOR="GREEN"><FONT SIZE="2">Entered type in add Locations page :Pass</FONT></FONT></b><br><br/>
[11:00:16] : <b><FONT SIZE="2">Entering anotherloc</FONT></b><br><br/>
[11:00:22] : <b><FONT COLOR="GREEN"><FONT SIZE="2">Entered second loc in Locations page :Pass</FONT></FONT></b><br><br/>
[11:00:22] : <b><FONT SIZE="2">Entering Location name</FONT></b><br><br/>
[11:00:32] : <b><FONT COLOR="GREEN"><FONT SIZE="2">Entered location name2 in add Locations page :Pass</FONT></FONT></b><br><br/>
[11:00:32] : <b><FONT SIZE="2">Entering type Dry</FONT></b><br><br/>
[11:00:38] : <b><FONT COLOR="GREEN"><FONT SIZE="2">Entered type in add Locations page :Pass</FONT></FONT></b><br><br/>
[11:00:43] : <b><FONT COLOR="GREEN"><FONT SIZE="2">Entered type in add Locations page :Pass</FONT></FONT></b><br><br/>
[11:00:51] : <b><FONT COLOR="GREEN"><FONT SIZE="2">Tapped on Next : Pass</FONT></FONT></b><br><br/>
[11:00:51] : <b><FONT SIZE="2"> Adding Items of multiplelist to location</FONT></b><br><br/>
[11:01:29] : <b><FONT COLOR="GREEN"><FONT SIZE="2">Multiple items selected :Pass</FONT></FONT></b><br><br/>
[11:01:38] : <b><FONT COLOR="GREEN"><FONT SIZE="2">Tapped on Next : Pass</FONT></FONT></b><br><br/>
[11:01:38] : <b><FONT SIZE="2">Selecting item</FONT></b><br><br/>
[11:01:41] : <b><FONT COLOR="GREEN"><FONT SIZE="2">Selected all items tab :Pass</FONT></FONT></b><br><br/>
[11:01:41] : <b><FONT SIZE="2"> Adding Items of multiplelist to location</FONT></b><br><br/>
[11:01:47] : <b><FONT COLOR="GREEN"><FONT SIZE="2">Multiple items selected :Pass</FONT></FONT></b><br><br/>
[11:01:55] : <b><FONT COLOR="GREEN"><FONT SIZE="2">Tapped on done:Pass</FONT></FONT></b><br><br/>
[11:01:58] : <b><FONT SIZE="2">Selecting suggested category from Food cost page</FONT></b><br><br/>
[11:01:58] : <b><FONT COLOR="GREEN"><FONT SIZE="2">Suggested Category selected :Pass</FONT></FONT></b><br><br/>
[11:01:58] : <b><FONT COLOR="GREEN"><FONT SIZE="2">Tapped on Continue :Pass</FONT></FONT></b><br><br/>
[11:02:18] : <b><FONT COLOR="GREEN"><FONT SIZE="2">Tapped on TakeHome :Pass</FONT></FONT></b><br><br/>
[11:02:26] : <b><FONT COLOR="GREEN"><FONT SIZE="2">Tapped  TrackInventory from inventory tools page:Pass</FONT></FONT></b><br><br/>
[11:02:26] : <b><FONT SIZE="2">Selecting location</FONT></b><br><br/>
[11:02:28] : <b><FONT COLOR="GREEN"><FONT SIZE="2">Location is selected for item :Pass</FONT></FONT></b><br><br/>
[11:02:28] : <b><FONT SIZE="2">locationItem verify </FONT></b><br><br/>
[11:03:34] : <b><FONT COLOR="GREEN"><FONT SIZE="2">Items verification done  :Fail</FONT></FONT></b><br><br/>
<b><font color='RED'>ERROR	:- expected [true] but found [false]</font></b><br/>
</div>
</td>
<td><div><pre>java.lang.AssertionError: expected [true] but found [false]
	at org.testng.Assert.fail(Assert.java:94)
	at org.testng.Assert.failNotEquals(Assert.java:513)
	at org.testng.Assert.assertTrue(Assert.java:42)
	at org.testng.Assert.assertTrue(Assert.java:52)
	at com.components.pages.LocationsPage.VerifyMultipleListItemsInLocation(LocationsPage.java:1732)
	at com.tests.WorkFlow.SI_WF37_StartFromScratch_MultipleList_CustomLocation_SuggestedCategory(WorkFlow.java:2785)
	at sun.reflect.NativeMethodAccessorImpl.invoke0(Native Method)
	at sun.reflect.NativeMethodAccessorImpl.invoke(NativeMethodAccessorImpl.java:57)
	at sun.reflect.DelegatingMethodAccessorImpl.invoke(DelegatingMethodAccessorImpl.java:43)
	at java.lang.reflect.Method.invoke(Method.java:606)
	at org.testng.internal.MethodInvocationHelper.invokeMethod(MethodInvocationHelper.java:86)
	at org.testng.internal.Invoker.invokeMethod(Invoker.java:645)
	at org.testng.internal.Invoker.invokeTestMethod(Invoker.java:822)
	at org.testng.internal.Invoker.invokeTestMethods(Invoker.java:1130)
	at org.testng.internal.TestMethodWorker.invokeTestMethods(TestMethodWorker.java:129)
	at org.testng.internal.TestMethodWorker.run(TestMethodWorker.java:112)
	at org.testng.TestRunner.privateRun(TestRunner.java:782)
	at org.testng.TestRunner.run(TestRunner.java:632)
	at org.testng.SuiteRunner.runTest(SuiteRunner.java:366)
	at org.testng.SuiteRunner.runSequentially(SuiteRunner.java:361)
	at org.testng.SuiteRunner.privateRun(SuiteRunner.java:319)
	at org.testng.SuiteRunner.run(SuiteRunner.java:268)
	at org.testng.SuiteRunnerWorker.runSuite(SuiteRunnerWorker.java:52)
	at org.testng.SuiteRunnerWorker.run(SuiteRunnerWorker.java:86)
	at org.testng.TestNG.runSuitesSequentially(TestNG.java:1244)
	at org.testng.TestNG.runSuitesLocally(TestNG.java:1169)
	at org.testng.TestNG.run(TestNG.java:1064)
	at org.testng.remote.RemoteTestNG.run(RemoteTestNG.java:113)
	at org.testng.remote.RemoteTestNG.initAndRun(RemoteTestNG.java:206)
	at org.testng.remote.RemoteTestNG.main(RemoteTestNG.java:177)
</pre></div><a href='#' onClick='toggleBox("stack-trace1993552032", this, "Click to show all stack frames", "Click to hide stack frames")'>Click to show all stack frames</a>
<div class='stack-trace' id='stack-trace1993552032'><pre>java.lang.AssertionError: expected [true] but found [false]
	at org.testng.Assert.fail(Assert.java:94)
	at org.testng.Assert.failNotEquals(Assert.java:513)
	at org.testng.Assert.assertTrue(Assert.java:42)
	at org.testng.Assert.assertTrue(Assert.java:52)
	at com.components.pages.LocationsPage.VerifyMultipleListItemsInLocation(LocationsPage.java:1732)
	at com.tests.WorkFlow.SI_WF37_StartFromScratch_MultipleList_CustomLocation_SuggestedCategory(WorkFlow.java:2785)
	at sun.reflect.NativeMethodAccessorImpl.invoke0(Native Method)
	at sun.reflect.NativeMethodAccessorImpl.invoke(NativeMethodAccessorImpl.java:57)
	at sun.reflect.DelegatingMethodAccessorImpl.invoke(DelegatingMethodAccessorImpl.java:43)
	at java.lang.reflect.Method.invoke(Method.java:606)
	at org.testng.internal.MethodInvocationHelper.invokeMethod(MethodInvocationHelper.java:86)
	at org.testng.internal.Invoker.invokeMethod(Invoker.java:645)
	at org.testng.internal.Invoker.invokeTestMethod(Invoker.java:822)
	at org.testng.internal.Invoker.invokeTestMethods(Invoker.java:1130)
	at org.testng.internal.TestMethodWorker.invokeTestMethods(TestMethodWorker.java:129)
	at org.testng.internal.TestMethodWorker.run(TestMethodWorker.java:112)
	at org.testng.TestRunner.privateRun(TestRunner.java:782)
	at org.testng.TestRunner.run(TestRunner.java:632)
	at org.testng.SuiteRunner.runTest(SuiteRunner.java:366)
	at org.testng.SuiteRunner.runSequentially(SuiteRunner.java:361)
	at org.testng.SuiteRunner.privateRun(SuiteRunner.java:319)
	at org.testng.SuiteRunner.run(SuiteRunner.java:268)
	at org.testng.SuiteRunnerWorker.runSuite(SuiteRunnerWorker.java:52)
	at org.testng.SuiteRunnerWorker.run(SuiteRunnerWorker.java:86)
	at org.testng.TestNG.runSuitesSequentially(TestNG.java:1244)
	at org.testng.TestNG.runSuitesLocally(TestNG.java:1169)
	at org.testng.TestNG.run(TestNG.java:1064)
	at org.testng.remote.RemoteTestNG.run(RemoteTestNG.java:113)
	at org.testng.remote.RemoteTestNG.initAndRun(RemoteTestNG.java:206)
	at org.testng.remote.RemoteTestNG.main(RemoteTestNG.java:177)
</pre></div></td>
<td>391</td>
<td>com.tests.WorkFlow@7782d113</td></tr>
<tr>
<td title='com.tests.WorkFlow.TI_WF1_WF2_Location_Item_UOMQuantity()'><b>TI_WF1_WF2_Location_Item_UOMQuantity</b><br>Test class: com.tests.WorkFlow<br>Test method: TI-WF1-WF2-Select a location from trackinventory updating quantity and uom<br/>
<a href="#Output-1089905467" onClick='toggleBox("Output-1089905467", this, "Show output", "Hide output");'>Show output</a>

<a href="#Output-1089905467" onClick="toggleAllBoxes();">Show all outputs</a>
<div class='log' id="Output-1089905467">
[11:03:54] : <b><FONT SIZE="2">Launched Sysco UOM</FONT></b><br><br/>
[11:03:59] : <b><FONT SIZE="2">Login page verification :Pass</FONT></b><br><br/>
[11:03:59] : <b><FONT SIZE="2">Sign In</FONT></b><br><br/>
[11:04:23] : <b><FONT SIZE="2">Sign in :Pass</FONT></b><br><br/>
[11:04:23] : <b><FONT COLOR="GREEN"><FONT SIZE="2">Navigating to Setup inventory page :Pass</FONT></FONT></b><br><br/>
[11:04:25] : <b><FONT COLOR="GREEN"><FONT SIZE="2">Tapped on skip :Pass</FONT></FONT></b><br><br/>
[11:04:25] : <b><FONT COLOR="GREEN"><FONT SIZE="2">Selected  orderguide  from SetupInventoryImportItems:Pass</FONT></FONT></b><br><br/>
[11:04:26] : <b><FONT COLOR="GREEN"><FONT SIZE="2">Tapped on Continue :Pass</FONT></FONT></b><br><br/>
[11:04:26] : <b><FONT COLOR="GREEN"><FONT SIZE="2">default location clicked :Pass</FONT></FONT></b><br><br/>
[11:04:26] : <b><FONT COLOR="GREEN"><FONT SIZE="2">Tapped on Continue :Pass</FONT></FONT></b><br><br/>
[11:05:31] : <b><FONT COLOR="GREEN"><FONT SIZE="2">Tapped on DoThisLater :Fail</FONT></FONT></b><br><br/>
<b><font color='RED'>ERROR	:- expected [true] but found [false]</font></b><br/>
</div>
</td>
<td><div><pre>java.lang.AssertionError: expected [true] but found [false]
	at org.testng.Assert.fail(Assert.java:94)
	at org.testng.Assert.failNotEquals(Assert.java:513)
	at org.testng.Assert.assertTrue(Assert.java:42)
	at org.testng.Assert.assertTrue(Assert.java:52)
	at com.components.pages.SetupInventoryPage.TapOnDOThisLater(SetupInventoryPage.java:1054)
	at com.tests.WorkFlow.TI_WF1_WF2_Location_Item_UOMQuantity(WorkFlow.java:2948)
	at sun.reflect.NativeMethodAccessorImpl.invoke0(Native Method)
	at sun.reflect.NativeMethodAccessorImpl.invoke(NativeMethodAccessorImpl.java:57)
	at sun.reflect.DelegatingMethodAccessorImpl.invoke(DelegatingMethodAccessorImpl.java:43)
	at java.lang.reflect.Method.invoke(Method.java:606)
	at org.testng.internal.MethodInvocationHelper.invokeMethod(MethodInvocationHelper.java:86)
	at org.testng.internal.Invoker.invokeMethod(Invoker.java:645)
	at org.testng.internal.Invoker.invokeTestMethod(Invoker.java:822)
	at org.testng.internal.Invoker.invokeTestMethods(Invoker.java:1130)
	at org.testng.internal.TestMethodWorker.invokeTestMethods(TestMethodWorker.java:129)
	at org.testng.internal.TestMethodWorker.run(TestMethodWorker.java:112)
	at org.testng.TestRunner.privateRun(TestRunner.java:782)
	at org.testng.TestRunner.run(TestRunner.java:632)
	at org.testng.SuiteRunner.runTest(SuiteRunner.java:366)
	at org.testng.SuiteRunner.runSequentially(SuiteRunner.java:361)
	at org.testng.SuiteRunner.privateRun(SuiteRunner.java:319)
	at org.testng.SuiteRunner.run(SuiteRunner.java:268)
	at org.testng.SuiteRunnerWorker.runSuite(SuiteRunnerWorker.java:52)
	at org.testng.SuiteRunnerWorker.run(SuiteRunnerWorker.java:86)
	at org.testng.TestNG.runSuitesSequentially(TestNG.java:1244)
	at org.testng.TestNG.runSuitesLocally(TestNG.java:1169)
	at org.testng.TestNG.run(TestNG.java:1064)
	at org.testng.remote.RemoteTestNG.run(RemoteTestNG.java:113)
	at org.testng.remote.RemoteTestNG.initAndRun(RemoteTestNG.java:206)
	at org.testng.remote.RemoteTestNG.main(RemoteTestNG.java:177)
</pre></div><a href='#' onClick='toggleBox("stack-trace1089905467", this, "Click to show all stack frames", "Click to hide stack frames")'>Click to show all stack frames</a>
<div class='stack-trace' id='stack-trace1089905467'><pre>java.lang.AssertionError: expected [true] but found [false]
	at org.testng.Assert.fail(Assert.java:94)
	at org.testng.Assert.failNotEquals(Assert.java:513)
	at org.testng.Assert.assertTrue(Assert.java:42)
	at org.testng.Assert.assertTrue(Assert.java:52)
	at com.components.pages.SetupInventoryPage.TapOnDOThisLater(SetupInventoryPage.java:1054)
	at com.tests.WorkFlow.TI_WF1_WF2_Location_Item_UOMQuantity(WorkFlow.java:2948)
	at sun.reflect.NativeMethodAccessorImpl.invoke0(Native Method)
	at sun.reflect.NativeMethodAccessorImpl.invoke(NativeMethodAccessorImpl.java:57)
	at sun.reflect.DelegatingMethodAccessorImpl.invoke(DelegatingMethodAccessorImpl.java:43)
	at java.lang.reflect.Method.invoke(Method.java:606)
	at org.testng.internal.MethodInvocationHelper.invokeMethod(MethodInvocationHelper.java:86)
	at org.testng.internal.Invoker.invokeMethod(Invoker.java:645)
	at org.testng.internal.Invoker.invokeTestMethod(Invoker.java:822)
	at org.testng.internal.Invoker.invokeTestMethods(Invoker.java:1130)
	at org.testng.internal.TestMethodWorker.invokeTestMethods(TestMethodWorker.java:129)
	at org.testng.internal.TestMethodWorker.run(TestMethodWorker.java:112)
	at org.testng.TestRunner.privateRun(TestRunner.java:782)
	at org.testng.TestRunner.run(TestRunner.java:632)
	at org.testng.SuiteRunner.runTest(SuiteRunner.java:366)
	at org.testng.SuiteRunner.runSequentially(SuiteRunner.java:361)
	at org.testng.SuiteRunner.privateRun(SuiteRunner.java:319)
	at org.testng.SuiteRunner.run(SuiteRunner.java:268)
	at org.testng.SuiteRunnerWorker.runSuite(SuiteRunnerWorker.java:52)
	at org.testng.SuiteRunnerWorker.run(SuiteRunnerWorker.java:86)
	at org.testng.TestNG.runSuitesSequentially(TestNG.java:1244)
	at org.testng.TestNG.runSuitesLocally(TestNG.java:1169)
	at org.testng.TestNG.run(TestNG.java:1064)
	at org.testng.remote.RemoteTestNG.run(RemoteTestNG.java:113)
	at org.testng.remote.RemoteTestNG.initAndRun(RemoteTestNG.java:206)
	at org.testng.remote.RemoteTestNG.main(RemoteTestNG.java:177)
</pre></div></td>
<td>112</td>
<td>com.tests.WorkFlow@7782d113</td></tr>
</table><p>
</body>
</html>