<html>
<head>
<title>TestNG:  GRP-SI - WF 13,SI - WF 14,SI - WF 12,SI - WF 17,SI - WF 15</title>
<link href="../testng.css" rel="stylesheet" type="text/css" />
<link href="../my-testng.css" rel="stylesheet" type="text/css" />

<style type="text/css">
.log { display: none;} 
.stack-trace { display: none;} 
</style>
<script type="text/javascript">
<!--
function flip(e) {
  current = e.style.display;
  if (current == 'block') {
    e.style.display = 'none';
    return 0;
  }
  else {
    e.style.display = 'block';
    return 1;
  }
}

function toggleBox(szDivId, elem, msg1, msg2)
{
  var res = -1;  if (document.getElementById) {
    res = flip(document.getElementById(szDivId));
  }
  else if (document.all) {
    // this is the way old msie versions work
    res = flip(document.all[szDivId]);
  }
  if(elem) {
    if(res == 0) elem.innerHTML = msg1; else elem.innerHTML = msg2;
  }

}

function toggleAllBoxes() {
  if (document.getElementsByTagName) {
    d = document.getElementsByTagName('div');
    for (i = 0; i < d.length; i++) {
      if (d[i].className == 'log') {
        flip(d[i]);
      }
    }
  }
}

// -->
</script>

</head>
<body>
<h2 align='center'>GRP-SI - WF 13,SI - WF 14,SI - WF 12,SI - WF 17,SI - WF 15</h2><table border='1' align="center">
<tr>
<td>Tests passed/Failed/Skipped:</td><td>1/4/0</td>
</tr><tr>
<td>Started on:</td><td>Tue Jul 12 14:27:42 IST 2016</td>
</tr>
<tr><td>Total time:</td><td>1173 seconds (1173533 ms)</td>
</tr><tr>
<td>Included groups:</td><td>SI - WF 17 SI - WF 15 SI - WF 13 SI - WF 14 SI - WF 12 </td>
</tr><tr>
<td>Excluded groups:</td><td></td>
</tr>
</table><p/>
<small><i>(Hover the method name to see the test class name)</i></small><p/>
<table width='100%' border='1' class='invocation-failed'>
<tr><td colspan='4' align='center'><b>FAILED TESTS</b></td></tr>
<tr><td><b>Test method</b></td>
<td width="30%"><b>Exception</b></td>
<td width="10%"><b>Time (seconds)</b></td>
<td><b>Instance</b></td>
</tr>
<tr>
<td title='com.tests.WorkFlow.SI_WF12_StartFromScratch_Catalog_OG_NonSysco_Prep_DefaultLocation_DefaultCategory()'><b>SI_WF12_StartFromScratch_Catalog_OG_NonSysco_Prep_DefaultLocation_DefaultCategory</b><br>Test class: com.tests.WorkFlow<br>Test method: SI - WF 12-Start From Scratch + add items from multiple lists +Default Loc + Default Category<br/>
<a href="#Output-888968747" onClick='toggleBox("Output-888968747", this, "Show output", "Hide output");'>Show output</a>

<a href="#Output-888968747" onClick="toggleAllBoxes();">Show all outputs</a>
<div class='log' id="Output-888968747">
[14:40:15] : <b><FONT SIZE="2">Launched Sysco UOM</FONT></b><br><br/>
[14:40:21] : <b><FONT SIZE="2">Login page verification :Pass</FONT></b><br><br/>
[14:40:21] : <b><FONT SIZE="2">Save username verification :Pass</FONT></b><br><br/>
[14:40:21] : <b><FONT SIZE="2">Sign In</FONT></b><br><br/>
[14:40:44] : <b><FONT SIZE="2">Sign in :Pass</FONT></b><br><br/>
[14:40:44] : <b><FONT COLOR="GREEN"><FONT SIZE="2">Navigating to Setup inventory page :Pass</FONT></FONT></b><br><br/>
[14:40:46] : <b><FONT COLOR="GREEN"><FONT SIZE="2">Tapped on skip :Pass</FONT></FONT></b><br><br/>
[14:40:46] : <b><FONT COLOR="GREEN"><FONT SIZE="2">Tapped on Start from Scratch :Pass</FONT></FONT></b><br><br/>
[14:40:47] : <b><FONT COLOR="GREEN"><FONT SIZE="2">Tapped on Continue :Pass</FONT></FONT></b><br><br/>
[14:40:47] : <b><FONT COLOR="GREEN"><FONT SIZE="2">Tapping on add items button from setup inventory page :Pass</FONT></FONT></b><br><br/>
[14:40:50] : <b><FONT COLOR="GREEN"><FONT SIZE="2">Search item :Pass</FONT></FONT></b><br><br/>
[14:40:50] : <b><FONT COLOR="GREEN"><FONT SIZE="2">Catalog Items not available</FONT></FONT></b><br><br/>
[14:40:52] : <b><FONT COLOR="GREEN"><FONT SIZE="2">Catalog Item Found in Setup Inventory:Fail</FONT></FONT></b><br><br/>
[14:40:52] : <b><FONT COLOR="GREEN"><FONT SIZE="2">tap on back :Pass</FONT></FONT></b><br><br/>
[14:40:52] : <b><FONT COLOR="GREEN"><FONT SIZE="2">tap on back :Pass</FONT></FONT></b><br><br/>
[14:43:15] : <b><FONT COLOR="GREEN"><FONT SIZE="2">Tapped on done :Fail</FONT></FONT></b><br><br/>
<b><font color='RED'>ERROR	:- expected [true] but found [false]</font></b><br/>
</div>
</td>
<td><div><pre>java.lang.AssertionError: expected [true] but found [false]
	at org.testng.Assert.fail(Assert.java:94)
	at org.testng.Assert.failNotEquals(Assert.java:513)
	at org.testng.Assert.assertTrue(Assert.java:42)
	at org.testng.Assert.assertTrue(Assert.java:52)
	at com.components.pages.SetupInventoryPage.TapOnDone(SetupInventoryPage.java:642)
	at com.tests.WorkFlow.SI_WF12_StartFromScratch_Catalog_OG_NonSysco_Prep_DefaultLocation_DefaultCategory(WorkFlow.java:720)
	at sun.reflect.NativeMethodAccessorImpl.invoke0(Native Method)
	at sun.reflect.NativeMethodAccessorImpl.invoke(NativeMethodAccessorImpl.java:57)
	at sun.reflect.DelegatingMethodAccessorImpl.invoke(DelegatingMethodAccessorImpl.java:43)
	at java.lang.reflect.Method.invoke(Method.java:606)
	at org.testng.internal.MethodInvocationHelper.invokeMethod(MethodInvocationHelper.java:86)
	at org.testng.internal.Invoker.invokeMethod(Invoker.java:645)
	at org.testng.internal.Invoker.invokeTestMethod(Invoker.java:822)
	at org.testng.internal.Invoker.invokeTestMethods(Invoker.java:1130)
	at org.testng.internal.TestMethodWorker.invokeTestMethods(TestMethodWorker.java:129)
	at org.testng.internal.TestMethodWorker.run(TestMethodWorker.java:112)
	at org.testng.TestRunner.privateRun(TestRunner.java:782)
	at org.testng.TestRunner.run(TestRunner.java:632)
	at org.testng.SuiteRunner.runTest(SuiteRunner.java:366)
	at org.testng.SuiteRunner.runSequentially(SuiteRunner.java:361)
	at org.testng.SuiteRunner.privateRun(SuiteRunner.java:319)
	at org.testng.SuiteRunner.run(SuiteRunner.java:268)
	at org.testng.SuiteRunnerWorker.runSuite(SuiteRunnerWorker.java:52)
	at org.testng.SuiteRunnerWorker.run(SuiteRunnerWorker.java:86)
	at org.testng.TestNG.runSuitesSequentially(TestNG.java:1244)
	at org.testng.TestNG.runSuitesLocally(TestNG.java:1169)
	at org.testng.TestNG.run(TestNG.java:1064)
	at org.testng.remote.RemoteTestNG.run(RemoteTestNG.java:113)
	at org.testng.remote.RemoteTestNG.initAndRun(RemoteTestNG.java:206)
	at org.testng.remote.RemoteTestNG.main(RemoteTestNG.java:177)
</pre></div><a href='#' onClick='toggleBox("stack-trace888968747", this, "Click to show all stack frames", "Click to hide stack frames")'>Click to show all stack frames</a>
<div class='stack-trace' id='stack-trace888968747'><pre>java.lang.AssertionError: expected [true] but found [false]
	at org.testng.Assert.fail(Assert.java:94)
	at org.testng.Assert.failNotEquals(Assert.java:513)
	at org.testng.Assert.assertTrue(Assert.java:42)
	at org.testng.Assert.assertTrue(Assert.java:52)
	at com.components.pages.SetupInventoryPage.TapOnDone(SetupInventoryPage.java:642)
	at com.tests.WorkFlow.SI_WF12_StartFromScratch_Catalog_OG_NonSysco_Prep_DefaultLocation_DefaultCategory(WorkFlow.java:720)
	at sun.reflect.NativeMethodAccessorImpl.invoke0(Native Method)
	at sun.reflect.NativeMethodAccessorImpl.invoke(NativeMethodAccessorImpl.java:57)
	at sun.reflect.DelegatingMethodAccessorImpl.invoke(DelegatingMethodAccessorImpl.java:43)
	at java.lang.reflect.Method.invoke(Method.java:606)
	at org.testng.internal.MethodInvocationHelper.invokeMethod(MethodInvocationHelper.java:86)
	at org.testng.internal.Invoker.invokeMethod(Invoker.java:645)
	at org.testng.internal.Invoker.invokeTestMethod(Invoker.java:822)
	at org.testng.internal.Invoker.invokeTestMethods(Invoker.java:1130)
	at org.testng.internal.TestMethodWorker.invokeTestMethods(TestMethodWorker.java:129)
	at org.testng.internal.TestMethodWorker.run(TestMethodWorker.java:112)
	at org.testng.TestRunner.privateRun(TestRunner.java:782)
	at org.testng.TestRunner.run(TestRunner.java:632)
	at org.testng.SuiteRunner.runTest(SuiteRunner.java:366)
	at org.testng.SuiteRunner.runSequentially(SuiteRunner.java:361)
	at org.testng.SuiteRunner.privateRun(SuiteRunner.java:319)
	at org.testng.SuiteRunner.run(SuiteRunner.java:268)
	at org.testng.SuiteRunnerWorker.runSuite(SuiteRunnerWorker.java:52)
	at org.testng.SuiteRunnerWorker.run(SuiteRunnerWorker.java:86)
	at org.testng.TestNG.runSuitesSequentially(TestNG.java:1244)
	at org.testng.TestNG.runSuitesLocally(TestNG.java:1169)
	at org.testng.TestNG.run(TestNG.java:1064)
	at org.testng.remote.RemoteTestNG.run(RemoteTestNG.java:113)
	at org.testng.remote.RemoteTestNG.initAndRun(RemoteTestNG.java:206)
	at org.testng.remote.RemoteTestNG.main(RemoteTestNG.java:177)
</pre></div></td>
<td>199</td>
<td>com.tests.WorkFlow@14828232</td></tr>
<tr>
<td title='com.tests.WorkFlow.SI_WF13_StartFromScratch_MultipleList_CustomLocation_CustomCategory()'><b>SI_WF13_StartFromScratch_MultipleList_CustomLocation_CustomCategory</b><br>Test class: com.tests.WorkFlow<br>Test method: SI - WF 13-Start from scratch+ Multiple lists +Custom location + Custom category<br/>
<a href="#Output-1508594009" onClick='toggleBox("Output-1508594009", this, "Show output", "Hide output");'>Show output</a>

<a href="#Output-1508594009" onClick="toggleAllBoxes();">Show all outputs</a>
<div class='log' id="Output-1508594009">
[14:28:03] : <b><FONT SIZE="2">Launched Sysco UOM</FONT></b><br><br/>
[14:28:09] : <b><FONT SIZE="2">Login page verification :Pass</FONT></b><br><br/>
[14:28:09] : <b><FONT SIZE="2">Save username verification :Pass</FONT></b><br><br/>
[14:28:09] : <b><FONT SIZE="2">Sign In</FONT></b><br><br/>
[14:28:33] : <b><FONT SIZE="2">Sign in :Pass</FONT></b><br><br/>
[14:28:33] : <b><FONT COLOR="GREEN"><FONT SIZE="2">Navigating to Setup inventory page :Pass</FONT></FONT></b><br><br/>
[14:28:35] : <b><FONT COLOR="GREEN"><FONT SIZE="2">Tapped on skip :Pass</FONT></FONT></b><br><br/>
[14:28:36] : <b><FONT COLOR="GREEN"><FONT SIZE="2">Tapped on Start from Scratch :Pass</FONT></FONT></b><br><br/>
[14:28:36] : <b><FONT COLOR="GREEN"><FONT SIZE="2">Tapped on Continue :Pass</FONT></FONT></b><br><br/>
[14:28:36] : <b><FONT COLOR="GREEN"><FONT SIZE="2">Tapping on add items button from setup inventory page :Pass</FONT></FONT></b><br><br/>
[14:28:36] : <b><FONT COLOR="GREEN"><FONT SIZE="2">Nonsysco item selected from add item from page :Pass</FONT></FONT></b><br><br/>
[14:28:36] : <b><FONT SIZE="2">Entering details of Nonsysco item</FONT></b><br><br/>
[14:28:36] : <b><FONT SIZE="2">Entering Product name</FONT></b><br><br/>
[14:28:37] : <b><FONT SIZE="2">Entering Product id</FONT></b><br><br/>
[14:28:37] : <b><FONT SIZE="2">Entering Pack</FONT></b><br><br/>
[14:28:38] : <b><FONT SIZE="2">Entering size</FONT></b><br><br/>
[14:28:38] : <b><FONT SIZE="2">Entering weight</FONT></b><br><br/>
[14:28:38] : <b><FONT SIZE="2">Entering Product brand</FONT></b><br><br/>
[14:28:41] : <b><FONT COLOR="GREEN"><FONT SIZE="2">Item details are entered :Pass</FONT></FONT></b><br><br/>
[14:28:41] : <b><FONT SIZE="2">Selected supplier : Pass</FONT></b><br><br/>
[14:28:41] : <b><FONT SIZE="2">Click on ADD Vendor Button</FONT></b><br><br/>
[14:28:41] : <b><FONT COLOR="GREEN"><FONT SIZE="2">Add vendor button click :Pass</FONT></FONT></b><br><br/>
[14:28:41] : <b><FONT SIZE="2">Adding vendor details</FONT></b><br><br/>
[14:28:50] : <b><FONT COLOR="GREEN"><FONT SIZE="2">Vendor details entered  :Pass</FONT></FONT></b><br><br/>
[14:28:59] : <b><FONT COLOR="GREEN"><FONT SIZE="2">Tapped on done:Pass</FONT></FONT></b><br><br/>
[14:29:02] : <b><FONT COLOR="GREEN"><FONT SIZE="2">tap on back :Pass</FONT></FONT></b><br><br/>
[14:29:05] : <b><FONT COLOR="GREEN"><FONT SIZE="2">Vendor is selected for item :Pass</FONT></FONT></b><br><br/>
[14:29:13] : <b><FONT COLOR="GREEN"><FONT SIZE="2">Tapped on done:Pass</FONT></FONT></b><br><br/>
[14:29:16] : <b><FONT COLOR="GREEN"><FONT SIZE="2">Tapped on add items link :Pass</FONT></FONT></b><br><br/>
[14:29:16] : <b><FONT COLOR="GREEN"><FONT SIZE="2">Prep item selected from add item from page :Pass</FONT></FONT></b><br><br/>
[14:29:16] : <b><FONT SIZE="2">Entering details of Nonsysco item</FONT></b><br><br/>
[14:29:16] : <b><FONT SIZE="2">Entering Product name</FONT></b><br><br/>
[14:29:16] : <b><FONT SIZE="2">Entering Product id</FONT></b><br><br/>
[14:29:17] : <b><FONT SIZE="2">Entering Pack</FONT></b><br><br/>
[14:29:17] : <b><FONT SIZE="2">Entering size</FONT></b><br><br/>
[14:29:18] : <b><FONT SIZE="2">Entering weight</FONT></b><br><br/>
[14:29:20] : <b><FONT COLOR="GREEN"><FONT SIZE="2">Item details are entered :Pass</FONT></FONT></b><br><br/>
[14:29:28] : <b><FONT COLOR="GREEN"><FONT SIZE="2">Tapped on done:Pass</FONT></FONT></b><br><br/>
[14:29:30] : <b><FONT COLOR="GREEN"><FONT SIZE="2">Tapped on add items link :Pass</FONT></FONT></b><br><br/>
[14:29:33] : <b><FONT COLOR="GREEN"><FONT SIZE="2">Search item :Pass</FONT></FONT></b><br><br/>
[14:29:33] : <b><FONT COLOR="GREEN"><FONT SIZE="2">verifyItemDescriptionSearch:Pass</FONT></FONT></b><br><br/>
[14:29:33] : <b><FONT COLOR="GREEN"><FONT SIZE="2">Catalog Items not available</FONT></FONT></b><br><br/>
[14:29:36] : <b><FONT COLOR="GREEN"><FONT SIZE="2">Catalog Item Found in Setup Inventory:Fail</FONT></FONT></b><br><br/>
[14:29:36] : <b><FONT COLOR="GREEN"><FONT SIZE="2">tap on back :Pass</FONT></FONT></b><br><br/>
[14:30:39] : <b><FONT COLOR="GREEN"><FONT SIZE="2">tap on back :Fail</FONT></FONT></b><br><br/>
<b><font color='RED'>ERROR	:- expected [true] but found [false]</font></b><br/>
</div>
</td>
<td><div><pre>java.lang.AssertionError: expected [true] but found [false]
	at org.testng.Assert.fail(Assert.java:94)
	at org.testng.Assert.failNotEquals(Assert.java:513)
	at org.testng.Assert.assertTrue(Assert.java:42)
	at org.testng.Assert.assertTrue(Assert.java:52)
	at com.components.pages.VendorPage.TapOnBack(VendorPage.java:232)
	at com.components.pages.SetupInventoryPage.SelectItemFrom_Catalog(SetupInventoryPage.java:1396)
	at com.tests.WorkFlow.SI_WF13_StartFromScratch_MultipleList_CustomLocation_CustomCategory(WorkFlow.java:844)
	at sun.reflect.NativeMethodAccessorImpl.invoke0(Native Method)
	at sun.reflect.NativeMethodAccessorImpl.invoke(NativeMethodAccessorImpl.java:57)
	at sun.reflect.DelegatingMethodAccessorImpl.invoke(DelegatingMethodAccessorImpl.java:43)
	at java.lang.reflect.Method.invoke(Method.java:606)
	at org.testng.internal.MethodInvocationHelper.invokeMethod(MethodInvocationHelper.java:86)
	at org.testng.internal.Invoker.invokeMethod(Invoker.java:645)
	at org.testng.internal.Invoker.invokeTestMethod(Invoker.java:822)
	at org.testng.internal.Invoker.invokeTestMethods(Invoker.java:1130)
	at org.testng.internal.TestMethodWorker.invokeTestMethods(TestMethodWorker.java:129)
	at org.testng.internal.TestMethodWorker.run(TestMethodWorker.java:112)
	at org.testng.TestRunner.privateRun(TestRunner.java:782)
	at org.testng.TestRunner.run(TestRunner.java:632)
	at org.testng.SuiteRunner.runTest(SuiteRunner.java:366)
	at org.testng.SuiteRunner.runSequentially(SuiteRunner.java:361)
	at org.testng.SuiteRunner.privateRun(SuiteRunner.java:319)
	at org.testng.SuiteRunner.run(SuiteRunner.java:268)
	at org.testng.SuiteRunnerWorker.runSuite(SuiteRunnerWorker.java:52)
	at org.testng.SuiteRunnerWorker.run(SuiteRunnerWorker.java:86)
	at org.testng.TestNG.runSuitesSequentially(TestNG.java:1244)
	at org.testng.TestNG.runSuitesLocally(TestNG.java:1169)
	at org.testng.TestNG.run(TestNG.java:1064)
	at org.testng.remote.RemoteTestNG.run(RemoteTestNG.java:113)
	at org.testng.remote.RemoteTestNG.initAndRun(RemoteTestNG.java:206)
	at org.testng.remote.RemoteTestNG.main(RemoteTestNG.java:177)
</pre></div><a href='#' onClick='toggleBox("stack-trace1508594009", this, "Click to show all stack frames", "Click to hide stack frames")'>Click to show all stack frames</a>
<div class='stack-trace' id='stack-trace1508594009'><pre>java.lang.AssertionError: expected [true] but found [false]
	at org.testng.Assert.fail(Assert.java:94)
	at org.testng.Assert.failNotEquals(Assert.java:513)
	at org.testng.Assert.assertTrue(Assert.java:42)
	at org.testng.Assert.assertTrue(Assert.java:52)
	at com.components.pages.VendorPage.TapOnBack(VendorPage.java:232)
	at com.components.pages.SetupInventoryPage.SelectItemFrom_Catalog(SetupInventoryPage.java:1396)
	at com.tests.WorkFlow.SI_WF13_StartFromScratch_MultipleList_CustomLocation_CustomCategory(WorkFlow.java:844)
	at sun.reflect.NativeMethodAccessorImpl.invoke0(Native Method)
	at sun.reflect.NativeMethodAccessorImpl.invoke(NativeMethodAccessorImpl.java:57)
	at sun.reflect.DelegatingMethodAccessorImpl.invoke(DelegatingMethodAccessorImpl.java:43)
	at java.lang.reflect.Method.invoke(Method.java:606)
	at org.testng.internal.MethodInvocationHelper.invokeMethod(MethodInvocationHelper.java:86)
	at org.testng.internal.Invoker.invokeMethod(Invoker.java:645)
	at org.testng.internal.Invoker.invokeTestMethod(Invoker.java:822)
	at org.testng.internal.Invoker.invokeTestMethods(Invoker.java:1130)
	at org.testng.internal.TestMethodWorker.invokeTestMethods(TestMethodWorker.java:129)
	at org.testng.internal.TestMethodWorker.run(TestMethodWorker.java:112)
	at org.testng.TestRunner.privateRun(TestRunner.java:782)
	at org.testng.TestRunner.run(TestRunner.java:632)
	at org.testng.SuiteRunner.runTest(SuiteRunner.java:366)
	at org.testng.SuiteRunner.runSequentially(SuiteRunner.java:361)
	at org.testng.SuiteRunner.privateRun(SuiteRunner.java:319)
	at org.testng.SuiteRunner.run(SuiteRunner.java:268)
	at org.testng.SuiteRunnerWorker.runSuite(SuiteRunnerWorker.java:52)
	at org.testng.SuiteRunnerWorker.run(SuiteRunnerWorker.java:86)
	at org.testng.TestNG.runSuitesSequentially(TestNG.java:1244)
	at org.testng.TestNG.runSuitesLocally(TestNG.java:1169)
	at org.testng.TestNG.run(TestNG.java:1064)
	at org.testng.remote.RemoteTestNG.run(RemoteTestNG.java:113)
	at org.testng.remote.RemoteTestNG.initAndRun(RemoteTestNG.java:206)
	at org.testng.remote.RemoteTestNG.main(RemoteTestNG.java:177)
</pre></div></td>
<td>178</td>
<td>com.tests.WorkFlow@14828232</td></tr>
<tr>
<td title='com.tests.WorkFlow.SI_WF14_StartFromScratch_MultipleList_DefaultLocation_CustomCategory()'><b>SI_WF14_StartFromScratch_MultipleList_DefaultLocation_CustomCategory</b><br>Test class: com.tests.WorkFlow<br>Test method: SI - WF 14-Start from scratch+ Multiple lists +Default location + Custom category<br/>
<a href="#Output-1574508818" onClick='toggleBox("Output-1574508818", this, "Show output", "Hide output");'>Show output</a>

<a href="#Output-1574508818" onClick="toggleAllBoxes();">Show all outputs</a>
<div class='log' id="Output-1574508818">
[14:31:02] : <b><FONT SIZE="2">Launched Sysco UOM</FONT></b><br><br/>
[14:31:07] : <b><FONT SIZE="2">Login page verification :Pass</FONT></b><br><br/>
[14:31:07] : <b><FONT SIZE="2">Save username verification :Pass</FONT></b><br><br/>
[14:31:07] : <b><FONT SIZE="2">Sign In</FONT></b><br><br/>
[14:31:30] : <b><FONT SIZE="2">Sign in :Pass</FONT></b><br><br/>
[14:31:31] : <b><FONT COLOR="GREEN"><FONT SIZE="2">Navigating to Setup inventory page :Pass</FONT></FONT></b><br><br/>
[14:31:33] : <b><FONT COLOR="GREEN"><FONT SIZE="2">Tapped on skip :Pass</FONT></FONT></b><br><br/>
[14:31:33] : <b><FONT COLOR="GREEN"><FONT SIZE="2">Tapped on Start from Scratch :Pass</FONT></FONT></b><br><br/>
[14:31:33] : <b><FONT COLOR="GREEN"><FONT SIZE="2">Tapped on Continue :Pass</FONT></FONT></b><br><br/>
[14:31:33] : <b><FONT COLOR="GREEN"><FONT SIZE="2">Tapping on add items button from setup inventory page :Pass</FONT></FONT></b><br><br/>
[14:31:33] : <b><FONT COLOR="GREEN"><FONT SIZE="2">Nonsysco item selected from add item from page :Pass</FONT></FONT></b><br><br/>
[14:31:33] : <b><FONT SIZE="2">Entering details of Nonsysco item</FONT></b><br><br/>
[14:31:34] : <b><FONT SIZE="2">Entering Product name</FONT></b><br><br/>
[14:31:34] : <b><FONT SIZE="2">Entering Product id</FONT></b><br><br/>
[14:31:34] : <b><FONT SIZE="2">Entering Pack</FONT></b><br><br/>
[14:31:35] : <b><FONT SIZE="2">Entering size</FONT></b><br><br/>
[14:31:35] : <b><FONT SIZE="2">Entering weight</FONT></b><br><br/>
[14:31:36] : <b><FONT SIZE="2">Entering Product brand</FONT></b><br><br/>
[14:31:38] : <b><FONT COLOR="GREEN"><FONT SIZE="2">Item details are entered :Pass</FONT></FONT></b><br><br/>
[14:31:38] : <b><FONT SIZE="2">Selected supplier : Pass</FONT></b><br><br/>
[14:31:38] : <b><FONT SIZE="2">Click on ADD Vendor Button</FONT></b><br><br/>
[14:31:39] : <b><FONT COLOR="GREEN"><FONT SIZE="2">Add vendor button click :Pass</FONT></FONT></b><br><br/>
[14:31:39] : <b><FONT SIZE="2">Adding vendor details</FONT></b><br><br/>
[14:31:48] : <b><FONT COLOR="GREEN"><FONT SIZE="2">Vendor details entered  :Pass</FONT></FONT></b><br><br/>
[14:31:56] : <b><FONT COLOR="GREEN"><FONT SIZE="2">Tapped on done:Pass</FONT></FONT></b><br><br/>
[14:31:58] : <b><FONT COLOR="GREEN"><FONT SIZE="2">tap on back :Pass</FONT></FONT></b><br><br/>
[14:32:00] : <b><FONT COLOR="GREEN"><FONT SIZE="2">Vendor is selected for item :Pass</FONT></FONT></b><br><br/>
[14:32:08] : <b><FONT COLOR="GREEN"><FONT SIZE="2">Tapped on done:Pass</FONT></FONT></b><br><br/>
[14:32:11] : <b><FONT COLOR="GREEN"><FONT SIZE="2">Tapped on add items link :Pass</FONT></FONT></b><br><br/>
[14:32:11] : <b><FONT COLOR="GREEN"><FONT SIZE="2">Prep item selected from add item from page :Pass</FONT></FONT></b><br><br/>
[14:32:11] : <b><FONT SIZE="2">Entering details of Nonsysco item</FONT></b><br><br/>
[14:32:11] : <b><FONT SIZE="2">Entering Product name</FONT></b><br><br/>
[14:32:12] : <b><FONT SIZE="2">Entering Product id</FONT></b><br><br/>
[14:32:12] : <b><FONT SIZE="2">Entering Pack</FONT></b><br><br/>
[14:32:12] : <b><FONT SIZE="2">Entering size</FONT></b><br><br/>
[14:32:13] : <b><FONT SIZE="2">Entering weight</FONT></b><br><br/>
[14:32:15] : <b><FONT COLOR="GREEN"><FONT SIZE="2">Item details are entered :Pass</FONT></FONT></b><br><br/>
[14:32:23] : <b><FONT COLOR="GREEN"><FONT SIZE="2">Tapped on done:Pass</FONT></FONT></b><br><br/>
[14:32:26] : <b><FONT COLOR="GREEN"><FONT SIZE="2">Tapped on add items link :Pass</FONT></FONT></b><br><br/>
[14:32:28] : <b><FONT COLOR="GREEN"><FONT SIZE="2">Search item :Pass</FONT></FONT></b><br><br/>
[14:32:28] : <b><FONT COLOR="GREEN"><FONT SIZE="2">Catalog Items not available</FONT></FONT></b><br><br/>
[14:32:31] : <b><FONT COLOR="GREEN"><FONT SIZE="2">Catalog Item Found in Setup Inventory:Fail</FONT></FONT></b><br><br/>
[14:32:31] : <b><FONT COLOR="GREEN"><FONT SIZE="2">tap on back :Pass</FONT></FONT></b><br><br/>
[14:33:34] : <b><FONT COLOR="GREEN"><FONT SIZE="2">tap on back :Fail</FONT></FONT></b><br><br/>
<b><font color='RED'>ERROR	:- expected [true] but found [false]</font></b><br/>
</div>
</td>
<td><div><pre>java.lang.AssertionError: expected [true] but found [false]
	at org.testng.Assert.fail(Assert.java:94)
	at org.testng.Assert.failNotEquals(Assert.java:513)
	at org.testng.Assert.assertTrue(Assert.java:42)
	at org.testng.Assert.assertTrue(Assert.java:52)
	at com.components.pages.VendorPage.TapOnBack(VendorPage.java:232)
	at com.components.pages.SetupInventoryPage.SelectItemFrom_Catalog(SetupInventoryPage.java:1396)
	at com.tests.WorkFlow.SI_WF14_StartFromScratch_MultipleList_DefaultLocation_CustomCategory(WorkFlow.java:973)
	at sun.reflect.NativeMethodAccessorImpl.invoke0(Native Method)
	at sun.reflect.NativeMethodAccessorImpl.invoke(NativeMethodAccessorImpl.java:57)
	at sun.reflect.DelegatingMethodAccessorImpl.invoke(DelegatingMethodAccessorImpl.java:43)
	at java.lang.reflect.Method.invoke(Method.java:606)
	at org.testng.internal.MethodInvocationHelper.invokeMethod(MethodInvocationHelper.java:86)
	at org.testng.internal.Invoker.invokeMethod(Invoker.java:645)
	at org.testng.internal.Invoker.invokeTestMethod(Invoker.java:822)
	at org.testng.internal.Invoker.invokeTestMethods(Invoker.java:1130)
	at org.testng.internal.TestMethodWorker.invokeTestMethods(TestMethodWorker.java:129)
	at org.testng.internal.TestMethodWorker.run(TestMethodWorker.java:112)
	at org.testng.TestRunner.privateRun(TestRunner.java:782)
	at org.testng.TestRunner.run(TestRunner.java:632)
	at org.testng.SuiteRunner.runTest(SuiteRunner.java:366)
	at org.testng.SuiteRunner.runSequentially(SuiteRunner.java:361)
	at org.testng.SuiteRunner.privateRun(SuiteRunner.java:319)
	at org.testng.SuiteRunner.run(SuiteRunner.java:268)
	at org.testng.SuiteRunnerWorker.runSuite(SuiteRunnerWorker.java:52)
	at org.testng.SuiteRunnerWorker.run(SuiteRunnerWorker.java:86)
	at org.testng.TestNG.runSuitesSequentially(TestNG.java:1244)
	at org.testng.TestNG.runSuitesLocally(TestNG.java:1169)
	at org.testng.TestNG.run(TestNG.java:1064)
	at org.testng.remote.RemoteTestNG.run(RemoteTestNG.java:113)
	at org.testng.remote.RemoteTestNG.initAndRun(RemoteTestNG.java:206)
	at org.testng.remote.RemoteTestNG.main(RemoteTestNG.java:177)
</pre></div><a href='#' onClick='toggleBox("stack-trace1574508818", this, "Click to show all stack frames", "Click to hide stack frames")'>Click to show all stack frames</a>
<div class='stack-trace' id='stack-trace1574508818'><pre>java.lang.AssertionError: expected [true] but found [false]
	at org.testng.Assert.fail(Assert.java:94)
	at org.testng.Assert.failNotEquals(Assert.java:513)
	at org.testng.Assert.assertTrue(Assert.java:42)
	at org.testng.Assert.assertTrue(Assert.java:52)
	at com.components.pages.VendorPage.TapOnBack(VendorPage.java:232)
	at com.components.pages.SetupInventoryPage.SelectItemFrom_Catalog(SetupInventoryPage.java:1396)
	at com.tests.WorkFlow.SI_WF14_StartFromScratch_MultipleList_DefaultLocation_CustomCategory(WorkFlow.java:973)
	at sun.reflect.NativeMethodAccessorImpl.invoke0(Native Method)
	at sun.reflect.NativeMethodAccessorImpl.invoke(NativeMethodAccessorImpl.java:57)
	at sun.reflect.DelegatingMethodAccessorImpl.invoke(DelegatingMethodAccessorImpl.java:43)
	at java.lang.reflect.Method.invoke(Method.java:606)
	at org.testng.internal.MethodInvocationHelper.invokeMethod(MethodInvocationHelper.java:86)
	at org.testng.internal.Invoker.invokeMethod(Invoker.java:645)
	at org.testng.internal.Invoker.invokeTestMethod(Invoker.java:822)
	at org.testng.internal.Invoker.invokeTestMethods(Invoker.java:1130)
	at org.testng.internal.TestMethodWorker.invokeTestMethods(TestMethodWorker.java:129)
	at org.testng.internal.TestMethodWorker.run(TestMethodWorker.java:112)
	at org.testng.TestRunner.privateRun(TestRunner.java:782)
	at org.testng.TestRunner.run(TestRunner.java:632)
	at org.testng.SuiteRunner.runTest(SuiteRunner.java:366)
	at org.testng.SuiteRunner.runSequentially(SuiteRunner.java:361)
	at org.testng.SuiteRunner.privateRun(SuiteRunner.java:319)
	at org.testng.SuiteRunner.run(SuiteRunner.java:268)
	at org.testng.SuiteRunnerWorker.runSuite(SuiteRunnerWorker.java:52)
	at org.testng.SuiteRunnerWorker.run(SuiteRunnerWorker.java:86)
	at org.testng.TestNG.runSuitesSequentially(TestNG.java:1244)
	at org.testng.TestNG.runSuitesLocally(TestNG.java:1169)
	at org.testng.TestNG.run(TestNG.java:1064)
	at org.testng.remote.RemoteTestNG.run(RemoteTestNG.java:113)
	at org.testng.remote.RemoteTestNG.initAndRun(RemoteTestNG.java:206)
	at org.testng.remote.RemoteTestNG.main(RemoteTestNG.java:177)
</pre></div></td>
<td>182</td>
<td>com.tests.WorkFlow@14828232</td></tr>
<tr>
<td title='com.tests.WorkFlow.SI_WF15_StartFromScratch_MultipleList_CustomLocation_DefaultCategory()'><b>SI_WF15_StartFromScratch_MultipleList_CustomLocation_DefaultCategory</b><br>Test class: com.tests.WorkFlow<br>Test method: SI - WF 15-Start from scratch+ Multiple lists +Custom location + Default category<br/>
<a href="#Output-607067131" onClick='toggleBox("Output-607067131", this, "Show output", "Hide output");'>Show output</a>

<a href="#Output-607067131" onClick="toggleAllBoxes();">Show all outputs</a>
<div class='log' id="Output-607067131">
[14:34:09] : <b><FONT SIZE="2">Launched Sysco UOM</FONT></b><br><br/>
[14:34:14] : <b><FONT SIZE="2">Login page verification :Pass</FONT></b><br><br/>
[14:34:14] : <b><FONT SIZE="2">Save username verification :Pass</FONT></b><br><br/>
[14:34:14] : <b><FONT SIZE="2">Sign In</FONT></b><br><br/>
[14:34:38] : <b><FONT SIZE="2">Sign in :Pass</FONT></b><br><br/>
[14:34:38] : <b><FONT COLOR="GREEN"><FONT SIZE="2">Navigating to Setup inventory page :Pass</FONT></FONT></b><br><br/>
[14:34:40] : <b><FONT COLOR="GREEN"><FONT SIZE="2">Tapped on skip :Pass</FONT></FONT></b><br><br/>
[14:34:40] : <b><FONT COLOR="GREEN"><FONT SIZE="2">Tapped on Start from Scratch :Pass</FONT></FONT></b><br><br/>
[14:34:40] : <b><FONT COLOR="GREEN"><FONT SIZE="2">Tapped on Continue :Pass</FONT></FONT></b><br><br/>
[14:34:41] : <b><FONT COLOR="GREEN"><FONT SIZE="2">Tapping on add items button from setup inventory page :Pass</FONT></FONT></b><br><br/>
[14:34:41] : <b><FONT COLOR="GREEN"><FONT SIZE="2">Nonsysco item selected from add item from page :Pass</FONT></FONT></b><br><br/>
[14:34:41] : <b><FONT SIZE="2">Entering details of Nonsysco item</FONT></b><br><br/>
[14:34:41] : <b><FONT SIZE="2">Entering Product name</FONT></b><br><br/>
[14:34:41] : <b><FONT SIZE="2">Entering Product id</FONT></b><br><br/>
[14:34:42] : <b><FONT SIZE="2">Entering Pack</FONT></b><br><br/>
[14:34:42] : <b><FONT SIZE="2">Entering size</FONT></b><br><br/>
[14:34:43] : <b><FONT SIZE="2">Entering weight</FONT></b><br><br/>
[14:34:43] : <b><FONT SIZE="2">Entering Product brand</FONT></b><br><br/>
[14:34:45] : <b><FONT COLOR="GREEN"><FONT SIZE="2">Item details are entered :Pass</FONT></FONT></b><br><br/>
[14:34:46] : <b><FONT SIZE="2">Selected supplier : Pass</FONT></b><br><br/>
[14:34:46] : <b><FONT SIZE="2">Click on ADD Vendor Button</FONT></b><br><br/>
[14:34:46] : <b><FONT COLOR="GREEN"><FONT SIZE="2">Add vendor button click :Pass</FONT></FONT></b><br><br/>
[14:34:46] : <b><FONT SIZE="2">Adding vendor details</FONT></b><br><br/>
[14:34:55] : <b><FONT COLOR="GREEN"><FONT SIZE="2">Vendor details entered  :Pass</FONT></FONT></b><br><br/>
[14:35:04] : <b><FONT COLOR="GREEN"><FONT SIZE="2">Tapped on done:Pass</FONT></FONT></b><br><br/>
[14:35:06] : <b><FONT COLOR="GREEN"><FONT SIZE="2">tap on back :Pass</FONT></FONT></b><br><br/>
[14:35:10] : <b><FONT COLOR="GREEN"><FONT SIZE="2">Vendor is selected for item :Pass</FONT></FONT></b><br><br/>
[14:35:18] : <b><FONT COLOR="GREEN"><FONT SIZE="2">Tapped on done:Pass</FONT></FONT></b><br><br/>
[14:35:20] : <b><FONT COLOR="GREEN"><FONT SIZE="2">Tapped on add items link :Pass</FONT></FONT></b><br><br/>
[14:35:21] : <b><FONT COLOR="GREEN"><FONT SIZE="2">Prep item selected from add item from page :Pass</FONT></FONT></b><br><br/>
[14:35:21] : <b><FONT SIZE="2">Entering details of Nonsysco item</FONT></b><br><br/>
[14:35:21] : <b><FONT SIZE="2">Entering Product name</FONT></b><br><br/>
[14:35:21] : <b><FONT SIZE="2">Entering Product id</FONT></b><br><br/>
[14:35:22] : <b><FONT SIZE="2">Entering Pack</FONT></b><br><br/>
[14:35:22] : <b><FONT SIZE="2">Entering size</FONT></b><br><br/>
[14:35:23] : <b><FONT SIZE="2">Entering weight</FONT></b><br><br/>
[14:35:25] : <b><FONT COLOR="GREEN"><FONT SIZE="2">Item details are entered :Pass</FONT></FONT></b><br><br/>
[14:35:33] : <b><FONT COLOR="GREEN"><FONT SIZE="2">Tapped on done:Pass</FONT></FONT></b><br><br/>
[14:35:35] : <b><FONT COLOR="GREEN"><FONT SIZE="2">Tapped on add items link :Pass</FONT></FONT></b><br><br/>
[14:35:38] : <b><FONT COLOR="GREEN"><FONT SIZE="2">Search item :Pass</FONT></FONT></b><br><br/>
[14:35:39] : <b><FONT COLOR="GREEN"><FONT SIZE="2">First item selected from pdt catalog  :Pass</FONT></FONT></b><br><br/>
[14:35:47] : <b><FONT COLOR="GREEN"><FONT SIZE="2">Tapped on done:Pass</FONT></FONT></b><br><br/>
[14:35:48] : <b><FONT COLOR="GREEN"><FONT SIZE="2">Tapped on add items link :Pass</FONT></FONT></b><br><br/>
[14:35:52] : <b><FONT COLOR="GREEN"><FONT SIZE="2">Order Guide Click : Pass</FONT></FONT></b><br><br/>
[14:35:53] : <b><FONT COLOR="GREEN"><FONT SIZE="2">First item selected Order Guide  :Pass</FONT></FONT></b><br><br/>
[14:36:01] : <b><FONT COLOR="GREEN"><FONT SIZE="2">Tapped on done:Pass</FONT></FONT></b><br><br/>
[14:36:11] : <b><FONT COLOR="GREEN"><FONT SIZE="2">Item Found in Setup Inventory:Pass</FONT></FONT></b><br><br/>
[14:36:22] : <b><FONT COLOR="GREEN"><FONT SIZE="2">Item Found in Setup Inventory:Pass</FONT></FONT></b><br><br/>
[14:36:32] : <b><FONT COLOR="GREEN"><FONT SIZE="2">Item Found in Setup Inventory:Pass</FONT></FONT></b><br><br/>
[14:36:42] : <b><FONT COLOR="GREEN"><FONT SIZE="2">Item Found in Setup Inventory:Pass</FONT></FONT></b><br><br/>
[14:36:50] : <b><FONT COLOR="GREEN"><FONT SIZE="2">Tapped on done:Pass</FONT></FONT></b><br><br/>
[14:36:52] : <b><FONT COLOR="GREEN"><FONT SIZE="2">custom location clicked :Pass</FONT></FONT></b><br><br/>
[14:36:52] : <b><FONT COLOR="GREEN"><FONT SIZE="2">Tapped on Continue :Pass</FONT></FONT></b><br><br/>
[14:36:52] : <b><FONT COLOR="GREEN"><FONT SIZE="2">added location name :Pass</FONT></FONT></b><br><br/>
[14:36:52] : <b><FONT SIZE="2">Entering type Dry</FONT></b><br><br/>
[14:37:03] : <b><FONT COLOR="GREEN"><FONT SIZE="2">Entered type in add Locations page :Pass</FONT></FONT></b><br><br/>
[14:37:13] : <b><FONT COLOR="GREEN"><FONT SIZE="2">Entered type in add Locations page :Pass</FONT></FONT></b><br><br/>
[14:37:13] : <b><FONT SIZE="2">Entering anotherloc</FONT></b><br><br/>
[14:37:18] : <b><FONT COLOR="GREEN"><FONT SIZE="2">Entered second loc in Locations page :Pass</FONT></FONT></b><br><br/>
[14:37:18] : <b><FONT SIZE="2">Entering Location name</FONT></b><br><br/>
[14:37:29] : <b><FONT COLOR="GREEN"><FONT SIZE="2">Entered location name2 in add Locations page :Pass</FONT></FONT></b><br><br/>
[14:37:29] : <b><FONT SIZE="2">Entering type Dry</FONT></b><br><br/>
[14:37:34] : <b><FONT COLOR="GREEN"><FONT SIZE="2">Entered type in add Locations page :Pass</FONT></FONT></b><br><br/>
[14:37:39] : <b><FONT COLOR="GREEN"><FONT SIZE="2">Entered type in add Locations page :Pass</FONT></FONT></b><br><br/>
[14:37:49] : <b><FONT COLOR="GREEN"><FONT SIZE="2">Tapped on Next : Pass</FONT></FONT></b><br><br/>
[14:37:49] : <b><FONT SIZE="2"> Adding Items of multiplelist to location</FONT></b><br><br/>
[14:38:02] : <b><FONT COLOR="GREEN"><FONT SIZE="2">Multiple items selected :Pass</FONT></FONT></b><br><br/>
[14:38:11] : <b><FONT COLOR="GREEN"><FONT SIZE="2">Tapped on Next : Pass</FONT></FONT></b><br><br/>
[14:38:11] : <b><FONT SIZE="2">Selecting item</FONT></b><br><br/>
[14:38:15] : <b><FONT COLOR="GREEN"><FONT SIZE="2">Selected all items tab :Pass</FONT></FONT></b><br><br/>
[14:38:15] : <b><FONT SIZE="2"> Adding Items of multiplelist to location</FONT></b><br><br/>
[14:38:21] : <b><FONT COLOR="GREEN"><FONT SIZE="2">Multiple items selected :Pass</FONT></FONT></b><br><br/>
[14:38:30] : <b><FONT COLOR="GREEN"><FONT SIZE="2">Tapped on done:Pass</FONT></FONT></b><br><br/>
[14:38:32] : <b><FONT SIZE="2">Selecting default category from Food cost page</FONT></b><br><br/>
[14:38:33] : <b><FONT COLOR="GREEN"><FONT SIZE="2">default Category selected :Pass</FONT></FONT></b><br><br/>
[14:38:33] : <b><FONT COLOR="GREEN"><FONT SIZE="2">Tapped on Complete :Pass</FONT></FONT></b><br><br/>
[14:38:40] : <b><FONT COLOR="GREEN"><FONT SIZE="2">Tapped on TakeHome :Pass</FONT></FONT></b><br><br/>
[14:38:45] : <b><FONT COLOR="GREEN"><FONT SIZE="2">Tapped  TrackInventory from inventory tools page:Pass</FONT></FONT></b><br><br/>
[14:38:45] : <b><FONT SIZE="2">Selecting location</FONT></b><br><br/>
[14:38:47] : <b><FONT COLOR="GREEN"><FONT SIZE="2">Location is selected for item :Pass</FONT></FONT></b><br><br/>
[14:38:47] : <b><FONT SIZE="2">locationItem verify </FONT></b><br><br/>
[14:39:53] : <b><FONT COLOR="GREEN"><FONT SIZE="2">Items verification done  :Fail</FONT></FONT></b><br><br/>
<b><font color='RED'>ERROR	:- expected [true] but found [false]</font></b><br/>
</div>
</td>
<td><div><pre>java.lang.AssertionError: expected [true] but found [false]
	at org.testng.Assert.fail(Assert.java:94)
	at org.testng.Assert.failNotEquals(Assert.java:513)
	at org.testng.Assert.assertTrue(Assert.java:42)
	at org.testng.Assert.assertTrue(Assert.java:52)
	at com.components.pages.LocationsPage.VerifyMultipleListItemsInLocation(LocationsPage.java:1732)
	at com.tests.WorkFlow.SI_WF15_StartFromScratch_MultipleList_CustomLocation_DefaultCategory(WorkFlow.java:1141)
	at sun.reflect.NativeMethodAccessorImpl.invoke0(Native Method)
	at sun.reflect.NativeMethodAccessorImpl.invoke(NativeMethodAccessorImpl.java:57)
	at sun.reflect.DelegatingMethodAccessorImpl.invoke(DelegatingMethodAccessorImpl.java:43)
	at java.lang.reflect.Method.invoke(Method.java:606)
	at org.testng.internal.MethodInvocationHelper.invokeMethod(MethodInvocationHelper.java:86)
	at org.testng.internal.Invoker.invokeMethod(Invoker.java:645)
	at org.testng.internal.Invoker.invokeTestMethod(Invoker.java:822)
	at org.testng.internal.Invoker.invokeTestMethods(Invoker.java:1130)
	at org.testng.internal.TestMethodWorker.invokeTestMethods(TestMethodWorker.java:129)
	at org.testng.internal.TestMethodWorker.run(TestMethodWorker.java:112)
	at org.testng.TestRunner.privateRun(TestRunner.java:782)
	at org.testng.TestRunner.run(TestRunner.java:632)
	at org.testng.SuiteRunner.runTest(SuiteRunner.java:366)
	at org.testng.SuiteRunner.runSequentially(SuiteRunner.java:361)
	at org.testng.SuiteRunner.privateRun(SuiteRunner.java:319)
	at org.testng.SuiteRunner.run(SuiteRunner.java:268)
	at org.testng.SuiteRunnerWorker.runSuite(SuiteRunnerWorker.java:52)
	at org.testng.SuiteRunnerWorker.run(SuiteRunnerWorker.java:86)
	at org.testng.TestNG.runSuitesSequentially(TestNG.java:1244)
	at org.testng.TestNG.runSuitesLocally(TestNG.java:1169)
	at org.testng.TestNG.run(TestNG.java:1064)
	at org.testng.remote.RemoteTestNG.run(RemoteTestNG.java:113)
	at org.testng.remote.RemoteTestNG.initAndRun(RemoteTestNG.java:206)
	at org.testng.remote.RemoteTestNG.main(RemoteTestNG.java:177)
</pre></div><a href='#' onClick='toggleBox("stack-trace607067131", this, "Click to show all stack frames", "Click to hide stack frames")'>Click to show all stack frames</a>
<div class='stack-trace' id='stack-trace607067131'><pre>java.lang.AssertionError: expected [true] but found [false]
	at org.testng.Assert.fail(Assert.java:94)
	at org.testng.Assert.failNotEquals(Assert.java:513)
	at org.testng.Assert.assertTrue(Assert.java:42)
	at org.testng.Assert.assertTrue(Assert.java:52)
	at com.components.pages.LocationsPage.VerifyMultipleListItemsInLocation(LocationsPage.java:1732)
	at com.tests.WorkFlow.SI_WF15_StartFromScratch_MultipleList_CustomLocation_DefaultCategory(WorkFlow.java:1141)
	at sun.reflect.NativeMethodAccessorImpl.invoke0(Native Method)
	at sun.reflect.NativeMethodAccessorImpl.invoke(NativeMethodAccessorImpl.java:57)
	at sun.reflect.DelegatingMethodAccessorImpl.invoke(DelegatingMethodAccessorImpl.java:43)
	at java.lang.reflect.Method.invoke(Method.java:606)
	at org.testng.internal.MethodInvocationHelper.invokeMethod(MethodInvocationHelper.java:86)
	at org.testng.internal.Invoker.invokeMethod(Invoker.java:645)
	at org.testng.internal.Invoker.invokeTestMethod(Invoker.java:822)
	at org.testng.internal.Invoker.invokeTestMethods(Invoker.java:1130)
	at org.testng.internal.TestMethodWorker.invokeTestMethods(TestMethodWorker.java:129)
	at org.testng.internal.TestMethodWorker.run(TestMethodWorker.java:112)
	at org.testng.TestRunner.privateRun(TestRunner.java:782)
	at org.testng.TestRunner.run(TestRunner.java:632)
	at org.testng.SuiteRunner.runTest(SuiteRunner.java:366)
	at org.testng.SuiteRunner.runSequentially(SuiteRunner.java:361)
	at org.testng.SuiteRunner.privateRun(SuiteRunner.java:319)
	at org.testng.SuiteRunner.run(SuiteRunner.java:268)
	at org.testng.SuiteRunnerWorker.runSuite(SuiteRunnerWorker.java:52)
	at org.testng.SuiteRunnerWorker.run(SuiteRunnerWorker.java:86)
	at org.testng.TestNG.runSuitesSequentially(TestNG.java:1244)
	at org.testng.TestNG.runSuitesLocally(TestNG.java:1169)
	at org.testng.TestNG.run(TestNG.java:1064)
	at org.testng.remote.RemoteTestNG.run(RemoteTestNG.java:113)
	at org.testng.remote.RemoteTestNG.initAndRun(RemoteTestNG.java:206)
	at org.testng.remote.RemoteTestNG.main(RemoteTestNG.java:177)
</pre></div></td>
<td>360</td>
<td>com.tests.WorkFlow@14828232</td></tr>
</table><p>
<table width='100%' border='1' class='invocation-passed'>
<tr><td colspan='4' align='center'><b>PASSED TESTS</b></td></tr>
<tr><td><b>Test method</b></td>
<td width="30%"><b>Exception</b></td>
<td width="10%"><b>Time (seconds)</b></td>
<td><b>Instance</b></td>
</tr>
<tr>
<td title='com.tests.WorkFlow.SI_WF17_StartFromScratch_MultipleList_DefaultLocation_SkipCategory()'><b>SI_WF17_StartFromScratch_MultipleList_DefaultLocation_SkipCategory</b><br>Test class: com.tests.WorkFlow<br>Test method: SI - WF 17-Start from scratch + Multiple lists + Default loc + Skip Category<br/>
<a href="#Output-1639297092" onClick='toggleBox("Output-1639297092", this, "Show output", "Hide output");'>Show output</a>

<a href="#Output-1639297092" onClick="toggleAllBoxes();">Show all outputs</a>
<div class='log' id="Output-1639297092">
[14:43:38] : <b><FONT SIZE="2">Launched Sysco UOM</FONT></b><br><br/>
[14:43:43] : <b><FONT SIZE="2">Login page verification :Pass</FONT></b><br><br/>
[14:43:44] : <b><FONT SIZE="2">Save username verification :Pass</FONT></b><br><br/>
[14:43:44] : <b><FONT SIZE="2">Sign In</FONT></b><br><br/>
[14:44:07] : <b><FONT SIZE="2">Sign in :Pass</FONT></b><br><br/>
[14:44:07] : <b><FONT COLOR="GREEN"><FONT SIZE="2">Navigating to Setup inventory page :Pass</FONT></FONT></b><br><br/>
[14:44:09] : <b><FONT COLOR="GREEN"><FONT SIZE="2">Tapped on skip :Pass</FONT></FONT></b><br><br/>
[14:44:09] : <b><FONT COLOR="GREEN"><FONT SIZE="2">Tapped on Start from Scratch :Pass</FONT></FONT></b><br><br/>
[14:44:09] : <b><FONT COLOR="GREEN"><FONT SIZE="2">Tapped on Continue :Pass</FONT></FONT></b><br><br/>
[14:44:10] : <b><FONT COLOR="GREEN"><FONT SIZE="2">Tapping on add items button from setup inventory page :Pass</FONT></FONT></b><br><br/>
[14:44:15] : <b><FONT COLOR="GREEN"><FONT SIZE="2">Search item :Pass</FONT></FONT></b><br><br/>
[14:44:16] : <b><FONT COLOR="GREEN"><FONT SIZE="2">First item selected from pdt catalog  :Pass</FONT></FONT></b><br><br/>
[14:44:24] : <b><FONT COLOR="GREEN"><FONT SIZE="2">Tapped on done:Pass</FONT></FONT></b><br><br/>
[14:44:25] : <b><FONT COLOR="GREEN"><FONT SIZE="2">Tapped on add items link :Pass</FONT></FONT></b><br><br/>
[14:44:29] : <b><FONT COLOR="GREEN"><FONT SIZE="2">Order Guide Click : Pass</FONT></FONT></b><br><br/>
[14:44:30] : <b><FONT COLOR="GREEN"><FONT SIZE="2">First item selected Order Guide  :Pass</FONT></FONT></b><br><br/>
[14:44:38] : <b><FONT COLOR="GREEN"><FONT SIZE="2">Tapped on done:Pass</FONT></FONT></b><br><br/>
[14:44:40] : <b><FONT COLOR="GREEN"><FONT SIZE="2">Tapped on add items link :Pass</FONT></FONT></b><br><br/>
[14:44:40] : <b><FONT COLOR="GREEN"><FONT SIZE="2">Nonsysco item selected from add item from page :Pass</FONT></FONT></b><br><br/>
[14:44:40] : <b><FONT SIZE="2">Entering details of Nonsysco item</FONT></b><br><br/>
[14:44:40] : <b><FONT SIZE="2">Entering Product name</FONT></b><br><br/>
[14:44:40] : <b><FONT SIZE="2">Entering Product id</FONT></b><br><br/>
[14:44:41] : <b><FONT SIZE="2">Entering Pack</FONT></b><br><br/>
[14:44:41] : <b><FONT SIZE="2">Entering size</FONT></b><br><br/>
[14:44:42] : <b><FONT SIZE="2">Entering weight</FONT></b><br><br/>
[14:44:42] : <b><FONT SIZE="2">Entering Product brand</FONT></b><br><br/>
[14:44:45] : <b><FONT COLOR="GREEN"><FONT SIZE="2">Item details are entered :Pass</FONT></FONT></b><br><br/>
[14:44:45] : <b><FONT SIZE="2">Selected supplier : Pass</FONT></b><br><br/>
[14:44:45] : <b><FONT SIZE="2">Click on ADD Vendor Button</FONT></b><br><br/>
[14:44:45] : <b><FONT COLOR="GREEN"><FONT SIZE="2">Add vendor button click :Pass</FONT></FONT></b><br><br/>
[14:44:45] : <b><FONT SIZE="2">Adding vendor details</FONT></b><br><br/>
[14:44:54] : <b><FONT COLOR="GREEN"><FONT SIZE="2">Vendor details entered  :Pass</FONT></FONT></b><br><br/>
[14:45:02] : <b><FONT COLOR="GREEN"><FONT SIZE="2">Tapped on done:Pass</FONT></FONT></b><br><br/>
[14:45:05] : <b><FONT COLOR="GREEN"><FONT SIZE="2">tap on back :Pass</FONT></FONT></b><br><br/>
[14:45:08] : <b><FONT COLOR="GREEN"><FONT SIZE="2">Vendor is selected for item :Pass</FONT></FONT></b><br><br/>
[14:45:16] : <b><FONT COLOR="GREEN"><FONT SIZE="2">Tapped on done:Pass</FONT></FONT></b><br><br/>
[14:45:19] : <b><FONT COLOR="GREEN"><FONT SIZE="2">Tapped on add items link :Pass</FONT></FONT></b><br><br/>
[14:45:19] : <b><FONT COLOR="GREEN"><FONT SIZE="2">Prep item selected from add item from page :Pass</FONT></FONT></b><br><br/>
[14:45:19] : <b><FONT SIZE="2">Entering details of Nonsysco item</FONT></b><br><br/>
[14:45:19] : <b><FONT SIZE="2">Entering Product name</FONT></b><br><br/>
[14:45:19] : <b><FONT SIZE="2">Entering Product id</FONT></b><br><br/>
[14:45:20] : <b><FONT SIZE="2">Entering Pack</FONT></b><br><br/>
[14:45:20] : <b><FONT SIZE="2">Entering size</FONT></b><br><br/>
[14:45:21] : <b><FONT SIZE="2">Entering weight</FONT></b><br><br/>
[14:45:23] : <b><FONT COLOR="GREEN"><FONT SIZE="2">Item details are entered :Pass</FONT></FONT></b><br><br/>
[14:45:32] : <b><FONT COLOR="GREEN"><FONT SIZE="2">Tapped on done:Pass</FONT></FONT></b><br><br/>
[14:45:42] : <b><FONT COLOR="GREEN"><FONT SIZE="2">Item Found in Setup Inventory:Pass</FONT></FONT></b><br><br/>
[14:45:52] : <b><FONT COLOR="GREEN"><FONT SIZE="2">Item Found in Setup Inventory:Pass</FONT></FONT></b><br><br/>
[14:46:02] : <b><FONT COLOR="GREEN"><FONT SIZE="2">Item Found in Setup Inventory:Pass</FONT></FONT></b><br><br/>
[14:46:12] : <b><FONT COLOR="GREEN"><FONT SIZE="2">Item Found in Setup Inventory:Pass</FONT></FONT></b><br><br/>
[14:46:20] : <b><FONT COLOR="GREEN"><FONT SIZE="2">Tapped on done:Pass</FONT></FONT></b><br><br/>
[14:46:22] : <b><FONT COLOR="GREEN"><FONT SIZE="2">default location clicked :Pass</FONT></FONT></b><br><br/>
[14:46:22] : <b><FONT COLOR="GREEN"><FONT SIZE="2">Tapped on Continue :Pass</FONT></FONT></b><br><br/>
[14:46:30] : <b><FONT COLOR="GREEN"><FONT SIZE="2">Tapped on DoThisLater :Pass</FONT></FONT></b><br><br/>
[14:46:36] : <b><FONT COLOR="GREEN"><FONT SIZE="2">Tapped on TakeHome :Pass</FONT></FONT></b><br><br/>
[14:46:43] : <b><FONT COLOR="GREEN"><FONT SIZE="2">Tapped  TrackInventory from inventory tools page:Pass</FONT></FONT></b><br><br/>
[14:46:43] : <b><FONT SIZE="2">Selecting location</FONT></b><br><br/>
[14:46:45] : <b><FONT COLOR="GREEN"><FONT SIZE="2">Location is selected for item :Pass</FONT></FONT></b><br><br/>
[14:46:55] : <b><FONT COLOR="GREEN"><FONT SIZE="2">Item Found in Setup Inventory:Pass</FONT></FONT></b><br><br/>
[14:47:05] : <b><FONT COLOR="GREEN"><FONT SIZE="2">Item Found in Setup Inventory:Pass</FONT></FONT></b><br><br/>
[14:47:13] : <b><FONT COLOR="GREEN"><FONT SIZE="2">Tapped on done:Pass</FONT></FONT></b><br><br/>
Test completed : SI_WF17_StartFromScratch_MultipleList_DefaultLocation_SkipCategory<br/>
</div>
</td>
<td></td>
<td>232</td>
<td>com.tests.WorkFlow@14828232</td></tr>
</table><p>
</body>
</html>