<?xml version="1.0" encoding="UTF-8"?>
<!-- Generated by org.testng.reporters.JUnitXMLReporter -->
<testsuite hostname="TVMATP310440M" name="GRP-SI - WF 20,SI - WF 21,SI - WF 19,SI - WF 38" tests="4" failures="1" timestamp="21 Jun 2016 10:14:29 GMT" time="728.29" errors="0">
  <testcase name="SI_WF19_CustomList_defaultLoc_defaultcategory_NU" time="58.652" classname="com.tests.WorkFlow"/>
  <testcase name="SI_WF20_CustomList_CustomLoc_Customcategory_AllItems_NU" time="207.701" classname="com.tests.WorkFlow"/>
  <testcase name="SI_WF21_CustomList_CustomLoc_Customcategory_FewItems_NU" time="235.07" classname="com.tests.WorkFlow"/>
  <testcase name="SI_WF38_StartFromScratch_MultipleList_DefaultLocation_SuggestedCategory_MA" time="212.941" classname="com.tests.WorkFlow">
    <failure type="java.lang.AssertionError" message="expected [true] but found [false]">
      <![CDATA[java.lang.AssertionError: expected [true] but found [false]
	at org.testng.Assert.fail(Assert.java:94)
	at org.testng.Assert.failNotEquals(Assert.java:513)
	at org.testng.Assert.assertTrue(Assert.java:42)
	at org.testng.Assert.assertTrue(Assert.java:52)
	at com.components.pages.CategoryPage.TapOnBack(CategoryPage.java:1022)
	at com.tests.WorkFlow.SI_WF38_StartFromScratch_MultipleList_DefaultLocation_SuggestedCategory_MA(WorkFlow.java:2648)
	at sun.reflect.NativeMethodAccessorImpl.invoke0(Native Method)
	at sun.reflect.NativeMethodAccessorImpl.invoke(NativeMethodAccessorImpl.java:57)
	at sun.reflect.DelegatingMethodAccessorImpl.invoke(DelegatingMethodAccessorImpl.java:43)
	at java.lang.reflect.Method.invoke(Method.java:606)
	at org.testng.internal.MethodInvocationHelper.invokeMethod(MethodInvocationHelper.java:86)
	at org.testng.internal.Invoker.invokeMethod(Invoker.java:645)
	at org.testng.internal.Invoker.invokeTestMethod(Invoker.java:822)
	at org.testng.internal.Invoker.invokeTestMethods(Invoker.java:1130)
	at org.testng.internal.TestMethodWorker.invokeTestMethods(TestMethodWorker.java:129)
	at org.testng.internal.TestMethodWorker.run(TestMethodWorker.java:112)
	at org.testng.TestRunner.privateRun(TestRunner.java:782)
	at org.testng.TestRunner.run(TestRunner.java:632)
	at org.testng.SuiteRunner.runTest(SuiteRunner.java:366)
	at org.testng.SuiteRunner.runSequentially(SuiteRunner.java:361)
	at org.testng.SuiteRunner.privateRun(SuiteRunner.java:319)
	at org.testng.SuiteRunner.run(SuiteRunner.java:268)
	at org.testng.SuiteRunnerWorker.runSuite(SuiteRunnerWorker.java:52)
	at org.testng.SuiteRunnerWorker.run(SuiteRunnerWorker.java:86)
	at org.testng.TestNG.runSuitesSequentially(TestNG.java:1244)
	at org.testng.TestNG.runSuitesLocally(TestNG.java:1169)
	at org.testng.TestNG.run(TestNG.java:1064)
	at org.testng.remote.RemoteTestNG.run(RemoteTestNG.java:113)
	at org.testng.remote.RemoteTestNG.initAndRun(RemoteTestNG.java:206)
	at org.testng.remote.RemoteTestNG.main(RemoteTestNG.java:177)
]]>
    </failure>
  </testcase> <!-- SI_WF38_StartFromScratch_MultipleList_DefaultLocation_SuggestedCategory_MA -->
</testsuite> <!-- GRP-SI - WF 20,SI - WF 21,SI - WF 19,SI - WF 38 -->
