<html>
<head>
<title>TestNG:  GRP-SI - WF 9 MA,SI - WF 10 MA</title>
<link href="../testng.css" rel="stylesheet" type="text/css" />
<link href="../my-testng.css" rel="stylesheet" type="text/css" />

<style type="text/css">
.log { display: none;} 
.stack-trace { display: none;} 
</style>
<script type="text/javascript">
<!--
function flip(e) {
  current = e.style.display;
  if (current == 'block') {
    e.style.display = 'none';
    return 0;
  }
  else {
    e.style.display = 'block';
    return 1;
  }
}

function toggleBox(szDivId, elem, msg1, msg2)
{
  var res = -1;  if (document.getElementById) {
    res = flip(document.getElementById(szDivId));
  }
  else if (document.all) {
    // this is the way old msie versions work
    res = flip(document.all[szDivId]);
  }
  if(elem) {
    if(res == 0) elem.innerHTML = msg1; else elem.innerHTML = msg2;
  }

}

function toggleAllBoxes() {
  if (document.getElementsByTagName) {
    d = document.getElementsByTagName('div');
    for (i = 0; i < d.length; i++) {
      if (d[i].className == 'log') {
        flip(d[i]);
      }
    }
  }
}

// -->
</script>

</head>
<body>
<h2 align='center'>GRP-SI - WF 9 MA,SI - WF 10 MA</h2><table border='1' align="center">
<tr>
<td>Tests passed/Failed/Skipped:</td><td>0/2/0</td>
</tr><tr>
<td>Started on:</td><td>Wed Jun 08 10:51:33 IST 2016</td>
</tr>
<tr><td>Total time:</td><td>730 seconds (730280 ms)</td>
</tr><tr>
<td>Included groups:</td><td>SI - WF 9 MA SI - WF 10 MA </td>
</tr><tr>
<td>Excluded groups:</td><td></td>
</tr>
</table><p/>
<small><i>(Hover the method name to see the test class name)</i></small><p/>
<table width='100%' border='1' class='invocation-failed'>
<tr><td colspan='4' align='center'><b>FAILED TESTS</b></td></tr>
<tr><td><b>Test method</b></td>
<td width="30%"><b>Exception</b></td>
<td width="10%"><b>Time (seconds)</b></td>
<td><b>Instance</b></td>
</tr>
<tr>
<td title='com.tests.WorkFlow.SI_WF10_StartFromScratch_OG_DefaultLocation_DefaultCategory_MA()'><b>SI_WF10_StartFromScratch_OG_DefaultLocation_DefaultCategory_MA</b><br>Test class: com.tests.WorkFlow<br>Test method: SI - WF 10-TC1-Start From Scratch + add items from Order Guide +Default Loc + Default Category for MA user<br/>
<a href="#Output-763753941" onClick='toggleBox("Output-763753941", this, "Show output", "Hide output");'>Show output</a>

<a href="#Output-763753941" onClick="toggleAllBoxes();">Show all outputs</a>
<div class='log' id="Output-763753941">
[10:52:00] : <b><FONT SIZE="2">Launched Sysco UOM</FONT></b><br><br/>
[10:52:00] : <b><FONT SIZE="2">Verify the Login Page</FONT></b><br><br/>
[10:52:05] : <b><FONT SIZE="2">Login page verification :Pass</FONT></b><br><br/>
[10:52:07] : <b><FONT SIZE="2">Login page verification :Pass</FONT></b><br><br/>
[10:52:07] : <b><FONT SIZE="2">Sign In</FONT></b><br><br/>
[10:53:01] : <b><FONT SIZE="2">Sign in :Pass</FONT></b><br><br/>
[10:53:01] : <b><FONT SIZE="2">Selecting 1st account from Accounts page</FONT></b><br><br/>
[10:53:17] : <b><FONT COLOR="GREEN"><FONT SIZE="2">Navigating to Setup inventory page :Pass</FONT></FONT></b><br><br/>
[10:53:17] : <b><FONT SIZE="2">Setup inventory page</FONT></b><br><br/>
[10:53:22] : <b><FONT COLOR="GREEN"><FONT SIZE="2">Tapped on skip :Pass</FONT></FONT></b><br><br/>
[10:53:24] : <b><FONT COLOR="GREEN"><FONT SIZE="2">Tapped on Start from Scratch :Pass</FONT></FONT></b><br><br/>
[10:53:27] : <b><FONT COLOR="GREEN"><FONT SIZE="2">Tapped on Continue :Pass</FONT></FONT></b><br><br/>
[10:53:27] : <b><FONT SIZE="2">Clicking on add items</FONT></b><br><br/>
[10:53:30] : <b><FONT COLOR="GREEN"><FONT SIZE="2">Tapping on add items button from setup inventory page :Pass</FONT></FONT></b><br><br/>
[10:53:37] : <b><FONT COLOR="GREEN"><FONT SIZE="2">Order Guide Click : Pass</FONT></FONT></b><br><br/>
[10:53:37] : <b><FONT SIZE="2"> Adding Item from Order Guide</FONT></b><br><br/>
[10:53:43] : <b><FONT COLOR="GREEN"><FONT SIZE="2">Multiple items selected :Pass</FONT></FONT></b><br><br/>
[10:53:51] : <b><FONT COLOR="GREEN"><FONT SIZE="2">Tapped on done:Pass</FONT></FONT></b><br><br/>
[10:54:04] : <b><FONT COLOR="GREEN"><FONT SIZE="2">All Three Items Found in Setup Inventory :Pass</FONT></FONT></b><br><br/>
[10:54:04] : <b><FONT COLOR="GREEN"><FONT SIZE="2">All three Items Found in Setup Inventory :Pass</FONT></FONT></b><br><br/>
[10:54:14] : <b><FONT COLOR="GREEN"><FONT SIZE="2">Tapped on done:Pass</FONT></FONT></b><br><br/>
[10:54:29] : <b><FONT SIZE="2">Setup inventory page</FONT></b><br><br/>
[10:54:35] : <b><FONT COLOR="GREEN"><FONT SIZE="2">Tapped on skip :Pass</FONT></FONT></b><br><br/>
[10:54:37] : <b><FONT COLOR="GREEN"><FONT SIZE="2">custom location clicked :Pass</FONT></FONT></b><br><br/>
[10:54:39] : <b><FONT COLOR="GREEN"><FONT SIZE="2">Tapped on Continue :Pass</FONT></FONT></b><br><br/>
[10:54:39] : <b><FONT SIZE="2">Setup inventory page</FONT></b><br><br/>
[10:54:44] : <b><FONT COLOR="GREEN"><FONT SIZE="2">Tapped on skip :Pass</FONT></FONT></b><br><br/>
[10:54:44] : <b><FONT SIZE="2">Selecting default category from Food cost page</FONT></b><br><br/>
[10:54:47] : <b><FONT COLOR="GREEN"><FONT SIZE="2">default Category selected :Pass</FONT></FONT></b><br><br/>
[10:54:50] : <b><FONT COLOR="GREEN"><FONT SIZE="2">Tapped on Complete :Pass</FONT></FONT></b><br><br/>
[10:55:56] : <b><FONT COLOR="GREEN"><FONT SIZE="2">Tapped on Continue :Fail</FONT></FONT></b><br><br/>
<b><font color='RED'>ERROR	:- expected [true] but found [false]</font></b><br/>
</div>
</td>
<td><div><pre>java.lang.AssertionError: expected [true] but found [false]
	at org.testng.Assert.fail(Assert.java:94)
	at org.testng.Assert.failNotEquals(Assert.java:513)
	at org.testng.Assert.assertTrue(Assert.java:42)
	at org.testng.Assert.assertTrue(Assert.java:52)
	at com.components.pages.CategoryPage.tapContinue(CategoryPage.java:197)
	at com.tests.WorkFlow.SI_WF10_StartFromScratch_OG_DefaultLocation_DefaultCategory_MA(WorkFlow.java:480)
	at sun.reflect.NativeMethodAccessorImpl.invoke0(Native Method)
	at sun.reflect.NativeMethodAccessorImpl.invoke(NativeMethodAccessorImpl.java:57)
	at sun.reflect.DelegatingMethodAccessorImpl.invoke(DelegatingMethodAccessorImpl.java:43)
	at java.lang.reflect.Method.invoke(Method.java:606)
	at org.testng.internal.MethodInvocationHelper.invokeMethod(MethodInvocationHelper.java:86)
	at org.testng.internal.Invoker.invokeMethod(Invoker.java:645)
	at org.testng.internal.Invoker.invokeTestMethod(Invoker.java:822)
	at org.testng.internal.Invoker.invokeTestMethods(Invoker.java:1130)
	at org.testng.internal.TestMethodWorker.invokeTestMethods(TestMethodWorker.java:129)
	at org.testng.internal.TestMethodWorker.run(TestMethodWorker.java:112)
	at org.testng.TestRunner.privateRun(TestRunner.java:782)
	at org.testng.TestRunner.run(TestRunner.java:632)
	at org.testng.SuiteRunner.runTest(SuiteRunner.java:366)
	at org.testng.SuiteRunner.runSequentially(SuiteRunner.java:361)
	at org.testng.SuiteRunner.privateRun(SuiteRunner.java:319)
	at org.testng.SuiteRunner.run(SuiteRunner.java:268)
	at org.testng.SuiteRunnerWorker.runSuite(SuiteRunnerWorker.java:52)
	at org.testng.SuiteRunnerWorker.run(SuiteRunnerWorker.java:86)
	at org.testng.TestNG.runSuitesSequentially(TestNG.java:1244)
	at org.testng.TestNG.runSuitesLocally(TestNG.java:1169)
	at org.testng.TestNG.run(TestNG.java:1064)
	at org.testng.remote.RemoteTestNG.run(RemoteTestNG.java:113)
	at org.testng.remote.RemoteTestNG.initAndRun(RemoteTestNG.java:206)
	at org.testng.remote.RemoteTestNG.main(RemoteTestNG.java:177)
</pre></div><a href='#' onClick='toggleBox("stack-trace763753941", this, "Click to show all stack frames", "Click to hide stack frames")'>Click to show all stack frames</a>
<div class='stack-trace' id='stack-trace763753941'><pre>java.lang.AssertionError: expected [true] but found [false]
	at org.testng.Assert.fail(Assert.java:94)
	at org.testng.Assert.failNotEquals(Assert.java:513)
	at org.testng.Assert.assertTrue(Assert.java:42)
	at org.testng.Assert.assertTrue(Assert.java:52)
	at com.components.pages.CategoryPage.tapContinue(CategoryPage.java:197)
	at com.tests.WorkFlow.SI_WF10_StartFromScratch_OG_DefaultLocation_DefaultCategory_MA(WorkFlow.java:480)
	at sun.reflect.NativeMethodAccessorImpl.invoke0(Native Method)
	at sun.reflect.NativeMethodAccessorImpl.invoke(NativeMethodAccessorImpl.java:57)
	at sun.reflect.DelegatingMethodAccessorImpl.invoke(DelegatingMethodAccessorImpl.java:43)
	at java.lang.reflect.Method.invoke(Method.java:606)
	at org.testng.internal.MethodInvocationHelper.invokeMethod(MethodInvocationHelper.java:86)
	at org.testng.internal.Invoker.invokeMethod(Invoker.java:645)
	at org.testng.internal.Invoker.invokeTestMethod(Invoker.java:822)
	at org.testng.internal.Invoker.invokeTestMethods(Invoker.java:1130)
	at org.testng.internal.TestMethodWorker.invokeTestMethods(TestMethodWorker.java:129)
	at org.testng.internal.TestMethodWorker.run(TestMethodWorker.java:112)
	at org.testng.TestRunner.privateRun(TestRunner.java:782)
	at org.testng.TestRunner.run(TestRunner.java:632)
	at org.testng.SuiteRunner.runTest(SuiteRunner.java:366)
	at org.testng.SuiteRunner.runSequentially(SuiteRunner.java:361)
	at org.testng.SuiteRunner.privateRun(SuiteRunner.java:319)
	at org.testng.SuiteRunner.run(SuiteRunner.java:268)
	at org.testng.SuiteRunnerWorker.runSuite(SuiteRunnerWorker.java:52)
	at org.testng.SuiteRunnerWorker.run(SuiteRunnerWorker.java:86)
	at org.testng.TestNG.runSuitesSequentially(TestNG.java:1244)
	at org.testng.TestNG.runSuitesLocally(TestNG.java:1169)
	at org.testng.TestNG.run(TestNG.java:1064)
	at org.testng.remote.RemoteTestNG.run(RemoteTestNG.java:113)
	at org.testng.remote.RemoteTestNG.initAndRun(RemoteTestNG.java:206)
	at org.testng.remote.RemoteTestNG.main(RemoteTestNG.java:177)
</pre></div></td>
<td>262</td>
<td>com.tests.WorkFlow@1e71b324</td></tr>
<tr>
<td title='com.tests.WorkFlow.SI_WF9_StartFromScratch_PdtCatalog_DefaultLocation_DefaultCategory_MA()'><b>SI_WF9_StartFromScratch_PdtCatalog_DefaultLocation_DefaultCategory_MA</b><br>Test class: com.tests.WorkFlow<br>Test method: SI - WF 9-TC2-Start From Scratch + add items from Product catelog +Default Loc + Default Category for MA user<br/>
<a href="#Output-245243429" onClick='toggleBox("Output-245243429", this, "Show output", "Hide output");'>Show output</a>

<a href="#Output-245243429" onClick="toggleAllBoxes();">Show all outputs</a>
<div class='log' id="Output-245243429">
<b><font color='RED'>ERROR	:- Could not start a new session. Possible causes are invalid address of the remote server or browser start-up failure.
Build info: version: '2.51.0', revision: '1af067d', time: '2016-02-05 19:15:17'
System info: host: 'TVMATP310440M', ip: '10.155.106.25', os.name: 'Mac OS X', os.arch: 'x86_64', os.version: '10.11.4', java.version: '1.7.0_71'
Driver info: driver.version: IOSDriver</font></b><br/>
</div>
</td>
<td><div><pre>org.openqa.selenium.remote.UnreachableBrowserException: Could not start a new session. Possible causes are invalid address of the remote server or browser start-up failure.
Build info: version: &apos;2.51.0&apos;, revision: &apos;1af067d&apos;, time: &apos;2016-02-05 19:15:17&apos;
System info: host: &apos;TVMATP310440M&apos;, ip: &apos;10.155.106.25&apos;, os.name: &apos;Mac OS X&apos;, os.arch: &apos;x86_64&apos;, os.version: &apos;10.11.4&apos;, java.version: &apos;1.7.0_71&apos;
Driver info: driver.version: IOSDriver
	at org.openqa.selenium.remote.RemoteWebDriver.execute(RemoteWebDriver.java:665)
	at io.appium.java_client.DefaultGenericMobileDriver.execute(DefaultGenericMobileDriver.java:42)
	at io.appium.java_client.AppiumDriver.execute(AppiumDriver.java:1)
	at io.appium.java_client.ios.IOSDriver.execute(IOSDriver.java:1)
	at org.openqa.selenium.remote.RemoteWebDriver.startSession(RemoteWebDriver.java:249)
	at org.openqa.selenium.remote.RemoteWebDriver.&lt;init&gt;(RemoteWebDriver.java:131)
	at org.openqa.selenium.remote.RemoteWebDriver.&lt;init&gt;(RemoteWebDriver.java:144)
	at io.appium.java_client.DefaultGenericMobileDriver.&lt;init&gt;(DefaultGenericMobileDriver.java:37)
	at io.appium.java_client.AppiumDriver.&lt;init&gt;(AppiumDriver.java:160)
	at io.appium.java_client.AppiumDriver.&lt;init&gt;(AppiumDriver.java:168)
	at io.appium.java_client.ios.IOSDriver.&lt;init&gt;(IOSDriver.java:56)
	at zRfghY.t.b(WebDriverInstanceGenerator.java:86)
	at zRfghY.s.a(WebDriverFactory.java:36)
	at zRfghY.p.&lt;init&gt;(ThreadFactory.java:101)
	at zRfghY.p$1.c(ThreadFactory.java:97)
	at zRfghY.p$1.initialValue(ThreadFactory.java:95)
	at java.lang.ThreadLocal.setInitialValue(ThreadLocal.java:160)
	at java.lang.ThreadLocal.get(ThreadLocal.java:150)
	at zRfghY.p.b(ThreadFactory.java:165)
	at com.iwaf.framework.testng.TestNGTestListener.onTestStart(TestNGTestListener.java:349)
	at org.testng.internal.Invoker.runTestListeners(Invoker.java:1702)
	at org.testng.internal.Invoker.runTestListeners(Invoker.java:1677)
	at org.testng.internal.Invoker.invokeMethod(Invoker.java:620)
	at org.testng.internal.Invoker.invokeTestMethod(Invoker.java:822)
	at org.testng.internal.Invoker.invokeTestMethods(Invoker.java:1130)
	at org.testng.internal.TestMethodWorker.invokeTestMethods(TestMethodWorker.java:129)
	at org.testng.internal.TestMethodWorker.run(TestMethodWorker.java:112)
	at org.testng.TestRunner.privateRun(TestRunner.java:782)
	at org.testng.TestRunner.run(TestRunner.java:632)
	at org.testng.SuiteRunner.runTest(SuiteRunner.java:366)
	at org.testng.SuiteRunner.runSequentially(SuiteRunner.java:361)
	at org.testng.SuiteRunner.privateRun(SuiteRunner.java:319)
	at org.testng.SuiteRunner.run(SuiteRunner.java:268)
	at org.testng.SuiteRunnerWorker.runSuite(SuiteRunnerWorker.java:52)
	at org.testng.SuiteRunnerWorker.run(SuiteRunnerWorker.java:86)
	at org.testng.TestNG.runSuitesSequentially(TestNG.java:1244)
	at org.testng.TestNG.runSuitesLocally(TestNG.java:1169)
	at org.testng.TestNG.run(TestNG.java:1064)
	at org.testng.remote.RemoteTestNG.run(RemoteTestNG.java:113)
	at org.testng.remote.RemoteTestNG.initAndRun(RemoteTestNG.java:206)
	at org.testng.remote.RemoteTestNG.main(RemoteTestNG.java:177)
Caused by: org.openqa.selenium.WebDriverException: org.apache.http.conn.HttpHostConnectException: Connect to 10.155.106.25:4723 [/10.155.106.25] failed: Connection refused
Build info: version: &apos;2.51.0&apos;, revision: &apos;1af067d&apos;, time: &apos;2016-02-05 19:15:17&apos;
System info: host: &apos;TVMATP310440M&apos;, ip: &apos;10.155.106.25&apos;, os.name: &apos;Mac OS X&apos;, os.arch: &apos;x86_64&apos;, os.version: &apos;10.11.4&apos;, java.version: &apos;1.7.0_71&apos;
Driver info: driver.version: IOSDriver
	at io.appium.java_client.remote.AppiumCommandExecutor.execute(AppiumCommandExecutor.java:64)
	at org.openqa.selenium.remote.RemoteWebDriver.execute(RemoteWebDriver.java:644)
	... 40 more
Caused by: org.apache.http.conn.HttpHostConnectException: Connect to 10.155.106.25:4723 [/10.155.106.25] failed: Connection refused
	at org.apache.http.impl.conn.DefaultHttpClientConnectionOperator.connect(DefaultHttpClientConnectionOperator.java:151)
	at org.apache.http.impl.conn.PoolingHttpClientConnectionManager.connect(PoolingHttpClientConnectionManager.java:353)
	at org.apache.http.impl.execchain.MainClientExec.establishRoute(MainClientExec.java:380)
	at org.apache.http.impl.execchain.MainClientExec.execute(MainClientExec.java:236)
	at org.apache.http.impl.execchain.ProtocolExec.execute(ProtocolExec.java:184)
	at org.apache.http.impl.execchain.RetryExec.execute(RetryExec.java:88)
	at org.apache.http.impl.execchain.RedirectExec.execute(RedirectExec.java:110)
	at org.apache.http.impl.client.InternalHttpClient.doExecute(InternalHttpClient.java:184)
	at org.apache.http.impl.client.CloseableHttpClient.execute(CloseableHttpClient.java:71)
	at org.apache.http.impl.client.CloseableHttpClient.execute(CloseableHttpClient.java:55)
	at org.openqa.selenium.remote.internal.ApacheHttpClient.fallBackExecute(ApacheHttpClient.java:162)
	at org.openqa.selenium.remote.internal.ApacheHttpClient.execute(ApacheHttpClient.java:90)
	at org.openqa.selenium.remote.HttpCommandExecutor.execute(HttpCommandExecutor.java:142)
	at io.appium.java_client.remote.AppiumCommandExecutor.execute(AppiumCommandExecutor.java:52)
	... 41 more
Caused by: java.net.ConnectException: Connection refused
	at java.net.PlainSocketImpl.socketConnect(Native Method)
	at java.net.AbstractPlainSocketImpl.doConnect(AbstractPlainSocketImpl.java:339)
	at java.net.AbstractPlainSocketImpl.connectToAddress(AbstractPlainSocketImpl.java:200)
	at java.net.AbstractPlainSocketImpl.connect(AbstractPlainSocketImpl.java:182)
	at java.net.SocksSocketImpl.connect(SocksSocketImpl.java:392)
	at java.net.Socket.connect(Socket.java:579)
	at org.apache.http.conn.socket.PlainConnectionSocketFactory.connectSocket(PlainConnectionSocketFactory.java:74)
	at org.apache.http.impl.conn.DefaultHttpClientConnectionOperator.connect(DefaultHttpClientConnectionOperator.java:134)
	... 54 more
</pre></div><a href='#' onClick='toggleBox("stack-trace245243429", this, "Click to show all stack frames", "Click to hide stack frames")'>Click to show all stack frames</a>
<div class='stack-trace' id='stack-trace245243429'><pre>org.openqa.selenium.remote.UnreachableBrowserException: Could not start a new session. Possible causes are invalid address of the remote server or browser start-up failure.
Build info: version: &apos;2.51.0&apos;, revision: &apos;1af067d&apos;, time: &apos;2016-02-05 19:15:17&apos;
System info: host: &apos;TVMATP310440M&apos;, ip: &apos;10.155.106.25&apos;, os.name: &apos;Mac OS X&apos;, os.arch: &apos;x86_64&apos;, os.version: &apos;10.11.4&apos;, java.version: &apos;1.7.0_71&apos;
Driver info: driver.version: IOSDriver
	at org.openqa.selenium.remote.RemoteWebDriver.execute(RemoteWebDriver.java:665)
	at io.appium.java_client.DefaultGenericMobileDriver.execute(DefaultGenericMobileDriver.java:42)
	at io.appium.java_client.AppiumDriver.execute(AppiumDriver.java:1)
	at io.appium.java_client.ios.IOSDriver.execute(IOSDriver.java:1)
	at org.openqa.selenium.remote.RemoteWebDriver.startSession(RemoteWebDriver.java:249)
	at org.openqa.selenium.remote.RemoteWebDriver.&lt;init&gt;(RemoteWebDriver.java:131)
	at org.openqa.selenium.remote.RemoteWebDriver.&lt;init&gt;(RemoteWebDriver.java:144)
	at io.appium.java_client.DefaultGenericMobileDriver.&lt;init&gt;(DefaultGenericMobileDriver.java:37)
	at io.appium.java_client.AppiumDriver.&lt;init&gt;(AppiumDriver.java:160)
	at io.appium.java_client.AppiumDriver.&lt;init&gt;(AppiumDriver.java:168)
	at io.appium.java_client.ios.IOSDriver.&lt;init&gt;(IOSDriver.java:56)
	at zRfghY.t.b(WebDriverInstanceGenerator.java:86)
	at zRfghY.s.a(WebDriverFactory.java:36)
	at zRfghY.p.&lt;init&gt;(ThreadFactory.java:101)
	at zRfghY.p$1.c(ThreadFactory.java:97)
	at zRfghY.p$1.initialValue(ThreadFactory.java:95)
	at java.lang.ThreadLocal.setInitialValue(ThreadLocal.java:160)
	at java.lang.ThreadLocal.get(ThreadLocal.java:150)
	at zRfghY.p.b(ThreadFactory.java:165)
	at com.iwaf.framework.testng.TestNGTestListener.onTestStart(TestNGTestListener.java:349)
	at org.testng.internal.Invoker.runTestListeners(Invoker.java:1702)
	at org.testng.internal.Invoker.runTestListeners(Invoker.java:1677)
	at org.testng.internal.Invoker.invokeMethod(Invoker.java:620)
	at org.testng.internal.Invoker.invokeTestMethod(Invoker.java:822)
	at org.testng.internal.Invoker.invokeTestMethods(Invoker.java:1130)
	at org.testng.internal.TestMethodWorker.invokeTestMethods(TestMethodWorker.java:129)
	at org.testng.internal.TestMethodWorker.run(TestMethodWorker.java:112)
	at org.testng.TestRunner.privateRun(TestRunner.java:782)
	at org.testng.TestRunner.run(TestRunner.java:632)
	at org.testng.SuiteRunner.runTest(SuiteRunner.java:366)
	at org.testng.SuiteRunner.runSequentially(SuiteRunner.java:361)
	at org.testng.SuiteRunner.privateRun(SuiteRunner.java:319)
	at org.testng.SuiteRunner.run(SuiteRunner.java:268)
	at org.testng.SuiteRunnerWorker.runSuite(SuiteRunnerWorker.java:52)
	at org.testng.SuiteRunnerWorker.run(SuiteRunnerWorker.java:86)
	at org.testng.TestNG.runSuitesSequentially(TestNG.java:1244)
	at org.testng.TestNG.runSuitesLocally(TestNG.java:1169)
	at org.testng.TestNG.run(TestNG.java:1064)
	at org.testng.remote.RemoteTestNG.run(RemoteTestNG.java:113)
	at org.testng.remote.RemoteTestNG.initAndRun(RemoteTestNG.java:206)
	at org.testng.remote.RemoteTestNG.main(RemoteTestNG.java:177)
Caused by: org.openqa.selenium.WebDriverException: org.apache.http.conn.HttpHostConnectException: Connect to 10.155.106.25:4723 [/10.155.106.25] failed: Connection refused
Build info: version: &apos;2.51.0&apos;, revision: &apos;1af067d&apos;, time: &apos;2016-02-05 19:15:17&apos;
System info: host: &apos;TVMATP310440M&apos;, ip: &apos;10.155.106.25&apos;, os.name: &apos;Mac OS X&apos;, os.arch: &apos;x86_64&apos;, os.version: &apos;10.11.4&apos;, java.version: &apos;1.7.0_71&apos;
Driver info: driver.version: IOSDriver
	at io.appium.java_client.remote.AppiumCommandExecutor.execute(AppiumCommandExecutor.java:64)
	at org.openqa.selenium.remote.RemoteWebDriver.execute(RemoteWebDriver.java:644)
	... 40 more
Caused by: org.apache.http.conn.HttpHostConnectException: Connect to 10.155.106.25:4723 [/10.155.106.25] failed: Connection refused
	at org.apache.http.impl.conn.DefaultHttpClientConnectionOperator.connect(DefaultHttpClientConnectionOperator.java:151)
	at org.apache.http.impl.conn.PoolingHttpClientConnectionManager.connect(PoolingHttpClientConnectionManager.java:353)
	at org.apache.http.impl.execchain.MainClientExec.establishRoute(MainClientExec.java:380)
	at org.apache.http.impl.execchain.MainClientExec.execute(MainClientExec.java:236)
	at org.apache.http.impl.execchain.ProtocolExec.execute(ProtocolExec.java:184)
	at org.apache.http.impl.execchain.RetryExec.execute(RetryExec.java:88)
	at org.apache.http.impl.execchain.RedirectExec.execute(RedirectExec.java:110)
	at org.apache.http.impl.client.InternalHttpClient.doExecute(InternalHttpClient.java:184)
	at org.apache.http.impl.client.CloseableHttpClient.execute(CloseableHttpClient.java:71)
	at org.apache.http.impl.client.CloseableHttpClient.execute(CloseableHttpClient.java:55)
	at org.openqa.selenium.remote.internal.ApacheHttpClient.fallBackExecute(ApacheHttpClient.java:162)
	at org.openqa.selenium.remote.internal.ApacheHttpClient.execute(ApacheHttpClient.java:90)
	at org.openqa.selenium.remote.HttpCommandExecutor.execute(HttpCommandExecutor.java:142)
	at io.appium.java_client.remote.AppiumCommandExecutor.execute(AppiumCommandExecutor.java:52)
	... 41 more
Caused by: java.net.ConnectException: Connection refused
	at java.net.PlainSocketImpl.socketConnect(Native Method)
	at java.net.AbstractPlainSocketImpl.doConnect(AbstractPlainSocketImpl.java:339)
	at java.net.AbstractPlainSocketImpl.connectToAddress(AbstractPlainSocketImpl.java:200)
	at java.net.AbstractPlainSocketImpl.connect(AbstractPlainSocketImpl.java:182)
	at java.net.SocksSocketImpl.connect(SocksSocketImpl.java:392)
	at java.net.Socket.connect(Socket.java:579)
	at org.apache.http.conn.socket.PlainConnectionSocketFactory.connectSocket(PlainConnectionSocketFactory.java:74)
	at org.apache.http.impl.conn.DefaultHttpClientConnectionOperator.connect(DefaultHttpClientConnectionOperator.java:134)
	... 54 more
</pre></div></td>
<td>455</td>
<td>com.tests.WorkFlow@1e71b324</td></tr>
<tr>
<td title='com.tests.WorkFlow.SI_WF9_StartFromScratch_PdtCatalog_DefaultLocation_DefaultCategory_MA()'><b>SI_WF9_StartFromScratch_PdtCatalog_DefaultLocation_DefaultCategory_MA</b><br>Test class: com.tests.WorkFlow<br>Test method: SI - WF 9-TC2-Start From Scratch + add items from Product catelog +Default Loc + Default Category for MA user<br/>
<a href="#Output-860057975" onClick='toggleBox("Output-860057975", this, "Show output", "Hide output");'>Show output</a>

<a href="#Output-860057975" onClick="toggleAllBoxes();">Show all outputs</a>
<div class='log' id="Output-860057975">
<b><font color='RED'>ERROR	:- Could not start a new session. Possible causes are invalid address of the remote server or browser start-up failure.
Build info: version: '2.51.0', revision: '1af067d', time: '2016-02-05 19:15:17'
System info: host: 'TVMATP310440M', ip: '10.155.106.25', os.name: 'Mac OS X', os.arch: 'x86_64', os.version: '10.11.4', java.version: '1.7.0_71'
Driver info: driver.version: IOSDriver</font></b><br/>
</div>
</td>
<td><div><pre>org.openqa.selenium.remote.UnreachableBrowserException: Could not start a new session. Possible causes are invalid address of the remote server or browser start-up failure.
Build info: version: &apos;2.51.0&apos;, revision: &apos;1af067d&apos;, time: &apos;2016-02-05 19:15:17&apos;
System info: host: &apos;TVMATP310440M&apos;, ip: &apos;10.155.106.25&apos;, os.name: &apos;Mac OS X&apos;, os.arch: &apos;x86_64&apos;, os.version: &apos;10.11.4&apos;, java.version: &apos;1.7.0_71&apos;
Driver info: driver.version: IOSDriver
	at org.openqa.selenium.remote.RemoteWebDriver.execute(RemoteWebDriver.java:665)
	at io.appium.java_client.DefaultGenericMobileDriver.execute(DefaultGenericMobileDriver.java:42)
	at io.appium.java_client.AppiumDriver.execute(AppiumDriver.java:1)
	at io.appium.java_client.ios.IOSDriver.execute(IOSDriver.java:1)
	at org.openqa.selenium.remote.RemoteWebDriver.startSession(RemoteWebDriver.java:249)
	at org.openqa.selenium.remote.RemoteWebDriver.&lt;init&gt;(RemoteWebDriver.java:131)
	at org.openqa.selenium.remote.RemoteWebDriver.&lt;init&gt;(RemoteWebDriver.java:144)
	at io.appium.java_client.DefaultGenericMobileDriver.&lt;init&gt;(DefaultGenericMobileDriver.java:37)
	at io.appium.java_client.AppiumDriver.&lt;init&gt;(AppiumDriver.java:160)
	at io.appium.java_client.AppiumDriver.&lt;init&gt;(AppiumDriver.java:168)
	at io.appium.java_client.ios.IOSDriver.&lt;init&gt;(IOSDriver.java:56)
	at zRfghY.t.b(WebDriverInstanceGenerator.java:86)
	at zRfghY.s.a(WebDriverFactory.java:36)
	at zRfghY.p.&lt;init&gt;(ThreadFactory.java:101)
	at zRfghY.p$1.c(ThreadFactory.java:97)
	at zRfghY.p$1.initialValue(ThreadFactory.java:95)
	at java.lang.ThreadLocal.setInitialValue(ThreadLocal.java:160)
	at java.lang.ThreadLocal.get(ThreadLocal.java:150)
	at zRfghY.p.b(ThreadFactory.java:165)
	at com.iwaf.framework.testng.TestNGTestListener.onTestFailure(TestNGTestListener.java:254)
	at org.testng.internal.Invoker.runTestListeners(Invoker.java:1693)
	at org.testng.internal.Invoker.runTestListeners(Invoker.java:1677)
	at org.testng.internal.Invoker.invokeMethod(Invoker.java:702)
	at org.testng.internal.Invoker.invokeTestMethod(Invoker.java:822)
	at org.testng.internal.Invoker.invokeTestMethods(Invoker.java:1130)
	at org.testng.internal.TestMethodWorker.invokeTestMethods(TestMethodWorker.java:129)
	at org.testng.internal.TestMethodWorker.run(TestMethodWorker.java:112)
	at org.testng.TestRunner.privateRun(TestRunner.java:782)
	at org.testng.TestRunner.run(TestRunner.java:632)
	at org.testng.SuiteRunner.runTest(SuiteRunner.java:366)
	at org.testng.SuiteRunner.runSequentially(SuiteRunner.java:361)
	at org.testng.SuiteRunner.privateRun(SuiteRunner.java:319)
	at org.testng.SuiteRunner.run(SuiteRunner.java:268)
	at org.testng.SuiteRunnerWorker.runSuite(SuiteRunnerWorker.java:52)
	at org.testng.SuiteRunnerWorker.run(SuiteRunnerWorker.java:86)
	at org.testng.TestNG.runSuitesSequentially(TestNG.java:1244)
	at org.testng.TestNG.runSuitesLocally(TestNG.java:1169)
	at org.testng.TestNG.run(TestNG.java:1064)
	at org.testng.remote.RemoteTestNG.run(RemoteTestNG.java:113)
	at org.testng.remote.RemoteTestNG.initAndRun(RemoteTestNG.java:206)
	at org.testng.remote.RemoteTestNG.main(RemoteTestNG.java:177)
Caused by: org.openqa.selenium.WebDriverException: org.apache.http.conn.HttpHostConnectException: Connect to 10.155.106.25:4723 [/10.155.106.25] failed: Connection refused
Build info: version: &apos;2.51.0&apos;, revision: &apos;1af067d&apos;, time: &apos;2016-02-05 19:15:17&apos;
System info: host: &apos;TVMATP310440M&apos;, ip: &apos;10.155.106.25&apos;, os.name: &apos;Mac OS X&apos;, os.arch: &apos;x86_64&apos;, os.version: &apos;10.11.4&apos;, java.version: &apos;1.7.0_71&apos;
Driver info: driver.version: IOSDriver
	at io.appium.java_client.remote.AppiumCommandExecutor.execute(AppiumCommandExecutor.java:64)
	at org.openqa.selenium.remote.RemoteWebDriver.execute(RemoteWebDriver.java:644)
	... 40 more
Caused by: org.apache.http.conn.HttpHostConnectException: Connect to 10.155.106.25:4723 [/10.155.106.25] failed: Connection refused
	at org.apache.http.impl.conn.DefaultHttpClientConnectionOperator.connect(DefaultHttpClientConnectionOperator.java:151)
	at org.apache.http.impl.conn.PoolingHttpClientConnectionManager.connect(PoolingHttpClientConnectionManager.java:353)
	at org.apache.http.impl.execchain.MainClientExec.establishRoute(MainClientExec.java:380)
	at org.apache.http.impl.execchain.MainClientExec.execute(MainClientExec.java:236)
	at org.apache.http.impl.execchain.ProtocolExec.execute(ProtocolExec.java:184)
	at org.apache.http.impl.execchain.RetryExec.execute(RetryExec.java:88)
	at org.apache.http.impl.execchain.RedirectExec.execute(RedirectExec.java:110)
	at org.apache.http.impl.client.InternalHttpClient.doExecute(InternalHttpClient.java:184)
	at org.apache.http.impl.client.CloseableHttpClient.execute(CloseableHttpClient.java:71)
	at org.apache.http.impl.client.CloseableHttpClient.execute(CloseableHttpClient.java:55)
	at org.openqa.selenium.remote.internal.ApacheHttpClient.fallBackExecute(ApacheHttpClient.java:144)
	at org.openqa.selenium.remote.internal.ApacheHttpClient.execute(ApacheHttpClient.java:90)
	at org.openqa.selenium.remote.HttpCommandExecutor.execute(HttpCommandExecutor.java:142)
	at io.appium.java_client.remote.AppiumCommandExecutor.execute(AppiumCommandExecutor.java:52)
	... 41 more
Caused by: java.net.ConnectException: Connection refused
	at java.net.PlainSocketImpl.socketConnect(Native Method)
	at java.net.AbstractPlainSocketImpl.doConnect(AbstractPlainSocketImpl.java:339)
	at java.net.AbstractPlainSocketImpl.connectToAddress(AbstractPlainSocketImpl.java:200)
	at java.net.AbstractPlainSocketImpl.connect(AbstractPlainSocketImpl.java:182)
	at java.net.SocksSocketImpl.connect(SocksSocketImpl.java:392)
	at java.net.Socket.connect(Socket.java:579)
	at org.apache.http.conn.socket.PlainConnectionSocketFactory.connectSocket(PlainConnectionSocketFactory.java:74)
	at org.apache.http.impl.conn.DefaultHttpClientConnectionOperator.connect(DefaultHttpClientConnectionOperator.java:134)
	... 54 more
</pre></div><a href='#' onClick='toggleBox("stack-trace860057975", this, "Click to show all stack frames", "Click to hide stack frames")'>Click to show all stack frames</a>
<div class='stack-trace' id='stack-trace860057975'><pre>org.openqa.selenium.remote.UnreachableBrowserException: Could not start a new session. Possible causes are invalid address of the remote server or browser start-up failure.
Build info: version: &apos;2.51.0&apos;, revision: &apos;1af067d&apos;, time: &apos;2016-02-05 19:15:17&apos;
System info: host: &apos;TVMATP310440M&apos;, ip: &apos;10.155.106.25&apos;, os.name: &apos;Mac OS X&apos;, os.arch: &apos;x86_64&apos;, os.version: &apos;10.11.4&apos;, java.version: &apos;1.7.0_71&apos;
Driver info: driver.version: IOSDriver
	at org.openqa.selenium.remote.RemoteWebDriver.execute(RemoteWebDriver.java:665)
	at io.appium.java_client.DefaultGenericMobileDriver.execute(DefaultGenericMobileDriver.java:42)
	at io.appium.java_client.AppiumDriver.execute(AppiumDriver.java:1)
	at io.appium.java_client.ios.IOSDriver.execute(IOSDriver.java:1)
	at org.openqa.selenium.remote.RemoteWebDriver.startSession(RemoteWebDriver.java:249)
	at org.openqa.selenium.remote.RemoteWebDriver.&lt;init&gt;(RemoteWebDriver.java:131)
	at org.openqa.selenium.remote.RemoteWebDriver.&lt;init&gt;(RemoteWebDriver.java:144)
	at io.appium.java_client.DefaultGenericMobileDriver.&lt;init&gt;(DefaultGenericMobileDriver.java:37)
	at io.appium.java_client.AppiumDriver.&lt;init&gt;(AppiumDriver.java:160)
	at io.appium.java_client.AppiumDriver.&lt;init&gt;(AppiumDriver.java:168)
	at io.appium.java_client.ios.IOSDriver.&lt;init&gt;(IOSDriver.java:56)
	at zRfghY.t.b(WebDriverInstanceGenerator.java:86)
	at zRfghY.s.a(WebDriverFactory.java:36)
	at zRfghY.p.&lt;init&gt;(ThreadFactory.java:101)
	at zRfghY.p$1.c(ThreadFactory.java:97)
	at zRfghY.p$1.initialValue(ThreadFactory.java:95)
	at java.lang.ThreadLocal.setInitialValue(ThreadLocal.java:160)
	at java.lang.ThreadLocal.get(ThreadLocal.java:150)
	at zRfghY.p.b(ThreadFactory.java:165)
	at com.iwaf.framework.testng.TestNGTestListener.onTestFailure(TestNGTestListener.java:254)
	at org.testng.internal.Invoker.runTestListeners(Invoker.java:1693)
	at org.testng.internal.Invoker.runTestListeners(Invoker.java:1677)
	at org.testng.internal.Invoker.invokeMethod(Invoker.java:702)
	at org.testng.internal.Invoker.invokeTestMethod(Invoker.java:822)
	at org.testng.internal.Invoker.invokeTestMethods(Invoker.java:1130)
	at org.testng.internal.TestMethodWorker.invokeTestMethods(TestMethodWorker.java:129)
	at org.testng.internal.TestMethodWorker.run(TestMethodWorker.java:112)
	at org.testng.TestRunner.privateRun(TestRunner.java:782)
	at org.testng.TestRunner.run(TestRunner.java:632)
	at org.testng.SuiteRunner.runTest(SuiteRunner.java:366)
	at org.testng.SuiteRunner.runSequentially(SuiteRunner.java:361)
	at org.testng.SuiteRunner.privateRun(SuiteRunner.java:319)
	at org.testng.SuiteRunner.run(SuiteRunner.java:268)
	at org.testng.SuiteRunnerWorker.runSuite(SuiteRunnerWorker.java:52)
	at org.testng.SuiteRunnerWorker.run(SuiteRunnerWorker.java:86)
	at org.testng.TestNG.runSuitesSequentially(TestNG.java:1244)
	at org.testng.TestNG.runSuitesLocally(TestNG.java:1169)
	at org.testng.TestNG.run(TestNG.java:1064)
	at org.testng.remote.RemoteTestNG.run(RemoteTestNG.java:113)
	at org.testng.remote.RemoteTestNG.initAndRun(RemoteTestNG.java:206)
	at org.testng.remote.RemoteTestNG.main(RemoteTestNG.java:177)
Caused by: org.openqa.selenium.WebDriverException: org.apache.http.conn.HttpHostConnectException: Connect to 10.155.106.25:4723 [/10.155.106.25] failed: Connection refused
Build info: version: &apos;2.51.0&apos;, revision: &apos;1af067d&apos;, time: &apos;2016-02-05 19:15:17&apos;
System info: host: &apos;TVMATP310440M&apos;, ip: &apos;10.155.106.25&apos;, os.name: &apos;Mac OS X&apos;, os.arch: &apos;x86_64&apos;, os.version: &apos;10.11.4&apos;, java.version: &apos;1.7.0_71&apos;
Driver info: driver.version: IOSDriver
	at io.appium.java_client.remote.AppiumCommandExecutor.execute(AppiumCommandExecutor.java:64)
	at org.openqa.selenium.remote.RemoteWebDriver.execute(RemoteWebDriver.java:644)
	... 40 more
Caused by: org.apache.http.conn.HttpHostConnectException: Connect to 10.155.106.25:4723 [/10.155.106.25] failed: Connection refused
	at org.apache.http.impl.conn.DefaultHttpClientConnectionOperator.connect(DefaultHttpClientConnectionOperator.java:151)
	at org.apache.http.impl.conn.PoolingHttpClientConnectionManager.connect(PoolingHttpClientConnectionManager.java:353)
	at org.apache.http.impl.execchain.MainClientExec.establishRoute(MainClientExec.java:380)
	at org.apache.http.impl.execchain.MainClientExec.execute(MainClientExec.java:236)
	at org.apache.http.impl.execchain.ProtocolExec.execute(ProtocolExec.java:184)
	at org.apache.http.impl.execchain.RetryExec.execute(RetryExec.java:88)
	at org.apache.http.impl.execchain.RedirectExec.execute(RedirectExec.java:110)
	at org.apache.http.impl.client.InternalHttpClient.doExecute(InternalHttpClient.java:184)
	at org.apache.http.impl.client.CloseableHttpClient.execute(CloseableHttpClient.java:71)
	at org.apache.http.impl.client.CloseableHttpClient.execute(CloseableHttpClient.java:55)
	at org.openqa.selenium.remote.internal.ApacheHttpClient.fallBackExecute(ApacheHttpClient.java:144)
	at org.openqa.selenium.remote.internal.ApacheHttpClient.execute(ApacheHttpClient.java:90)
	at org.openqa.selenium.remote.HttpCommandExecutor.execute(HttpCommandExecutor.java:142)
	at io.appium.java_client.remote.AppiumCommandExecutor.execute(AppiumCommandExecutor.java:52)
	... 41 more
Caused by: java.net.ConnectException: Connection refused
	at java.net.PlainSocketImpl.socketConnect(Native Method)
	at java.net.AbstractPlainSocketImpl.doConnect(AbstractPlainSocketImpl.java:339)
	at java.net.AbstractPlainSocketImpl.connectToAddress(AbstractPlainSocketImpl.java:200)
	at java.net.AbstractPlainSocketImpl.connect(AbstractPlainSocketImpl.java:182)
	at java.net.SocksSocketImpl.connect(SocksSocketImpl.java:392)
	at java.net.Socket.connect(Socket.java:579)
	at org.apache.http.conn.socket.PlainConnectionSocketFactory.connectSocket(PlainConnectionSocketFactory.java:74)
	at org.apache.http.impl.conn.DefaultHttpClientConnectionOperator.connect(DefaultHttpClientConnectionOperator.java:134)
	... 54 more
</pre></div></td>
<td>455</td>
<td>com.tests.WorkFlow@1e71b324</td></tr>
</table><p>
</body>
</html>