<html>
<head>
<title>TestNG:  GRP-SI - WF 21 NU,SI - WF 24 NU</title>
<link href="../testng.css" rel="stylesheet" type="text/css" />
<link href="../my-testng.css" rel="stylesheet" type="text/css" />

<style type="text/css">
.log { display: none;} 
.stack-trace { display: none;} 
</style>
<script type="text/javascript">
<!--
function flip(e) {
  current = e.style.display;
  if (current == 'block') {
    e.style.display = 'none';
    return 0;
  }
  else {
    e.style.display = 'block';
    return 1;
  }
}

function toggleBox(szDivId, elem, msg1, msg2)
{
  var res = -1;  if (document.getElementById) {
    res = flip(document.getElementById(szDivId));
  }
  else if (document.all) {
    // this is the way old msie versions work
    res = flip(document.all[szDivId]);
  }
  if(elem) {
    if(res == 0) elem.innerHTML = msg1; else elem.innerHTML = msg2;
  }

}

function toggleAllBoxes() {
  if (document.getElementsByTagName) {
    d = document.getElementsByTagName('div');
    for (i = 0; i < d.length; i++) {
      if (d[i].className == 'log') {
        flip(d[i]);
      }
    }
  }
}

// -->
</script>

</head>
<body>
<h2 align='center'>GRP-SI - WF 21 NU,SI - WF 24 NU</h2><table border='1' align="center">
<tr>
<td>Tests passed/Failed/Skipped:</td><td>0/2/0</td>
</tr><tr>
<td>Started on:</td><td>Fri Jun 17 12:15:00 IST 2016</td>
</tr>
<tr><td>Total time:</td><td>415 seconds (415047 ms)</td>
</tr><tr>
<td>Included groups:</td><td>SI - WF 21 NU SI - WF 24 NU </td>
</tr><tr>
<td>Excluded groups:</td><td></td>
</tr>
</table><p/>
<small><i>(Hover the method name to see the test class name)</i></small><p/>
<table width='100%' border='1' class='invocation-failed'>
<tr><td colspan='4' align='center'><b>FAILED TESTS</b></td></tr>
<tr><td><b>Test method</b></td>
<td width="30%"><b>Exception</b></td>
<td width="10%"><b>Time (seconds)</b></td>
<td><b>Instance</b></td>
</tr>
<tr>
<td title='com.tests.WorkFlow.SI_WF21_CustomList_CustomLoc_Customcategory_FewItems_NU()'><b>SI_WF21_CustomList_CustomLoc_Customcategory_FewItems_NU</b><br>Test class: com.tests.WorkFlow<br>Test method: SI - WF 21-TC1-Custom List + Custom Loc + Custom Category + Few items for Normal user<br/>
<a href="#Output-2062834323" onClick='toggleBox("Output-2062834323", this, "Show output", "Hide output");'>Show output</a>

<a href="#Output-2062834323" onClick="toggleAllBoxes();">Show all outputs</a>
<div class='log' id="Output-2062834323">
[12:15:19] : <b><FONT SIZE="2">Launched Sysco UOM</FONT></b><br><br/>
[12:15:19] : <b><FONT SIZE="2">Verify the Login Page</FONT></b><br><br/>
[12:15:21] : <b><FONT SIZE="2">Login page verification :Pass</FONT></b><br><br/>
[12:15:22] : <b><FONT SIZE="2">Save username verification :Pass</FONT></b><br><br/>
[12:15:22] : <b><FONT SIZE="2">Sign In</FONT></b><br><br/>
[12:15:37] : <b><FONT SIZE="2">Sign in :Pass</FONT></b><br><br/>
[12:15:37] : <b><FONT SIZE="2">Selecting 1st account from Accounts page</FONT></b><br><br/>
[12:15:45] : <b><FONT COLOR="GREEN"><FONT SIZE="2">Navigating to Setup inventory page :Pass</FONT></FONT></b><br><br/>
[12:15:45] : <b><FONT SIZE="2">Setup inventory page</FONT></b><br><br/>
[12:15:48] : <b><FONT COLOR="GREEN"><FONT SIZE="2">Tapped on skip :Pass</FONT></FONT></b><br><br/>
[12:15:48] : <b><FONT SIZE="2">Selecting custom list  </FONT></b><br><br/>
[12:15:48] : <b><FONT COLOR="GREEN"><FONT SIZE="2">Selected  custom list  from SetupInventoryImportItems:Pass</FONT></FONT></b><br><br/>
[12:15:48] : <b><FONT COLOR="GREEN"><FONT SIZE="2">Tapped on Continue :Pass</FONT></FONT></b><br><br/>
[12:15:48] : <b><FONT SIZE="2">Selecting list</FONT></b><br><br/>
[12:15:53] : <b><FONT COLOR="GREEN"><FONT SIZE="2">List is selected :Pass</FONT></FONT></b><br><br/>
[12:15:56] : <b><FONT COLOR="GREEN"><FONT SIZE="2">custom location clicked :Pass</FONT></FONT></b><br><br/>
[12:15:56] : <b><FONT COLOR="GREEN"><FONT SIZE="2">Tapped on Continue :Pass</FONT></FONT></b><br><br/>
[12:15:56] : <b><FONT COLOR="GREEN"><FONT SIZE="2">added location name :Pass</FONT></FONT></b><br><br/>
[12:15:56] : <b><FONT SIZE="2">Entering type Dry</FONT></b><br><br/>
[12:16:06] : <b><FONT COLOR="GREEN"><FONT SIZE="2">Entered type in add Locations page :Pass</FONT></FONT></b><br><br/>
[12:16:17] : <b><FONT COLOR="GREEN"><FONT SIZE="2">Entered type in add Locations page :Pass</FONT></FONT></b><br><br/>
[12:16:17] : <b><FONT SIZE="2">Entering anotherloc</FONT></b><br><br/>
[12:16:22] : <b><FONT COLOR="GREEN"><FONT SIZE="2">Entered second loc in Locations page :Pass</FONT></FONT></b><br><br/>
[12:16:22] : <b><FONT SIZE="2">Entering Location name</FONT></b><br><br/>
[12:16:33] : <b><FONT COLOR="GREEN"><FONT SIZE="2">Entered location name2 in add Locations page :Pass</FONT></FONT></b><br><br/>
[12:16:33] : <b><FONT SIZE="2">Entering type Dry</FONT></b><br><br/>
[12:16:38] : <b><FONT COLOR="GREEN"><FONT SIZE="2">Entered type in add Locations page :Pass</FONT></FONT></b><br><br/>
[12:16:43] : <b><FONT COLOR="GREEN"><FONT SIZE="2">Entered type in add Locations page :Pass</FONT></FONT></b><br><br/>
[12:16:53] : <b><FONT COLOR="GREEN"><FONT SIZE="2">Tapped on Next : Pass</FONT></FONT></b><br><br/>
[12:16:53] : <b><FONT SIZE="2"> Adding Item from Order Guide</FONT></b><br><br/>
[12:16:59] : <b><FONT COLOR="GREEN"><FONT SIZE="2">Multiple items selected :Pass</FONT></FONT></b><br><br/>
[12:17:08] : <b><FONT COLOR="GREEN"><FONT SIZE="2">Tapped on Next : Pass</FONT></FONT></b><br><br/>
[12:17:14] : <b><FONT COLOR="GREEN"><FONT SIZE="2">Multiple items selected :Pass</FONT></FONT></b><br><br/>
[12:17:20] : <b><FONT COLOR="GREEN"><FONT SIZE="2">Multiple items selected :Pass</FONT></FONT></b><br><br/>
[12:17:29] : <b><FONT COLOR="GREEN"><FONT SIZE="2">Tapped on done:Pass</FONT></FONT></b><br><br/>
[12:17:31] : <b><FONT SIZE="2">Selecting custom category from Food cost page</FONT></b><br><br/>
[12:17:32] : <b><FONT COLOR="GREEN"><FONT SIZE="2">CustomCategory selected :Pass</FONT></FONT></b><br><br/>
[12:17:32] : <b><FONT COLOR="GREEN"><FONT SIZE="2">Tapped on Continue :Pass</FONT></FONT></b><br><br/>
[12:17:32] : <b><FONT SIZE="2">Creating multiple custom category</FONT></b><br><br/>
[12:17:38] : <b><FONT COLOR="GREEN"><FONT SIZE="2">CustomCategories created:Pass</FONT></FONT></b><br><br/>
[12:17:47] : <b><FONT COLOR="GREEN"><FONT SIZE="2">Tapped on Next : Pass</FONT></FONT></b><br><br/>
[12:17:55] : <b><FONT COLOR="GREEN"><FONT SIZE="2">Multiple items selected :Pass</FONT></FONT></b><br><br/>
[12:18:04] : <b><FONT COLOR="GREEN"><FONT SIZE="2">Tapped on Next : Pass</FONT></FONT></b><br><br/>
[12:18:15] : <b><FONT COLOR="GREEN"><FONT SIZE="2">Tapped on done:Pass</FONT></FONT></b><br><br/>
[12:18:21] : <b><FONT COLOR="GREEN"><FONT SIZE="2">Tapped on TakeHome :Pass</FONT></FONT></b><br><br/>
[12:18:21] : <b><FONT SIZE="2">Selecting TrackInventory from inventory tools page </FONT></b><br><br/>
[12:18:24] : <b><FONT COLOR="GREEN"><FONT SIZE="2">Tapped  TrackInventory from inventory tools page:Pass</FONT></FONT></b><br><br/>
[12:18:24] : <b><FONT SIZE="2">Selecting location</FONT></b><br><br/>
[12:18:24] : <b><FONT COLOR="GREEN"><FONT SIZE="2">Location is selected for item :Pass</FONT></FONT></b><br><br/>
[12:18:24] : <b><FONT SIZE="2">locationItem verify </FONT></b><br><br/>
[12:18:24] : <b><FONT COLOR="GREEN"><FONT SIZE="2">Item verification done :Pass</FONT></FONT></b><br><br/>
[12:18:32] : <b><FONT COLOR="GREEN"><FONT SIZE="2">Tapped on done:Pass</FONT></FONT></b><br><br/>
[12:18:35] : <b><FONT SIZE="2">Selecting location</FONT></b><br><br/>
[12:19:40] : <b><FONT COLOR="GREEN"><FONT SIZE="2">Location is selected for item   :Fail</FONT></FONT></b><br><br/>
<b><font color='RED'>ERROR	:- expected [true] but found [false]</font></b><br/>
</div>
</td>
<td><div><pre>java.lang.AssertionError: expected [true] but found [false]
	at org.testng.Assert.fail(Assert.java:94)
	at org.testng.Assert.failNotEquals(Assert.java:513)
	at org.testng.Assert.assertTrue(Assert.java:42)
	at org.testng.Assert.assertTrue(Assert.java:52)
	at com.components.pages.LocationsPage.SelectLocation(LocationsPage.java:1301)
	at com.tests.WorkFlow.SI_WF21_CustomList_CustomLoc_Customcategory_FewItems_NU(WorkFlow.java:1641)
	at sun.reflect.NativeMethodAccessorImpl.invoke0(Native Method)
	at sun.reflect.NativeMethodAccessorImpl.invoke(NativeMethodAccessorImpl.java:57)
	at sun.reflect.DelegatingMethodAccessorImpl.invoke(DelegatingMethodAccessorImpl.java:43)
	at java.lang.reflect.Method.invoke(Method.java:606)
	at org.testng.internal.MethodInvocationHelper.invokeMethod(MethodInvocationHelper.java:86)
	at org.testng.internal.Invoker.invokeMethod(Invoker.java:645)
	at org.testng.internal.Invoker.invokeTestMethod(Invoker.java:822)
	at org.testng.internal.Invoker.invokeTestMethods(Invoker.java:1130)
	at org.testng.internal.TestMethodWorker.invokeTestMethods(TestMethodWorker.java:129)
	at org.testng.internal.TestMethodWorker.run(TestMethodWorker.java:112)
	at org.testng.TestRunner.privateRun(TestRunner.java:782)
	at org.testng.TestRunner.run(TestRunner.java:632)
	at org.testng.SuiteRunner.runTest(SuiteRunner.java:366)
	at org.testng.SuiteRunner.runSequentially(SuiteRunner.java:361)
	at org.testng.SuiteRunner.privateRun(SuiteRunner.java:319)
	at org.testng.SuiteRunner.run(SuiteRunner.java:268)
	at org.testng.SuiteRunnerWorker.runSuite(SuiteRunnerWorker.java:52)
	at org.testng.SuiteRunnerWorker.run(SuiteRunnerWorker.java:86)
	at org.testng.TestNG.runSuitesSequentially(TestNG.java:1244)
	at org.testng.TestNG.runSuitesLocally(TestNG.java:1169)
	at org.testng.TestNG.run(TestNG.java:1064)
	at org.testng.remote.RemoteTestNG.run(RemoteTestNG.java:113)
	at org.testng.remote.RemoteTestNG.initAndRun(RemoteTestNG.java:206)
	at org.testng.remote.RemoteTestNG.main(RemoteTestNG.java:177)
</pre></div><a href='#' onClick='toggleBox("stack-trace2062834323", this, "Click to show all stack frames", "Click to hide stack frames")'>Click to show all stack frames</a>
<div class='stack-trace' id='stack-trace2062834323'><pre>java.lang.AssertionError: expected [true] but found [false]
	at org.testng.Assert.fail(Assert.java:94)
	at org.testng.Assert.failNotEquals(Assert.java:513)
	at org.testng.Assert.assertTrue(Assert.java:42)
	at org.testng.Assert.assertTrue(Assert.java:52)
	at com.components.pages.LocationsPage.SelectLocation(LocationsPage.java:1301)
	at com.tests.WorkFlow.SI_WF21_CustomList_CustomLoc_Customcategory_FewItems_NU(WorkFlow.java:1641)
	at sun.reflect.NativeMethodAccessorImpl.invoke0(Native Method)
	at sun.reflect.NativeMethodAccessorImpl.invoke(NativeMethodAccessorImpl.java:57)
	at sun.reflect.DelegatingMethodAccessorImpl.invoke(DelegatingMethodAccessorImpl.java:43)
	at java.lang.reflect.Method.invoke(Method.java:606)
	at org.testng.internal.MethodInvocationHelper.invokeMethod(MethodInvocationHelper.java:86)
	at org.testng.internal.Invoker.invokeMethod(Invoker.java:645)
	at org.testng.internal.Invoker.invokeTestMethod(Invoker.java:822)
	at org.testng.internal.Invoker.invokeTestMethods(Invoker.java:1130)
	at org.testng.internal.TestMethodWorker.invokeTestMethods(TestMethodWorker.java:129)
	at org.testng.internal.TestMethodWorker.run(TestMethodWorker.java:112)
	at org.testng.TestRunner.privateRun(TestRunner.java:782)
	at org.testng.TestRunner.run(TestRunner.java:632)
	at org.testng.SuiteRunner.runTest(SuiteRunner.java:366)
	at org.testng.SuiteRunner.runSequentially(SuiteRunner.java:361)
	at org.testng.SuiteRunner.privateRun(SuiteRunner.java:319)
	at org.testng.SuiteRunner.run(SuiteRunner.java:268)
	at org.testng.SuiteRunnerWorker.runSuite(SuiteRunnerWorker.java:52)
	at org.testng.SuiteRunnerWorker.run(SuiteRunnerWorker.java:86)
	at org.testng.TestNG.runSuitesSequentially(TestNG.java:1244)
	at org.testng.TestNG.runSuitesLocally(TestNG.java:1169)
	at org.testng.TestNG.run(TestNG.java:1064)
	at org.testng.remote.RemoteTestNG.run(RemoteTestNG.java:113)
	at org.testng.remote.RemoteTestNG.initAndRun(RemoteTestNG.java:206)
	at org.testng.remote.RemoteTestNG.main(RemoteTestNG.java:177)
</pre></div></td>
<td>280</td>
<td>com.tests.WorkFlow@54fe71ff</td></tr>
<tr>
<td title='com.tests.WorkFlow.SI_WF24_CustomList_SkipLoc_Skipcategory_NU()'><b>SI_WF24_CustomList_SkipLoc_Skipcategory_NU</b><br>Test class: com.tests.WorkFlow<br>Test method: SI - WF 24-TC1-Custom List + Skip location+ Skip Category for Normal user<br/>
<a href="#Output-1340160707" onClick='toggleBox("Output-1340160707", this, "Show output", "Hide output");'>Show output</a>

<a href="#Output-1340160707" onClick="toggleAllBoxes();">Show all outputs</a>
<div class='log' id="Output-1340160707">
[12:20:03] : <b><FONT SIZE="2">Launched Sysco UOM</FONT></b><br><br/>
[12:20:03] : <b><FONT SIZE="2">Verify the Login Page</FONT></b><br><br/>
[12:20:05] : <b><FONT SIZE="2">Login page verification :Pass</FONT></b><br><br/>
[12:20:05] : <b><FONT SIZE="2">Save username verification :Pass</FONT></b><br><br/>
[12:20:05] : <b><FONT SIZE="2">Sign In</FONT></b><br><br/>
[12:20:33] : <b><FONT SIZE="2">Sign in :Pass</FONT></b><br><br/>
[12:20:33] : <b><FONT SIZE="2">Selecting 5 account from Accounts page</FONT></b><br><br/>
[12:20:34] : <b><FONT COLOR="GREEN"><FONT SIZE="2">Navigating to Setup inventory page :Pass</FONT></FONT></b><br><br/>
[12:20:34] : <b><FONT SIZE="2">Setup inventory page</FONT></b><br><br/>
[12:20:36] : <b><FONT COLOR="GREEN"><FONT SIZE="2">Tapped on skip :Pass</FONT></FONT></b><br><br/>
[12:20:36] : <b><FONT SIZE="2">Selecting custom list  </FONT></b><br><br/>
[12:20:37] : <b><FONT COLOR="GREEN"><FONT SIZE="2">Selected  custom list  from SetupInventoryImportItems:Pass</FONT></FONT></b><br><br/>
[12:20:37] : <b><FONT COLOR="GREEN"><FONT SIZE="2">Tapped on Continue :Pass</FONT></FONT></b><br><br/>
[12:20:37] : <b><FONT SIZE="2">Selecting list</FONT></b><br><br/>
[12:20:42] : <b><FONT COLOR="GREEN"><FONT SIZE="2">List is selected :Pass</FONT></FONT></b><br><br/>
[12:21:50] : <b><FONT COLOR="GREEN"><FONT SIZE="2">Tapped on DoThisLater :Fail</FONT></FONT></b><br><br/>
<b><font color='RED'>ERROR	:- expected [true] but found [false]</font></b><br/>
</div>
</td>
<td><div><pre>java.lang.AssertionError: expected [true] but found [false]
	at org.testng.Assert.fail(Assert.java:94)
	at org.testng.Assert.failNotEquals(Assert.java:513)
	at org.testng.Assert.assertTrue(Assert.java:42)
	at org.testng.Assert.assertTrue(Assert.java:52)
	at com.components.pages.SetupInventoryPage.TapOnDOThisLater(SetupInventoryPage.java:1179)
	at com.tests.WorkFlow.SI_WF24_CustomList_SkipLoc_Skipcategory_NU(WorkFlow.java:1895)
	at sun.reflect.NativeMethodAccessorImpl.invoke0(Native Method)
	at sun.reflect.NativeMethodAccessorImpl.invoke(NativeMethodAccessorImpl.java:57)
	at sun.reflect.DelegatingMethodAccessorImpl.invoke(DelegatingMethodAccessorImpl.java:43)
	at java.lang.reflect.Method.invoke(Method.java:606)
	at org.testng.internal.MethodInvocationHelper.invokeMethod(MethodInvocationHelper.java:86)
	at org.testng.internal.Invoker.invokeMethod(Invoker.java:645)
	at org.testng.internal.Invoker.invokeTestMethod(Invoker.java:822)
	at org.testng.internal.Invoker.invokeTestMethods(Invoker.java:1130)
	at org.testng.internal.TestMethodWorker.invokeTestMethods(TestMethodWorker.java:129)
	at org.testng.internal.TestMethodWorker.run(TestMethodWorker.java:112)
	at org.testng.TestRunner.privateRun(TestRunner.java:782)
	at org.testng.TestRunner.run(TestRunner.java:632)
	at org.testng.SuiteRunner.runTest(SuiteRunner.java:366)
	at org.testng.SuiteRunner.runSequentially(SuiteRunner.java:361)
	at org.testng.SuiteRunner.privateRun(SuiteRunner.java:319)
	at org.testng.SuiteRunner.run(SuiteRunner.java:268)
	at org.testng.SuiteRunnerWorker.runSuite(SuiteRunnerWorker.java:52)
	at org.testng.SuiteRunnerWorker.run(SuiteRunnerWorker.java:86)
	at org.testng.TestNG.runSuitesSequentially(TestNG.java:1244)
	at org.testng.TestNG.runSuitesLocally(TestNG.java:1169)
	at org.testng.TestNG.run(TestNG.java:1064)
	at org.testng.remote.RemoteTestNG.run(RemoteTestNG.java:113)
	at org.testng.remote.RemoteTestNG.initAndRun(RemoteTestNG.java:206)
	at org.testng.remote.RemoteTestNG.main(RemoteTestNG.java:177)
</pre></div><a href='#' onClick='toggleBox("stack-trace1340160707", this, "Click to show all stack frames", "Click to hide stack frames")'>Click to show all stack frames</a>
<div class='stack-trace' id='stack-trace1340160707'><pre>java.lang.AssertionError: expected [true] but found [false]
	at org.testng.Assert.fail(Assert.java:94)
	at org.testng.Assert.failNotEquals(Assert.java:513)
	at org.testng.Assert.assertTrue(Assert.java:42)
	at org.testng.Assert.assertTrue(Assert.java:52)
	at com.components.pages.SetupInventoryPage.TapOnDOThisLater(SetupInventoryPage.java:1179)
	at com.tests.WorkFlow.SI_WF24_CustomList_SkipLoc_Skipcategory_NU(WorkFlow.java:1895)
	at sun.reflect.NativeMethodAccessorImpl.invoke0(Native Method)
	at sun.reflect.NativeMethodAccessorImpl.invoke(NativeMethodAccessorImpl.java:57)
	at sun.reflect.DelegatingMethodAccessorImpl.invoke(DelegatingMethodAccessorImpl.java:43)
	at java.lang.reflect.Method.invoke(Method.java:606)
	at org.testng.internal.MethodInvocationHelper.invokeMethod(MethodInvocationHelper.java:86)
	at org.testng.internal.Invoker.invokeMethod(Invoker.java:645)
	at org.testng.internal.Invoker.invokeTestMethod(Invoker.java:822)
	at org.testng.internal.Invoker.invokeTestMethods(Invoker.java:1130)
	at org.testng.internal.TestMethodWorker.invokeTestMethods(TestMethodWorker.java:129)
	at org.testng.internal.TestMethodWorker.run(TestMethodWorker.java:112)
	at org.testng.TestRunner.privateRun(TestRunner.java:782)
	at org.testng.TestRunner.run(TestRunner.java:632)
	at org.testng.SuiteRunner.runTest(SuiteRunner.java:366)
	at org.testng.SuiteRunner.runSequentially(SuiteRunner.java:361)
	at org.testng.SuiteRunner.privateRun(SuiteRunner.java:319)
	at org.testng.SuiteRunner.run(SuiteRunner.java:268)
	at org.testng.SuiteRunnerWorker.runSuite(SuiteRunnerWorker.java:52)
	at org.testng.SuiteRunnerWorker.run(SuiteRunnerWorker.java:86)
	at org.testng.TestNG.runSuitesSequentially(TestNG.java:1244)
	at org.testng.TestNG.runSuitesLocally(TestNG.java:1169)
	at org.testng.TestNG.run(TestNG.java:1064)
	at org.testng.remote.RemoteTestNG.run(RemoteTestNG.java:113)
	at org.testng.remote.RemoteTestNG.initAndRun(RemoteTestNG.java:206)
	at org.testng.remote.RemoteTestNG.main(RemoteTestNG.java:177)
</pre></div></td>
<td>123</td>
<td>com.tests.WorkFlow@54fe71ff</td></tr>
</table><p>
</body>
</html>