<html>
<head>
<title>TestNG:  GRP-SI - WF 14</title>
<link href="../testng.css" rel="stylesheet" type="text/css" />
<link href="../my-testng.css" rel="stylesheet" type="text/css" />

<style type="text/css">
.log { display: none;} 
.stack-trace { display: none;} 
</style>
<script type="text/javascript">
<!--
function flip(e) {
  current = e.style.display;
  if (current == 'block') {
    e.style.display = 'none';
    return 0;
  }
  else {
    e.style.display = 'block';
    return 1;
  }
}

function toggleBox(szDivId, elem, msg1, msg2)
{
  var res = -1;  if (document.getElementById) {
    res = flip(document.getElementById(szDivId));
  }
  else if (document.all) {
    // this is the way old msie versions work
    res = flip(document.all[szDivId]);
  }
  if(elem) {
    if(res == 0) elem.innerHTML = msg1; else elem.innerHTML = msg2;
  }

}

function toggleAllBoxes() {
  if (document.getElementsByTagName) {
    d = document.getElementsByTagName('div');
    for (i = 0; i < d.length; i++) {
      if (d[i].className == 'log') {
        flip(d[i]);
      }
    }
  }
}

// -->
</script>

</head>
<body>
<h2 align='center'>GRP-SI - WF 14</h2><table border='1' align="center">
<tr>
<td>Tests passed/Failed/Skipped:</td><td>0/1/0</td>
</tr><tr>
<td>Started on:</td><td>Thu Jun 02 11:14:03 IST 2016</td>
</tr>
<tr><td>Total time:</td><td>220 seconds (220560 ms)</td>
</tr><tr>
<td>Included groups:</td><td>SI - WF 14 </td>
</tr><tr>
<td>Excluded groups:</td><td></td>
</tr>
</table><p/>
<small><i>(Hover the method name to see the test class name)</i></small><p/>
<table width='100%' border='1' class='invocation-failed'>
<tr><td colspan='4' align='center'><b>FAILED TESTS</b></td></tr>
<tr><td><b>Test method</b></td>
<td width="30%"><b>Exception</b></td>
<td width="10%"><b>Time (seconds)</b></td>
<td><b>Instance</b></td>
</tr>
<tr>
<td title='com.tests.WorkFlow.SI_WF14_StartFromScratch_MultipleList_DefaultLocation_CustomCategory_NU()'><b>SI_WF14_StartFromScratch_MultipleList_DefaultLocation_CustomCategory_NU</b><br>Test class: com.tests.WorkFlow<br>Test method: SI - WF 14-TC1-Start from scratch+ Multiple lists +Default location + Custom category<br/>
<a href="#Output-1979348374" onClick='toggleBox("Output-1979348374", this, "Show output", "Hide output");'>Show output</a>

<a href="#Output-1979348374" onClick="toggleAllBoxes();">Show all outputs</a>
<div class='log' id="Output-1979348374">
[11:14:43] : <b><FONT SIZE="2">Launched Sysco UOM</FONT></b><br><br/>
[11:14:43] : <b><FONT SIZE="2">Verify the Login Page</FONT></b><br><br/>
[11:14:48] : <b><FONT SIZE="2">Login page verification :Pass</FONT></b><br><br/>
[11:14:51] : <b><FONT SIZE="2">Login page verification :Pass</FONT></b><br><br/>
[11:14:51] : <b><FONT SIZE="2">Sign In</FONT></b><br><br/>
[11:15:10] : <b><FONT SIZE="2">Sign in :Pass</FONT></b><br><br/>
[11:15:10] : <b><FONT SIZE="2">Selecting 3 account from Accounts page</FONT></b><br><br/>
[11:15:25] : <b><FONT COLOR="GREEN"><FONT SIZE="2">Navigating to Setup inventory page :Pass</FONT></FONT></b><br><br/>
[11:15:25] : <b><FONT SIZE="2">Setup inventory page</FONT></b><br><br/>
[11:15:29] : <b><FONT COLOR="GREEN"><FONT SIZE="2">Tapped on skip :Pass</FONT></FONT></b><br><br/>
[11:15:31] : <b><FONT COLOR="GREEN"><FONT SIZE="2">Tapped on Start from Scratch :Pass</FONT></FONT></b><br><br/>
[11:15:33] : <b><FONT COLOR="GREEN"><FONT SIZE="2">Tapped on Continue :Pass</FONT></FONT></b><br><br/>
[11:15:33] : <b><FONT SIZE="2">Clicking on add items</FONT></b><br><br/>
[11:15:35] : <b><FONT COLOR="GREEN"><FONT SIZE="2">Tapping on add items button from setup inventory page :Pass</FONT></FONT></b><br><br/>
[11:15:35] : <b><FONT SIZE="2">Clicking on Nonsysco item</FONT></b><br><br/>
[11:15:38] : <b><FONT COLOR="GREEN"><FONT SIZE="2">Nonsysco item selected from add item from page :Pass</FONT></FONT></b><br><br/>
[11:15:38] : <b><FONT SIZE="2">Entering details of Nonsysco item</FONT></b><br><br/>
[11:15:38] : <b><FONT SIZE="2">Entering Product name</FONT></b><br><br/>
[11:15:39] : <b><FONT SIZE="2">Entering Product id</FONT></b><br><br/>
[11:15:39] : <b><FONT SIZE="2">Entering Pack</FONT></b><br><br/>
[11:15:40] : <b><FONT SIZE="2">Entering size</FONT></b><br><br/>
[11:15:40] : <b><FONT SIZE="2">Entering weight</FONT></b><br><br/>
[11:15:40] : <b><FONT SIZE="2">Entering Product brand</FONT></b><br><br/>
[11:15:43] : <b><FONT COLOR="GREEN"><FONT SIZE="2">Item details are entered :Pass</FONT></FONT></b><br><br/>
[11:15:48] : <b><FONT SIZE="2">Selected supplier : Pass</FONT></b><br><br/>
[11:15:49] : <b><FONT SIZE="2">Add vendor tap</FONT></b><br><br/>
[11:15:50] : <b><FONT SIZE="2">Click on ADD Vendor Button</FONT></b><br><br/>
[11:15:52] : <b><FONT SIZE="2">In Add Vendor Page</FONT></b><br><br/>
[11:15:52] : <b><FONT COLOR="GREEN"><FONT SIZE="2">Add vendor button click :Pass</FONT></FONT></b><br><br/>
[11:15:52] : <b><FONT SIZE="2">Adding vendor details</FONT></b><br><br/>
[11:15:52] : <b><FONT SIZE="2">Enter vendorname</FONT></b><br><br/>
[11:15:52] : <b><FONT SIZE="2">Enter vendornumber</FONT></b><br><br/>
[11:15:53] : <b><FONT SIZE="2">Enter vendor address</FONT></b><br><br/>
[11:15:53] : <b><FONT SIZE="2">Enter vendor contact info</FONT></b><br><br/>
[11:15:54] : <b><FONT SIZE="2">Enter vendor email</FONT></b><br><br/>
[11:15:54] : <b><FONT SIZE="2">Enter vendor note</FONT></b><br><br/>
[11:16:02] : <b><FONT COLOR="GREEN"><FONT SIZE="2">Vendor details entered  :Pass</FONT></FONT></b><br><br/>
[11:16:11] : <b><FONT COLOR="GREEN"><FONT SIZE="2">Tapped on done:Pass</FONT></FONT></b><br><br/>
[11:16:17] : <b><FONT COLOR="GREEN"><FONT SIZE="2">tap on back :Pass</FONT></FONT></b><br><br/>
[11:16:17] : <b><FONT SIZE="2">Selecting vendor</FONT></b><br><br/>
[11:16:21] : <b><FONT COLOR="GREEN"><FONT SIZE="2">Vendor is selected for item :Pass</FONT></FONT></b><br><br/>
[11:16:31] : <b><FONT COLOR="GREEN"><FONT SIZE="2">Tapped on done:Pass</FONT></FONT></b><br><br/>
[11:17:39] : <b><FONT COLOR="GREEN"><FONT SIZE="2">Tapped on add items link :Fail</FONT></FONT></b><br><br/>
<b><font color='RED'>ERROR	:- expected [true] but found [false]</font></b><br/>
</div>
</td>
<td><div><pre>java.lang.AssertionError: expected [true] but found [false]
	at org.testng.Assert.fail(Assert.java:94)
	at org.testng.Assert.failNotEquals(Assert.java:513)
	at org.testng.Assert.assertTrue(Assert.java:42)
	at org.testng.Assert.assertTrue(Assert.java:52)
	at com.components.pages.SetupInventoryPage.Setup_AddItemsLink(SetupInventoryPage.java:228)
	at com.tests.WorkFlow.SI_WF14_StartFromScratch_MultipleList_DefaultLocation_CustomCategory_NU(WorkFlow.java:2331)
	at sun.reflect.NativeMethodAccessorImpl.invoke0(Native Method)
	at sun.reflect.NativeMethodAccessorImpl.invoke(NativeMethodAccessorImpl.java:57)
	at sun.reflect.DelegatingMethodAccessorImpl.invoke(DelegatingMethodAccessorImpl.java:43)
	at java.lang.reflect.Method.invoke(Method.java:606)
	at org.testng.internal.MethodInvocationHelper.invokeMethod(MethodInvocationHelper.java:86)
	at org.testng.internal.Invoker.invokeMethod(Invoker.java:645)
	at org.testng.internal.Invoker.invokeTestMethod(Invoker.java:822)
	at org.testng.internal.Invoker.invokeTestMethods(Invoker.java:1130)
	at org.testng.internal.TestMethodWorker.invokeTestMethods(TestMethodWorker.java:129)
	at org.testng.internal.TestMethodWorker.run(TestMethodWorker.java:112)
	at org.testng.TestRunner.privateRun(TestRunner.java:782)
	at org.testng.TestRunner.run(TestRunner.java:632)
	at org.testng.SuiteRunner.runTest(SuiteRunner.java:366)
	at org.testng.SuiteRunner.runSequentially(SuiteRunner.java:361)
	at org.testng.SuiteRunner.privateRun(SuiteRunner.java:319)
	at org.testng.SuiteRunner.run(SuiteRunner.java:268)
	at org.testng.SuiteRunnerWorker.runSuite(SuiteRunnerWorker.java:52)
	at org.testng.SuiteRunnerWorker.run(SuiteRunnerWorker.java:86)
	at org.testng.TestNG.runSuitesSequentially(TestNG.java:1244)
	at org.testng.TestNG.runSuitesLocally(TestNG.java:1169)
	at org.testng.TestNG.run(TestNG.java:1064)
	at org.testng.remote.RemoteTestNG.run(RemoteTestNG.java:113)
	at org.testng.remote.RemoteTestNG.initAndRun(RemoteTestNG.java:206)
	at org.testng.remote.RemoteTestNG.main(RemoteTestNG.java:177)
</pre></div><a href='#' onClick='toggleBox("stack-trace1979348374", this, "Click to show all stack frames", "Click to hide stack frames")'>Click to show all stack frames</a>
<div class='stack-trace' id='stack-trace1979348374'><pre>java.lang.AssertionError: expected [true] but found [false]
	at org.testng.Assert.fail(Assert.java:94)
	at org.testng.Assert.failNotEquals(Assert.java:513)
	at org.testng.Assert.assertTrue(Assert.java:42)
	at org.testng.Assert.assertTrue(Assert.java:52)
	at com.components.pages.SetupInventoryPage.Setup_AddItemsLink(SetupInventoryPage.java:228)
	at com.tests.WorkFlow.SI_WF14_StartFromScratch_MultipleList_DefaultLocation_CustomCategory_NU(WorkFlow.java:2331)
	at sun.reflect.NativeMethodAccessorImpl.invoke0(Native Method)
	at sun.reflect.NativeMethodAccessorImpl.invoke(NativeMethodAccessorImpl.java:57)
	at sun.reflect.DelegatingMethodAccessorImpl.invoke(DelegatingMethodAccessorImpl.java:43)
	at java.lang.reflect.Method.invoke(Method.java:606)
	at org.testng.internal.MethodInvocationHelper.invokeMethod(MethodInvocationHelper.java:86)
	at org.testng.internal.Invoker.invokeMethod(Invoker.java:645)
	at org.testng.internal.Invoker.invokeTestMethod(Invoker.java:822)
	at org.testng.internal.Invoker.invokeTestMethods(Invoker.java:1130)
	at org.testng.internal.TestMethodWorker.invokeTestMethods(TestMethodWorker.java:129)
	at org.testng.internal.TestMethodWorker.run(TestMethodWorker.java:112)
	at org.testng.TestRunner.privateRun(TestRunner.java:782)
	at org.testng.TestRunner.run(TestRunner.java:632)
	at org.testng.SuiteRunner.runTest(SuiteRunner.java:366)
	at org.testng.SuiteRunner.runSequentially(SuiteRunner.java:361)
	at org.testng.SuiteRunner.privateRun(SuiteRunner.java:319)
	at org.testng.SuiteRunner.run(SuiteRunner.java:268)
	at org.testng.SuiteRunnerWorker.runSuite(SuiteRunnerWorker.java:52)
	at org.testng.SuiteRunnerWorker.run(SuiteRunnerWorker.java:86)
	at org.testng.TestNG.runSuitesSequentially(TestNG.java:1244)
	at org.testng.TestNG.runSuitesLocally(TestNG.java:1169)
	at org.testng.TestNG.run(TestNG.java:1064)
	at org.testng.remote.RemoteTestNG.run(RemoteTestNG.java:113)
	at org.testng.remote.RemoteTestNG.initAndRun(RemoteTestNG.java:206)
	at org.testng.remote.RemoteTestNG.main(RemoteTestNG.java:177)
</pre></div></td>
<td>214</td>
<td>com.tests.WorkFlow@53330681</td></tr>
</table><p>
</body>
</html>