<html>
<head>
<title>TestNG:  GRP-TI-WF1-WF2,MIL - WF 3,MIL - WF 2,MIL-WF1-WF4</title>
<link href="../testng.css" rel="stylesheet" type="text/css" />
<link href="../my-testng.css" rel="stylesheet" type="text/css" />

<style type="text/css">
.log { display: none;} 
.stack-trace { display: none;} 
</style>
<script type="text/javascript">
<!--
function flip(e) {
  current = e.style.display;
  if (current == 'block') {
    e.style.display = 'none';
    return 0;
  }
  else {
    e.style.display = 'block';
    return 1;
  }
}

function toggleBox(szDivId, elem, msg1, msg2)
{
  var res = -1;  if (document.getElementById) {
    res = flip(document.getElementById(szDivId));
  }
  else if (document.all) {
    // this is the way old msie versions work
    res = flip(document.all[szDivId]);
  }
  if(elem) {
    if(res == 0) elem.innerHTML = msg1; else elem.innerHTML = msg2;
  }

}

function toggleAllBoxes() {
  if (document.getElementsByTagName) {
    d = document.getElementsByTagName('div');
    for (i = 0; i < d.length; i++) {
      if (d[i].className == 'log') {
        flip(d[i]);
      }
    }
  }
}

// -->
</script>

</head>
<body>
<h2 align='center'>GRP-TI-WF1-WF2,MIL - WF 3,MIL - WF 2,MIL-WF1-WF4</h2><table border='1' align="center">
<tr>
<td>Tests passed/Failed/Skipped:</td><td>0/4/0</td>
</tr><tr>
<td>Started on:</td><td>Thu Jul 14 15:20:19 IST 2016</td>
</tr>
<tr><td>Total time:</td><td>636 seconds (636821 ms)</td>
</tr><tr>
<td>Included groups:</td><td>MIL - WF 3 MIL - WF 2 TI-WF1-WF2 MIL-WF1-WF4 </td>
</tr><tr>
<td>Excluded groups:</td><td></td>
</tr>
</table><p/>
<small><i>(Hover the method name to see the test class name)</i></small><p/>
<table width='100%' border='1' class='invocation-failed'>
<tr><td colspan='4' align='center'><b>FAILED TESTS</b></td></tr>
<tr><td><b>Test method</b></td>
<td width="30%"><b>Exception</b></td>
<td width="10%"><b>Time (seconds)</b></td>
<td><b>Instance</b></td>
</tr>
<tr>
<td title='com.tests.WorkFlow.MIL_WF1_WF4_Location_AddItems()'><b>MIL_WF1_WF4_Location_AddItems</b><br>Test class: com.tests.WorkFlow<br>Test method: MIL - WF 1,WF 4-Creating Location in trackinventory and add items from multiple lists to location<br/>
<a href="#Output-757155612" onClick='toggleBox("Output-757155612", this, "Show output", "Hide output");'>Show output</a>

<a href="#Output-757155612" onClick="toggleAllBoxes();">Show all outputs</a>
<div class='log' id="Output-757155612">
[15:20:34] : <b><FONT SIZE="2">Launched Sysco UOM</FONT></b><br><br/>
[15:20:39] : <b><FONT SIZE="2">Login page verification :Pass</FONT></b><br><br/>
[15:20:39] : <b><FONT SIZE="2">Sign In</FONT></b><br><br/>
[15:21:00] : <b><FONT SIZE="2">Sign in :Pass</FONT></b><br><br/>
[15:21:01] : <b><FONT COLOR="GREEN"><FONT SIZE="2">Navigating to Setup inventory page :Pass</FONT></FONT></b><br><br/>
[15:21:03] : <b><FONT COLOR="GREEN"><FONT SIZE="2">Tapped on skip :Pass</FONT></FONT></b><br><br/>
[15:21:03] : <b><FONT COLOR="GREEN"><FONT SIZE="2">Selected  orderguide  from SetupInventoryImportItems:Pass</FONT></FONT></b><br><br/>
[15:21:03] : <b><FONT COLOR="GREEN"><FONT SIZE="2">Tapped on Continue :Pass</FONT></FONT></b><br><br/>
[15:21:03] : <b><FONT COLOR="GREEN"><FONT SIZE="2">default location clicked :Pass</FONT></FONT></b><br><br/>
[15:21:04] : <b><FONT COLOR="GREEN"><FONT SIZE="2">Tapped on Continue :Pass</FONT></FONT></b><br><br/>
[15:21:12] : <b><FONT COLOR="GREEN"><FONT SIZE="2">Tapped on DoThisLater :Pass</FONT></FONT></b><br><br/>
[15:21:18] : <b><FONT COLOR="GREEN"><FONT SIZE="2">Tapped on TakeHome :Pass</FONT></FONT></b><br><br/>
[15:21:25] : <b><FONT COLOR="GREEN"><FONT SIZE="2">Tapped  TrackInventory from inventory tools page:Pass</FONT></FONT></b><br><br/>
[15:21:25] : <b><FONT COLOR="GREEN"><FONT SIZE="2">Navigating to Add Locations page :Pass</FONT></FONT></b><br><br/>
[15:21:26] : <b><FONT COLOR="GREEN"><FONT SIZE="2">added location name :Pass</FONT></FONT></b><br><br/>
[15:21:32] : <b><FONT COLOR="GREEN"><FONT SIZE="2">Selected cooler :Pass</FONT></FONT></b><br><br/>
[15:21:41] : <b><FONT COLOR="GREEN"><FONT SIZE="2">Tapped on done:Pass</FONT></FONT></b><br><br/>
[15:21:43] : <b><FONT COLOR="GREEN"><FONT SIZE="2">tap on back :Pass</FONT></FONT></b><br><br/>
[15:21:43] : <b><FONT SIZE="2">Checking addeded Location in location list</FONT></b><br><br/>
[15:21:45] : <b><FONT COLOR="GREEN"><FONT SIZE="2">Location is added :Pass</FONT></FONT></b><br><br/>
[15:21:45] : <b><FONT SIZE="2">Selecting location</FONT></b><br><br/>
[15:21:47] : <b><FONT COLOR="GREEN"><FONT SIZE="2">Location is selected for item :Pass</FONT></FONT></b><br><br/>
[15:21:47] : <b><FONT COLOR="GREEN"><FONT SIZE="2">Navigating to Add Locations page :Pass</FONT></FONT></b><br><br/>
[15:21:47] : <b><FONT COLOR="GREEN"><FONT SIZE="2">Nonsysco item selected from add item from page :Pass</FONT></FONT></b><br><br/>
[15:21:47] : <b><FONT SIZE="2">Entering details of Nonsysco item</FONT></b><br><br/>
[15:21:47] : <b><FONT SIZE="2">Entering Product name</FONT></b><br><br/>
[15:21:48] : <b><FONT SIZE="2">Entering Product id</FONT></b><br><br/>
[15:21:48] : <b><FONT SIZE="2">Entering Pack</FONT></b><br><br/>
[15:21:49] : <b><FONT SIZE="2">Entering size</FONT></b><br><br/>
[15:21:49] : <b><FONT SIZE="2">Entering weight</FONT></b><br><br/>
[15:21:49] : <b><FONT SIZE="2">Entering Price</FONT></b><br><br/>
[15:21:50] : <b><FONT SIZE="2">Entering Product brand</FONT></b><br><br/>
[15:21:52] : <b><FONT COLOR="GREEN"><FONT SIZE="2">Item details are entered :Pass</FONT></FONT></b><br><br/>
[15:21:52] : <b><FONT SIZE="2">Selected supplier : Pass</FONT></b><br><br/>
[15:21:52] : <b><FONT SIZE="2">Click on ADD Vendor Button</FONT></b><br><br/>
[15:21:52] : <b><FONT COLOR="GREEN"><FONT SIZE="2">Add vendor button click :Pass</FONT></FONT></b><br><br/>
[15:21:52] : <b><FONT SIZE="2">Adding vendor details</FONT></b><br><br/>
[15:22:01] : <b><FONT COLOR="GREEN"><FONT SIZE="2">Vendor details entered  :Pass</FONT></FONT></b><br><br/>
[15:22:10] : <b><FONT COLOR="GREEN"><FONT SIZE="2">Tapped on done:Pass</FONT></FONT></b><br><br/>
[15:22:13] : <b><FONT COLOR="GREEN"><FONT SIZE="2">tap on back :Pass</FONT></FONT></b><br><br/>
[15:22:14] : <b><FONT COLOR="GREEN"><FONT SIZE="2">Vendor is selected for item :Pass</FONT></FONT></b><br><br/>
[15:22:23] : <b><FONT COLOR="GREEN"><FONT SIZE="2">Tapped on done:Pass</FONT></FONT></b><br><br/>
[15:22:32] : <b><FONT COLOR="GREEN"><FONT SIZE="2">Navigating to Add Locations page :Pass</FONT></FONT></b><br><br/>
[15:22:32] : <b><FONT COLOR="GREEN"><FONT SIZE="2">Prep item selected from add item from page :Pass</FONT></FONT></b><br><br/>
[15:22:32] : <b><FONT SIZE="2">Entering details of Nonsysco item</FONT></b><br><br/>
[15:22:32] : <b><FONT SIZE="2">Entering Product name</FONT></b><br><br/>
[15:22:32] : <b><FONT SIZE="2">Entering Product id</FONT></b><br><br/>
[15:22:33] : <b><FONT SIZE="2">Entering Pack</FONT></b><br><br/>
[15:22:33] : <b><FONT SIZE="2">Entering size</FONT></b><br><br/>
[15:22:34] : <b><FONT SIZE="2">Entering weight</FONT></b><br><br/>
[15:22:36] : <b><FONT COLOR="GREEN"><FONT SIZE="2">Item details are entered :Pass</FONT></FONT></b><br><br/>
[15:22:45] : <b><FONT COLOR="GREEN"><FONT SIZE="2">Tapped on done:Pass</FONT></FONT></b><br><br/>
[15:22:55] : <b><FONT COLOR="GREEN"><FONT SIZE="2">Navigating to Add Locations page :Pass</FONT></FONT></b><br><br/>
[15:22:58] : <b><FONT COLOR="GREEN"><FONT SIZE="2">Search item :Pass</FONT></FONT></b><br><br/>
[15:22:58] : <b><FONT COLOR="GREEN"><FONT SIZE="2">First item selected from pdt catalog  :Pass</FONT></FONT></b><br><br/>
[15:23:07] : <b><FONT COLOR="GREEN"><FONT SIZE="2">Tapped on done:Pass</FONT></FONT></b><br><br/>
[15:23:17] : <b><FONT COLOR="GREEN"><FONT SIZE="2">Item Found in Setup Inventory:Pass</FONT></FONT></b><br><br/>
[15:23:25] : <b><FONT COLOR="GREEN"><FONT SIZE="2">Tapped on done:Pass</FONT></FONT></b><br><br/>
[15:23:25] : <b><FONT SIZE="2">Selecting location</FONT></b><br><br/>
[15:23:36] : <b><FONT COLOR="GREEN"><FONT SIZE="2">Location is selected for item :Pass</FONT></FONT></b><br><br/>
[15:23:36] : <b><FONT SIZE="2">Selecting an item from location </FONT></b><br><br/>
[15:23:38] : <b><FONT COLOR="GREEN"><FONT SIZE="2">Selecting an item from location :Fail</FONT></FONT></b><br><br/>
<b><font color='RED'>ERROR	:- expected [true] but found [false]</font></b><br/>
</div>
</td>
<td><div><pre>java.lang.AssertionError: expected [true] but found [false]
	at org.testng.Assert.fail(Assert.java:94)
	at org.testng.Assert.failNotEquals(Assert.java:513)
	at org.testng.Assert.assertTrue(Assert.java:42)
	at org.testng.Assert.assertTrue(Assert.java:52)
	at com.components.pages.LocationsPage.SyscoProductSelect(LocationsPage.java:2302)
	at com.tests.WorkFlow.MIL_WF1_WF4_Location_AddItems(WorkFlow.java:3089)
	at sun.reflect.NativeMethodAccessorImpl.invoke0(Native Method)
	at sun.reflect.NativeMethodAccessorImpl.invoke(NativeMethodAccessorImpl.java:57)
	at sun.reflect.DelegatingMethodAccessorImpl.invoke(DelegatingMethodAccessorImpl.java:43)
	at java.lang.reflect.Method.invoke(Method.java:606)
	at org.testng.internal.MethodInvocationHelper.invokeMethod(MethodInvocationHelper.java:86)
	at org.testng.internal.Invoker.invokeMethod(Invoker.java:645)
	at org.testng.internal.Invoker.invokeTestMethod(Invoker.java:822)
	at org.testng.internal.Invoker.invokeTestMethods(Invoker.java:1130)
	at org.testng.internal.TestMethodWorker.invokeTestMethods(TestMethodWorker.java:129)
	at org.testng.internal.TestMethodWorker.run(TestMethodWorker.java:112)
	at org.testng.TestRunner.privateRun(TestRunner.java:782)
	at org.testng.TestRunner.run(TestRunner.java:632)
	at org.testng.SuiteRunner.runTest(SuiteRunner.java:366)
	at org.testng.SuiteRunner.runSequentially(SuiteRunner.java:361)
	at org.testng.SuiteRunner.privateRun(SuiteRunner.java:319)
	at org.testng.SuiteRunner.run(SuiteRunner.java:268)
	at org.testng.SuiteRunnerWorker.runSuite(SuiteRunnerWorker.java:52)
	at org.testng.SuiteRunnerWorker.run(SuiteRunnerWorker.java:86)
	at org.testng.TestNG.runSuitesSequentially(TestNG.java:1244)
	at org.testng.TestNG.runSuitesLocally(TestNG.java:1169)
	at org.testng.TestNG.run(TestNG.java:1064)
	at org.testng.remote.RemoteTestNG.run(RemoteTestNG.java:113)
	at org.testng.remote.RemoteTestNG.initAndRun(RemoteTestNG.java:206)
	at org.testng.remote.RemoteTestNG.main(RemoteTestNG.java:177)
</pre></div><a href='#' onClick='toggleBox("stack-trace757155612", this, "Click to show all stack frames", "Click to hide stack frames")'>Click to show all stack frames</a>
<div class='stack-trace' id='stack-trace757155612'><pre>java.lang.AssertionError: expected [true] but found [false]
	at org.testng.Assert.fail(Assert.java:94)
	at org.testng.Assert.failNotEquals(Assert.java:513)
	at org.testng.Assert.assertTrue(Assert.java:42)
	at org.testng.Assert.assertTrue(Assert.java:52)
	at com.components.pages.LocationsPage.SyscoProductSelect(LocationsPage.java:2302)
	at com.tests.WorkFlow.MIL_WF1_WF4_Location_AddItems(WorkFlow.java:3089)
	at sun.reflect.NativeMethodAccessorImpl.invoke0(Native Method)
	at sun.reflect.NativeMethodAccessorImpl.invoke(NativeMethodAccessorImpl.java:57)
	at sun.reflect.DelegatingMethodAccessorImpl.invoke(DelegatingMethodAccessorImpl.java:43)
	at java.lang.reflect.Method.invoke(Method.java:606)
	at org.testng.internal.MethodInvocationHelper.invokeMethod(MethodInvocationHelper.java:86)
	at org.testng.internal.Invoker.invokeMethod(Invoker.java:645)
	at org.testng.internal.Invoker.invokeTestMethod(Invoker.java:822)
	at org.testng.internal.Invoker.invokeTestMethods(Invoker.java:1130)
	at org.testng.internal.TestMethodWorker.invokeTestMethods(TestMethodWorker.java:129)
	at org.testng.internal.TestMethodWorker.run(TestMethodWorker.java:112)
	at org.testng.TestRunner.privateRun(TestRunner.java:782)
	at org.testng.TestRunner.run(TestRunner.java:632)
	at org.testng.SuiteRunner.runTest(SuiteRunner.java:366)
	at org.testng.SuiteRunner.runSequentially(SuiteRunner.java:361)
	at org.testng.SuiteRunner.privateRun(SuiteRunner.java:319)
	at org.testng.SuiteRunner.run(SuiteRunner.java:268)
	at org.testng.SuiteRunnerWorker.runSuite(SuiteRunnerWorker.java:52)
	at org.testng.SuiteRunnerWorker.run(SuiteRunnerWorker.java:86)
	at org.testng.TestNG.runSuitesSequentially(TestNG.java:1244)
	at org.testng.TestNG.runSuitesLocally(TestNG.java:1169)
	at org.testng.TestNG.run(TestNG.java:1064)
	at org.testng.remote.RemoteTestNG.run(RemoteTestNG.java:113)
	at org.testng.remote.RemoteTestNG.initAndRun(RemoteTestNG.java:206)
	at org.testng.remote.RemoteTestNG.main(RemoteTestNG.java:177)
</pre></div></td>
<td>199</td>
<td>com.tests.WorkFlow@2d6c73b1</td></tr>
<tr>
<td title='com.tests.WorkFlow.MIL_WF2_Location_AddItems__MultipleLocation()'><b>MIL_WF2_Location_AddItems__MultipleLocation</b><br>Test class: com.tests.WorkFlow<br>Test method: MIL - WF 2-Selecing a location, adding same items to multiple location<br/>
<a href="#Output-1837832024" onClick='toggleBox("Output-1837832024", this, "Show output", "Hide output");'>Show output</a>

<a href="#Output-1837832024" onClick="toggleAllBoxes();">Show all outputs</a>
<div class='log' id="Output-1837832024">
[15:24:01] : <b><FONT SIZE="2">Launched Sysco UOM</FONT></b><br><br/>
[15:24:06] : <b><FONT SIZE="2">Login page verification :Pass</FONT></b><br><br/>
[15:24:06] : <b><FONT SIZE="2">Sign In</FONT></b><br><br/>
[15:24:27] : <b><FONT SIZE="2">Sign in :Pass</FONT></b><br><br/>
[15:24:28] : <b><FONT COLOR="GREEN"><FONT SIZE="2">Navigating to Setup inventory page :Pass</FONT></FONT></b><br><br/>
[15:24:30] : <b><FONT COLOR="GREEN"><FONT SIZE="2">Tapped on skip :Pass</FONT></FONT></b><br><br/>
[15:24:30] : <b><FONT COLOR="GREEN"><FONT SIZE="2">Selected  orderguide  from SetupInventoryImportItems:Pass</FONT></FONT></b><br><br/>
[15:24:30] : <b><FONT COLOR="GREEN"><FONT SIZE="2">Tapped on Continue :Pass</FONT></FONT></b><br><br/>
[15:24:30] : <b><FONT COLOR="GREEN"><FONT SIZE="2">default location clicked :Pass</FONT></FONT></b><br><br/>
[15:24:30] : <b><FONT COLOR="GREEN"><FONT SIZE="2">Tapped on Continue :Pass</FONT></FONT></b><br><br/>
[15:24:40] : <b><FONT COLOR="GREEN"><FONT SIZE="2">Tapped on DoThisLater :Pass</FONT></FONT></b><br><br/>
[15:24:46] : <b><FONT COLOR="GREEN"><FONT SIZE="2">Tapped on TakeHome :Pass</FONT></FONT></b><br><br/>
[15:24:52] : <b><FONT COLOR="GREEN"><FONT SIZE="2">Tapped  TrackInventory from inventory tools page:Pass</FONT></FONT></b><br><br/>
[15:24:53] : <b><FONT COLOR="GREEN"><FONT SIZE="2">Navigating to Add Locations page :Pass</FONT></FONT></b><br><br/>
[15:24:53] : <b><FONT COLOR="GREEN"><FONT SIZE="2">added location name :Pass</FONT></FONT></b><br><br/>
[15:24:59] : <b><FONT COLOR="GREEN"><FONT SIZE="2">Selected cooler :Pass</FONT></FONT></b><br><br/>
[15:25:08] : <b><FONT COLOR="GREEN"><FONT SIZE="2">Tapped on done:Pass</FONT></FONT></b><br><br/>
[15:25:11] : <b><FONT COLOR="GREEN"><FONT SIZE="2">tap on back :Pass</FONT></FONT></b><br><br/>
[15:25:11] : <b><FONT SIZE="2">Checking addeded Location in location list</FONT></b><br><br/>
[15:25:14] : <b><FONT COLOR="GREEN"><FONT SIZE="2">Location is added :Pass</FONT></FONT></b><br><br/>
[15:25:14] : <b><FONT SIZE="2">Selecting location</FONT></b><br><br/>
[15:25:16] : <b><FONT COLOR="GREEN"><FONT SIZE="2">Location is selected for item :Pass</FONT></FONT></b><br><br/>
[15:25:16] : <b><FONT COLOR="GREEN"><FONT SIZE="2">Navigating to Add Locations page :Pass</FONT></FONT></b><br><br/>
[15:25:17] : <b><FONT COLOR="GREEN"><FONT SIZE="2">Nonsysco item selected from add item from page :Pass</FONT></FONT></b><br><br/>
[15:25:17] : <b><FONT SIZE="2">Entering details of Nonsysco item</FONT></b><br><br/>
[15:25:17] : <b><FONT SIZE="2">Entering Product name</FONT></b><br><br/>
[15:25:17] : <b><FONT SIZE="2">Entering Product id</FONT></b><br><br/>
[15:25:18] : <b><FONT SIZE="2">Entering Pack</FONT></b><br><br/>
[15:25:18] : <b><FONT SIZE="2">Entering size</FONT></b><br><br/>
[15:25:18] : <b><FONT SIZE="2">Entering weight</FONT></b><br><br/>
[15:25:19] : <b><FONT SIZE="2">Entering Price</FONT></b><br><br/>
[15:25:19] : <b><FONT SIZE="2">Entering Product brand</FONT></b><br><br/>
[15:25:21] : <b><FONT COLOR="GREEN"><FONT SIZE="2">Item details are entered :Pass</FONT></FONT></b><br><br/>
[15:25:22] : <b><FONT SIZE="2">Selected supplier : Pass</FONT></b><br><br/>
[15:25:22] : <b><FONT SIZE="2">Click on ADD Vendor Button</FONT></b><br><br/>
[15:25:22] : <b><FONT COLOR="GREEN"><FONT SIZE="2">Add vendor button click :Pass</FONT></FONT></b><br><br/>
[15:25:22] : <b><FONT SIZE="2">Adding vendor details</FONT></b><br><br/>
[15:25:31] : <b><FONT COLOR="GREEN"><FONT SIZE="2">Vendor details entered  :Pass</FONT></FONT></b><br><br/>
[15:25:41] : <b><FONT COLOR="GREEN"><FONT SIZE="2">Tapped on done:Pass</FONT></FONT></b><br><br/>
[15:25:43] : <b><FONT COLOR="GREEN"><FONT SIZE="2">tap on back :Pass</FONT></FONT></b><br><br/>
[15:25:44] : <b><FONT COLOR="GREEN"><FONT SIZE="2">Vendor is selected for item :Pass</FONT></FONT></b><br><br/>
[15:25:44] : <b><FONT SIZE="2">Selected locations : Pass</FONT></b><br><br/>
[15:25:44] : <b><FONT COLOR="GREEN"><FONT SIZE="2">Navigating to Add Locations page :Pass</FONT></FONT></b><br><br/>
[15:25:45] : <b><FONT COLOR="GREEN"><FONT SIZE="2">added location name :Pass</FONT></FONT></b><br><br/>
[15:25:51] : <b><FONT COLOR="GREEN"><FONT SIZE="2">Selected cooler :Pass</FONT></FONT></b><br><br/>
[15:26:00] : <b><FONT COLOR="GREEN"><FONT SIZE="2">Tapped on done:Pass</FONT></FONT></b><br><br/>
[15:26:02] : <b><FONT COLOR="GREEN"><FONT SIZE="2">tap on back :Pass</FONT></FONT></b><br><br/>
[15:26:02] : <b><FONT SIZE="2">Checking addeded Location in location list</FONT></b><br><br/>
[15:26:03] : <b><FONT COLOR="GREEN"><FONT SIZE="2">Location is added :Pass</FONT></FONT></b><br><br/>
[15:26:03] : <b><FONT SIZE="2">Selecting location</FONT></b><br><br/>
[15:26:05] : <b><FONT COLOR="GREEN"><FONT SIZE="2">Location is selected for item :Pass</FONT></FONT></b><br><br/>
[15:26:05] : <b><FONT COLOR="GREEN"><FONT SIZE="2">tap on back :Pass</FONT></FONT></b><br><br/>
[15:26:15] : <b><FONT COLOR="GREEN"><FONT SIZE="2">Tapped on done:Pass</FONT></FONT></b><br><br/>
[15:26:27] : <b><FONT COLOR="GREEN"><FONT SIZE="2">Navigating to Add Locations page :Pass</FONT></FONT></b><br><br/>
[15:26:27] : <b><FONT COLOR="GREEN"><FONT SIZE="2">Prep item selected from add item from page :Pass</FONT></FONT></b><br><br/>
[15:26:27] : <b><FONT SIZE="2">Entering details of Nonsysco item</FONT></b><br><br/>
[15:26:27] : <b><FONT SIZE="2">Entering Product name</FONT></b><br><br/>
[15:26:28] : <b><FONT SIZE="2">Entering Product id</FONT></b><br><br/>
[15:26:28] : <b><FONT SIZE="2">Entering Pack</FONT></b><br><br/>
[15:26:29] : <b><FONT SIZE="2">Entering size</FONT></b><br><br/>
[15:26:29] : <b><FONT SIZE="2">Entering weight</FONT></b><br><br/>
[15:26:31] : <b><FONT COLOR="GREEN"><FONT SIZE="2">Item details are entered :Pass</FONT></FONT></b><br><br/>
[15:26:32] : <b><FONT SIZE="2">Selected locations : Pass</FONT></b><br><br/>
[15:26:32] : <b><FONT COLOR="GREEN"><FONT SIZE="2">Navigating to Add Locations page :Pass</FONT></FONT></b><br><br/>
[15:26:32] : <b><FONT COLOR="GREEN"><FONT SIZE="2">added location name :Pass</FONT></FONT></b><br><br/>
[15:26:39] : <b><FONT COLOR="GREEN"><FONT SIZE="2">Selected cooler :Pass</FONT></FONT></b><br><br/>
[15:26:48] : <b><FONT COLOR="GREEN"><FONT SIZE="2">Tapped on done:Pass</FONT></FONT></b><br><br/>
[15:26:50] : <b><FONT COLOR="GREEN"><FONT SIZE="2">tap on back :Pass</FONT></FONT></b><br><br/>
[15:26:50] : <b><FONT SIZE="2">Checking addeded Location in location list</FONT></b><br><br/>
[15:26:51] : <b><FONT COLOR="GREEN"><FONT SIZE="2">Location is added :Pass</FONT></FONT></b><br><br/>
[15:26:51] : <b><FONT SIZE="2">Selecting location</FONT></b><br><br/>
[15:26:53] : <b><FONT COLOR="GREEN"><FONT SIZE="2">Location is selected for item :Pass</FONT></FONT></b><br><br/>
[15:26:53] : <b><FONT COLOR="GREEN"><FONT SIZE="2">tap on back :Pass</FONT></FONT></b><br><br/>
[15:27:02] : <b><FONT COLOR="GREEN"><FONT SIZE="2">Tapped on done:Pass</FONT></FONT></b><br><br/>
[15:27:15] : <b><FONT COLOR="GREEN"><FONT SIZE="2">tap on back :Pass</FONT></FONT></b><br><br/>
[15:27:15] : <b><FONT SIZE="2">Selecting location</FONT></b><br><br/>
[15:27:17] : <b><FONT COLOR="GREEN"><FONT SIZE="2">Location is selected for item :Pass</FONT></FONT></b><br><br/>
[15:27:30] : <b><FONT COLOR="GREEN"><FONT SIZE="2">Item Found in Setup Inventory:Fail</FONT></FONT></b><br><br/>
<b><font color='RED'>ERROR	:- expected [true] but found [false]</font></b><br/>
</div>
</td>
<td><div><pre>java.lang.AssertionError: expected [true] but found [false]
	at org.testng.Assert.fail(Assert.java:94)
	at org.testng.Assert.failNotEquals(Assert.java:513)
	at org.testng.Assert.assertTrue(Assert.java:42)
	at org.testng.Assert.assertTrue(Assert.java:52)
	at com.components.pages.SetupInventoryPage.verifyNonSyscoPrepItemSetupInv(SetupInventoryPage.java:801)
	at com.tests.WorkFlow.MIL_WF2_Location_AddItems__MultipleLocation(WorkFlow.java:3248)
	at sun.reflect.NativeMethodAccessorImpl.invoke0(Native Method)
	at sun.reflect.NativeMethodAccessorImpl.invoke(NativeMethodAccessorImpl.java:57)
	at sun.reflect.DelegatingMethodAccessorImpl.invoke(DelegatingMethodAccessorImpl.java:43)
	at java.lang.reflect.Method.invoke(Method.java:606)
	at org.testng.internal.MethodInvocationHelper.invokeMethod(MethodInvocationHelper.java:86)
	at org.testng.internal.Invoker.invokeMethod(Invoker.java:645)
	at org.testng.internal.Invoker.invokeTestMethod(Invoker.java:822)
	at org.testng.internal.Invoker.invokeTestMethods(Invoker.java:1130)
	at org.testng.internal.TestMethodWorker.invokeTestMethods(TestMethodWorker.java:129)
	at org.testng.internal.TestMethodWorker.run(TestMethodWorker.java:112)
	at org.testng.TestRunner.privateRun(TestRunner.java:782)
	at org.testng.TestRunner.run(TestRunner.java:632)
	at org.testng.SuiteRunner.runTest(SuiteRunner.java:366)
	at org.testng.SuiteRunner.runSequentially(SuiteRunner.java:361)
	at org.testng.SuiteRunner.privateRun(SuiteRunner.java:319)
	at org.testng.SuiteRunner.run(SuiteRunner.java:268)
	at org.testng.SuiteRunnerWorker.runSuite(SuiteRunnerWorker.java:52)
	at org.testng.SuiteRunnerWorker.run(SuiteRunnerWorker.java:86)
	at org.testng.TestNG.runSuitesSequentially(TestNG.java:1244)
	at org.testng.TestNG.runSuitesLocally(TestNG.java:1169)
	at org.testng.TestNG.run(TestNG.java:1064)
	at org.testng.remote.RemoteTestNG.run(RemoteTestNG.java:113)
	at org.testng.remote.RemoteTestNG.initAndRun(RemoteTestNG.java:206)
	at org.testng.remote.RemoteTestNG.main(RemoteTestNG.java:177)
</pre></div><a href='#' onClick='toggleBox("stack-trace1837832024", this, "Click to show all stack frames", "Click to hide stack frames")'>Click to show all stack frames</a>
<div class='stack-trace' id='stack-trace1837832024'><pre>java.lang.AssertionError: expected [true] but found [false]
	at org.testng.Assert.fail(Assert.java:94)
	at org.testng.Assert.failNotEquals(Assert.java:513)
	at org.testng.Assert.assertTrue(Assert.java:42)
	at org.testng.Assert.assertTrue(Assert.java:52)
	at com.components.pages.SetupInventoryPage.verifyNonSyscoPrepItemSetupInv(SetupInventoryPage.java:801)
	at com.tests.WorkFlow.MIL_WF2_Location_AddItems__MultipleLocation(WorkFlow.java:3248)
	at sun.reflect.NativeMethodAccessorImpl.invoke0(Native Method)
	at sun.reflect.NativeMethodAccessorImpl.invoke(NativeMethodAccessorImpl.java:57)
	at sun.reflect.DelegatingMethodAccessorImpl.invoke(DelegatingMethodAccessorImpl.java:43)
	at java.lang.reflect.Method.invoke(Method.java:606)
	at org.testng.internal.MethodInvocationHelper.invokeMethod(MethodInvocationHelper.java:86)
	at org.testng.internal.Invoker.invokeMethod(Invoker.java:645)
	at org.testng.internal.Invoker.invokeTestMethod(Invoker.java:822)
	at org.testng.internal.Invoker.invokeTestMethods(Invoker.java:1130)
	at org.testng.internal.TestMethodWorker.invokeTestMethods(TestMethodWorker.java:129)
	at org.testng.internal.TestMethodWorker.run(TestMethodWorker.java:112)
	at org.testng.TestRunner.privateRun(TestRunner.java:782)
	at org.testng.TestRunner.run(TestRunner.java:632)
	at org.testng.SuiteRunner.runTest(SuiteRunner.java:366)
	at org.testng.SuiteRunner.runSequentially(SuiteRunner.java:361)
	at org.testng.SuiteRunner.privateRun(SuiteRunner.java:319)
	at org.testng.SuiteRunner.run(SuiteRunner.java:268)
	at org.testng.SuiteRunnerWorker.runSuite(SuiteRunnerWorker.java:52)
	at org.testng.SuiteRunnerWorker.run(SuiteRunnerWorker.java:86)
	at org.testng.TestNG.runSuitesSequentially(TestNG.java:1244)
	at org.testng.TestNG.runSuitesLocally(TestNG.java:1169)
	at org.testng.TestNG.run(TestNG.java:1064)
	at org.testng.remote.RemoteTestNG.run(RemoteTestNG.java:113)
	at org.testng.remote.RemoteTestNG.initAndRun(RemoteTestNG.java:206)
	at org.testng.remote.RemoteTestNG.main(RemoteTestNG.java:177)
</pre></div></td>
<td>225</td>
<td>com.tests.WorkFlow@2d6c73b1</td></tr>
<tr>
<td title='com.tests.WorkFlow.MIL_WF3_Location_SearchItems()'><b>MIL_WF3_Location_SearchItems</b><br>Test class: com.tests.WorkFlow<br>Test method: MIL - WF 3-Selecting a specific location in trackinventory and search for items within location for MA user<br/>
<a href="#Output-1834230315" onClick='toggleBox("Output-1834230315", this, "Show output", "Hide output");'>Show output</a>

<a href="#Output-1834230315" onClick="toggleAllBoxes();">Show all outputs</a>
<div class='log' id="Output-1834230315">
[15:27:54] : <b><FONT SIZE="2">Launched Sysco UOM</FONT></b><br><br/>
[15:27:59] : <b><FONT SIZE="2">Login page verification :Pass</FONT></b><br><br/>
[15:27:59] : <b><FONT SIZE="2">Sign In</FONT></b><br><br/>
[15:28:20] : <b><FONT SIZE="2">Sign in :Pass</FONT></b><br><br/>
[15:28:21] : <b><FONT COLOR="GREEN"><FONT SIZE="2">Navigating to Setup inventory page :Pass</FONT></FONT></b><br><br/>
[15:28:23] : <b><FONT COLOR="GREEN"><FONT SIZE="2">Tapped on skip :Pass</FONT></FONT></b><br><br/>
[15:28:23] : <b><FONT COLOR="GREEN"><FONT SIZE="2">Tapped on Start from Scratch :Pass</FONT></FONT></b><br><br/>
[15:28:23] : <b><FONT COLOR="GREEN"><FONT SIZE="2">Tapped on Continue :Pass</FONT></FONT></b><br><br/>
[15:28:23] : <b><FONT COLOR="GREEN"><FONT SIZE="2">Tapping on add items button from setup inventory page :Pass</FONT></FONT></b><br><br/>
[15:28:29] : <b><FONT COLOR="GREEN"><FONT SIZE="2">Order Guide Click : Pass</FONT></FONT></b><br><br/>
[15:28:29] : <b><FONT COLOR="GREEN"><FONT SIZE="2">First item selected Order Guide  :Pass</FONT></FONT></b><br><br/>
[15:28:38] : <b><FONT COLOR="GREEN"><FONT SIZE="2">Tapped on done:Pass</FONT></FONT></b><br><br/>
<b><font color='RED'>ERROR	:- expected [true] but found [false]</font></b><br/>
</div>
</td>
<td><div><pre>java.lang.AssertionError: expected [true] but found [false]
	at org.testng.Assert.fail(Assert.java:94)
	at org.testng.Assert.failNotEquals(Assert.java:513)
	at org.testng.Assert.assertTrue(Assert.java:42)
	at org.testng.Assert.assertTrue(Assert.java:52)
	at com.components.pages.SetupInventoryPage.verifyOGItemsOnSetupInv(SetupInventoryPage.java:546)
	at com.tests.WorkFlow.MIL_WF3_Location_SearchItems(WorkFlow.java:3321)
	at sun.reflect.NativeMethodAccessorImpl.invoke0(Native Method)
	at sun.reflect.NativeMethodAccessorImpl.invoke(NativeMethodAccessorImpl.java:57)
	at sun.reflect.DelegatingMethodAccessorImpl.invoke(DelegatingMethodAccessorImpl.java:43)
	at java.lang.reflect.Method.invoke(Method.java:606)
	at org.testng.internal.MethodInvocationHelper.invokeMethod(MethodInvocationHelper.java:86)
	at org.testng.internal.Invoker.invokeMethod(Invoker.java:645)
	at org.testng.internal.Invoker.invokeTestMethod(Invoker.java:822)
	at org.testng.internal.Invoker.invokeTestMethods(Invoker.java:1130)
	at org.testng.internal.TestMethodWorker.invokeTestMethods(TestMethodWorker.java:129)
	at org.testng.internal.TestMethodWorker.run(TestMethodWorker.java:112)
	at org.testng.TestRunner.privateRun(TestRunner.java:782)
	at org.testng.TestRunner.run(TestRunner.java:632)
	at org.testng.SuiteRunner.runTest(SuiteRunner.java:366)
	at org.testng.SuiteRunner.runSequentially(SuiteRunner.java:361)
	at org.testng.SuiteRunner.privateRun(SuiteRunner.java:319)
	at org.testng.SuiteRunner.run(SuiteRunner.java:268)
	at org.testng.SuiteRunnerWorker.runSuite(SuiteRunnerWorker.java:52)
	at org.testng.SuiteRunnerWorker.run(SuiteRunnerWorker.java:86)
	at org.testng.TestNG.runSuitesSequentially(TestNG.java:1244)
	at org.testng.TestNG.runSuitesLocally(TestNG.java:1169)
	at org.testng.TestNG.run(TestNG.java:1064)
	at org.testng.remote.RemoteTestNG.run(RemoteTestNG.java:113)
	at org.testng.remote.RemoteTestNG.initAndRun(RemoteTestNG.java:206)
	at org.testng.remote.RemoteTestNG.main(RemoteTestNG.java:177)
</pre></div><a href='#' onClick='toggleBox("stack-trace1834230315", this, "Click to show all stack frames", "Click to hide stack frames")'>Click to show all stack frames</a>
<div class='stack-trace' id='stack-trace1834230315'><pre>java.lang.AssertionError: expected [true] but found [false]
	at org.testng.Assert.fail(Assert.java:94)
	at org.testng.Assert.failNotEquals(Assert.java:513)
	at org.testng.Assert.assertTrue(Assert.java:42)
	at org.testng.Assert.assertTrue(Assert.java:52)
	at com.components.pages.SetupInventoryPage.verifyOGItemsOnSetupInv(SetupInventoryPage.java:546)
	at com.tests.WorkFlow.MIL_WF3_Location_SearchItems(WorkFlow.java:3321)
	at sun.reflect.NativeMethodAccessorImpl.invoke0(Native Method)
	at sun.reflect.NativeMethodAccessorImpl.invoke(NativeMethodAccessorImpl.java:57)
	at sun.reflect.DelegatingMethodAccessorImpl.invoke(DelegatingMethodAccessorImpl.java:43)
	at java.lang.reflect.Method.invoke(Method.java:606)
	at org.testng.internal.MethodInvocationHelper.invokeMethod(MethodInvocationHelper.java:86)
	at org.testng.internal.Invoker.invokeMethod(Invoker.java:645)
	at org.testng.internal.Invoker.invokeTestMethod(Invoker.java:822)
	at org.testng.internal.Invoker.invokeTestMethods(Invoker.java:1130)
	at org.testng.internal.TestMethodWorker.invokeTestMethods(TestMethodWorker.java:129)
	at org.testng.internal.TestMethodWorker.run(TestMethodWorker.java:112)
	at org.testng.TestRunner.privateRun(TestRunner.java:782)
	at org.testng.TestRunner.run(TestRunner.java:632)
	at org.testng.SuiteRunner.runTest(SuiteRunner.java:366)
	at org.testng.SuiteRunner.runSequentially(SuiteRunner.java:361)
	at org.testng.SuiteRunner.privateRun(SuiteRunner.java:319)
	at org.testng.SuiteRunner.run(SuiteRunner.java:268)
	at org.testng.SuiteRunnerWorker.runSuite(SuiteRunnerWorker.java:52)
	at org.testng.SuiteRunnerWorker.run(SuiteRunnerWorker.java:86)
	at org.testng.TestNG.runSuitesSequentially(TestNG.java:1244)
	at org.testng.TestNG.runSuitesLocally(TestNG.java:1169)
	at org.testng.TestNG.run(TestNG.java:1064)
	at org.testng.remote.RemoteTestNG.run(RemoteTestNG.java:113)
	at org.testng.remote.RemoteTestNG.initAndRun(RemoteTestNG.java:206)
	at org.testng.remote.RemoteTestNG.main(RemoteTestNG.java:177)
</pre></div></td>
<td>73</td>
<td>com.tests.WorkFlow@2d6c73b1</td></tr>
<tr>
<td title='com.tests.WorkFlow.TI_WF1_WF2_Location_Item_UOMQuantity()'><b>TI_WF1_WF2_Location_Item_UOMQuantity</b><br>Test class: com.tests.WorkFlow<br>Test method: TI-WF1-WF2-Select a location from trackinventory updating quantity and uom<br/>
<a href="#Output-609289841" onClick='toggleBox("Output-609289841", this, "Show output", "Hide output");'>Show output</a>

<a href="#Output-609289841" onClick="toggleAllBoxes();">Show all outputs</a>
<div class='log' id="Output-609289841">
[15:29:08] : <b><FONT SIZE="2">Launched Sysco UOM</FONT></b><br><br/>
[15:29:14] : <b><FONT SIZE="2">Login page verification :Pass</FONT></b><br><br/>
[15:29:14] : <b><FONT SIZE="2">Sign In</FONT></b><br><br/>
[15:29:35] : <b><FONT SIZE="2">Sign in :Pass</FONT></b><br><br/>
[15:29:35] : <b><FONT COLOR="GREEN"><FONT SIZE="2">Navigating to Setup inventory page :Pass</FONT></FONT></b><br><br/>
[15:29:37] : <b><FONT COLOR="GREEN"><FONT SIZE="2">Tapped on skip :Pass</FONT></FONT></b><br><br/>
[15:29:37] : <b><FONT COLOR="GREEN"><FONT SIZE="2">Selected  orderguide  from SetupInventoryImportItems:Pass</FONT></FONT></b><br><br/>
[15:29:37] : <b><FONT COLOR="GREEN"><FONT SIZE="2">Tapped on Continue :Pass</FONT></FONT></b><br><br/>
[15:29:37] : <b><FONT COLOR="GREEN"><FONT SIZE="2">default location clicked :Pass</FONT></FONT></b><br><br/>
[15:29:38] : <b><FONT COLOR="GREEN"><FONT SIZE="2">Tapped on Continue :Pass</FONT></FONT></b><br><br/>
[15:29:48] : <b><FONT COLOR="GREEN"><FONT SIZE="2">Tapped on DoThisLater :Pass</FONT></FONT></b><br><br/>
[15:29:54] : <b><FONT COLOR="GREEN"><FONT SIZE="2">Tapped on TakeHome :Pass</FONT></FONT></b><br><br/>
[15:30:02] : <b><FONT COLOR="GREEN"><FONT SIZE="2">Tapped  TrackInventory from inventory tools page:Pass</FONT></FONT></b><br><br/>
[15:30:02] : <b><FONT COLOR="GREEN"><FONT SIZE="2">Navigating to Add Locations page :Pass</FONT></FONT></b><br><br/>
[15:30:02] : <b><FONT COLOR="GREEN"><FONT SIZE="2">added location name :Pass</FONT></FONT></b><br><br/>
[15:30:09] : <b><FONT COLOR="GREEN"><FONT SIZE="2">Selected cooler :Pass</FONT></FONT></b><br><br/>
[15:30:19] : <b><FONT COLOR="GREEN"><FONT SIZE="2">Tapped on done:Pass</FONT></FONT></b><br><br/>
[15:30:21] : <b><FONT COLOR="GREEN"><FONT SIZE="2">tap on back :Pass</FONT></FONT></b><br><br/>
[15:30:21] : <b><FONT SIZE="2">Checking addeded Location in location list</FONT></b><br><br/>
[15:30:22] : <b><FONT COLOR="GREEN"><FONT SIZE="2">Location is added :Pass</FONT></FONT></b><br><br/>
[15:30:22] : <b><FONT SIZE="2">Selecting location</FONT></b><br><br/>
[15:30:24] : <b><FONT COLOR="GREEN"><FONT SIZE="2">Location is selected for item :Pass</FONT></FONT></b><br><br/>
[15:30:25] : <b><FONT COLOR="GREEN"><FONT SIZE="2">Navigating to Add Locations page :Pass</FONT></FONT></b><br><br/>
[15:30:25] : <b><FONT COLOR="GREEN"><FONT SIZE="2">Prep item selected from add item from page :Pass</FONT></FONT></b><br><br/>
[15:30:25] : <b><FONT SIZE="2">Entering details of Nonsysco item</FONT></b><br><br/>
[15:30:25] : <b><FONT SIZE="2">Entering Product name</FONT></b><br><br/>
[15:30:25] : <b><FONT SIZE="2">Entering Product id</FONT></b><br><br/>
[15:30:26] : <b><FONT SIZE="2">Entering Pack</FONT></b><br><br/>
[15:30:26] : <b><FONT SIZE="2">Entering size</FONT></b><br><br/>
[15:30:26] : <b><FONT SIZE="2">Entering weight</FONT></b><br><br/>
[15:30:29] : <b><FONT COLOR="GREEN"><FONT SIZE="2">Item details are entered :Pass</FONT></FONT></b><br><br/>
[15:30:38] : <b><FONT COLOR="GREEN"><FONT SIZE="2">Tapped on done:Pass</FONT></FONT></b><br><br/>
[15:30:51] : <b><FONT COLOR="GREEN"><FONT SIZE="2">Item Found in Setup Inventory:Fail</FONT></FONT></b><br><br/>
<b><font color='RED'>ERROR	:- expected [true] but found [false]</font></b><br/>
</div>
</td>
<td><div><pre>java.lang.AssertionError: expected [true] but found [false]
	at org.testng.Assert.fail(Assert.java:94)
	at org.testng.Assert.failNotEquals(Assert.java:513)
	at org.testng.Assert.assertTrue(Assert.java:42)
	at org.testng.Assert.assertTrue(Assert.java:52)
	at com.components.pages.SetupInventoryPage.verifyNonSyscoPrepItemSetupInv(SetupInventoryPage.java:801)
	at com.tests.WorkFlow.TI_WF1_WF2_Location_Item_UOMQuantity(WorkFlow.java:2971)
	at sun.reflect.NativeMethodAccessorImpl.invoke0(Native Method)
	at sun.reflect.NativeMethodAccessorImpl.invoke(NativeMethodAccessorImpl.java:57)
	at sun.reflect.DelegatingMethodAccessorImpl.invoke(DelegatingMethodAccessorImpl.java:43)
	at java.lang.reflect.Method.invoke(Method.java:606)
	at org.testng.internal.MethodInvocationHelper.invokeMethod(MethodInvocationHelper.java:86)
	at org.testng.internal.Invoker.invokeMethod(Invoker.java:645)
	at org.testng.internal.Invoker.invokeTestMethod(Invoker.java:822)
	at org.testng.internal.Invoker.invokeTestMethods(Invoker.java:1130)
	at org.testng.internal.TestMethodWorker.invokeTestMethods(TestMethodWorker.java:129)
	at org.testng.internal.TestMethodWorker.run(TestMethodWorker.java:112)
	at org.testng.TestRunner.privateRun(TestRunner.java:782)
	at org.testng.TestRunner.run(TestRunner.java:632)
	at org.testng.SuiteRunner.runTest(SuiteRunner.java:366)
	at org.testng.SuiteRunner.runSequentially(SuiteRunner.java:361)
	at org.testng.SuiteRunner.privateRun(SuiteRunner.java:319)
	at org.testng.SuiteRunner.run(SuiteRunner.java:268)
	at org.testng.SuiteRunnerWorker.runSuite(SuiteRunnerWorker.java:52)
	at org.testng.SuiteRunnerWorker.run(SuiteRunnerWorker.java:86)
	at org.testng.TestNG.runSuitesSequentially(TestNG.java:1244)
	at org.testng.TestNG.runSuitesLocally(TestNG.java:1169)
	at org.testng.TestNG.run(TestNG.java:1064)
	at org.testng.remote.RemoteTestNG.run(RemoteTestNG.java:113)
	at org.testng.remote.RemoteTestNG.initAndRun(RemoteTestNG.java:206)
	at org.testng.remote.RemoteTestNG.main(RemoteTestNG.java:177)
</pre></div><a href='#' onClick='toggleBox("stack-trace609289841", this, "Click to show all stack frames", "Click to hide stack frames")'>Click to show all stack frames</a>
<div class='stack-trace' id='stack-trace609289841'><pre>java.lang.AssertionError: expected [true] but found [false]
	at org.testng.Assert.fail(Assert.java:94)
	at org.testng.Assert.failNotEquals(Assert.java:513)
	at org.testng.Assert.assertTrue(Assert.java:42)
	at org.testng.Assert.assertTrue(Assert.java:52)
	at com.components.pages.SetupInventoryPage.verifyNonSyscoPrepItemSetupInv(SetupInventoryPage.java:801)
	at com.tests.WorkFlow.TI_WF1_WF2_Location_Item_UOMQuantity(WorkFlow.java:2971)
	at sun.reflect.NativeMethodAccessorImpl.invoke0(Native Method)
	at sun.reflect.NativeMethodAccessorImpl.invoke(NativeMethodAccessorImpl.java:57)
	at sun.reflect.DelegatingMethodAccessorImpl.invoke(DelegatingMethodAccessorImpl.java:43)
	at java.lang.reflect.Method.invoke(Method.java:606)
	at org.testng.internal.MethodInvocationHelper.invokeMethod(MethodInvocationHelper.java:86)
	at org.testng.internal.Invoker.invokeMethod(Invoker.java:645)
	at org.testng.internal.Invoker.invokeTestMethod(Invoker.java:822)
	at org.testng.internal.Invoker.invokeTestMethods(Invoker.java:1130)
	at org.testng.internal.TestMethodWorker.invokeTestMethods(TestMethodWorker.java:129)
	at org.testng.internal.TestMethodWorker.run(TestMethodWorker.java:112)
	at org.testng.TestRunner.privateRun(TestRunner.java:782)
	at org.testng.TestRunner.run(TestRunner.java:632)
	at org.testng.SuiteRunner.runTest(SuiteRunner.java:366)
	at org.testng.SuiteRunner.runSequentially(SuiteRunner.java:361)
	at org.testng.SuiteRunner.privateRun(SuiteRunner.java:319)
	at org.testng.SuiteRunner.run(SuiteRunner.java:268)
	at org.testng.SuiteRunnerWorker.runSuite(SuiteRunnerWorker.java:52)
	at org.testng.SuiteRunnerWorker.run(SuiteRunnerWorker.java:86)
	at org.testng.TestNG.runSuitesSequentially(TestNG.java:1244)
	at org.testng.TestNG.runSuitesLocally(TestNG.java:1169)
	at org.testng.TestNG.run(TestNG.java:1064)
	at org.testng.remote.RemoteTestNG.run(RemoteTestNG.java:113)
	at org.testng.remote.RemoteTestNG.initAndRun(RemoteTestNG.java:206)
	at org.testng.remote.RemoteTestNG.main(RemoteTestNG.java:177)
</pre></div></td>
<td>118</td>
<td>com.tests.WorkFlow@2d6c73b1</td></tr>
</table><p>
</body>
</html>