<?xml version="1.0" encoding="UTF-8"?>
<!-- Generated by org.testng.reporters.JUnitXMLReporter -->
<testsuite hostname="tvmatp312483m.ad.infosys.com" name="Test" tests="10" failures="6" timestamp="25 Jul 2016 12:39:24 GMT" time="695.287" errors="0">
  <testcase name="@BeforeMethod setUp" time="0.0" classname="com.sysco.test.WorkFlow">
    <failure type="org.openqa.selenium.WebDriverException" message="An unknown server-side error occurred while processing the command. Original error: Bad app: /Users/naveen_raj04/Desktop/UOM_Files/Builds/july 13/UOMQASQ.ipa. App paths need to be absolute, or relative to the appium server install dir, or a URL to compressed file, or a special app name. (WARNING: The server did not provide any stacktrace information)
Command duration or timeout: 19 milliseconds
Build info: version: &amp;apos;2.45.0&amp;apos;, revision: &amp;apos;5017cb8&amp;apos;, time: &amp;apos;2015-02-26 23:59:50&amp;apos;
System info: host: &amp;apos;tvmatp312483m.ad.infosys.com&amp;apos;, ip: &amp;apos;10.155.162.74&amp;apos;, os.name: &amp;apos;Mac OS X&amp;apos;, os.arch: &amp;apos;x86_64&amp;apos;, os.version: &amp;apos;10.11.5&amp;apos;, java.version: &amp;apos;1.8.0_40&amp;apos;
Driver info: io.appium.java_client.ios.IOSDriver">
      <![CDATA[org.openqa.selenium.WebDriverException: An unknown server-side error occurred while processing the command. Original error: Bad app: /Users/naveen_raj04/Desktop/UOM_Files/Builds/july 13/UOMQASQ.ipa. App paths need to be absolute, or relative to the appium server install dir, or a URL to compressed file, or a special app name. (WARNING: The server did not provide any stacktrace information)
Command duration or timeout: 19 milliseconds
Build info: version: '2.45.0', revision: '5017cb8', time: '2015-02-26 23:59:50'
System info: host: 'tvmatp312483m.ad.infosys.com', ip: '10.155.162.74', os.name: 'Mac OS X', os.arch: 'x86_64', os.version: '10.11.5', java.version: '1.8.0_40'
Driver info: io.appium.java_client.ios.IOSDriver
	at org.openqa.selenium.remote.ErrorHandler.createThrowable(ErrorHandler.java:204)
	at org.openqa.selenium.remote.ErrorHandler.throwIfResponseFailed(ErrorHandler.java:156)
	at org.openqa.selenium.remote.RemoteWebDriver.execute(RemoteWebDriver.java:599)
	at io.appium.java_client.DefaultGenericMobileDriver.execute(DefaultGenericMobileDriver.java:51)
	at io.appium.java_client.AppiumDriver.execute(AppiumDriver.java:1)
	at io.appium.java_client.ios.IOSDriver.execute(IOSDriver.java:1)
	at org.openqa.selenium.remote.RemoteWebDriver.startSession(RemoteWebDriver.java:240)
	at org.openqa.selenium.remote.RemoteWebDriver.<init>(RemoteWebDriver.java:126)
	at org.openqa.selenium.remote.RemoteWebDriver.<init>(RemoteWebDriver.java:139)
	at io.appium.java_client.DefaultGenericMobileDriver.<init>(DefaultGenericMobileDriver.java:47)
	at io.appium.java_client.AppiumDriver.<init>(AppiumDriver.java:114)
	at io.appium.java_client.AppiumDriver.<init>(AppiumDriver.java:132)
	at io.appium.java_client.ios.IOSDriver.<init>(IOSDriver.java:81)
	at com.sysco.test.WorkFlow.setUp(WorkFlow.java:50)
... Removed 30 stack frames]]>
    </failure>
  </testcase> <!-- @BeforeMethod setUp -->
  <testcase name="@AfterMethod tearDown" time="0.0" classname="com.sysco.test.WorkFlow">
    <skipped/>
  </testcase> <!-- @AfterMethod tearDown -->
  <testcase name="@BeforeMethod setUp" time="0.0" classname="com.sysco.test.WorkFlow">
    <skipped/>
  </testcase> <!-- @BeforeMethod setUp -->
  <testcase name="@AfterMethod tearDown" time="0.0" classname="com.sysco.test.WorkFlow">
    <skipped/>
  </testcase> <!-- @AfterMethod tearDown -->
  <testcase name="@BeforeMethod setUp" time="0.0" classname="com.sysco.test.WorkFlow">
    <skipped/>
  </testcase> <!-- @BeforeMethod setUp -->
  <testcase name="@AfterMethod tearDown" time="0.0" classname="com.sysco.test.WorkFlow">
    <skipped/>
  </testcase> <!-- @AfterMethod tearDown -->
  <testcase name="@BeforeMethod setUp" time="0.0" classname="com.sysco.test.WorkFlow">
    <skipped/>
  </testcase> <!-- @BeforeMethod setUp -->
  <testcase name="@AfterMethod tearDown" time="0.0" classname="com.sysco.test.WorkFlow">
    <skipped/>
  </testcase> <!-- @AfterMethod tearDown -->
  <testcase name="SI_WF22_CustomList_DefaultLoc_Customcategory" time="88.104" classname="com.sysco.test.WorkFlow">
    <failure type="java.lang.AssertionError" message="expected [true] but found [false]">
      <![CDATA[java.lang.AssertionError: expected [true] but found [false]
	at com.sysco.pages.InventoryToolPage.InvTools_SetUpInventory(InventoryToolPage.java:67)
	at com.sysco.test.WorkFlow.SI_WF22_CustomList_DefaultLoc_Customcategory(WorkFlow.java:607)
... Removed 28 stack frames]]>
    </failure>
  </testcase> <!-- SI_WF22_CustomList_DefaultLoc_Customcategory -->
  <testcase name="SI_WF23_CustomList_CustomLoc_defaultcategory" time="95.45" classname="com.sysco.test.WorkFlow">
    <failure type="java.lang.AssertionError" message="expected [true] but found [false]">
      <![CDATA[java.lang.AssertionError: expected [true] but found [false]
	at com.sysco.pages.ListPage.SelectListwithItems(ListPage.java:131)
	at com.sysco.test.WorkFlow.SI_WF23_CustomList_CustomLoc_defaultcategory(WorkFlow.java:658)
... Removed 28 stack frames]]>
    </failure>
  </testcase> <!-- SI_WF23_CustomList_CustomLoc_defaultcategory -->
  <testcase name="SI_WF24_CustomList_SkipLoc_Skipcategory" time="94.472" classname="com.sysco.test.WorkFlow">
    <failure type="java.lang.AssertionError" message="expected [true] but found [false]">
      <![CDATA[java.lang.AssertionError: expected [true] but found [false]
	at com.sysco.pages.ListPage.SelectListwithItems(ListPage.java:131)
	at com.sysco.test.WorkFlow.SI_WF24_CustomList_SkipLoc_Skipcategory(WorkFlow.java:739)
... Removed 28 stack frames]]>
    </failure>
  </testcase> <!-- SI_WF24_CustomList_SkipLoc_Skipcategory -->
  <testcase name="SI_WF25_CustomList_DefaultLoc_Skipcategory" time="110.629" classname="com.sysco.test.WorkFlow">
    <failure type="java.lang.AssertionError" message="expected [true] but found [false]">
      <![CDATA[java.lang.AssertionError: expected [true] but found [false]
	at com.sysco.pages.ListPage.SelectListwithItems(ListPage.java:131)
	at com.sysco.test.WorkFlow.SI_WF25_CustomList_DefaultLoc_Skipcategory(WorkFlow.java:779)
... Removed 28 stack frames]]>
    </failure>
  </testcase> <!-- SI_WF25_CustomList_DefaultLoc_Skipcategory -->
  <testcase name="SI_WF26_CustomList_SkipLoc_defaultcategory_NU" time="94.51" classname="com.sysco.test.WorkFlow">
    <failure type="java.lang.AssertionError" message="expected [true] but found [false]">
      <![CDATA[java.lang.AssertionError: expected [true] but found [false]
	at com.sysco.pages.ListPage.SelectListwithItems(ListPage.java:131)
	at com.sysco.test.WorkFlow.SI_WF26_CustomList_SkipLoc_defaultcategory_NU(WorkFlow.java:812)
... Removed 28 stack frames]]>
    </failure>
  </testcase> <!-- SI_WF26_CustomList_SkipLoc_defaultcategory_NU -->
  <testcase name="SI_WF27_CustomList_MultipleList_ListNames_DefaultCat" time="97.472" classname="com.sysco.test.WorkFlow">
    <failure type="java.lang.AssertionError" message="expected [true] but found [false]">
      <![CDATA[java.lang.AssertionError: expected [true] but found [false]
	at com.sysco.pages.ListPage.SelectListwithItems(ListPage.java:131)
	at com.sysco.test.WorkFlow.SI_WF27_CustomList_MultipleList_ListNames_DefaultCat(WorkFlow.java:855)
... Removed 28 stack frames]]>
    </failure>
  </testcase> <!-- SI_WF27_CustomList_MultipleList_ListNames_DefaultCat -->
  <testcase name="SI_WF28_CustomList_MultipleList_ListNames_Customcategory" time="0.001" classname="com.sysco.test.WorkFlow">
    <skipped/>
  </testcase> <!-- SI_WF28_CustomList_MultipleList_ListNames_Customcategory -->
  <testcase name="SI_WF29_CustomListSingleList_CustomCategoryOnLocationsPage_defaultcategory" time="0.001" classname="com.sysco.test.WorkFlow">
    <skipped/>
  </testcase> <!-- SI_WF29_CustomListSingleList_CustomCategoryOnLocationsPage_defaultcategory -->
  <testcase name="SI_WF30_CustomListSingleList_CustomCategoryOnLocationsPage_customcategory" time="0.001" classname="com.sysco.test.WorkFlow">
    <skipped/>
  </testcase> <!-- SI_WF30_CustomListSingleList_CustomCategoryOnLocationsPage_customcategory -->
  <testcase name="SI_WF31_CustomList_MultipleList_ListNames_Skipcategory" time="0.001" classname="com.sysco.test.WorkFlow">
    <skipped/>
  </testcase> <!-- SI_WF31_CustomList_MultipleList_ListNames_Skipcategory -->
</testsuite> <!-- Test -->
