<?xml version="1.0" encoding="UTF-8"?>
<!-- Generated by org.testng.reporters.JUnitXMLReporter -->
<testsuite hostname="TVMATP310440M" name="Test" tests="1" failures="1" timestamp="29 Jul 2016 08:50:57 GMT" time="100.004" errors="0">
  <testcase name="SI_WF24_CustomList_SkipLoc_Skipcategory" time="74.31" classname="com.sysco.test.WorkFlow">
    <failure type="java.lang.AssertionError" message="expected [true] but found [false]">
      <![CDATA[java.lang.AssertionError: expected [true] but found [false]
	at com.sysco.pages.SetupInventoryPage.TapOnDOThisLater(SetupInventoryPage.java:1026)
	at com.sysco.test.WorkFlow.SI_WF24_CustomList_SkipLoc_Skipcategory(WorkFlow.java:743)
... Removed 28 stack frames]]>
    </failure>
  </testcase> <!-- SI_WF24_CustomList_SkipLoc_Skipcategory -->
</testsuite> <!-- Test -->
