<?xml version="1.0" encoding="utf-8" ?>
<!DOCTYPE html PUBLIC "-//W3C//DTD XHTML 1.0 Strict//EN"
        "http://www.w3.org/TR/xhtml1/DTD/xhtml1-strict.dtd">
<html xmlns="http://www.w3.org/1999/xhtml" xml:lang="" lang="">
<head>
  <title>Test Results Report - Test</title>
  <meta http-equiv="Content-Type" content="text/html;charset=utf-8" />
  <meta name="description" content="TestNG unit test results." />
  <link href="reportng.css" rel="stylesheet" type="text/css" />
    <script type="text/javascript" src="reportng.js"></script>
</head>
<body>
<h1>Test</h1>
<p>
  Test duration: 0.008s
</p>

  <table class="resultsTable configTable">
    <tr><th colspan="3" class="header failedConfig">Failed Configuration</th></tr>
              <tr class="group">
        <td colspan="3">com.sysco.test.WorkFlow</td>
      </tr>
            
<tr>
  <td class="method">
                  setUp
      </td>
  <td class="duration">
    0.000s
  </td>
  <td class="result">
        
    
        

        <a href="javascript:toggleElement('exception-0', 'block')" title="Click to expand/collapse"><b>org.openqa.selenium.remote.UnreachableBrowserException: Could not start a new session. Possible causes are invalid address of the remote server or browser start-up failure.<br/>
Build info: version: &apos;2.45.0&apos;, revision: &apos;5017cb8&apos;, time: &apos;2015-02-26 23:59:50&apos;<br/>
System info: host: &apos;USABOS150007L&apos;, ip: &apos;10.97.43.164&apos;, os.name: &apos;Windows 10&apos;, os.arch: &apos;amd64&apos;, os.version: &apos;10.0&apos;, java.version: &apos;1.8.0_101&apos;<br/>
Driver info: driver.version: IOSDriver</b></a><br />
    <div class="stackTrace" id="exception-0">
              org.openqa.selenium.remote.RemoteWebDriver.execute(RemoteWebDriver.java:593)<br />
              io.appium.java_client.DefaultGenericMobileDriver.execute(DefaultGenericMobileDriver.java:51)<br />
              io.appium.java_client.AppiumDriver.execute(AppiumDriver.java:1)<br />
              io.appium.java_client.ios.IOSDriver.execute(IOSDriver.java:1)<br />
              org.openqa.selenium.remote.RemoteWebDriver.startSession(RemoteWebDriver.java:240)<br />
              org.openqa.selenium.remote.RemoteWebDriver.&lt;init&gt;(RemoteWebDriver.java:126)<br />
              org.openqa.selenium.remote.RemoteWebDriver.&lt;init&gt;(RemoteWebDriver.java:139)<br />
              io.appium.java_client.DefaultGenericMobileDriver.&lt;init&gt;(DefaultGenericMobileDriver.java:47)<br />
              io.appium.java_client.AppiumDriver.&lt;init&gt;(AppiumDriver.java:114)<br />
              io.appium.java_client.AppiumDriver.&lt;init&gt;(AppiumDriver.java:132)<br />
              io.appium.java_client.ios.IOSDriver.&lt;init&gt;(IOSDriver.java:81)<br />
              com.sysco.test.WorkFlow.setUp(WorkFlow.java:67)<br />
              sun.reflect.NativeMethodAccessorImpl.invoke0(Native Method)<br />
              sun.reflect.NativeMethodAccessorImpl.invoke(Unknown Source)<br />
              sun.reflect.DelegatingMethodAccessorImpl.invoke(Unknown Source)<br />
              java.lang.reflect.Method.invoke(Unknown Source)<br />
              org.testng.internal.MethodInvocationHelper.invokeMethod(MethodInvocationHelper.java:84)<br />
              org.testng.internal.Invoker.invokeConfigurationMethod(Invoker.java:564)<br />
              org.testng.internal.Invoker.invokeConfigurations(Invoker.java:213)<br />
              org.testng.internal.Invoker.invokeMethod(Invoker.java:653)<br />
              org.testng.internal.Invoker.invokeTestMethod(Invoker.java:901)<br />
              org.testng.internal.Invoker.invokeTestMethods(Invoker.java:1231)<br />
              org.testng.internal.TestMethodWorker.invokeTestMethods(TestMethodWorker.java:127)<br />
              org.testng.internal.TestMethodWorker.run(TestMethodWorker.java:111)<br />
              org.testng.TestRunner.privateRun(TestRunner.java:767)<br />
              org.testng.TestRunner.run(TestRunner.java:617)<br />
              org.testng.SuiteRunner.runTest(SuiteRunner.java:334)<br />
              org.testng.SuiteRunner.runSequentially(SuiteRunner.java:329)<br />
              org.testng.SuiteRunner.privateRun(SuiteRunner.java:291)<br />
              org.testng.SuiteRunner.run(SuiteRunner.java:240)<br />
              org.testng.SuiteRunnerWorker.runSuite(SuiteRunnerWorker.java:52)<br />
              org.testng.SuiteRunnerWorker.run(SuiteRunnerWorker.java:86)<br />
              org.testng.TestNG.runSuitesSequentially(TestNG.java:1224)<br />
              org.testng.TestNG.runSuitesLocally(TestNG.java:1149)<br />
              org.testng.TestNG.run(TestNG.java:1057)<br />
              org.testng.remote.AbstractRemoteTestNG.run(AbstractRemoteTestNG.java:126)<br />
              org.testng.remote.RemoteTestNG.initAndRun(RemoteTestNG.java:152)<br />
              org.testng.remote.RemoteTestNG.main(RemoteTestNG.java:57)<br />
                    <b>Caused by: </b> <a href="javascript:toggleElement('exception-1', 'block')" title="Click to expand/collapse">org.openqa.selenium.WebDriverException: org.apache.http.conn.HttpHostConnectException: Connect to 10.155.106.25:4723 [/10.155.106.25] failed: Connection timed out: connect<br/>
Build info: version: &apos;2.45.0&apos;, revision: &apos;5017cb8&apos;, time: &apos;2015-02-26 23:59:50&apos;<br/>
System info: host: &apos;USABOS150007L&apos;, ip: &apos;10.97.43.164&apos;, os.name: &apos;Windows 10&apos;, os.arch: &apos;amd64&apos;, os.version: &apos;10.0&apos;, java.version: &apos;1.8.0_101&apos;<br/>
Driver info: driver.version: IOSDriver</a><br />
        <div class="stackTrace" id="exception-1">
                      io.appium.java_client.remote.AppiumCommandExecutor.execute(AppiumCommandExecutor.java:84)<br />
                      org.openqa.selenium.remote.RemoteWebDriver.execute(RemoteWebDriver.java:572)<br />
                      io.appium.java_client.DefaultGenericMobileDriver.execute(DefaultGenericMobileDriver.java:51)<br />
                      io.appium.java_client.AppiumDriver.execute(AppiumDriver.java:1)<br />
                      io.appium.java_client.ios.IOSDriver.execute(IOSDriver.java:1)<br />
                      org.openqa.selenium.remote.RemoteWebDriver.startSession(RemoteWebDriver.java:240)<br />
                      org.openqa.selenium.remote.RemoteWebDriver.&lt;init&gt;(RemoteWebDriver.java:126)<br />
                      org.openqa.selenium.remote.RemoteWebDriver.&lt;init&gt;(RemoteWebDriver.java:139)<br />
                      io.appium.java_client.DefaultGenericMobileDriver.&lt;init&gt;(DefaultGenericMobileDriver.java:47)<br />
                      io.appium.java_client.AppiumDriver.&lt;init&gt;(AppiumDriver.java:114)<br />
                      io.appium.java_client.AppiumDriver.&lt;init&gt;(AppiumDriver.java:132)<br />
                      io.appium.java_client.ios.IOSDriver.&lt;init&gt;(IOSDriver.java:81)<br />
                      com.sysco.test.WorkFlow.setUp(WorkFlow.java:67)<br />
                      sun.reflect.NativeMethodAccessorImpl.invoke0(Native Method)<br />
                      sun.reflect.NativeMethodAccessorImpl.invoke(Unknown Source)<br />
                      sun.reflect.DelegatingMethodAccessorImpl.invoke(Unknown Source)<br />
                      java.lang.reflect.Method.invoke(Unknown Source)<br />
                      org.testng.internal.MethodInvocationHelper.invokeMethod(MethodInvocationHelper.java:84)<br />
                      org.testng.internal.Invoker.invokeConfigurationMethod(Invoker.java:564)<br />
                      org.testng.internal.Invoker.invokeConfigurations(Invoker.java:213)<br />
                      org.testng.internal.Invoker.invokeMethod(Invoker.java:653)<br />
                      org.testng.internal.Invoker.invokeTestMethod(Invoker.java:901)<br />
                      org.testng.internal.Invoker.invokeTestMethods(Invoker.java:1231)<br />
                      org.testng.internal.TestMethodWorker.invokeTestMethods(TestMethodWorker.java:127)<br />
                      org.testng.internal.TestMethodWorker.run(TestMethodWorker.java:111)<br />
                      org.testng.TestRunner.privateRun(TestRunner.java:767)<br />
                      org.testng.TestRunner.run(TestRunner.java:617)<br />
                      org.testng.SuiteRunner.runTest(SuiteRunner.java:334)<br />
                      org.testng.SuiteRunner.runSequentially(SuiteRunner.java:329)<br />
                      org.testng.SuiteRunner.privateRun(SuiteRunner.java:291)<br />
                      org.testng.SuiteRunner.run(SuiteRunner.java:240)<br />
                      org.testng.SuiteRunnerWorker.runSuite(SuiteRunnerWorker.java:52)<br />
                      org.testng.SuiteRunnerWorker.run(SuiteRunnerWorker.java:86)<br />
                      org.testng.TestNG.runSuitesSequentially(TestNG.java:1224)<br />
                      org.testng.TestNG.runSuitesLocally(TestNG.java:1149)<br />
                      org.testng.TestNG.run(TestNG.java:1057)<br />
                      org.testng.remote.AbstractRemoteTestNG.run(AbstractRemoteTestNG.java:126)<br />
                      org.testng.remote.RemoteTestNG.initAndRun(RemoteTestNG.java:152)<br />
                      org.testng.remote.RemoteTestNG.main(RemoteTestNG.java:57)<br />
                  </div>
              <b>Caused by: </b> <a href="javascript:toggleElement('exception-2', 'block')" title="Click to expand/collapse">org.apache.http.conn.HttpHostConnectException: Connect to 10.155.106.25:4723 [/10.155.106.25] failed: Connection timed out: connect</a><br />
        <div class="stackTrace" id="exception-2">
                      org.apache.http.impl.conn.HttpClientConnectionOperator.connect(HttpClientConnectionOperator.java:142)<br />
                      org.apache.http.impl.conn.PoolingHttpClientConnectionManager.connect(PoolingHttpClientConnectionManager.java:319)<br />
                      org.apache.http.impl.execchain.MainClientExec.establishRoute(MainClientExec.java:363)<br />
                      org.apache.http.impl.execchain.MainClientExec.execute(MainClientExec.java:219)<br />
                      org.apache.http.impl.execchain.ProtocolExec.execute(ProtocolExec.java:195)<br />
                      org.apache.http.impl.execchain.RetryExec.execute(RetryExec.java:86)<br />
                      org.apache.http.impl.execchain.RedirectExec.execute(RedirectExec.java:108)<br />
                      org.apache.http.impl.client.InternalHttpClient.doExecute(InternalHttpClient.java:184)<br />
                      org.apache.http.impl.client.CloseableHttpClient.execute(CloseableHttpClient.java:72)<br />
                      org.apache.http.impl.client.CloseableHttpClient.execute(CloseableHttpClient.java:57)<br />
                      org.openqa.selenium.remote.internal.ApacheHttpClient.fallBackExecute(ApacheHttpClient.java:126)<br />
                      org.openqa.selenium.remote.internal.ApacheHttpClient.execute(ApacheHttpClient.java:72)<br />
                      org.openqa.selenium.remote.HttpCommandExecutor.execute(HttpCommandExecutor.java:133)<br />
                      io.appium.java_client.remote.AppiumCommandExecutor.execute(AppiumCommandExecutor.java:69)<br />
                      org.openqa.selenium.remote.RemoteWebDriver.execute(RemoteWebDriver.java:572)<br />
                      io.appium.java_client.DefaultGenericMobileDriver.execute(DefaultGenericMobileDriver.java:51)<br />
                      io.appium.java_client.AppiumDriver.execute(AppiumDriver.java:1)<br />
                      io.appium.java_client.ios.IOSDriver.execute(IOSDriver.java:1)<br />
                      org.openqa.selenium.remote.RemoteWebDriver.startSession(RemoteWebDriver.java:240)<br />
                      org.openqa.selenium.remote.RemoteWebDriver.&lt;init&gt;(RemoteWebDriver.java:126)<br />
                      org.openqa.selenium.remote.RemoteWebDriver.&lt;init&gt;(RemoteWebDriver.java:139)<br />
                      io.appium.java_client.DefaultGenericMobileDriver.&lt;init&gt;(DefaultGenericMobileDriver.java:47)<br />
                      io.appium.java_client.AppiumDriver.&lt;init&gt;(AppiumDriver.java:114)<br />
                      io.appium.java_client.AppiumDriver.&lt;init&gt;(AppiumDriver.java:132)<br />
                      io.appium.java_client.ios.IOSDriver.&lt;init&gt;(IOSDriver.java:81)<br />
                      com.sysco.test.WorkFlow.setUp(WorkFlow.java:67)<br />
                      sun.reflect.NativeMethodAccessorImpl.invoke0(Native Method)<br />
                      sun.reflect.NativeMethodAccessorImpl.invoke(Unknown Source)<br />
                      sun.reflect.DelegatingMethodAccessorImpl.invoke(Unknown Source)<br />
                      java.lang.reflect.Method.invoke(Unknown Source)<br />
                      org.testng.internal.MethodInvocationHelper.invokeMethod(MethodInvocationHelper.java:84)<br />
                      org.testng.internal.Invoker.invokeConfigurationMethod(Invoker.java:564)<br />
                      org.testng.internal.Invoker.invokeConfigurations(Invoker.java:213)<br />
                      org.testng.internal.Invoker.invokeMethod(Invoker.java:653)<br />
                      org.testng.internal.Invoker.invokeTestMethod(Invoker.java:901)<br />
                      org.testng.internal.Invoker.invokeTestMethods(Invoker.java:1231)<br />
                      org.testng.internal.TestMethodWorker.invokeTestMethods(TestMethodWorker.java:127)<br />
                      org.testng.internal.TestMethodWorker.run(TestMethodWorker.java:111)<br />
                      org.testng.TestRunner.privateRun(TestRunner.java:767)<br />
                      org.testng.TestRunner.run(TestRunner.java:617)<br />
                      org.testng.SuiteRunner.runTest(SuiteRunner.java:334)<br />
                      org.testng.SuiteRunner.runSequentially(SuiteRunner.java:329)<br />
                      org.testng.SuiteRunner.privateRun(SuiteRunner.java:291)<br />
                      org.testng.SuiteRunner.run(SuiteRunner.java:240)<br />
                      org.testng.SuiteRunnerWorker.runSuite(SuiteRunnerWorker.java:52)<br />
                      org.testng.SuiteRunnerWorker.run(SuiteRunnerWorker.java:86)<br />
                      org.testng.TestNG.runSuitesSequentially(TestNG.java:1224)<br />
                      org.testng.TestNG.runSuitesLocally(TestNG.java:1149)<br />
                      org.testng.TestNG.run(TestNG.java:1057)<br />
                      org.testng.remote.AbstractRemoteTestNG.run(AbstractRemoteTestNG.java:126)<br />
                      org.testng.remote.RemoteTestNG.initAndRun(RemoteTestNG.java:152)<br />
                      org.testng.remote.RemoteTestNG.main(RemoteTestNG.java:57)<br />
                  </div>
              <b>Caused by: </b> <a href="javascript:toggleElement('exception-3', 'block')" title="Click to expand/collapse">java.net.ConnectException: Connection timed out: connect</a><br />
        <div class="stackTrace" id="exception-3">
                      java.net.DualStackPlainSocketImpl.waitForConnect(Native Method)<br />
                      java.net.DualStackPlainSocketImpl.socketConnect(Unknown Source)<br />
                      java.net.AbstractPlainSocketImpl.doConnect(Unknown Source)<br />
                      java.net.AbstractPlainSocketImpl.connectToAddress(Unknown Source)<br />
                      java.net.AbstractPlainSocketImpl.connect(Unknown Source)<br />
                      java.net.PlainSocketImpl.connect(Unknown Source)<br />
                      java.net.SocksSocketImpl.connect(Unknown Source)<br />
                      java.net.Socket.connect(Unknown Source)<br />
                      org.apache.http.conn.socket.PlainConnectionSocketFactory.connectSocket(PlainConnectionSocketFactory.java:72)<br />
                      org.apache.http.impl.conn.HttpClientConnectionOperator.connect(HttpClientConnectionOperator.java:125)<br />
                      org.apache.http.impl.conn.PoolingHttpClientConnectionManager.connect(PoolingHttpClientConnectionManager.java:319)<br />
                      org.apache.http.impl.execchain.MainClientExec.establishRoute(MainClientExec.java:363)<br />
                      org.apache.http.impl.execchain.MainClientExec.execute(MainClientExec.java:219)<br />
                      org.apache.http.impl.execchain.ProtocolExec.execute(ProtocolExec.java:195)<br />
                      org.apache.http.impl.execchain.RetryExec.execute(RetryExec.java:86)<br />
                      org.apache.http.impl.execchain.RedirectExec.execute(RedirectExec.java:108)<br />
                      org.apache.http.impl.client.InternalHttpClient.doExecute(InternalHttpClient.java:184)<br />
                      org.apache.http.impl.client.CloseableHttpClient.execute(CloseableHttpClient.java:72)<br />
                      org.apache.http.impl.client.CloseableHttpClient.execute(CloseableHttpClient.java:57)<br />
                      org.openqa.selenium.remote.internal.ApacheHttpClient.fallBackExecute(ApacheHttpClient.java:126)<br />
                      org.openqa.selenium.remote.internal.ApacheHttpClient.execute(ApacheHttpClient.java:72)<br />
                      org.openqa.selenium.remote.HttpCommandExecutor.execute(HttpCommandExecutor.java:133)<br />
                      io.appium.java_client.remote.AppiumCommandExecutor.execute(AppiumCommandExecutor.java:69)<br />
                      org.openqa.selenium.remote.RemoteWebDriver.execute(RemoteWebDriver.java:572)<br />
                      io.appium.java_client.DefaultGenericMobileDriver.execute(DefaultGenericMobileDriver.java:51)<br />
                      io.appium.java_client.AppiumDriver.execute(AppiumDriver.java:1)<br />
                      io.appium.java_client.ios.IOSDriver.execute(IOSDriver.java:1)<br />
                      org.openqa.selenium.remote.RemoteWebDriver.startSession(RemoteWebDriver.java:240)<br />
                      org.openqa.selenium.remote.RemoteWebDriver.&lt;init&gt;(RemoteWebDriver.java:126)<br />
                      org.openqa.selenium.remote.RemoteWebDriver.&lt;init&gt;(RemoteWebDriver.java:139)<br />
                      io.appium.java_client.DefaultGenericMobileDriver.&lt;init&gt;(DefaultGenericMobileDriver.java:47)<br />
                      io.appium.java_client.AppiumDriver.&lt;init&gt;(AppiumDriver.java:114)<br />
                      io.appium.java_client.AppiumDriver.&lt;init&gt;(AppiumDriver.java:132)<br />
                      io.appium.java_client.ios.IOSDriver.&lt;init&gt;(IOSDriver.java:81)<br />
                      com.sysco.test.WorkFlow.setUp(WorkFlow.java:67)<br />
                      sun.reflect.NativeMethodAccessorImpl.invoke0(Native Method)<br />
                      sun.reflect.NativeMethodAccessorImpl.invoke(Unknown Source)<br />
                      sun.reflect.DelegatingMethodAccessorImpl.invoke(Unknown Source)<br />
                      java.lang.reflect.Method.invoke(Unknown Source)<br />
                      org.testng.internal.MethodInvocationHelper.invokeMethod(MethodInvocationHelper.java:84)<br />
                      org.testng.internal.Invoker.invokeConfigurationMethod(Invoker.java:564)<br />
                      org.testng.internal.Invoker.invokeConfigurations(Invoker.java:213)<br />
                      org.testng.internal.Invoker.invokeMethod(Invoker.java:653)<br />
                      org.testng.internal.Invoker.invokeTestMethod(Invoker.java:901)<br />
                      org.testng.internal.Invoker.invokeTestMethods(Invoker.java:1231)<br />
                      org.testng.internal.TestMethodWorker.invokeTestMethods(TestMethodWorker.java:127)<br />
                      org.testng.internal.TestMethodWorker.run(TestMethodWorker.java:111)<br />
                      org.testng.TestRunner.privateRun(TestRunner.java:767)<br />
                      org.testng.TestRunner.run(TestRunner.java:617)<br />
                      org.testng.SuiteRunner.runTest(SuiteRunner.java:334)<br />
                      org.testng.SuiteRunner.runSequentially(SuiteRunner.java:329)<br />
                      org.testng.SuiteRunner.privateRun(SuiteRunner.java:291)<br />
                      org.testng.SuiteRunner.run(SuiteRunner.java:240)<br />
                      org.testng.SuiteRunnerWorker.runSuite(SuiteRunnerWorker.java:52)<br />
                      org.testng.SuiteRunnerWorker.run(SuiteRunnerWorker.java:86)<br />
                      org.testng.TestNG.runSuitesSequentially(TestNG.java:1224)<br />
                      org.testng.TestNG.runSuitesLocally(TestNG.java:1149)<br />
                      org.testng.TestNG.run(TestNG.java:1057)<br />
                      org.testng.remote.AbstractRemoteTestNG.run(AbstractRemoteTestNG.java:126)<br />
                      org.testng.remote.RemoteTestNG.initAndRun(RemoteTestNG.java:152)<br />
                      org.testng.remote.RemoteTestNG.main(RemoteTestNG.java:57)<br />
                  </div>
          </div>
      </td>
</tr>
    
          <tr><td colspan="3">&nbsp;</td></tr>
      <tr><td colspan="3" class="header skippedConfig">Skipped Configuration</td></tr>
                    <tr>
          <td colspan="3" class="group">com.sysco.test.WorkFlow</td>
        </tr>
                
<tr>
  <td class="method">
                  setUp
      </td>
  <td class="duration">
    0.000s
  </td>
  <td class="result">
                               
    
        

      </td>
</tr>
<tr>
  <td class="method">
                  setUp
      </td>
  <td class="duration">
    0.000s
  </td>
  <td class="result">
                               
    
        

      </td>
</tr>
<tr>
  <td class="method">
                  setUp
      </td>
  <td class="duration">
    0.000s
  </td>
  <td class="result">
                               
    
        

      </td>
</tr>
<tr>
  <td class="method">
                  tearDown
      </td>
  <td class="duration">
    0.000s
  </td>
  <td class="result">
                               
    
        

      </td>
</tr>
<tr>
  <td class="method">
                  tearDown
      </td>
  <td class="duration">
    0.000s
  </td>
  <td class="result">
                               
    
        

      </td>
</tr>
<tr>
  <td class="method">
                  tearDown
      </td>
  <td class="duration">
    0.000s
  </td>
  <td class="result">
                               
    
        

      </td>
</tr>
<tr>
  <td class="method">
                  tearDown
      </td>
  <td class="duration">
    0.000s
  </td>
  <td class="result">
                               
    
        

      </td>
</tr>
            </table>



  <table class="resultsTable" width="100%">
    <tr><th colspan="3" class="header skipped">Skipped Tests</th></tr>
          <tr>
        <td colspan="3" class="group">com.sysco.test.WorkFlow</td>
      </tr>
            
<tr>
  <td class="method">
                  <span class="description" title="SI - WF 3-OG + Cus Loc + Cust Category">SI_WF3_OG_CustomMultipleLocation_CustomMultipleCategory</span>
      </td>
  <td class="duration">
    0.002s
  </td>
  <td class="result">
                               
    
        

      </td>
</tr>
<tr>
  <td class="method">
                  <span class="description" title="SI - WF 4-OG + Default Loc + Custom Category ">SI_WF4_OG_DefaultLocation_CustomCategory</span>
      </td>
  <td class="duration">
    0.002s
  </td>
  <td class="result">
                               
    
        

      </td>
</tr>
<tr>
  <td class="method">
                  <span class="description" title="SI - WF 5-OG + Custom Loc + Default Category">SI_WF5_OG_CustomLocation_DefaultCategory</span>
      </td>
  <td class="duration">
    0.002s
  </td>
  <td class="result">
                               
    
        

      </td>
</tr>
<tr>
  <td class="method">
                  <span class="description" title="SI - WF 6-OG + Skip Loc + Skip Cust">SI_WF6_OG_SkipLocation_SkipCategory</span>
      </td>
  <td class="duration">
    0.002s
  </td>
  <td class="result">
                               
    
        

      </td>
</tr>
      </table>

  
</body>
</html>
