<?xml version="1.0" encoding="UTF-8"?>
<!-- Generated by org.testng.reporters.JUnitXMLReporter -->
<testsuite hostname="TVMATP236799D" name="Default test" tests="1" failures="0" timestamp="13 Aug 2016 08:10:00 GMT" time="88.066" errors="0">
  <testcase name="@BeforeMethod setUp" time="0.0" classname="com.sysco.test.WorkFlow">
    <failure type="io.appium.java_client.NoSuchContextException" message="No such context found. (WARNING: The server did not provide any stacktrace information)
Command duration or timeout: 933 milliseconds
Build info: version: &amp;apos;2.45.0&amp;apos;, revision: &amp;apos;5017cb8&amp;apos;, time: &amp;apos;2015-02-26 23:59:50&amp;apos;
System info: host: &amp;apos;TVMATP236799D&amp;apos;, ip: &amp;apos;10.97.130.45&amp;apos;, os.name: &amp;apos;Windows 7&amp;apos;, os.arch: &amp;apos;x86&amp;apos;, os.version: &amp;apos;6.1&amp;apos;, java.version: &amp;apos;1.7.0_51&amp;apos;
Session ID: 19e4b3ba-9086-485d-a056-959ab99a0f07
Driver info: io.appium.java_client.android.AndroidDriver
Capabilities [{platformVersion=6.0.1, app=D:/Periyasamy_Nainar/Download_08122016/UOMQA_SQ-debug.apk, platform=LINUX, databaseEnabled=false, javascriptEnabled=true, platformName=Android, deviceName=1215fc6c06180a04, browserName=Android, webStorageEnabled=false, networkConnectionEnabled=true, desired={app=D:/Periyasamy_Nainar/Download_08122016/UOMQA_SQ-debug.apk, platformVersion=6.0.1, deviceName=1215fc6c06180a04, platformName=Android}, locationContextEnabled=false, warnings={}, takesScreenshot=true}]">
      <![CDATA[io.appium.java_client.NoSuchContextException: No such context found. (WARNING: The server did not provide any stacktrace information)
Command duration or timeout: 933 milliseconds
Build info: version: '2.45.0', revision: '5017cb8', time: '2015-02-26 23:59:50'
System info: host: 'TVMATP236799D', ip: '10.97.130.45', os.name: 'Windows 7', os.arch: 'x86', os.version: '6.1', java.version: '1.7.0_51'
Session ID: 19e4b3ba-9086-485d-a056-959ab99a0f07
Driver info: io.appium.java_client.android.AndroidDriver
Capabilities [{platformVersion=6.0.1, app=D:/Periyasamy_Nainar/Download_08122016/UOMQA_SQ-debug.apk, platform=LINUX, databaseEnabled=false, javascriptEnabled=true, platformName=Android, deviceName=1215fc6c06180a04, browserName=Android, webStorageEnabled=false, networkConnectionEnabled=true, desired={app=D:/Periyasamy_Nainar/Download_08122016/UOMQA_SQ-debug.apk, platformVersion=6.0.1, deviceName=1215fc6c06180a04, platformName=Android}, locationContextEnabled=false, warnings={}, takesScreenshot=true}]
	at sun.reflect.NativeConstructorAccessorImpl.newInstance0(Native Method)
	at sun.reflect.NativeConstructorAccessorImpl.newInstance(NativeConstructorAccessorImpl.java:57)
	at sun.reflect.DelegatingConstructorAccessorImpl.newInstance(DelegatingConstructorAccessorImpl.java:45)
	at java.lang.reflect.Constructor.newInstance(Constructor.java:526)
	at org.openqa.selenium.remote.ErrorHandler.createThrowable(ErrorHandler.java:204)
	at org.openqa.selenium.remote.ErrorHandler.throwIfResponseFailed(ErrorHandler.java:156)
	at org.openqa.selenium.remote.RemoteWebDriver.execute(RemoteWebDriver.java:599)
	at io.appium.java_client.DefaultGenericMobileDriver.execute(DefaultGenericMobileDriver.java:51)
	at io.appium.java_client.AppiumDriver.execute(AppiumDriver.java:1)
	at io.appium.java_client.android.AndroidDriver.execute(AndroidDriver.java:1)
	at io.appium.java_client.AppiumDriver.context(AppiumDriver.java:590)
	at com.sysco.jsn_framework.JSN_Framework.switchToWebContext(JSN_Framework.java:86)
	at com.sysco.test.WorkFlow.setUp(WorkFlow.java:63)
	at sun.reflect.NativeMethodAccessorImpl.invoke0(Native Method)
	at sun.reflect.NativeMethodAccessorImpl.invoke(NativeMethodAccessorImpl.java:57)
	at sun.reflect.DelegatingMethodAccessorImpl.invoke(DelegatingMethodAccessorImpl.java:43)
	at java.lang.reflect.Method.invoke(Method.java:606)
	at org.testng.internal.MethodInvocationHelper.invokeMethod(MethodInvocationHelper.java:80)
	at org.testng.internal.Invoker.invokeConfigurationMethod(Invoker.java:564)
	at org.testng.internal.Invoker.invokeConfigurations(Invoker.java:213)
	at org.testng.internal.Invoker.invokeMethod(Invoker.java:653)
	at org.testng.internal.Invoker.invokeTestMethod(Invoker.java:901)
	at org.testng.internal.Invoker.invokeTestMethods(Invoker.java:1231)
	at org.testng.internal.TestMethodWorker.invokeTestMethods(TestMethodWorker.java:128)
	at org.testng.internal.TestMethodWorker.run(TestMethodWorker.java:111)
	at org.testng.TestRunner.privateRun(TestRunner.java:767)
	at org.testng.TestRunner.run(TestRunner.java:617)
	at org.testng.SuiteRunner.runTest(SuiteRunner.java:334)
	at org.testng.SuiteRunner.runSequentially(SuiteRunner.java:329)
	at org.testng.SuiteRunner.privateRun(SuiteRunner.java:291)
	at org.testng.SuiteRunner.run(SuiteRunner.java:240)
	at org.testng.SuiteRunnerWorker.runSuite(SuiteRunnerWorker.java:52)
	at org.testng.SuiteRunnerWorker.run(SuiteRunnerWorker.java:86)
	at org.testng.TestNG.runSuitesSequentially(TestNG.java:1203)
	at org.testng.TestNG.runSuitesLocally(TestNG.java:1128)
	at org.testng.TestNG.run(TestNG.java:1036)
	at org.testng.remote.RemoteTestNG.run(RemoteTestNG.java:111)
	at org.testng.remote.RemoteTestNG.initAndRun(RemoteTestNG.java:204)
	at org.testng.remote.RemoteTestNG.main(RemoteTestNG.java:175)
]]>
    </failure>
  </testcase> <!-- @BeforeMethod setUp -->
  <testcase name="SI_WF1_OG_DefaultLocation_DefaultCategory" time="0.003" classname="com.sysco.test.WorkFlow">
    <skipped/>
  </testcase> <!-- SI_WF1_OG_DefaultLocation_DefaultCategory -->
</testsuite> <!-- Default test -->
