<?xml version="1.0" encoding="UTF-8"?>
<testng-results skipped="0" failed="1" total="1" passed="0">
  <reporter-output>
    <line>
      <![CDATA[Login page verification :Pass]]>
    </line>
    <line>
      <![CDATA[Save username verification :Pass]]>
    </line>
    <line>
      <![CDATA[Sign In]]>
    </line>
    <line>
      <![CDATA[Sign in :Pass]]>
    </line>
    <line>
      <![CDATA[In categories Page]]>
    </line>
    <line>
      <![CDATA[Navigating to categories page :Pass]]>
    </line>
    <line>
      <![CDATA[Navigating to Add categories page :Pass]]>
    </line>
    <line>
      <![CDATA[added category name :Pass]]>
    </line>
    <line>
      <![CDATA[Selected food :Pass]]>
    </line>
    <line>
      <![CDATA[Tapped on done:Pass]]>
    </line>
    <line>
      <![CDATA[tap on back :Fail]]>
    </line>
  </reporter-output>
  <suite name="Suite" duration-ms="69060" started-at="2016-08-03T04:32:06Z" finished-at="2016-08-03T04:33:15Z">
    <groups>
      <group name="MNS-1-1">
        <method signature="WorkFlow.MNS_1_1_CreateNonSyscoItem_LinkSupplier_Location_Category()[pri:0, instance:com.sysco.test.WorkFlow@7748410a]" name="MNS_1_1_CreateNonSyscoItem_LinkSupplier_Location_Category" class="com.sysco.test.WorkFlow"/>
      </group> <!-- MNS-1-1 -->
    </groups>
    <test name="Test" duration-ms="69060" started-at="2016-08-03T04:32:06Z" finished-at="2016-08-03T04:33:15Z">
      <class name="com.sysco.test.WorkFlow">
        <test-method status="PASS" signature="setUp()[pri:0, instance:com.sysco.test.WorkFlow@7748410a]" name="setUp" is-config="true" duration-ms="14276" started-at="2016-08-02T23:32:06Z" finished-at="2016-08-02T23:32:21Z">
          <reporter-output>
          </reporter-output>
        </test-method> <!-- setUp -->
        <test-method status="FAIL" signature="MNS_1_1_CreateNonSyscoItem_LinkSupplier_Location_Category()[pri:0, instance:com.sysco.test.WorkFlow@7748410a]" name="MNS_1_1_CreateNonSyscoItem_LinkSupplier_Location_Category" duration-ms="52577" started-at="2016-08-02T23:32:21Z" description="MNS-1-Manage_Create Non-Sysco Item_Link Supplier_Location_Expense Category" finished-at="2016-08-02T23:33:13Z">
          <exception class="java.lang.AssertionError">
            <message>
              <![CDATA[expected [true] but found [false]]]>
            </message>
            <full-stacktrace>
              <![CDATA[java.lang.AssertionError: expected [true] but found [false]
	at org.testng.Assert.fail(Assert.java:94)
	at org.testng.Assert.failNotEquals(Assert.java:494)
	at org.testng.Assert.assertTrue(Assert.java:42)
	at org.testng.Assert.assertTrue(Assert.java:52)
	at com.sysco.pages.CategoryPage.TapOnBack(CategoryPage.java:694)
	at com.sysco.test.WorkFlow.MNS_1_1_CreateNonSyscoItem_LinkSupplier_Location_Category(WorkFlow.java:2687)
	at sun.reflect.NativeMethodAccessorImpl.invoke0(Native Method)
	at sun.reflect.NativeMethodAccessorImpl.invoke(NativeMethodAccessorImpl.java:62)
	at sun.reflect.DelegatingMethodAccessorImpl.invoke(DelegatingMethodAccessorImpl.java:43)
	at java.lang.reflect.Method.invoke(Method.java:498)
	at org.testng.internal.MethodInvocationHelper.invokeMethod(MethodInvocationHelper.java:84)
	at org.testng.internal.Invoker.invokeMethod(Invoker.java:714)
	at org.testng.internal.Invoker.invokeTestMethod(Invoker.java:901)
	at org.testng.internal.Invoker.invokeTestMethods(Invoker.java:1231)
	at org.testng.internal.TestMethodWorker.invokeTestMethods(TestMethodWorker.java:127)
	at org.testng.internal.TestMethodWorker.run(TestMethodWorker.java:111)
	at org.testng.TestRunner.privateRun(TestRunner.java:767)
	at org.testng.TestRunner.run(TestRunner.java:617)
	at org.testng.SuiteRunner.runTest(SuiteRunner.java:334)
	at org.testng.SuiteRunner.runSequentially(SuiteRunner.java:329)
	at org.testng.SuiteRunner.privateRun(SuiteRunner.java:291)
	at org.testng.SuiteRunner.run(SuiteRunner.java:240)
	at org.testng.SuiteRunnerWorker.runSuite(SuiteRunnerWorker.java:52)
	at org.testng.SuiteRunnerWorker.run(SuiteRunnerWorker.java:86)
	at org.testng.TestNG.runSuitesSequentially(TestNG.java:1224)
	at org.testng.TestNG.runSuitesLocally(TestNG.java:1149)
	at org.testng.TestNG.run(TestNG.java:1057)
	at org.testng.remote.AbstractRemoteTestNG.run(AbstractRemoteTestNG.java:126)
	at org.testng.remote.RemoteTestNG.initAndRun(RemoteTestNG.java:152)
	at org.testng.remote.RemoteTestNG.main(RemoteTestNG.java:57)
]]>
            </full-stacktrace>
          </exception> <!-- java.lang.AssertionError -->
          <reporter-output>
            <line>
              <![CDATA[Login page verification :Pass]]>
            </line>
            <line>
              <![CDATA[Save username verification :Pass]]>
            </line>
            <line>
              <![CDATA[Sign In]]>
            </line>
            <line>
              <![CDATA[Sign in :Pass]]>
            </line>
            <line>
              <![CDATA[In categories Page]]>
            </line>
            <line>
              <![CDATA[Navigating to categories page :Pass]]>
            </line>
            <line>
              <![CDATA[Navigating to Add categories page :Pass]]>
            </line>
            <line>
              <![CDATA[added category name :Pass]]>
            </line>
            <line>
              <![CDATA[Selected food :Pass]]>
            </line>
            <line>
              <![CDATA[Tapped on done:Pass]]>
            </line>
            <line>
              <![CDATA[tap on back :Fail]]>
            </line>
          </reporter-output>
        </test-method> <!-- MNS_1_1_CreateNonSyscoItem_LinkSupplier_Location_Category -->
        <test-method status="PASS" signature="tearDown()[pri:0, instance:com.sysco.test.WorkFlow@7748410a]" name="tearDown" is-config="true" duration-ms="2175" started-at="2016-08-02T23:33:13Z" finished-at="2016-08-02T23:33:15Z">
          <reporter-output>
          </reporter-output>
        </test-method> <!-- tearDown -->
      </class> <!-- com.sysco.test.WorkFlow -->
    </test> <!-- Test -->
  </suite> <!-- Suite -->
</testng-results>
