<?xml version="1.0" encoding="UTF-8"?>
<testng-results skipped="0" failed="1" total="1" passed="0">
  <reporter-output>
    <line>
      <![CDATA[Login page verification :Pass]]>
    </line>
    <line>
      <![CDATA[Save username verification :Pass]]>
    </line>
    <line>
      <![CDATA[Sign In]]>
    </line>
    <line>
      <![CDATA[Sign in :Pass]]>
    </line>
    <line>
      <![CDATA[Navigating to Setup inventory page :Pass]]>
    </line>
    <line>
      <![CDATA[Tapped on skip :Pass]]>
    </line>
    <line>
      <![CDATA[Selected  orderguide  from SetupInventoryImportItems:Pass]]>
    </line>
    <line>
      <![CDATA[Tapped on Continue :Pass]]>
    </line>
    <line>
      <![CDATA[default location clickElemented :Pass]]>
    </line>
    <line>
      <![CDATA[Tapped on Continue :Pass]]>
    </line>
    <line>
      <![CDATA[Tapped on DoThisLater :Pass]]>
    </line>
    <line>
      <![CDATA[Tapped on TakeHome :Pass]]>
    </line>
    <line>
      <![CDATA[Tapped  TrackInventory from inventory tools page:Pass]]>
    </line>
    <line>
      <![CDATA[Navigating to Add Locations page :Pass]]>
    </line>
    <line>
      <![CDATA[added location name :Pass]]>
    </line>
    <line>
      <![CDATA[Selected cooler :Pass]]>
    </line>
    <line>
      <![CDATA[Tapped on done:Pass]]>
    </line>
    <line>
      <![CDATA[tap on back :Pass]]>
    </line>
    <line>
      <![CDATA[Checking addeded Location in location list]]>
    </line>
    <line>
      <![CDATA[Location is added :Pass]]>
    </line>
    <line>
      <![CDATA[Selecting location]]>
    </line>
    <line>
      <![CDATA[Location is selected for item :Pass]]>
    </line>
    <line>
      <![CDATA[Navigating to Add Locations page :Pass]]>
    </line>
    <line>
      <![CDATA[Nonsysco item selected from add item from page :Pass]]>
    </line>
    <line>
      <![CDATA[Price field is displayed for normal user:Pass]]>
    </line>
    <line>
      <![CDATA[Nonsysco item details are present in page :Fail]]>
    </line>
  </reporter-output>
  <suite name="Suite2" duration-ms="173901" started-at="2016-07-29T11:36:52Z" finished-at="2016-07-29T11:39:46Z">
    <groups>
      <group name="MIL-WF1-WF4">
        <method signature="WorkFlow.MIL_WF1_WF4_Location_AddItems()[pri:0, instance:com.sysco.test.WorkFlow@d2cc05a]" name="MIL_WF1_WF4_Location_AddItems" class="com.sysco.test.WorkFlow"/>
      </group> <!-- MIL-WF1-WF4 -->
    </groups>
    <test name="Test" duration-ms="173901" started-at="2016-07-29T11:36:52Z" finished-at="2016-07-29T11:39:46Z">
      <class name="com.sysco.test.WorkFlow">
        <test-method status="PASS" signature="setUp()[pri:0, instance:com.sysco.test.WorkFlow@d2cc05a]" name="setUp" is-config="true" duration-ms="10963" started-at="2016-07-29T17:06:52Z" finished-at="2016-07-29T17:07:03Z">
          <reporter-output>
          </reporter-output>
        </test-method> <!-- setUp -->
        <test-method status="FAIL" signature="MIL_WF1_WF4_Location_AddItems()[pri:0, instance:com.sysco.test.WorkFlow@d2cc05a]" name="MIL_WF1_WF4_Location_AddItems" duration-ms="161916" started-at="2016-07-29T17:07:03Z" description="MIL - WF 1,WF 4-Creating Location in trackinventory and add items from multiple lists to location" finished-at="2016-07-29T17:09:45Z">
          <exception class="java.lang.AssertionError">
            <message>
              <![CDATA[expected [true] but found [false]]]>
            </message>
            <full-stacktrace>
              <![CDATA[java.lang.AssertionError: expected [true] but found [false]
	at org.testng.Assert.fail(Assert.java:94)
	at org.testng.Assert.failNotEquals(Assert.java:494)
	at org.testng.Assert.assertTrue(Assert.java:42)
	at org.testng.Assert.assertTrue(Assert.java:52)
	at com.sysco.pages.SetupInventoryPage.NonSysco_Prompt(SetupInventoryPage.java:808)
	at com.sysco.test.WorkFlow.MIL_WF1_WF4_Location_AddItems(WorkFlow.java:1428)
	at sun.reflect.NativeMethodAccessorImpl.invoke0(Native Method)
	at sun.reflect.NativeMethodAccessorImpl.invoke(NativeMethodAccessorImpl.java:62)
	at sun.reflect.DelegatingMethodAccessorImpl.invoke(DelegatingMethodAccessorImpl.java:43)
	at java.lang.reflect.Method.invoke(Method.java:498)
	at org.testng.internal.MethodInvocationHelper.invokeMethod(MethodInvocationHelper.java:84)
	at org.testng.internal.Invoker.invokeMethod(Invoker.java:714)
	at org.testng.internal.Invoker.invokeTestMethod(Invoker.java:901)
	at org.testng.internal.Invoker.invokeTestMethods(Invoker.java:1231)
	at org.testng.internal.TestMethodWorker.invokeTestMethods(TestMethodWorker.java:127)
	at org.testng.internal.TestMethodWorker.run(TestMethodWorker.java:111)
	at org.testng.TestRunner.privateRun(TestRunner.java:767)
	at org.testng.TestRunner.run(TestRunner.java:617)
	at org.testng.SuiteRunner.runTest(SuiteRunner.java:334)
	at org.testng.SuiteRunner.runSequentially(SuiteRunner.java:329)
	at org.testng.SuiteRunner.privateRun(SuiteRunner.java:291)
	at org.testng.SuiteRunner.run(SuiteRunner.java:240)
	at org.testng.SuiteRunnerWorker.runSuite(SuiteRunnerWorker.java:52)
	at org.testng.SuiteRunnerWorker.run(SuiteRunnerWorker.java:86)
	at org.testng.TestNG.runSuitesSequentially(TestNG.java:1224)
	at org.testng.TestNG.runSuitesLocally(TestNG.java:1149)
	at org.testng.TestNG.run(TestNG.java:1057)
	at org.testng.remote.RemoteTestNG.run(RemoteTestNG.java:111)
	at org.testng.remote.RemoteTestNG.initAndRun(RemoteTestNG.java:204)
	at org.testng.remote.RemoteTestNG.main(RemoteTestNG.java:175)
]]>
            </full-stacktrace>
          </exception> <!-- java.lang.AssertionError -->
          <reporter-output>
            <line>
              <![CDATA[Login page verification :Pass]]>
            </line>
            <line>
              <![CDATA[Save username verification :Pass]]>
            </line>
            <line>
              <![CDATA[Sign In]]>
            </line>
            <line>
              <![CDATA[Sign in :Pass]]>
            </line>
            <line>
              <![CDATA[Navigating to Setup inventory page :Pass]]>
            </line>
            <line>
              <![CDATA[Tapped on skip :Pass]]>
            </line>
            <line>
              <![CDATA[Selected  orderguide  from SetupInventoryImportItems:Pass]]>
            </line>
            <line>
              <![CDATA[Tapped on Continue :Pass]]>
            </line>
            <line>
              <![CDATA[default location clickElemented :Pass]]>
            </line>
            <line>
              <![CDATA[Tapped on Continue :Pass]]>
            </line>
            <line>
              <![CDATA[Tapped on DoThisLater :Pass]]>
            </line>
            <line>
              <![CDATA[Tapped on TakeHome :Pass]]>
            </line>
            <line>
              <![CDATA[Tapped  TrackInventory from inventory tools page:Pass]]>
            </line>
            <line>
              <![CDATA[Navigating to Add Locations page :Pass]]>
            </line>
            <line>
              <![CDATA[added location name :Pass]]>
            </line>
            <line>
              <![CDATA[Selected cooler :Pass]]>
            </line>
            <line>
              <![CDATA[Tapped on done:Pass]]>
            </line>
            <line>
              <![CDATA[tap on back :Pass]]>
            </line>
            <line>
              <![CDATA[Checking addeded Location in location list]]>
            </line>
            <line>
              <![CDATA[Location is added :Pass]]>
            </line>
            <line>
              <![CDATA[Selecting location]]>
            </line>
            <line>
              <![CDATA[Location is selected for item :Pass]]>
            </line>
            <line>
              <![CDATA[Navigating to Add Locations page :Pass]]>
            </line>
            <line>
              <![CDATA[Nonsysco item selected from add item from page :Pass]]>
            </line>
            <line>
              <![CDATA[Price field is displayed for normal user:Pass]]>
            </line>
            <line>
              <![CDATA[Nonsysco item details are present in page :Fail]]>
            </line>
          </reporter-output>
        </test-method> <!-- MIL_WF1_WF4_Location_AddItems -->
        <test-method status="PASS" signature="tearDown()[pri:0, instance:com.sysco.test.WorkFlow@d2cc05a]" name="tearDown" is-config="true" duration-ms="1012" started-at="2016-07-29T17:09:45Z" finished-at="2016-07-29T17:09:46Z">
          <reporter-output>
          </reporter-output>
        </test-method> <!-- tearDown -->
      </class> <!-- com.sysco.test.WorkFlow -->
    </test> <!-- Test -->
  </suite> <!-- Suite2 -->
</testng-results>
