<html>
<head>
<title>TestNG:  Default test</title>
<link href="../testng.css" rel="stylesheet" type="text/css" />
<link href="../my-testng.css" rel="stylesheet" type="text/css" />

<style type="text/css">
.log { display: none;} 
.stack-trace { display: none;} 
</style>
<script type="text/javascript">
<!--
function flip(e) {
  current = e.style.display;
  if (current == 'block') {
    e.style.display = 'none';
    return 0;
  }
  else {
    e.style.display = 'block';
    return 1;
  }
}

function toggleBox(szDivId, elem, msg1, msg2)
{
  var res = -1;  if (document.getElementById) {
    res = flip(document.getElementById(szDivId));
  }
  else if (document.all) {
    // this is the way old msie versions work
    res = flip(document.all[szDivId]);
  }
  if(elem) {
    if(res == 0) elem.innerHTML = msg1; else elem.innerHTML = msg2;
  }

}

function toggleAllBoxes() {
  if (document.getElementsByTagName) {
    d = document.getElementsByTagName('div');
    for (i = 0; i < d.length; i++) {
      if (d[i].className == 'log') {
        flip(d[i]);
      }
    }
  }
}

// -->
</script>

</head>
<body>
<h2 align='center'>Default test</h2><table border='1' align="center">
<tr>
<td>Tests passed/Failed/Skipped:</td><td>1/1/0</td>
</tr><tr>
<td>Started on:</td><td>Wed Jun 01 18:06:37 IST 2016</td>
</tr>
<tr><td>Total time:</td><td>664 seconds (664606 ms)</td>
</tr><tr>
<td>Included groups:</td><td></td>
</tr><tr>
<td>Excluded groups:</td><td></td>
</tr>
</table><p/>
<small><i>(Hover the method name to see the test class name)</i></small><p/>
<table width='100%' border='1' class='invocation-failed'>
<tr><td colspan='4' align='center'><b>FAILED TESTS</b></td></tr>
<tr><td><b>Test method</b></td>
<td width="30%"><b>Exception</b></td>
<td width="10%"><b>Time (seconds)</b></td>
<td><b>Instance</b></td>
</tr>
<tr>
<td title='com.tests.May27TestSuite4.SubmitOrder_Categories_Search_Home()'><b>SubmitOrder_Categories_Search_Home</b><br>Test class: com.tests.May27TestSuite4<br>Test method: Submit order from category via search in home page<br/>
<a href="#Output-1873647547" onClick='toggleBox("Output-1873647547", this, "Show output", "Hide output");'>Show output</a>

<a href="#Output-1873647547" onClick="toggleAllBoxes();">Show all outputs</a>
<div class='log' id="Output-1873647547">
[18:11:11] : <b><FONT SIZE="2">Opened Login Page </FONT></b><br><br/>
#scenario:Verify login Page Elements<br/>
[18:11:15] : <b><FONT SIZE="2">Sysco logo  displayed:Pass</FONT></b><br><br/>
[18:12:17] : <b><FONT SIZE="2">Enter User Name</FONT></b><br><br/>
[18:12:18] : <b><FONT SIZE="2">Enter Password</FONT></b><br><br/>
[18:12:20] : <b><FONT SIZE="2">Click on Login  Button</FONT></b><br><br/>
[18:12:20] : <b><FONT SIZE="2">User Logged In: Pass</FONT></b><br><br/>
[18:12:36] : <b><FONT SIZE="2">at category home click</FONT></b><br><br/>
[18:12:37] : <b><FONT SIZE="2">Clicked on category in Home Page: Pass</FONT></b><br><br/>
[18:12:42] : <b><FONT SIZE="2">at category home search click</FONT></b><br><br/>
[18:12:43] : <b><FONT SIZE="2">Clicked on category search in Home Page: Pass</FONT></b><br><br/>
[18:12:49] : <b><FONT SIZE="2">at select category home click</FONT></b><br><br/>
[18:12:51] : <b><FONT SIZE="2">Clicked on an item in category in Home Page: Pass</FONT></b><br><br/>
[18:12:52] : <b><FONT SIZE="2">at  ProductCategoriesPage</FONT></b><br><br/>
[18:13:01] : <b><FONT SIZE="2">Clicked on Plus Btn : Pass</FONT></b><br><br/>
[18:13:16] : <b><FONT SIZE="2">at create_Click</FONT></b><br><br/>
[18:13:32] : <b><FONT SIZE="2">Clicked on Create : Pass</FONT></b><br><br/>
[18:13:32] : <b><FONT SIZE="2">at cart_Click</FONT></b><br><br/>
[18:13:53] : <b><FONT SIZE="2">Clicked on Cart : Pass</FONT></b><br><br/>
[18:13:53] : <b><FONT SIZE="2">at My active order</FONT></b><br><br/>
Error communicating with the remote browser. It may have died.
Build info: version: '2.51.0', revision: '1af067d', time: '2016-02-05 19:15:17'
System info: host: 'tvmatp2261m.ad.infosys.com', ip: '10.155.162.81', os.name: 'Mac OS X', os.arch: 'x86_64', os.version: '10.11', java.version: '1.7.0_71'
Driver info: driver.version: RemoteWebDriver
Session ID: 73c62dfa-eccb-4611-8a74-2d697547e195
Capabilities [{automationName=Appium, platform=LINUX, app=/Users/jithya.joseph/Desktop/SyscoEndeca-debug.apk, javascriptEnabled=true, appActivity=, networkConnectionEnabled=true, desired={automationName=Appium, newCommandTimeout=120, app=/Users/jithya.joseph/Desktop/SyscoEndeca-debug.apk, platformVersion=6.0, autoWebview=false, deviceName=Sysco Galaxy S6, platformName=Android, appActivity=, appPackage=}, locationContextEnabled=false, appPackage=, newCommandTimeout=120, platformVersion=6.0.1, databaseEnabled=false, autoWebview=false, deviceName=1215fc6c214b2204, platformName=Android, webStorageEnabled=false, warnings={}, takesScreenshot=true}]<br/>
<b><font color='RED'>ERROR	:- myActiveOrder_SubmitOrder:Fail expected [false] but found [true]</font></b><br/>
Error communicating with the remote browser. It may have died.
Build info: version: '2.51.0', revision: '1af067d', time: '2016-02-05 19:15:17'
System info: host: 'tvmatp2261m.ad.infosys.com', ip: '10.155.162.81', os.name: 'Mac OS X', os.arch: 'x86_64', os.version: '10.11', java.version: '1.7.0_71'
Driver info: driver.version: RemoteWebDriver
Session ID: 73c62dfa-eccb-4611-8a74-2d697547e195
Capabilities [{automationName=Appium, platform=LINUX, app=/Users/jithya.joseph/Desktop/SyscoEndeca-debug.apk, javascriptEnabled=true, appActivity=, networkConnectionEnabled=true, desired={automationName=Appium, newCommandTimeout=120, app=/Users/jithya.joseph/Desktop/SyscoEndeca-debug.apk, platformVersion=6.0, autoWebview=false, deviceName=Sysco Galaxy S6, platformName=Android, appActivity=, appPackage=}, locationContextEnabled=false, appPackage=, newCommandTimeout=120, platformVersion=6.0.1, databaseEnabled=false, autoWebview=false, deviceName=1215fc6c214b2204, platformName=Android, webStorageEnabled=false, warnings={}, takesScreenshot=true}]<br/>
</div>
</td>
<td><div><pre>java.lang.AssertionError: myActiveOrder_SubmitOrder:Fail expected [false] but found [true]
	at org.testng.Assert.fail(Assert.java:94)
	at org.testng.Assert.failNotEquals(Assert.java:513)
	at org.testng.Assert.assertFalse(Assert.java:63)
	at com.components.pages.MyActiveOrderPage.myActiveOrder_SubmitOrder(MyActiveOrderPage.java:195)
	at com.tests.May27TestSuite4.SubmitOrder_Categories_Search_Home(May27TestSuite4.java:130)
	at sun.reflect.NativeMethodAccessorImpl.invoke0(Native Method)
	at sun.reflect.NativeMethodAccessorImpl.invoke(NativeMethodAccessorImpl.java:57)
	at sun.reflect.DelegatingMethodAccessorImpl.invoke(DelegatingMethodAccessorImpl.java:43)
	at java.lang.reflect.Method.invoke(Method.java:606)
	at org.testng.internal.MethodInvocationHelper.invokeMethod(MethodInvocationHelper.java:86)
	at org.testng.internal.Invoker.invokeMethod(Invoker.java:645)
	at org.testng.internal.Invoker.invokeTestMethod(Invoker.java:822)
	at org.testng.internal.Invoker.invokeTestMethods(Invoker.java:1130)
	at org.testng.internal.TestMethodWorker.invokeTestMethods(TestMethodWorker.java:129)
	at org.testng.internal.TestMethodWorker.run(TestMethodWorker.java:112)
	at org.testng.TestRunner.privateRun(TestRunner.java:782)
	at org.testng.TestRunner.run(TestRunner.java:632)
	at org.testng.SuiteRunner.runTest(SuiteRunner.java:366)
	at org.testng.SuiteRunner.runSequentially(SuiteRunner.java:361)
	at org.testng.SuiteRunner.privateRun(SuiteRunner.java:319)
	at org.testng.SuiteRunner.run(SuiteRunner.java:268)
	at org.testng.SuiteRunnerWorker.runSuite(SuiteRunnerWorker.java:52)
	at org.testng.SuiteRunnerWorker.run(SuiteRunnerWorker.java:86)
	at org.testng.TestNG.runSuitesSequentially(TestNG.java:1244)
	at org.testng.TestNG.runSuitesLocally(TestNG.java:1169)
	at org.testng.TestNG.run(TestNG.java:1064)
	at org.testng.remote.RemoteTestNG.run(RemoteTestNG.java:113)
	at org.testng.remote.RemoteTestNG.initAndRun(RemoteTestNG.java:206)
	at org.testng.remote.RemoteTestNG.main(RemoteTestNG.java:177)
</pre></div><a href='#' onClick='toggleBox("stack-trace1873647547", this, "Click to show all stack frames", "Click to hide stack frames")'>Click to show all stack frames</a>
<div class='stack-trace' id='stack-trace1873647547'><pre>java.lang.AssertionError: myActiveOrder_SubmitOrder:Fail expected [false] but found [true]
	at org.testng.Assert.fail(Assert.java:94)
	at org.testng.Assert.failNotEquals(Assert.java:513)
	at org.testng.Assert.assertFalse(Assert.java:63)
	at com.components.pages.MyActiveOrderPage.myActiveOrder_SubmitOrder(MyActiveOrderPage.java:195)
	at com.tests.May27TestSuite4.SubmitOrder_Categories_Search_Home(May27TestSuite4.java:130)
	at sun.reflect.NativeMethodAccessorImpl.invoke0(Native Method)
	at sun.reflect.NativeMethodAccessorImpl.invoke(NativeMethodAccessorImpl.java:57)
	at sun.reflect.DelegatingMethodAccessorImpl.invoke(DelegatingMethodAccessorImpl.java:43)
	at java.lang.reflect.Method.invoke(Method.java:606)
	at org.testng.internal.MethodInvocationHelper.invokeMethod(MethodInvocationHelper.java:86)
	at org.testng.internal.Invoker.invokeMethod(Invoker.java:645)
	at org.testng.internal.Invoker.invokeTestMethod(Invoker.java:822)
	at org.testng.internal.Invoker.invokeTestMethods(Invoker.java:1130)
	at org.testng.internal.TestMethodWorker.invokeTestMethods(TestMethodWorker.java:129)
	at org.testng.internal.TestMethodWorker.run(TestMethodWorker.java:112)
	at org.testng.TestRunner.privateRun(TestRunner.java:782)
	at org.testng.TestRunner.run(TestRunner.java:632)
	at org.testng.SuiteRunner.runTest(SuiteRunner.java:366)
	at org.testng.SuiteRunner.runSequentially(SuiteRunner.java:361)
	at org.testng.SuiteRunner.privateRun(SuiteRunner.java:319)
	at org.testng.SuiteRunner.run(SuiteRunner.java:268)
	at org.testng.SuiteRunnerWorker.runSuite(SuiteRunnerWorker.java:52)
	at org.testng.SuiteRunnerWorker.run(SuiteRunnerWorker.java:86)
	at org.testng.TestNG.runSuitesSequentially(TestNG.java:1244)
	at org.testng.TestNG.runSuitesLocally(TestNG.java:1169)
	at org.testng.TestNG.run(TestNG.java:1064)
	at org.testng.remote.RemoteTestNG.run(RemoteTestNG.java:113)
	at org.testng.remote.RemoteTestNG.initAndRun(RemoteTestNG.java:206)
	at org.testng.remote.RemoteTestNG.main(RemoteTestNG.java:177)
</pre></div></td>
<td>397</td>
<td>com.tests.May27TestSuite4@54e156e1</td></tr>
<tr>
<td title='com.tests.May27TestSuite4.SubmitOrder_Categories_Search_Home()'><b>SubmitOrder_Categories_Search_Home</b><br>Test class: com.tests.May27TestSuite4<br>Test method: Submit order from category via search in home page<br/>
<a href="#Output-1001821763" onClick='toggleBox("Output-1001821763", this, "Show output", "Hide output");'>Show output</a>

<a href="#Output-1001821763" onClick="toggleAllBoxes();">Show all outputs</a>
<div class='log' id="Output-1001821763">
<b><font color='RED'>ERROR	:- Error occured while closing webdriver sessionError communicating with the remote browser. It may have died.
Build info: version: '2.51.0', revision: '1af067d', time: '2016-02-05 19:15:17'
System info: host: 'tvmatp2261m.ad.infosys.com', ip: '10.155.162.81', os.name: 'Mac OS X', os.arch: 'x86_64', os.version: '10.11', java.version: '1.7.0_71'
Driver info: driver.version: RemoteWebDriver
Session ID: 73c62dfa-eccb-4611-8a74-2d697547e195
Capabilities [{automationName=Appium, platform=LINUX, app=/Users/jithya.joseph/Desktop/SyscoEndeca-debug.apk, javascriptEnabled=true, appActivity=, networkConnectionEnabled=true, desired={automationName=Appium, newCommandTimeout=120, app=/Users/jithya.joseph/Desktop/SyscoEndeca-debug.apk, platformVersion=6.0, autoWebview=false, deviceName=Sysco Galaxy S6, platformName=Android, appActivity=, appPackage=}, locationContextEnabled=false, appPackage=, newCommandTimeout=120, platformVersion=6.0.1, databaseEnabled=false, autoWebview=false, deviceName=1215fc6c214b2204, platformName=Android, webStorageEnabled=false, warnings={}, takesScreenshot=true}]</font></b><br/>
</div>
</td>
<td><div><pre>java.lang.RuntimeException: Error occured while closing webdriver sessionError communicating with the remote browser. It may have died.
Build info: version: &apos;2.51.0&apos;, revision: &apos;1af067d&apos;, time: &apos;2016-02-05 19:15:17&apos;
System info: host: &apos;tvmatp2261m.ad.infosys.com&apos;, ip: &apos;10.155.162.81&apos;, os.name: &apos;Mac OS X&apos;, os.arch: &apos;x86_64&apos;, os.version: &apos;10.11&apos;, java.version: &apos;1.7.0_71&apos;
Driver info: driver.version: RemoteWebDriver
Session ID: 73c62dfa-eccb-4611-8a74-2d697547e195
Capabilities [{automationName=Appium, platform=LINUX, app=/Users/jithya.joseph/Desktop/SyscoEndeca-debug.apk, javascriptEnabled=true, appActivity=, networkConnectionEnabled=true, desired={automationName=Appium, newCommandTimeout=120, app=/Users/jithya.joseph/Desktop/SyscoEndeca-debug.apk, platformVersion=6.0, autoWebview=false, deviceName=Sysco Galaxy S6, platformName=Android, appActivity=, appPackage=}, locationContextEnabled=false, appPackage=, newCommandTimeout=120, platformVersion=6.0.1, databaseEnabled=false, autoWebview=false, deviceName=1215fc6c214b2204, platformName=Android, webStorageEnabled=false, warnings={}, takesScreenshot=true}]
	at zRfghY.s.b(WebDriverFactory.java:48)
	at com.iwaf.framework.testng.TestNGTestListener.closeTestSession(TestNGTestListener.java:458)
	at com.iwaf.framework.testng.TestNGTestListener.onTestFailure(TestNGTestListener.java:291)
	at org.testng.internal.Invoker.runTestListeners(Invoker.java:1693)
	at org.testng.internal.Invoker.runTestListeners(Invoker.java:1677)
	at org.testng.internal.Invoker.invokeMethod(Invoker.java:702)
	at org.testng.internal.Invoker.invokeTestMethod(Invoker.java:822)
	at org.testng.internal.Invoker.invokeTestMethods(Invoker.java:1130)
	at org.testng.internal.TestMethodWorker.invokeTestMethods(TestMethodWorker.java:129)
	at org.testng.internal.TestMethodWorker.run(TestMethodWorker.java:112)
	at org.testng.TestRunner.privateRun(TestRunner.java:782)
	at org.testng.TestRunner.run(TestRunner.java:632)
	at org.testng.SuiteRunner.runTest(SuiteRunner.java:366)
	at org.testng.SuiteRunner.runSequentially(SuiteRunner.java:361)
	at org.testng.SuiteRunner.privateRun(SuiteRunner.java:319)
	at org.testng.SuiteRunner.run(SuiteRunner.java:268)
	at org.testng.SuiteRunnerWorker.runSuite(SuiteRunnerWorker.java:52)
	at org.testng.SuiteRunnerWorker.run(SuiteRunnerWorker.java:86)
	at org.testng.TestNG.runSuitesSequentially(TestNG.java:1244)
	at org.testng.TestNG.runSuitesLocally(TestNG.java:1169)
	at org.testng.TestNG.run(TestNG.java:1064)
	at org.testng.remote.RemoteTestNG.run(RemoteTestNG.java:113)
	at org.testng.remote.RemoteTestNG.initAndRun(RemoteTestNG.java:206)
	at org.testng.remote.RemoteTestNG.main(RemoteTestNG.java:177)
Caused by: org.openqa.selenium.remote.UnreachableBrowserException: Error communicating with the remote browser. It may have died.
Build info: version: &apos;2.51.0&apos;, revision: &apos;1af067d&apos;, time: &apos;2016-02-05 19:15:17&apos;
System info: host: &apos;tvmatp2261m.ad.infosys.com&apos;, ip: &apos;10.155.162.81&apos;, os.name: &apos;Mac OS X&apos;, os.arch: &apos;x86_64&apos;, os.version: &apos;10.11&apos;, java.version: &apos;1.7.0_71&apos;
Driver info: driver.version: RemoteWebDriver
Session ID: 73c62dfa-eccb-4611-8a74-2d697547e195
Capabilities [{automationName=Appium, platform=LINUX, app=/Users/jithya.joseph/Desktop/SyscoEndeca-debug.apk, javascriptEnabled=true, appActivity=, networkConnectionEnabled=true, desired={automationName=Appium, newCommandTimeout=120, app=/Users/jithya.joseph/Desktop/SyscoEndeca-debug.apk, platformVersion=6.0, autoWebview=false, deviceName=Sysco Galaxy S6, platformName=Android, appActivity=, appPackage=}, locationContextEnabled=false, appPackage=, newCommandTimeout=120, platformVersion=6.0.1, databaseEnabled=false, autoWebview=false, deviceName=1215fc6c214b2204, platformName=Android, webStorageEnabled=false, warnings={}, takesScreenshot=true}]
	at org.openqa.selenium.remote.RemoteWebDriver.execute(RemoteWebDriver.java:665)
	at io.appium.java_client.DefaultGenericMobileDriver.execute(DefaultGenericMobileDriver.java:42)
	at io.appium.java_client.AppiumDriver.execute(AppiumDriver.java:189)
	at org.openqa.selenium.remote.RemoteWebDriver.quit(RemoteWebDriver.java:526)
	at zRfghY.t.c(WebDriverInstanceGenerator.java:131)
	at zRfghY.s.b(WebDriverFactory.java:45)
	... 23 more
Caused by: org.openqa.selenium.WebDriverException: org.apache.http.conn.HttpHostConnectException: Connect to 10.155.162.81:4723 [/10.155.162.81] failed: Connection refused
Build info: version: &apos;2.51.0&apos;, revision: &apos;1af067d&apos;, time: &apos;2016-02-05 19:15:17&apos;
System info: host: &apos;tvmatp2261m.ad.infosys.com&apos;, ip: &apos;10.155.162.81&apos;, os.name: &apos;Mac OS X&apos;, os.arch: &apos;x86_64&apos;, os.version: &apos;10.11&apos;, java.version: &apos;1.7.0_71&apos;
Driver info: driver.version: RemoteWebDriver
	at io.appium.java_client.remote.AppiumCommandExecutor.execute(AppiumCommandExecutor.java:64)
	at org.openqa.selenium.remote.RemoteWebDriver.execute(RemoteWebDriver.java:644)
	... 28 more
Caused by: org.apache.http.conn.HttpHostConnectException: Connect to 10.155.162.81:4723 [/10.155.162.81] failed: Connection refused
	at org.apache.http.impl.conn.DefaultHttpClientConnectionOperator.connect(DefaultHttpClientConnectionOperator.java:151)
	at org.apache.http.impl.conn.PoolingHttpClientConnectionManager.connect(PoolingHttpClientConnectionManager.java:353)
	at org.apache.http.impl.execchain.MainClientExec.establishRoute(MainClientExec.java:380)
	at org.apache.http.impl.execchain.MainClientExec.execute(MainClientExec.java:236)
	at org.apache.http.impl.execchain.ProtocolExec.execute(ProtocolExec.java:184)
	at org.apache.http.impl.execchain.RetryExec.execute(RetryExec.java:88)
	at org.apache.http.impl.execchain.RedirectExec.execute(RedirectExec.java:110)
	at org.apache.http.impl.client.InternalHttpClient.doExecute(InternalHttpClient.java:184)
	at org.apache.http.impl.client.CloseableHttpClient.execute(CloseableHttpClient.java:71)
	at org.apache.http.impl.client.CloseableHttpClient.execute(CloseableHttpClient.java:55)
	at org.openqa.selenium.remote.internal.ApacheHttpClient.fallBackExecute(ApacheHttpClient.java:144)
	at org.openqa.selenium.remote.internal.ApacheHttpClient.execute(ApacheHttpClient.java:90)
	at org.openqa.selenium.remote.HttpCommandExecutor.execute(HttpCommandExecutor.java:142)
	at io.appium.java_client.remote.AppiumCommandExecutor.execute(AppiumCommandExecutor.java:52)
	... 29 more
Caused by: java.net.ConnectException: Connection refused
	at java.net.PlainSocketImpl.socketConnect(Native Method)
	at java.net.AbstractPlainSocketImpl.doConnect(AbstractPlainSocketImpl.java:339)
	at java.net.AbstractPlainSocketImpl.connectToAddress(AbstractPlainSocketImpl.java:200)
	at java.net.AbstractPlainSocketImpl.connect(AbstractPlainSocketImpl.java:182)
	at java.net.SocksSocketImpl.connect(SocksSocketImpl.java:392)
	at java.net.Socket.connect(Socket.java:579)
	at org.apache.http.conn.socket.PlainConnectionSocketFactory.connectSocket(PlainConnectionSocketFactory.java:74)
	at org.apache.http.impl.conn.DefaultHttpClientConnectionOperator.connect(DefaultHttpClientConnectionOperator.java:134)
	... 42 more
</pre></div><a href='#' onClick='toggleBox("stack-trace1001821763", this, "Click to show all stack frames", "Click to hide stack frames")'>Click to show all stack frames</a>
<div class='stack-trace' id='stack-trace1001821763'><pre>java.lang.RuntimeException: Error occured while closing webdriver sessionError communicating with the remote browser. It may have died.
Build info: version: &apos;2.51.0&apos;, revision: &apos;1af067d&apos;, time: &apos;2016-02-05 19:15:17&apos;
System info: host: &apos;tvmatp2261m.ad.infosys.com&apos;, ip: &apos;10.155.162.81&apos;, os.name: &apos;Mac OS X&apos;, os.arch: &apos;x86_64&apos;, os.version: &apos;10.11&apos;, java.version: &apos;1.7.0_71&apos;
Driver info: driver.version: RemoteWebDriver
Session ID: 73c62dfa-eccb-4611-8a74-2d697547e195
Capabilities [{automationName=Appium, platform=LINUX, app=/Users/jithya.joseph/Desktop/SyscoEndeca-debug.apk, javascriptEnabled=true, appActivity=, networkConnectionEnabled=true, desired={automationName=Appium, newCommandTimeout=120, app=/Users/jithya.joseph/Desktop/SyscoEndeca-debug.apk, platformVersion=6.0, autoWebview=false, deviceName=Sysco Galaxy S6, platformName=Android, appActivity=, appPackage=}, locationContextEnabled=false, appPackage=, newCommandTimeout=120, platformVersion=6.0.1, databaseEnabled=false, autoWebview=false, deviceName=1215fc6c214b2204, platformName=Android, webStorageEnabled=false, warnings={}, takesScreenshot=true}]
	at zRfghY.s.b(WebDriverFactory.java:48)
	at com.iwaf.framework.testng.TestNGTestListener.closeTestSession(TestNGTestListener.java:458)
	at com.iwaf.framework.testng.TestNGTestListener.onTestFailure(TestNGTestListener.java:291)
	at org.testng.internal.Invoker.runTestListeners(Invoker.java:1693)
	at org.testng.internal.Invoker.runTestListeners(Invoker.java:1677)
	at org.testng.internal.Invoker.invokeMethod(Invoker.java:702)
	at org.testng.internal.Invoker.invokeTestMethod(Invoker.java:822)
	at org.testng.internal.Invoker.invokeTestMethods(Invoker.java:1130)
	at org.testng.internal.TestMethodWorker.invokeTestMethods(TestMethodWorker.java:129)
	at org.testng.internal.TestMethodWorker.run(TestMethodWorker.java:112)
	at org.testng.TestRunner.privateRun(TestRunner.java:782)
	at org.testng.TestRunner.run(TestRunner.java:632)
	at org.testng.SuiteRunner.runTest(SuiteRunner.java:366)
	at org.testng.SuiteRunner.runSequentially(SuiteRunner.java:361)
	at org.testng.SuiteRunner.privateRun(SuiteRunner.java:319)
	at org.testng.SuiteRunner.run(SuiteRunner.java:268)
	at org.testng.SuiteRunnerWorker.runSuite(SuiteRunnerWorker.java:52)
	at org.testng.SuiteRunnerWorker.run(SuiteRunnerWorker.java:86)
	at org.testng.TestNG.runSuitesSequentially(TestNG.java:1244)
	at org.testng.TestNG.runSuitesLocally(TestNG.java:1169)
	at org.testng.TestNG.run(TestNG.java:1064)
	at org.testng.remote.RemoteTestNG.run(RemoteTestNG.java:113)
	at org.testng.remote.RemoteTestNG.initAndRun(RemoteTestNG.java:206)
	at org.testng.remote.RemoteTestNG.main(RemoteTestNG.java:177)
Caused by: org.openqa.selenium.remote.UnreachableBrowserException: Error communicating with the remote browser. It may have died.
Build info: version: &apos;2.51.0&apos;, revision: &apos;1af067d&apos;, time: &apos;2016-02-05 19:15:17&apos;
System info: host: &apos;tvmatp2261m.ad.infosys.com&apos;, ip: &apos;10.155.162.81&apos;, os.name: &apos;Mac OS X&apos;, os.arch: &apos;x86_64&apos;, os.version: &apos;10.11&apos;, java.version: &apos;1.7.0_71&apos;
Driver info: driver.version: RemoteWebDriver
Session ID: 73c62dfa-eccb-4611-8a74-2d697547e195
Capabilities [{automationName=Appium, platform=LINUX, app=/Users/jithya.joseph/Desktop/SyscoEndeca-debug.apk, javascriptEnabled=true, appActivity=, networkConnectionEnabled=true, desired={automationName=Appium, newCommandTimeout=120, app=/Users/jithya.joseph/Desktop/SyscoEndeca-debug.apk, platformVersion=6.0, autoWebview=false, deviceName=Sysco Galaxy S6, platformName=Android, appActivity=, appPackage=}, locationContextEnabled=false, appPackage=, newCommandTimeout=120, platformVersion=6.0.1, databaseEnabled=false, autoWebview=false, deviceName=1215fc6c214b2204, platformName=Android, webStorageEnabled=false, warnings={}, takesScreenshot=true}]
	at org.openqa.selenium.remote.RemoteWebDriver.execute(RemoteWebDriver.java:665)
	at io.appium.java_client.DefaultGenericMobileDriver.execute(DefaultGenericMobileDriver.java:42)
	at io.appium.java_client.AppiumDriver.execute(AppiumDriver.java:189)
	at org.openqa.selenium.remote.RemoteWebDriver.quit(RemoteWebDriver.java:526)
	at zRfghY.t.c(WebDriverInstanceGenerator.java:131)
	at zRfghY.s.b(WebDriverFactory.java:45)
	... 23 more
Caused by: org.openqa.selenium.WebDriverException: org.apache.http.conn.HttpHostConnectException: Connect to 10.155.162.81:4723 [/10.155.162.81] failed: Connection refused
Build info: version: &apos;2.51.0&apos;, revision: &apos;1af067d&apos;, time: &apos;2016-02-05 19:15:17&apos;
System info: host: &apos;tvmatp2261m.ad.infosys.com&apos;, ip: &apos;10.155.162.81&apos;, os.name: &apos;Mac OS X&apos;, os.arch: &apos;x86_64&apos;, os.version: &apos;10.11&apos;, java.version: &apos;1.7.0_71&apos;
Driver info: driver.version: RemoteWebDriver
	at io.appium.java_client.remote.AppiumCommandExecutor.execute(AppiumCommandExecutor.java:64)
	at org.openqa.selenium.remote.RemoteWebDriver.execute(RemoteWebDriver.java:644)
	... 28 more
Caused by: org.apache.http.conn.HttpHostConnectException: Connect to 10.155.162.81:4723 [/10.155.162.81] failed: Connection refused
	at org.apache.http.impl.conn.DefaultHttpClientConnectionOperator.connect(DefaultHttpClientConnectionOperator.java:151)
	at org.apache.http.impl.conn.PoolingHttpClientConnectionManager.connect(PoolingHttpClientConnectionManager.java:353)
	at org.apache.http.impl.execchain.MainClientExec.establishRoute(MainClientExec.java:380)
	at org.apache.http.impl.execchain.MainClientExec.execute(MainClientExec.java:236)
	at org.apache.http.impl.execchain.ProtocolExec.execute(ProtocolExec.java:184)
	at org.apache.http.impl.execchain.RetryExec.execute(RetryExec.java:88)
	at org.apache.http.impl.execchain.RedirectExec.execute(RedirectExec.java:110)
	at org.apache.http.impl.client.InternalHttpClient.doExecute(InternalHttpClient.java:184)
	at org.apache.http.impl.client.CloseableHttpClient.execute(CloseableHttpClient.java:71)
	at org.apache.http.impl.client.CloseableHttpClient.execute(CloseableHttpClient.java:55)
	at org.openqa.selenium.remote.internal.ApacheHttpClient.fallBackExecute(ApacheHttpClient.java:144)
	at org.openqa.selenium.remote.internal.ApacheHttpClient.execute(ApacheHttpClient.java:90)
	at org.openqa.selenium.remote.HttpCommandExecutor.execute(HttpCommandExecutor.java:142)
	at io.appium.java_client.remote.AppiumCommandExecutor.execute(AppiumCommandExecutor.java:52)
	... 29 more
Caused by: java.net.ConnectException: Connection refused
	at java.net.PlainSocketImpl.socketConnect(Native Method)
	at java.net.AbstractPlainSocketImpl.doConnect(AbstractPlainSocketImpl.java:339)
	at java.net.AbstractPlainSocketImpl.connectToAddress(AbstractPlainSocketImpl.java:200)
	at java.net.AbstractPlainSocketImpl.connect(AbstractPlainSocketImpl.java:182)
	at java.net.SocksSocketImpl.connect(SocksSocketImpl.java:392)
	at java.net.Socket.connect(Socket.java:579)
	at org.apache.http.conn.socket.PlainConnectionSocketFactory.connectSocket(PlainConnectionSocketFactory.java:74)
	at org.apache.http.impl.conn.DefaultHttpClientConnectionOperator.connect(DefaultHttpClientConnectionOperator.java:134)
	... 42 more
</pre></div></td>
<td>397</td>
<td>com.tests.May27TestSuite4@54e156e1</td></tr>
</table><p>
<table width='100%' border='1' class='invocation-passed'>
<tr><td colspan='4' align='center'><b>PASSED TESTS</b></td></tr>
<tr><td><b>Test method</b></td>
<td width="30%"><b>Exception</b></td>
<td width="10%"><b>Time (seconds)</b></td>
<td><b>Instance</b></td>
</tr>
<tr>
<td title='com.tests.May27TestSuite4.SubmitOrder_Categories_Home()'><b>SubmitOrder_Categories_Home</b><br>Test class: com.tests.May27TestSuite4<br>Test method: Submit order from category in home page<br/>
<a href="#Output-890831760" onClick='toggleBox("Output-890831760", this, "Show output", "Hide output");'>Show output</a>

<a href="#Output-890831760" onClick="toggleAllBoxes();">Show all outputs</a>
<div class='log' id="Output-890831760">
[18:06:45] : <b><FONT SIZE="2">Opened Login Page </FONT></b><br><br/>
#scenario:Verify login Page Elements<br/>
[18:06:48] : <b><FONT SIZE="2">Sysco logo  displayed:Pass</FONT></b><br><br/>
[18:08:51] : <b><FONT SIZE="2">Enter User Name</FONT></b><br><br/>
[18:08:52] : <b><FONT SIZE="2">Enter Password</FONT></b><br><br/>
[18:08:54] : <b><FONT SIZE="2">Click on Login  Button</FONT></b><br><br/>
[18:08:55] : <b><FONT SIZE="2">User Logged In: Pass</FONT></b><br><br/>
[18:09:10] : <b><FONT SIZE="2">at category home click</FONT></b><br><br/>
[18:09:11] : <b><FONT SIZE="2">Clicked on category in Home Page: Pass</FONT></b><br><br/>
[18:09:16] : <b><FONT SIZE="2">at  subcategory home click</FONT></b><br><br/>
[18:09:19] : <b><FONT SIZE="2">Clicked on subcategory in Home Page: Pass</FONT></b><br><br/>
[18:09:19] : <b><FONT SIZE="2">at  ProductCategoriesPage</FONT></b><br><br/>
[18:09:30] : <b><FONT SIZE="2">Clicked on Plus Btn : Pass</FONT></b><br><br/>
[18:09:45] : <b><FONT SIZE="2">at create_Click</FONT></b><br><br/>
[18:10:02] : <b><FONT SIZE="2">Clicked on Create : Pass</FONT></b><br><br/>
[18:10:02] : <b><FONT SIZE="2">at cart_Click</FONT></b><br><br/>
[18:10:23] : <b><FONT SIZE="2">Clicked on Cart : Pass</FONT></b><br><br/>
[18:10:23] : <b><FONT SIZE="2">at My active order</FONT></b><br><br/>
[18:10:41] : <b><FONT SIZE="2">Clicked on My Active order Submit button: Pass</FONT></b><br><br/>
[18:10:52] : <b><FONT SIZE="2">Alert closed: Pass</FONT></b><br><br/>
Test completed : SubmitOrder_Categories_Home<br/>
</div>
</td>
<td></td>
<td>264</td>
<td>com.tests.May27TestSuite4@54e156e1</td></tr>
</table><p>
</body>
</html>