<!DOCTYPE html PUBLIC "-//W3C//DTD XHTML 1.1//EN" "http://www.w3.org/TR/xhtml11/DTD/xhtml11.dtd">
<html xmlns="http://www.w3.org/1999/xhtml"><head><title>TestNG Report</title><style type="text/css">table {margin-bottom:10px;border-collapse:collapse;empty-cells:show}th,td {border:1px solid #009;padding:.25em .5em}th {vertical-align:bottom}td {vertical-align:top}table a {font-weight:bold}.stripe td {background-color: #E6EBF9}.num {text-align:right}.passedodd td {background-color: #3F3}.passedeven td {background-color: #0A0}.skippedodd td {background-color: #DDD}.skippedeven td {background-color: #CCC}.failedodd td,.attn {background-color: #F33}.failedeven td,.stripe .attn {background-color: #D00}.stacktrace {white-space:pre;font-family:monospace}.totop {font-size:85%;text-align:center;border-bottom:2px solid #000}</style></head><body><table><tr><th>Test</th><th># Passed</th><th># Skipped</th><th># Failed</th><th>Time (ms)</th><th>Included Groups</th><th>Excluded Groups</th></tr><tr><th colspan="7">somename</th></tr><tr><td><a href="#t0">Default test</a></td><td class="num">2</td><td class="num">0</td><td class="num attn">2</td><td class="num">1,578,784</td><td></td><td></td></tr></table><table><thead><tr><th>Class</th><th>Method</th><th>Start</th><th>Time (ms)</th></tr></thead><tbody><tr><th colspan="4">somename</th></tr></tbody><tbody id="t0"><tr><th colspan="4">Default test &#8212; failed</th></tr><tr class="failedeven"><td rowspan="2">com.tests.May27TestSuite4</td><td><a href="#m0">SubmitOrder_Brand_Search_Home</a></td><td rowspan="2">1464783145889</td><td rowspan="2">1094385</td></tr><tr class="failedeven"><td><a href="#m1">SubmitOrder_Brand_Search_Home</a></td></tr><tr><th colspan="4">Default test &#8212; passed</th></tr><tr class="passedeven"><td rowspan="2">com.tests.May27TestSuite4</td><td><a href="#m2">SubmitOrder_Categories_Home</a></td><td rowspan="1">1464782670883</td><td rowspan="1">325055</td></tr><tr class="passedeven"><td><a href="#m3">SubmitOrder_Categories_Search_Home</a></td><td rowspan="1">1464782997539</td><td rowspan="1">146727</td></tr></tbody></table><h2>Default test</h2><h3 id="m0">com.tests.May27TestSuite4#SubmitOrder_Brand_Search_Home</h3><table class="result"><tr><th>Messages</th></tr><tr><td><div class="messages">[17:42:33] : &lt;b&gt;&lt;FONT SIZE=&quot;2&quot;&gt;Opened Login Page &lt;/FONT&gt;&lt;/b&gt;&lt;br&gt;<br/>#scenario:Verify login Page Elements<br/>[17:42:37] : &lt;b&gt;&lt;FONT SIZE=&quot;2&quot;&gt;Sysco logo  displayed:Pass&lt;/FONT&gt;&lt;/b&gt;&lt;br&gt;<br/>[17:45:41] : &lt;b&gt;&lt;FONT SIZE=&quot;2&quot;&gt;Enter User Name&lt;/FONT&gt;&lt;/b&gt;&lt;br&gt;<br/>[17:45:42] : &lt;b&gt;&lt;FONT SIZE=&quot;2&quot;&gt;Enter Password&lt;/FONT&gt;&lt;/b&gt;&lt;br&gt;<br/>[17:45:44] : &lt;b&gt;&lt;FONT SIZE=&quot;2&quot;&gt;Click on Login  Button&lt;/FONT&gt;&lt;/b&gt;&lt;br&gt;<br/>[17:45:44] : &lt;b&gt;&lt;FONT SIZE=&quot;2&quot;&gt;User Logged In: Pass&lt;/FONT&gt;&lt;/b&gt;&lt;br&gt;<br/>[17:46:00] : &lt;b&gt;&lt;FONT SIZE=&quot;2&quot;&gt;at brand home click&lt;/FONT&gt;&lt;/b&gt;&lt;br&gt;<br/>[17:47:00] : &lt;b&gt;&lt;FONT SIZE=&quot;2&quot;&gt;Clicked on brand in Home Page: Pass&lt;/FONT&gt;&lt;/b&gt;&lt;br&gt;<br/>[17:47:06] : &lt;b&gt;&lt;FONT SIZE=&quot;2&quot;&gt;at brand home search click&lt;/FONT&gt;&lt;/b&gt;&lt;br&gt;<br/>[17:47:07] : &lt;b&gt;&lt;FONT SIZE=&quot;2&quot;&gt;Clicked on brand search in Home Page: Pass&lt;/FONT&gt;&lt;/b&gt;&lt;br&gt;<br/>[17:47:12] : &lt;b&gt;&lt;FONT SIZE=&quot;2&quot;&gt;at brand home search click&lt;/FONT&gt;&lt;/b&gt;&lt;br&gt;<br/>[17:47:14] : &lt;b&gt;&lt;FONT SIZE=&quot;2&quot;&gt;Clicked on an item in brand search in Home Page: Pass&lt;/FONT&gt;&lt;/b&gt;&lt;br&gt;<br/>[17:47:14] : &lt;b&gt;&lt;FONT SIZE=&quot;2&quot;&gt;at  ProductCategoriesPage&lt;/FONT&gt;&lt;/b&gt;&lt;br&gt;<br/>[17:47:30] : &lt;b&gt;&lt;FONT SIZE=&quot;2&quot;&gt;Clicked on Plus Btn : Pass&lt;/FONT&gt;&lt;/b&gt;&lt;br&gt;<br/>[17:47:46] : &lt;b&gt;&lt;FONT SIZE=&quot;2&quot;&gt;at create_Click&lt;/FONT&gt;&lt;/b&gt;&lt;br&gt;<br/>[17:48:01] : &lt;b&gt;&lt;FONT SIZE=&quot;2&quot;&gt;Clicked on Create : Pass&lt;/FONT&gt;&lt;/b&gt;&lt;br&gt;<br/>[17:48:02] : &lt;b&gt;&lt;FONT SIZE=&quot;2&quot;&gt;at cart_Click&lt;/FONT&gt;&lt;/b&gt;&lt;br&gt;<br/>[17:48:23] : &lt;b&gt;&lt;FONT SIZE=&quot;2&quot;&gt;Clicked on Cart : Pass&lt;/FONT&gt;&lt;/b&gt;&lt;br&gt;<br/>[17:48:23] : &lt;b&gt;&lt;FONT SIZE=&quot;2&quot;&gt;at My active order&lt;/FONT&gt;&lt;/b&gt;&lt;br&gt;<br/>An unknown server-side error occurred while processing the command. Original error: Could not proxy. Proxy error: New Command Timeout of 120 seconds expired. Try customizing the timeout using the &apos;newCommandTimeout&apos; desired capability (WARNING: The server did not provide any stacktrace information)
Command duration or timeout: 721.11 seconds
Build info: version: &apos;2.51.0&apos;, revision: &apos;1af067d&apos;, time: &apos;2016-02-05 19:15:17&apos;
System info: host: &apos;tvmatp2261m.ad.infosys.com&apos;, ip: &apos;10.155.162.81&apos;, os.name: &apos;Mac OS X&apos;, os.arch: &apos;x86_64&apos;, os.version: &apos;10.11&apos;, java.version: &apos;1.7.0_71&apos;
Session ID: 728e88f6-41b4-492d-95e5-8e58b0ed38f1
Driver info: io.appium.java_client.android.AndroidDriver
Capabilities [{automationName=Appium, platform=LINUX, app=/Users/jithya.joseph/Desktop/SyscoEndeca-debug.apk, javascriptEnabled=true, appActivity=, networkConnectionEnabled=true, desired={automationName=Appium, newCommandTimeout=120, app=/Users/jithya.joseph/Desktop/SyscoEndeca-debug.apk, platformVersion=6.0, autoWebview=false, deviceName=Sysco Galaxy S6, platformName=Android, appActivity=, appPackage=}, locationContextEnabled=false, appPackage=, newCommandTimeout=120, platformVersion=6.0.1, databaseEnabled=false, autoWebview=false, deviceName=1215fc6c214b2204, platformName=Android, webStorageEnabled=false, warnings={}, takesScreenshot=true}]<br/>&lt;b&gt;&lt;font color=&apos;RED&apos;&gt;ERROR	:- myActiveOrder_SubmitOrder:Fail expected [false] but found [true]&lt;/font&gt;&lt;/b&gt;<br/>A session is either terminated or not started (WARNING: The server did not provide any stacktrace information)
Command duration or timeout: 4 milliseconds
Build info: version: &apos;2.51.0&apos;, revision: &apos;1af067d&apos;, time: &apos;2016-02-05 19:15:17&apos;
System info: host: &apos;tvmatp2261m.ad.infosys.com&apos;, ip: &apos;10.155.162.81&apos;, os.name: &apos;Mac OS X&apos;, os.arch: &apos;x86_64&apos;, os.version: &apos;10.11&apos;, java.version: &apos;1.7.0_71&apos;
Session ID: 728e88f6-41b4-492d-95e5-8e58b0ed38f1
Driver info: io.appium.java_client.android.AndroidDriver
Capabilities [{automationName=Appium, platform=LINUX, app=/Users/jithya.joseph/Desktop/SyscoEndeca-debug.apk, javascriptEnabled=true, appActivity=, networkConnectionEnabled=true, desired={automationName=Appium, newCommandTimeout=120, app=/Users/jithya.joseph/Desktop/SyscoEndeca-debug.apk, platformVersion=6.0, autoWebview=false, deviceName=Sysco Galaxy S6, platformName=Android, appActivity=, appPackage=}, locationContextEnabled=false, appPackage=, newCommandTimeout=120, platformVersion=6.0.1, databaseEnabled=false, autoWebview=false, deviceName=1215fc6c214b2204, platformName=Android, webStorageEnabled=false, warnings={}, takesScreenshot=true}]</div></td></tr><tr><th>Exception</th></tr><tr><td><div class="stacktrace">java.lang.AssertionError: myActiveOrder_SubmitOrder:Fail expected [false] but found [true]
	at org.testng.Assert.fail(Assert.java:94)
	at org.testng.Assert.failNotEquals(Assert.java:513)
	at org.testng.Assert.assertFalse(Assert.java:63)
	at com.components.pages.MyActiveOrderPage.myActiveOrder_SubmitOrder(MyActiveOrderPage.java:195)
	at com.tests.May27TestSuite4.SubmitOrder_Brand_Search_Home(May27TestSuite4.java:157)
	at sun.reflect.NativeMethodAccessorImpl.invoke0(Native Method)
	at sun.reflect.NativeMethodAccessorImpl.invoke(NativeMethodAccessorImpl.java:57)
	at sun.reflect.DelegatingMethodAccessorImpl.invoke(DelegatingMethodAccessorImpl.java:43)
	at java.lang.reflect.Method.invoke(Method.java:606)
	at org.testng.internal.MethodInvocationHelper.invokeMethod(MethodInvocationHelper.java:86)
	at org.testng.internal.Invoker.invokeMethod(Invoker.java:645)
	at org.testng.internal.Invoker.invokeTestMethod(Invoker.java:822)
	at org.testng.internal.Invoker.invokeTestMethods(Invoker.java:1130)
	at org.testng.internal.TestMethodWorker.invokeTestMethods(TestMethodWorker.java:129)
	at org.testng.internal.TestMethodWorker.run(TestMethodWorker.java:112)
	at org.testng.TestRunner.privateRun(TestRunner.java:782)
	at org.testng.TestRunner.run(TestRunner.java:632)
	at org.testng.SuiteRunner.runTest(SuiteRunner.java:366)
	at org.testng.SuiteRunner.runSequentially(SuiteRunner.java:361)
	at org.testng.SuiteRunner.privateRun(SuiteRunner.java:319)
	at org.testng.SuiteRunner.run(SuiteRunner.java:268)
	at org.testng.SuiteRunnerWorker.runSuite(SuiteRunnerWorker.java:52)
	at org.testng.SuiteRunnerWorker.run(SuiteRunnerWorker.java:86)
	at org.testng.TestNG.runSuitesSequentially(TestNG.java:1244)
	at org.testng.TestNG.runSuitesLocally(TestNG.java:1169)
	at org.testng.TestNG.run(TestNG.java:1064)
	at org.testng.remote.RemoteTestNG.run(RemoteTestNG.java:113)
	at org.testng.remote.RemoteTestNG.initAndRun(RemoteTestNG.java:206)
	at org.testng.remote.RemoteTestNG.main(RemoteTestNG.java:177)
</div></td></tr></table><p class="totop"><a href="#summary">back to summary</a></p><h3 id="m1">com.tests.May27TestSuite4#SubmitOrder_Brand_Search_Home</h3><table class="result"><tr><th>Messages</th></tr><tr><td><div class="messages">&lt;b&gt;&lt;font color=&apos;RED&apos;&gt;ERROR	:- Error occured while closing webdriver sessionA session is either terminated or not started (WARNING: The server did not provide any stacktrace information)
Command duration or timeout: 4 milliseconds
Build info: version: &apos;2.51.0&apos;, revision: &apos;1af067d&apos;, time: &apos;2016-02-05 19:15:17&apos;
System info: host: &apos;tvmatp2261m.ad.infosys.com&apos;, ip: &apos;10.155.162.81&apos;, os.name: &apos;Mac OS X&apos;, os.arch: &apos;x86_64&apos;, os.version: &apos;10.11&apos;, java.version: &apos;1.7.0_71&apos;
Session ID: 728e88f6-41b4-492d-95e5-8e58b0ed38f1
Driver info: io.appium.java_client.android.AndroidDriver
Capabilities [{automationName=Appium, platform=LINUX, app=/Users/jithya.joseph/Desktop/SyscoEndeca-debug.apk, javascriptEnabled=true, appActivity=, networkConnectionEnabled=true, desired={automationName=Appium, newCommandTimeout=120, app=/Users/jithya.joseph/Desktop/SyscoEndeca-debug.apk, platformVersion=6.0, autoWebview=false, deviceName=Sysco Galaxy S6, platformName=Android, appActivity=, appPackage=}, locationContextEnabled=false, appPackage=, newCommandTimeout=120, platformVersion=6.0.1, databaseEnabled=false, autoWebview=false, deviceName=1215fc6c214b2204, platformName=Android, webStorageEnabled=false, warnings={}, takesScreenshot=true}]&lt;/font&gt;&lt;/b&gt;</div></td></tr><tr><th>Exception</th></tr><tr><td><div class="stacktrace">java.lang.RuntimeException: Error occured while closing webdriver sessionA session is either terminated or not started (WARNING: The server did not provide any stacktrace information)
Command duration or timeout: 4 milliseconds
Build info: version: &apos;2.51.0&apos;, revision: &apos;1af067d&apos;, time: &apos;2016-02-05 19:15:17&apos;
System info: host: &apos;tvmatp2261m.ad.infosys.com&apos;, ip: &apos;10.155.162.81&apos;, os.name: &apos;Mac OS X&apos;, os.arch: &apos;x86_64&apos;, os.version: &apos;10.11&apos;, java.version: &apos;1.7.0_71&apos;
Session ID: 728e88f6-41b4-492d-95e5-8e58b0ed38f1
Driver info: io.appium.java_client.android.AndroidDriver
Capabilities [{automationName=Appium, platform=LINUX, app=/Users/jithya.joseph/Desktop/SyscoEndeca-debug.apk, javascriptEnabled=true, appActivity=, networkConnectionEnabled=true, desired={automationName=Appium, newCommandTimeout=120, app=/Users/jithya.joseph/Desktop/SyscoEndeca-debug.apk, platformVersion=6.0, autoWebview=false, deviceName=Sysco Galaxy S6, platformName=Android, appActivity=, appPackage=}, locationContextEnabled=false, appPackage=, newCommandTimeout=120, platformVersion=6.0.1, databaseEnabled=false, autoWebview=false, deviceName=1215fc6c214b2204, platformName=Android, webStorageEnabled=false, warnings={}, takesScreenshot=true}]
	at zRfghY.s.b(WebDriverFactory.java:48)
	at com.iwaf.framework.testng.TestNGTestListener.closeTestSession(TestNGTestListener.java:458)
	at com.iwaf.framework.testng.TestNGTestListener.onTestFailure(TestNGTestListener.java:291)
	at org.testng.internal.Invoker.runTestListeners(Invoker.java:1693)
	at org.testng.internal.Invoker.runTestListeners(Invoker.java:1677)
	at org.testng.internal.Invoker.invokeMethod(Invoker.java:702)
	at org.testng.internal.Invoker.invokeTestMethod(Invoker.java:822)
	at org.testng.internal.Invoker.invokeTestMethods(Invoker.java:1130)
	at org.testng.internal.TestMethodWorker.invokeTestMethods(TestMethodWorker.java:129)
	at org.testng.internal.TestMethodWorker.run(TestMethodWorker.java:112)
	at org.testng.TestRunner.privateRun(TestRunner.java:782)
	at org.testng.TestRunner.run(TestRunner.java:632)
	at org.testng.SuiteRunner.runTest(SuiteRunner.java:366)
	at org.testng.SuiteRunner.runSequentially(SuiteRunner.java:361)
	at org.testng.SuiteRunner.privateRun(SuiteRunner.java:319)
	at org.testng.SuiteRunner.run(SuiteRunner.java:268)
	at org.testng.SuiteRunnerWorker.runSuite(SuiteRunnerWorker.java:52)
	at org.testng.SuiteRunnerWorker.run(SuiteRunnerWorker.java:86)
	at org.testng.TestNG.runSuitesSequentially(TestNG.java:1244)
	at org.testng.TestNG.runSuitesLocally(TestNG.java:1169)
	at org.testng.TestNG.run(TestNG.java:1064)
	at org.testng.remote.RemoteTestNG.run(RemoteTestNG.java:113)
	at org.testng.remote.RemoteTestNG.initAndRun(RemoteTestNG.java:206)
	at org.testng.remote.RemoteTestNG.main(RemoteTestNG.java:177)
Caused by: org.openqa.selenium.remote.SessionNotFoundException: A session is either terminated or not started (WARNING: The server did not provide any stacktrace information)
Command duration or timeout: 4 milliseconds
Build info: version: &apos;2.51.0&apos;, revision: &apos;1af067d&apos;, time: &apos;2016-02-05 19:15:17&apos;
System info: host: &apos;tvmatp2261m.ad.infosys.com&apos;, ip: &apos;10.155.162.81&apos;, os.name: &apos;Mac OS X&apos;, os.arch: &apos;x86_64&apos;, os.version: &apos;10.11&apos;, java.version: &apos;1.7.0_71&apos;
Session ID: 728e88f6-41b4-492d-95e5-8e58b0ed38f1
Driver info: io.appium.java_client.android.AndroidDriver
Capabilities [{automationName=Appium, platform=LINUX, app=/Users/jithya.joseph/Desktop/SyscoEndeca-debug.apk, javascriptEnabled=true, appActivity=, networkConnectionEnabled=true, desired={automationName=Appium, newCommandTimeout=120, app=/Users/jithya.joseph/Desktop/SyscoEndeca-debug.apk, platformVersion=6.0, autoWebview=false, deviceName=Sysco Galaxy S6, platformName=Android, appActivity=, appPackage=}, locationContextEnabled=false, appPackage=, newCommandTimeout=120, platformVersion=6.0.1, databaseEnabled=false, autoWebview=false, deviceName=1215fc6c214b2204, platformName=Android, webStorageEnabled=false, warnings={}, takesScreenshot=true}]
	at sun.reflect.NativeConstructorAccessorImpl.newInstance0(Native Method)
	at sun.reflect.NativeConstructorAccessorImpl.newInstance(NativeConstructorAccessorImpl.java:57)
	at sun.reflect.DelegatingConstructorAccessorImpl.newInstance(DelegatingConstructorAccessorImpl.java:45)
	at java.lang.reflect.Constructor.newInstance(Constructor.java:526)
	at org.openqa.selenium.remote.ErrorHandler.createThrowable(ErrorHandler.java:206)
	at org.openqa.selenium.remote.ErrorHandler.throwIfResponseFailed(ErrorHandler.java:164)
	at org.openqa.selenium.remote.RemoteWebDriver.execute(RemoteWebDriver.java:678)
	at io.appium.java_client.DefaultGenericMobileDriver.execute(DefaultGenericMobileDriver.java:42)
	at io.appium.java_client.AppiumDriver.execute(AppiumDriver.java:189)
	at org.openqa.selenium.remote.RemoteWebDriver.quit(RemoteWebDriver.java:526)
	at zRfghY.t.c(WebDriverInstanceGenerator.java:131)
	at zRfghY.s.b(WebDriverFactory.java:45)
	... 23 more
</div></td></tr></table><p class="totop"><a href="#summary">back to summary</a></p><h3 id="m2">com.tests.May27TestSuite4#SubmitOrder_Categories_Home</h3><table class="result"><tr><th>Messages</th></tr><tr><td><div class="messages">[17:34:38] : &lt;b&gt;&lt;FONT SIZE=&quot;2&quot;&gt;Opened Login Page &lt;/FONT&gt;&lt;/b&gt;&lt;br&gt;<br/>#scenario:Verify login Page Elements<br/>[17:34:42] : &lt;b&gt;&lt;FONT SIZE=&quot;2&quot;&gt;Sysco logo  displayed:Pass&lt;/FONT&gt;&lt;/b&gt;&lt;br&gt;<br/>[17:37:46] : &lt;b&gt;&lt;FONT SIZE=&quot;2&quot;&gt;Enter User Name&lt;/FONT&gt;&lt;/b&gt;&lt;br&gt;<br/>[17:37:47] : &lt;b&gt;&lt;FONT SIZE=&quot;2&quot;&gt;Enter Password&lt;/FONT&gt;&lt;/b&gt;&lt;br&gt;<br/>[17:37:48] : &lt;b&gt;&lt;FONT SIZE=&quot;2&quot;&gt;Click on Login  Button&lt;/FONT&gt;&lt;/b&gt;&lt;br&gt;<br/>[17:37:49] : &lt;b&gt;&lt;FONT SIZE=&quot;2&quot;&gt;User Logged In: Pass&lt;/FONT&gt;&lt;/b&gt;&lt;br&gt;<br/>[17:38:04] : &lt;b&gt;&lt;FONT SIZE=&quot;2&quot;&gt;at category home click&lt;/FONT&gt;&lt;/b&gt;&lt;br&gt;<br/>[17:38:05] : &lt;b&gt;&lt;FONT SIZE=&quot;2&quot;&gt;Clicked on category in Home Page: Pass&lt;/FONT&gt;&lt;/b&gt;&lt;br&gt;<br/>[17:38:10] : &lt;b&gt;&lt;FONT SIZE=&quot;2&quot;&gt;at  subcategory home click&lt;/FONT&gt;&lt;/b&gt;&lt;br&gt;<br/>[17:38:13] : &lt;b&gt;&lt;FONT SIZE=&quot;2&quot;&gt;Clicked on subcategory in Home Page: Pass&lt;/FONT&gt;&lt;/b&gt;&lt;br&gt;<br/>[17:38:13] : &lt;b&gt;&lt;FONT SIZE=&quot;2&quot;&gt;at  ProductCategoriesPage&lt;/FONT&gt;&lt;/b&gt;&lt;br&gt;<br/>[17:38:24] : &lt;b&gt;&lt;FONT SIZE=&quot;2&quot;&gt;Clicked on Plus Btn : Pass&lt;/FONT&gt;&lt;/b&gt;&lt;br&gt;<br/>[17:38:39] : &lt;b&gt;&lt;FONT SIZE=&quot;2&quot;&gt;at create_Click&lt;/FONT&gt;&lt;/b&gt;&lt;br&gt;<br/>[17:38:55] : &lt;b&gt;&lt;FONT SIZE=&quot;2&quot;&gt;Clicked on Create : Pass&lt;/FONT&gt;&lt;/b&gt;&lt;br&gt;<br/>[17:38:55] : &lt;b&gt;&lt;FONT SIZE=&quot;2&quot;&gt;at cart_Click&lt;/FONT&gt;&lt;/b&gt;&lt;br&gt;<br/>[17:39:16] : &lt;b&gt;&lt;FONT SIZE=&quot;2&quot;&gt;Clicked on Cart : Pass&lt;/FONT&gt;&lt;/b&gt;&lt;br&gt;<br/>[17:39:16] : &lt;b&gt;&lt;FONT SIZE=&quot;2&quot;&gt;at My active order&lt;/FONT&gt;&lt;/b&gt;&lt;br&gt;<br/>[17:39:34] : &lt;b&gt;&lt;FONT SIZE=&quot;2&quot;&gt;Clicked on My Active order Submit button: Pass&lt;/FONT&gt;&lt;/b&gt;&lt;br&gt;<br/>[17:39:45] : &lt;b&gt;&lt;FONT SIZE=&quot;2&quot;&gt;Alert closed: Pass&lt;/FONT&gt;&lt;/b&gt;&lt;br&gt;<br/>Test completed : SubmitOrder_Categories_Home</div></td></tr></table><p class="totop"><a href="#summary">back to summary</a></p><h3 id="m3">com.tests.May27TestSuite4#SubmitOrder_Categories_Search_Home</h3><table class="result"><tr><th>Messages</th></tr><tr><td><div class="messages">[17:40:04] : &lt;b&gt;&lt;FONT SIZE=&quot;2&quot;&gt;Opened Login Page &lt;/FONT&gt;&lt;/b&gt;&lt;br&gt;<br/>#scenario:Verify login Page Elements<br/>[17:40:09] : &lt;b&gt;&lt;FONT SIZE=&quot;2&quot;&gt;Sysco logo  displayed:Pass&lt;/FONT&gt;&lt;/b&gt;&lt;br&gt;<br/>[17:40:10] : &lt;b&gt;&lt;FONT SIZE=&quot;2&quot;&gt;Enter User Name&lt;/FONT&gt;&lt;/b&gt;&lt;br&gt;<br/>[17:40:11] : &lt;b&gt;&lt;FONT SIZE=&quot;2&quot;&gt;Enter Password&lt;/FONT&gt;&lt;/b&gt;&lt;br&gt;<br/>[17:40:12] : &lt;b&gt;&lt;FONT SIZE=&quot;2&quot;&gt;Click on Login  Button&lt;/FONT&gt;&lt;/b&gt;&lt;br&gt;<br/>[17:40:12] : &lt;b&gt;&lt;FONT SIZE=&quot;2&quot;&gt;User Logged In: Pass&lt;/FONT&gt;&lt;/b&gt;&lt;br&gt;<br/>[17:40:28] : &lt;b&gt;&lt;FONT SIZE=&quot;2&quot;&gt;at category home click&lt;/FONT&gt;&lt;/b&gt;&lt;br&gt;<br/>[17:40:28] : &lt;b&gt;&lt;FONT SIZE=&quot;2&quot;&gt;Clicked on category in Home Page: Pass&lt;/FONT&gt;&lt;/b&gt;&lt;br&gt;<br/>[17:40:34] : &lt;b&gt;&lt;FONT SIZE=&quot;2&quot;&gt;at category home search click&lt;/FONT&gt;&lt;/b&gt;&lt;br&gt;<br/>[17:40:35] : &lt;b&gt;&lt;FONT SIZE=&quot;2&quot;&gt;Clicked on category search in Home Page: Pass&lt;/FONT&gt;&lt;/b&gt;&lt;br&gt;<br/>[17:40:40] : &lt;b&gt;&lt;FONT SIZE=&quot;2&quot;&gt;at select category home click&lt;/FONT&gt;&lt;/b&gt;&lt;br&gt;<br/>[17:40:43] : &lt;b&gt;&lt;FONT SIZE=&quot;2&quot;&gt;Clicked on an item in category in Home Page: Pass&lt;/FONT&gt;&lt;/b&gt;&lt;br&gt;<br/>[17:40:43] : &lt;b&gt;&lt;FONT SIZE=&quot;2&quot;&gt;at  ProductCategoriesPage&lt;/FONT&gt;&lt;/b&gt;&lt;br&gt;<br/>[17:40:52] : &lt;b&gt;&lt;FONT SIZE=&quot;2&quot;&gt;Clicked on Plus Btn : Pass&lt;/FONT&gt;&lt;/b&gt;&lt;br&gt;<br/>[17:41:08] : &lt;b&gt;&lt;FONT SIZE=&quot;2&quot;&gt;at create_Click&lt;/FONT&gt;&lt;/b&gt;&lt;br&gt;<br/>[17:41:23] : &lt;b&gt;&lt;FONT SIZE=&quot;2&quot;&gt;Clicked on Create : Pass&lt;/FONT&gt;&lt;/b&gt;&lt;br&gt;<br/>[17:41:24] : &lt;b&gt;&lt;FONT SIZE=&quot;2&quot;&gt;at cart_Click&lt;/FONT&gt;&lt;/b&gt;&lt;br&gt;<br/>[17:41:44] : &lt;b&gt;&lt;FONT SIZE=&quot;2&quot;&gt;Clicked on Cart : Pass&lt;/FONT&gt;&lt;/b&gt;&lt;br&gt;<br/>[17:41:45] : &lt;b&gt;&lt;FONT SIZE=&quot;2&quot;&gt;at My active order&lt;/FONT&gt;&lt;/b&gt;&lt;br&gt;<br/>[17:42:02] : &lt;b&gt;&lt;FONT SIZE=&quot;2&quot;&gt;Clicked on My Active order Submit button: Pass&lt;/FONT&gt;&lt;/b&gt;&lt;br&gt;<br/>[17:42:14] : &lt;b&gt;&lt;FONT SIZE=&quot;2&quot;&gt;Alert closed: Pass&lt;/FONT&gt;&lt;/b&gt;&lt;br&gt;<br/>Test completed : SubmitOrder_Categories_Search_Home</div></td></tr></table><p class="totop"><a href="#summary">back to summary</a></p></body></html>