<!DOCTYPE html>

<html>
  <head>
  <meta charset='utf-8'>
  <title>TestNG reports</title>

    <link type="text/css" href="testng-reports.css" rel="stylesheet" />  
    <script type="text/javascript" src="jquery-1.7.1.min.js"></script>
    <script type="text/javascript" src="testng-reports.js"></script>
    <script type="text/javascript" src="https://www.google.com/jsapi"></script>
    <script type='text/javascript'>
      google.load('visualization', '1', {packages:['table']});
      google.setOnLoadCallback(drawTable);
      var suiteTableInitFunctions = new Array();
      var suiteTableData = new Array();
    </script>
    <!--
      <script type="text/javascript" src="jquery-ui/js/jquery-ui-1.8.16.custom.min.js"></script>
     -->
  </head>

  <body>
    <div class="top-banner-root">
      <span class="top-banner-title-font">Test results</span>
      <br/>
      <span class="top-banner-font-1">1 suite, 2 failed tests</span>
    </div> <!-- top-banner-root -->
    <div class="navigator-root">
      <div class="navigator-suite-header">
        <span>All suites</span>
        <a href="#" class="collapse-all-link" title="Collapse/expand all the suites">
          <img class="collapse-all-icon" src="collapseall.gif">
          </img> <!-- collapse-all-icon -->
        </a> <!-- collapse-all-link -->
      </div> <!-- navigator-suite-header -->
      <div class="suite">
        <div class="rounded-window">
          <div class="suite-header light-rounded-window-top">
            <a href="#" class="navigator-link" panel-name="suite-somename">
              <span class="suite-name border-failed">somename</span>
            </a> <!-- navigator-link -->
          </div> <!-- suite-header light-rounded-window-top -->
          <div class="navigator-suite-content">
            <div class="suite-section-title">
              <span>Info</span>
            </div> <!-- suite-section-title -->
            <div class="suite-section-content">
              <ul>
                <li>
                  <a href="#" class="navigator-link " panel-name="test-xml-somename">
                    <span>testng-customsuite.xml</span>
                  </a> <!-- navigator-link  -->
                </li>
                <li>
                  <a href="#" class="navigator-link " panel-name="testlist-somename">
                    <span class="test-stats">1 test</span>
                  </a> <!-- navigator-link  -->
                </li>
                <li>
                  <a href="#" class="navigator-link " panel-name="group-somename">
                    <span>1 group</span>
                  </a> <!-- navigator-link  -->
                </li>
                <li>
                  <a href="#" class="navigator-link " panel-name="times-somename">
                    <span>Times</span>
                  </a> <!-- navigator-link  -->
                </li>
                <li>
                  <a href="#" class="navigator-link " panel-name="reporter-somename">
                    <span>Reporter output</span>
                  </a> <!-- navigator-link  -->
                </li>
                <li>
                  <a href="#" class="navigator-link " panel-name="ignored-methods-somename">
                    <span>Ignored methods</span>
                  </a> <!-- navigator-link  -->
                </li>
                <li>
                  <a href="#" class="navigator-link " panel-name="chronological-somename">
                    <span>Chronological view</span>
                  </a> <!-- navigator-link  -->
                </li>
              </ul>
            </div> <!-- suite-section-content -->
            <div class="result-section">
              <div class="suite-section-title">
                <span>Results</span>
              </div> <!-- suite-section-title -->
              <div class="suite-section-content">
                <ul>
                  <li>
                    <span class="method-stats">4 methods, 2 failed,   2 passed</span>
                  </li>
                  <li>
                    <span class="method-list-title failed">Failed methods</span>
                    <span class="show-or-hide-methods failed">
                      <a href="#" panel-name="suite-somename" class="hide-methods failed suite-somename"> (hide)</a> <!-- hide-methods failed suite-somename -->
                      <a href="#" panel-name="suite-somename" class="show-methods failed suite-somename"> (show)</a> <!-- show-methods failed suite-somename -->
                    </span>
                    <div class="method-list-content failed suite-somename">
                      <span>
                        <img width="3%" src="failed.png"/>
                        <a href="#" class="method navigator-link" panel-name="suite-somename" title="com.tests.May27TestSuite4" hash-for-method="SubmitOrder_Brand_Search_Home">SubmitOrder_Brand_Search_Home</a> <!-- method navigator-link -->
                      </span>
                      <br/>
                      <span>
                        <img width="3%" src="failed.png"/>
                        <a href="#" class="method navigator-link" panel-name="suite-somename" title="com.tests.May27TestSuite4" hash-for-method="SubmitOrder_Brand_Search_Home">SubmitOrder_Brand_Search_Home</a> <!-- method navigator-link -->
                      </span>
                      <br/>
                    </div> <!-- method-list-content failed suite-somename -->
                  </li>
                  <li>
                    <span class="method-list-title passed">Passed methods</span>
                    <span class="show-or-hide-methods passed">
                      <a href="#" panel-name="suite-somename" class="hide-methods passed suite-somename"> (hide)</a> <!-- hide-methods passed suite-somename -->
                      <a href="#" panel-name="suite-somename" class="show-methods passed suite-somename"> (show)</a> <!-- show-methods passed suite-somename -->
                    </span>
                    <div class="method-list-content passed suite-somename">
                      <span>
                        <img width="3%" src="passed.png"/>
                        <a href="#" class="method navigator-link" panel-name="suite-somename" title="com.tests.May27TestSuite4" hash-for-method="SubmitOrder_Categories_Home">SubmitOrder_Categories_Home</a> <!-- method navigator-link -->
                      </span>
                      <br/>
                      <span>
                        <img width="3%" src="passed.png"/>
                        <a href="#" class="method navigator-link" panel-name="suite-somename" title="com.tests.May27TestSuite4" hash-for-method="SubmitOrder_Categories_Search_Home">SubmitOrder_Categories_Search_Home</a> <!-- method navigator-link -->
                      </span>
                      <br/>
                    </div> <!-- method-list-content passed suite-somename -->
                  </li>
                </ul>
              </div> <!-- suite-section-content -->
            </div> <!-- result-section -->
          </div> <!-- navigator-suite-content -->
        </div> <!-- rounded-window -->
      </div> <!-- suite -->
    </div> <!-- navigator-root -->
    <div class="wrapper">
      <div class="main-panel-root">
        <div panel-name="suite-somename" class="panel somename">
          <div class="suite-somename-class-failed">
            <div class="main-panel-header rounded-window-top">
              <img src="failed.png"/>
              <span class="class-name">com.tests.May27TestSuite4</span>
            </div> <!-- main-panel-header rounded-window-top -->
            <div class="main-panel-content rounded-window-bottom">
              <div class="method">
                <div class="method-content">
                  <a name="SubmitOrder_Brand_Search_Home">
                  </a> <!-- SubmitOrder_Brand_Search_Home -->
                  <span class="method-name">SubmitOrder_Brand_Search_Home</span>
                  <div class="stack-trace">java.lang.AssertionError: myActiveOrder_SubmitOrder:Fail expected [false] but found [true]
	at org.testng.Assert.fail(Assert.java:94)
	at org.testng.Assert.failNotEquals(Assert.java:513)
	at org.testng.Assert.assertFalse(Assert.java:63)
	at com.components.pages.MyActiveOrderPage.myActiveOrder_SubmitOrder(MyActiveOrderPage.java:195)
	at com.tests.May27TestSuite4.SubmitOrder_Brand_Search_Home(May27TestSuite4.java:157)
	at sun.reflect.NativeMethodAccessorImpl.invoke0(Native Method)
	at sun.reflect.NativeMethodAccessorImpl.invoke(NativeMethodAccessorImpl.java:57)
	at sun.reflect.DelegatingMethodAccessorImpl.invoke(DelegatingMethodAccessorImpl.java:43)
	at java.lang.reflect.Method.invoke(Method.java:606)
	at org.testng.internal.MethodInvocationHelper.invokeMethod(MethodInvocationHelper.java:86)
	at org.testng.internal.Invoker.invokeMethod(Invoker.java:645)
	at org.testng.internal.Invoker.invokeTestMethod(Invoker.java:822)
	at org.testng.internal.Invoker.invokeTestMethods(Invoker.java:1130)
	at org.testng.internal.TestMethodWorker.invokeTestMethods(TestMethodWorker.java:129)
	at org.testng.internal.TestMethodWorker.run(TestMethodWorker.java:112)
	at org.testng.TestRunner.privateRun(TestRunner.java:782)
	at org.testng.TestRunner.run(TestRunner.java:632)
	at org.testng.SuiteRunner.runTest(SuiteRunner.java:366)
	at org.testng.SuiteRunner.runSequentially(SuiteRunner.java:361)
	at org.testng.SuiteRunner.privateRun(SuiteRunner.java:319)
	at org.testng.SuiteRunner.run(SuiteRunner.java:268)
	at org.testng.SuiteRunnerWorker.runSuite(SuiteRunnerWorker.java:52)
	at org.testng.SuiteRunnerWorker.run(SuiteRunnerWorker.java:86)
	at org.testng.TestNG.runSuitesSequentially(TestNG.java:1244)
	at org.testng.TestNG.runSuitesLocally(TestNG.java:1169)
	at org.testng.TestNG.run(TestNG.java:1064)
	at org.testng.remote.RemoteTestNG.run(RemoteTestNG.java:113)
	at org.testng.remote.RemoteTestNG.initAndRun(RemoteTestNG.java:206)
	at org.testng.remote.RemoteTestNG.main(RemoteTestNG.java:177)

</div> <!-- stack-trace -->
                  <em>
(Submit order from brand via search in home page)                  </em>
                </div> <!-- method-content -->
              </div> <!-- method -->
              <div class="method">
                <div class="method-content">
                  <a name="SubmitOrder_Brand_Search_Home">
                  </a> <!-- SubmitOrder_Brand_Search_Home -->
                  <span class="method-name">SubmitOrder_Brand_Search_Home</span>
                  <div class="stack-trace">java.lang.RuntimeException: Error occured while closing webdriver sessionA session is either terminated or not started (WARNING: The server did not provide any stacktrace information)
Command duration or timeout: 4 milliseconds
Build info: version: &apos;2.51.0&apos;, revision: &apos;1af067d&apos;, time: &apos;2016-02-05 19:15:17&apos;
System info: host: &apos;tvmatp2261m.ad.infosys.com&apos;, ip: &apos;10.155.162.81&apos;, os.name: &apos;Mac OS X&apos;, os.arch: &apos;x86_64&apos;, os.version: &apos;10.11&apos;, java.version: &apos;1.7.0_71&apos;
Session ID: 728e88f6-41b4-492d-95e5-8e58b0ed38f1
Driver info: io.appium.java_client.android.AndroidDriver
Capabilities [{automationName=Appium, platform=LINUX, app=/Users/jithya.joseph/Desktop/SyscoEndeca-debug.apk, javascriptEnabled=true, appActivity=, networkConnectionEnabled=true, desired={automationName=Appium, newCommandTimeout=120, app=/Users/jithya.joseph/Desktop/SyscoEndeca-debug.apk, platformVersion=6.0, autoWebview=false, deviceName=Sysco Galaxy S6, platformName=Android, appActivity=, appPackage=}, locationContextEnabled=false, appPackage=, newCommandTimeout=120, platformVersion=6.0.1, databaseEnabled=false, autoWebview=false, deviceName=1215fc6c214b2204, platformName=Android, webStorageEnabled=false, warnings={}, takesScreenshot=true}]
	at zRfghY.s.b(WebDriverFactory.java:48)
	at com.iwaf.framework.testng.TestNGTestListener.closeTestSession(TestNGTestListener.java:458)
	at com.iwaf.framework.testng.TestNGTestListener.onTestFailure(TestNGTestListener.java:291)
	at org.testng.internal.Invoker.runTestListeners(Invoker.java:1693)
	at org.testng.internal.Invoker.runTestListeners(Invoker.java:1677)
	at org.testng.internal.Invoker.invokeMethod(Invoker.java:702)
	at org.testng.internal.Invoker.invokeTestMethod(Invoker.java:822)
	at org.testng.internal.Invoker.invokeTestMethods(Invoker.java:1130)
	at org.testng.internal.TestMethodWorker.invokeTestMethods(TestMethodWorker.java:129)
	at org.testng.internal.TestMethodWorker.run(TestMethodWorker.java:112)
	at org.testng.TestRunner.privateRun(TestRunner.java:782)
	at org.testng.TestRunner.run(TestRunner.java:632)
	at org.testng.SuiteRunner.runTest(SuiteRunner.java:366)
	at org.testng.SuiteRunner.runSequentially(SuiteRunner.java:361)
	at org.testng.SuiteRunner.privateRun(SuiteRunner.java:319)
	at org.testng.SuiteRunner.run(SuiteRunner.java:268)
	at org.testng.SuiteRunnerWorker.runSuite(SuiteRunnerWorker.java:52)
	at org.testng.SuiteRunnerWorker.run(SuiteRunnerWorker.java:86)
	at org.testng.TestNG.runSuitesSequentially(TestNG.java:1244)
	at org.testng.TestNG.runSuitesLocally(TestNG.java:1169)
	at org.testng.TestNG.run(TestNG.java:1064)
	at org.testng.remote.RemoteTestNG.run(RemoteTestNG.java:113)
	at org.testng.remote.RemoteTestNG.initAndRun(RemoteTestNG.java:206)
	at org.testng.remote.RemoteTestNG.main(RemoteTestNG.java:177)
Caused by: org.openqa.selenium.remote.SessionNotFoundException: A session is either terminated or not started (WARNING: The server did not provide any stacktrace information)
Command duration or timeout: 4 milliseconds
Build info: version: &apos;2.51.0&apos;, revision: &apos;1af067d&apos;, time: &apos;2016-02-05 19:15:17&apos;
System info: host: &apos;tvmatp2261m.ad.infosys.com&apos;, ip: &apos;10.155.162.81&apos;, os.name: &apos;Mac OS X&apos;, os.arch: &apos;x86_64&apos;, os.version: &apos;10.11&apos;, java.version: &apos;1.7.0_71&apos;
Session ID: 728e88f6-41b4-492d-95e5-8e58b0ed38f1
Driver info: io.appium.java_client.android.AndroidDriver
Capabilities [{automationName=Appium, platform=LINUX, app=/Users/jithya.joseph/Desktop/SyscoEndeca-debug.apk, javascriptEnabled=true, appActivity=, networkConnectionEnabled=true, desired={automationName=Appium, newCommandTimeout=120, app=/Users/jithya.joseph/Desktop/SyscoEndeca-debug.apk, platformVersion=6.0, autoWebview=false, deviceName=Sysco Galaxy S6, platformName=Android, appActivity=, appPackage=}, locationContextEnabled=false, appPackage=, newCommandTimeout=120, platformVersion=6.0.1, databaseEnabled=false, autoWebview=false, deviceName=1215fc6c214b2204, platformName=Android, webStorageEnabled=false, warnings={}, takesScreenshot=true}]
	at sun.reflect.NativeConstructorAccessorImpl.newInstance0(Native Method)
	at sun.reflect.NativeConstructorAccessorImpl.newInstance(NativeConstructorAccessorImpl.java:57)
	at sun.reflect.DelegatingConstructorAccessorImpl.newInstance(DelegatingConstructorAccessorImpl.java:45)
	at java.lang.reflect.Constructor.newInstance(Constructor.java:526)
	at org.openqa.selenium.remote.ErrorHandler.createThrowable(ErrorHandler.java:206)
	at org.openqa.selenium.remote.ErrorHandler.throwIfResponseFailed(ErrorHandler.java:164)
	at org.openqa.selenium.remote.RemoteWebDriver.execute(RemoteWebDriver.java:678)
	at io.appium.java_client.DefaultGenericMobileDriver.execute(DefaultGenericMobileDriver.java:42)
	at io.appium.java_client.AppiumDriver.execute(AppiumDriver.java:189)
	at org.openqa.selenium.remote.RemoteWebDriver.quit(RemoteWebDriver.java:526)
	at zRfghY.t.c(WebDriverInstanceGenerator.java:131)
	at zRfghY.s.b(WebDriverFactory.java:45)
	... 23 more

</div> <!-- stack-trace -->
                  <em>
(Submit order from brand via search in home page)                  </em>
                </div> <!-- method-content -->
              </div> <!-- method -->
            </div> <!-- main-panel-content rounded-window-bottom -->
          </div> <!-- suite-somename-class-failed -->
          <div class="suite-somename-class-passed">
            <div class="main-panel-header rounded-window-top">
              <img src="passed.png"/>
              <span class="class-name">com.tests.May27TestSuite4</span>
            </div> <!-- main-panel-header rounded-window-top -->
            <div class="main-panel-content rounded-window-bottom">
              <div class="method">
                <div class="method-content">
                  <a name="SubmitOrder_Categories_Home">
                  </a> <!-- SubmitOrder_Categories_Home -->
                  <span class="method-name">SubmitOrder_Categories_Home</span>
                  <em>
(Submit order from category in home page)                  </em>
                </div> <!-- method-content -->
              </div> <!-- method -->
              <div class="method">
                <div class="method-content">
                  <a name="SubmitOrder_Categories_Search_Home">
                  </a> <!-- SubmitOrder_Categories_Search_Home -->
                  <span class="method-name">SubmitOrder_Categories_Search_Home</span>
                  <em>
(Submit order from category via search in home page)                  </em>
                </div> <!-- method-content -->
              </div> <!-- method -->
            </div> <!-- main-panel-content rounded-window-bottom -->
          </div> <!-- suite-somename-class-passed -->
        </div> <!-- panel somename -->
        <div panel-name="test-xml-somename" class="panel">
          <div class="main-panel-header rounded-window-top">
            <span class="header-content">/private/var/folders/pz/5bj23l5524g9cl7hycz20mpwvwnf48/T/testng-eclipse--1194916839/testng-customsuite.xml</span>
          </div> <!-- main-panel-header rounded-window-top -->
          <div class="main-panel-content rounded-window-bottom">
            <pre>
&lt;?xml version=&quot;1.0&quot; encoding=&quot;UTF-8&quot;?&gt;
&lt;!DOCTYPE suite SYSTEM &quot;http://testng.org/testng-1.0.dtd&quot;&gt;
&lt;suite guice-stage=&quot;DEVELOPMENT&quot; name=&quot;somename&quot;&gt;
  &lt;listeners&gt;
    &lt;listener class-name=&quot;com.iwaf.framework.testng.TestNGTestListener&quot;/&gt;
    &lt;listener class-name=&quot;com.iwaf.framework.testng.TestSoftAssert&quot;/&gt;
  &lt;/listeners&gt;
  &lt;test verbose=&quot;2&quot; name=&quot;Default test&quot;&gt;
    &lt;classes&gt;
      &lt;class name=&quot;com.tests.May27TestSuite4&quot;/&gt;
    &lt;/classes&gt;
  &lt;/test&gt; &lt;!-- Default test --&gt;
&lt;/suite&gt; &lt;!-- somename --&gt;
            </pre>
          </div> <!-- main-panel-content rounded-window-bottom -->
        </div> <!-- panel -->
        <div panel-name="testlist-somename" class="panel">
          <div class="main-panel-header rounded-window-top">
            <span class="header-content">Tests for somename</span>
          </div> <!-- main-panel-header rounded-window-top -->
          <div class="main-panel-content rounded-window-bottom">
            <ul>
              <li>
                <span class="test-name">Default test (1 class)</span>
              </li>
            </ul>
          </div> <!-- main-panel-content rounded-window-bottom -->
        </div> <!-- panel -->
        <div panel-name="group-somename" class="panel">
          <div class="main-panel-header rounded-window-top">
            <span class="header-content">Groups for somename</span>
          </div> <!-- main-panel-header rounded-window-top -->
          <div class="main-panel-content rounded-window-bottom">
            <div class="test-group">
              <span class="test-group-name">Test_Script</span>
              <br/>
              <div class="method-in-group">
                <span class="method-in-group-name">SubmitOrder_Brand_Search_Home</span>
                <br/>
              </div> <!-- method-in-group -->
              <div class="method-in-group">
                <span class="method-in-group-name">SubmitOrder_Categories_Home</span>
                <br/>
              </div> <!-- method-in-group -->
              <div class="method-in-group">
                <span class="method-in-group-name">SubmitOrder_Categories_Search_Home</span>
                <br/>
              </div> <!-- method-in-group -->
            </div> <!-- test-group -->
          </div> <!-- main-panel-content rounded-window-bottom -->
        </div> <!-- panel -->
        <div panel-name="times-somename" class="panel">
          <div class="main-panel-header rounded-window-top">
            <span class="header-content">Times for somename</span>
          </div> <!-- main-panel-header rounded-window-top -->
          <div class="main-panel-content rounded-window-bottom">
            <div class="times-div">
              <script type="text/javascript">
suiteTableInitFunctions.push('tableData_somename');
function tableData_somename() {
var data = new google.visualization.DataTable();
data.addColumn('number', 'Number');
data.addColumn('string', 'Method');
data.addColumn('string', 'Class');
data.addColumn('number', 'Time (ms)');
data.addRows(4);
data.setCell(0, 0, 0)
data.setCell(0, 1, 'SubmitOrder_Brand_Search_Home')
data.setCell(0, 2, 'com.tests.May27TestSuite4')
data.setCell(0, 3, 1094401);
data.setCell(1, 0, 1)
data.setCell(1, 1, 'SubmitOrder_Brand_Search_Home')
data.setCell(1, 2, 'com.tests.May27TestSuite4')
data.setCell(1, 3, 1094385);
data.setCell(2, 0, 2)
data.setCell(2, 1, 'SubmitOrder_Categories_Home')
data.setCell(2, 2, 'com.tests.May27TestSuite4')
data.setCell(2, 3, 325055);
data.setCell(3, 0, 3)
data.setCell(3, 1, 'SubmitOrder_Categories_Search_Home')
data.setCell(3, 2, 'com.tests.May27TestSuite4')
data.setCell(3, 3, 146727);
window.suiteTableData['somename']= { tableData: data, tableDiv: 'times-div-somename'}
return data;
}
              </script>
              <span class="suite-total-time">Total running time: 44 minutes</span>
              <div id="times-div-somename">
              </div> <!-- times-div-somename -->
            </div> <!-- times-div -->
          </div> <!-- main-panel-content rounded-window-bottom -->
        </div> <!-- panel -->
        <div panel-name="reporter-somename" class="panel">
          <div class="main-panel-header rounded-window-top">
            <span class="header-content">Reporter output for somename</span>
          </div> <!-- main-panel-header rounded-window-top -->
          <div class="main-panel-content rounded-window-bottom">
            <div class="reporter-method-div">
              <span class="reporter-method-name">SubmitOrder_Categories_Search_Home</span>
              <div class="reporter-method-output-div">
                <span class="reporter-method-output">[17:40:04] : <b><FONT SIZE="2">Opened Login Page </FONT></b><br></span>
                <span class="reporter-method-output">#scenario:Verify login Page Elements</span>
                <span class="reporter-method-output">[17:40:09] : <b><FONT SIZE="2">Sysco logo  displayed:Pass</FONT></b><br></span>
                <span class="reporter-method-output">[17:40:10] : <b><FONT SIZE="2">Enter User Name</FONT></b><br></span>
                <span class="reporter-method-output">[17:40:11] : <b><FONT SIZE="2">Enter Password</FONT></b><br></span>
                <span class="reporter-method-output">[17:40:12] : <b><FONT SIZE="2">Click on Login  Button</FONT></b><br></span>
                <span class="reporter-method-output">[17:40:12] : <b><FONT SIZE="2">User Logged In: Pass</FONT></b><br></span>
                <span class="reporter-method-output">[17:40:28] : <b><FONT SIZE="2">at category home click</FONT></b><br></span>
                <span class="reporter-method-output">[17:40:28] : <b><FONT SIZE="2">Clicked on category in Home Page: Pass</FONT></b><br></span>
                <span class="reporter-method-output">[17:40:34] : <b><FONT SIZE="2">at category home search click</FONT></b><br></span>
                <span class="reporter-method-output">[17:40:35] : <b><FONT SIZE="2">Clicked on category search in Home Page: Pass</FONT></b><br></span>
                <span class="reporter-method-output">[17:40:40] : <b><FONT SIZE="2">at select category home click</FONT></b><br></span>
                <span class="reporter-method-output">[17:40:43] : <b><FONT SIZE="2">Clicked on an item in category in Home Page: Pass</FONT></b><br></span>
                <span class="reporter-method-output">[17:40:43] : <b><FONT SIZE="2">at  ProductCategoriesPage</FONT></b><br></span>
                <span class="reporter-method-output">[17:40:52] : <b><FONT SIZE="2">Clicked on Plus Btn : Pass</FONT></b><br></span>
                <span class="reporter-method-output">[17:41:08] : <b><FONT SIZE="2">at create_Click</FONT></b><br></span>
                <span class="reporter-method-output">[17:41:23] : <b><FONT SIZE="2">Clicked on Create : Pass</FONT></b><br></span>
                <span class="reporter-method-output">[17:41:24] : <b><FONT SIZE="2">at cart_Click</FONT></b><br></span>
                <span class="reporter-method-output">[17:41:44] : <b><FONT SIZE="2">Clicked on Cart : Pass</FONT></b><br></span>
                <span class="reporter-method-output">[17:41:45] : <b><FONT SIZE="2">at My active order</FONT></b><br></span>
                <span class="reporter-method-output">[17:42:02] : <b><FONT SIZE="2">Clicked on My Active order Submit button: Pass</FONT></b><br></span>
                <span class="reporter-method-output">[17:42:14] : <b><FONT SIZE="2">Alert closed: Pass</FONT></b><br></span>
                <span class="reporter-method-output">Test completed : SubmitOrder_Categories_Search_Home</span>
              </div> <!-- reporter-method-output-div -->
            </div> <!-- reporter-method-div -->
            <div class="reporter-method-div">
              <span class="reporter-method-name">SubmitOrder_Categories_Home</span>
              <div class="reporter-method-output-div">
                <span class="reporter-method-output">[17:34:38] : <b><FONT SIZE="2">Opened Login Page </FONT></b><br></span>
                <span class="reporter-method-output">#scenario:Verify login Page Elements</span>
                <span class="reporter-method-output">[17:34:42] : <b><FONT SIZE="2">Sysco logo  displayed:Pass</FONT></b><br></span>
                <span class="reporter-method-output">[17:37:46] : <b><FONT SIZE="2">Enter User Name</FONT></b><br></span>
                <span class="reporter-method-output">[17:37:47] : <b><FONT SIZE="2">Enter Password</FONT></b><br></span>
                <span class="reporter-method-output">[17:37:48] : <b><FONT SIZE="2">Click on Login  Button</FONT></b><br></span>
                <span class="reporter-method-output">[17:37:49] : <b><FONT SIZE="2">User Logged In: Pass</FONT></b><br></span>
                <span class="reporter-method-output">[17:38:04] : <b><FONT SIZE="2">at category home click</FONT></b><br></span>
                <span class="reporter-method-output">[17:38:05] : <b><FONT SIZE="2">Clicked on category in Home Page: Pass</FONT></b><br></span>
                <span class="reporter-method-output">[17:38:10] : <b><FONT SIZE="2">at  subcategory home click</FONT></b><br></span>
                <span class="reporter-method-output">[17:38:13] : <b><FONT SIZE="2">Clicked on subcategory in Home Page: Pass</FONT></b><br></span>
                <span class="reporter-method-output">[17:38:13] : <b><FONT SIZE="2">at  ProductCategoriesPage</FONT></b><br></span>
                <span class="reporter-method-output">[17:38:24] : <b><FONT SIZE="2">Clicked on Plus Btn : Pass</FONT></b><br></span>
                <span class="reporter-method-output">[17:38:39] : <b><FONT SIZE="2">at create_Click</FONT></b><br></span>
                <span class="reporter-method-output">[17:38:55] : <b><FONT SIZE="2">Clicked on Create : Pass</FONT></b><br></span>
                <span class="reporter-method-output">[17:38:55] : <b><FONT SIZE="2">at cart_Click</FONT></b><br></span>
                <span class="reporter-method-output">[17:39:16] : <b><FONT SIZE="2">Clicked on Cart : Pass</FONT></b><br></span>
                <span class="reporter-method-output">[17:39:16] : <b><FONT SIZE="2">at My active order</FONT></b><br></span>
                <span class="reporter-method-output">[17:39:34] : <b><FONT SIZE="2">Clicked on My Active order Submit button: Pass</FONT></b><br></span>
                <span class="reporter-method-output">[17:39:45] : <b><FONT SIZE="2">Alert closed: Pass</FONT></b><br></span>
                <span class="reporter-method-output">Test completed : SubmitOrder_Categories_Home</span>
              </div> <!-- reporter-method-output-div -->
            </div> <!-- reporter-method-div -->
            <div class="reporter-method-div">
              <span class="reporter-method-name">SubmitOrder_Brand_Search_Home</span>
              <div class="reporter-method-output-div">
                <span class="reporter-method-output">[17:42:33] : <b><FONT SIZE="2">Opened Login Page </FONT></b><br></span>
                <span class="reporter-method-output">#scenario:Verify login Page Elements</span>
                <span class="reporter-method-output">[17:42:37] : <b><FONT SIZE="2">Sysco logo  displayed:Pass</FONT></b><br></span>
                <span class="reporter-method-output">[17:45:41] : <b><FONT SIZE="2">Enter User Name</FONT></b><br></span>
                <span class="reporter-method-output">[17:45:42] : <b><FONT SIZE="2">Enter Password</FONT></b><br></span>
                <span class="reporter-method-output">[17:45:44] : <b><FONT SIZE="2">Click on Login  Button</FONT></b><br></span>
                <span class="reporter-method-output">[17:45:44] : <b><FONT SIZE="2">User Logged In: Pass</FONT></b><br></span>
                <span class="reporter-method-output">[17:46:00] : <b><FONT SIZE="2">at brand home click</FONT></b><br></span>
                <span class="reporter-method-output">[17:47:00] : <b><FONT SIZE="2">Clicked on brand in Home Page: Pass</FONT></b><br></span>
                <span class="reporter-method-output">[17:47:06] : <b><FONT SIZE="2">at brand home search click</FONT></b><br></span>
                <span class="reporter-method-output">[17:47:07] : <b><FONT SIZE="2">Clicked on brand search in Home Page: Pass</FONT></b><br></span>
                <span class="reporter-method-output">[17:47:12] : <b><FONT SIZE="2">at brand home search click</FONT></b><br></span>
                <span class="reporter-method-output">[17:47:14] : <b><FONT SIZE="2">Clicked on an item in brand search in Home Page: Pass</FONT></b><br></span>
                <span class="reporter-method-output">[17:47:14] : <b><FONT SIZE="2">at  ProductCategoriesPage</FONT></b><br></span>
                <span class="reporter-method-output">[17:47:30] : <b><FONT SIZE="2">Clicked on Plus Btn : Pass</FONT></b><br></span>
                <span class="reporter-method-output">[17:47:46] : <b><FONT SIZE="2">at create_Click</FONT></b><br></span>
                <span class="reporter-method-output">[17:48:01] : <b><FONT SIZE="2">Clicked on Create : Pass</FONT></b><br></span>
                <span class="reporter-method-output">[17:48:02] : <b><FONT SIZE="2">at cart_Click</FONT></b><br></span>
                <span class="reporter-method-output">[17:48:23] : <b><FONT SIZE="2">Clicked on Cart : Pass</FONT></b><br></span>
                <span class="reporter-method-output">[17:48:23] : <b><FONT SIZE="2">at My active order</FONT></b><br></span>
                <span class="reporter-method-output">An unknown server-side error occurred while processing the command. Original error: Could not proxy. Proxy error: New Command Timeout of 120 seconds expired. Try customizing the timeout using the 'newCommandTimeout' desired capability (WARNING: The server did not provide any stacktrace information)
Command duration or timeout: 721.11 seconds
Build info: version: '2.51.0', revision: '1af067d', time: '2016-02-05 19:15:17'
System info: host: 'tvmatp2261m.ad.infosys.com', ip: '10.155.162.81', os.name: 'Mac OS X', os.arch: 'x86_64', os.version: '10.11', java.version: '1.7.0_71'
Session ID: 728e88f6-41b4-492d-95e5-8e58b0ed38f1
Driver info: io.appium.java_client.android.AndroidDriver
Capabilities [{automationName=Appium, platform=LINUX, app=/Users/jithya.joseph/Desktop/SyscoEndeca-debug.apk, javascriptEnabled=true, appActivity=, networkConnectionEnabled=true, desired={automationName=Appium, newCommandTimeout=120, app=/Users/jithya.joseph/Desktop/SyscoEndeca-debug.apk, platformVersion=6.0, autoWebview=false, deviceName=Sysco Galaxy S6, platformName=Android, appActivity=, appPackage=}, locationContextEnabled=false, appPackage=, newCommandTimeout=120, platformVersion=6.0.1, databaseEnabled=false, autoWebview=false, deviceName=1215fc6c214b2204, platformName=Android, webStorageEnabled=false, warnings={}, takesScreenshot=true}]</span>
                <span class="reporter-method-output"><b><font color='RED'>ERROR	:- myActiveOrder_SubmitOrder:Fail expected [false] but found [true]</font></b></span>
                <span class="reporter-method-output">A session is either terminated or not started (WARNING: The server did not provide any stacktrace information)
Command duration or timeout: 4 milliseconds
Build info: version: '2.51.0', revision: '1af067d', time: '2016-02-05 19:15:17'
System info: host: 'tvmatp2261m.ad.infosys.com', ip: '10.155.162.81', os.name: 'Mac OS X', os.arch: 'x86_64', os.version: '10.11', java.version: '1.7.0_71'
Session ID: 728e88f6-41b4-492d-95e5-8e58b0ed38f1
Driver info: io.appium.java_client.android.AndroidDriver
Capabilities [{automationName=Appium, platform=LINUX, app=/Users/jithya.joseph/Desktop/SyscoEndeca-debug.apk, javascriptEnabled=true, appActivity=, networkConnectionEnabled=true, desired={automationName=Appium, newCommandTimeout=120, app=/Users/jithya.joseph/Desktop/SyscoEndeca-debug.apk, platformVersion=6.0, autoWebview=false, deviceName=Sysco Galaxy S6, platformName=Android, appActivity=, appPackage=}, locationContextEnabled=false, appPackage=, newCommandTimeout=120, platformVersion=6.0.1, databaseEnabled=false, autoWebview=false, deviceName=1215fc6c214b2204, platformName=Android, webStorageEnabled=false, warnings={}, takesScreenshot=true}]</span>
              </div> <!-- reporter-method-output-div -->
            </div> <!-- reporter-method-div -->
            <div class="reporter-method-div">
              <span class="reporter-method-name">SubmitOrder_Brand_Search_Home</span>
              <div class="reporter-method-output-div">
                <span class="reporter-method-output"><b><font color='RED'>ERROR	:- Error occured while closing webdriver sessionA session is either terminated or not started (WARNING: The server did not provide any stacktrace information)
Command duration or timeout: 4 milliseconds
Build info: version: '2.51.0', revision: '1af067d', time: '2016-02-05 19:15:17'
System info: host: 'tvmatp2261m.ad.infosys.com', ip: '10.155.162.81', os.name: 'Mac OS X', os.arch: 'x86_64', os.version: '10.11', java.version: '1.7.0_71'
Session ID: 728e88f6-41b4-492d-95e5-8e58b0ed38f1
Driver info: io.appium.java_client.android.AndroidDriver
Capabilities [{automationName=Appium, platform=LINUX, app=/Users/jithya.joseph/Desktop/SyscoEndeca-debug.apk, javascriptEnabled=true, appActivity=, networkConnectionEnabled=true, desired={automationName=Appium, newCommandTimeout=120, app=/Users/jithya.joseph/Desktop/SyscoEndeca-debug.apk, platformVersion=6.0, autoWebview=false, deviceName=Sysco Galaxy S6, platformName=Android, appActivity=, appPackage=}, locationContextEnabled=false, appPackage=, newCommandTimeout=120, platformVersion=6.0.1, databaseEnabled=false, autoWebview=false, deviceName=1215fc6c214b2204, platformName=Android, webStorageEnabled=false, warnings={}, takesScreenshot=true}]</font></b></span>
              </div> <!-- reporter-method-output-div -->
            </div> <!-- reporter-method-div -->
          </div> <!-- main-panel-content rounded-window-bottom -->
        </div> <!-- panel -->
        <div panel-name="ignored-methods-somename" class="panel">
          <div class="main-panel-header rounded-window-top">
            <span class="header-content">0 ignored methods</span>
          </div> <!-- main-panel-header rounded-window-top -->
          <div class="main-panel-content rounded-window-bottom">
          </div> <!-- main-panel-content rounded-window-bottom -->
        </div> <!-- panel -->
        <div panel-name="chronological-somename" class="panel">
          <div class="main-panel-header rounded-window-top">
            <span class="header-content">Methods in chronological order</span>
          </div> <!-- main-panel-header rounded-window-top -->
          <div class="main-panel-content rounded-window-bottom">
            <div class="chronological-class">
              <div class="chronological-class-name">com.tests.May27TestSuite4</div> <!-- chronological-class-name -->
              <div class="configuration-method before">
                <span class="method-name">setUp(public void com.tests.May27TestSuite4.SubmitOrder_Categories_Home() throws java.lang.InterruptedExce...)</span>
                <span class="method-start">0 ms</span>
              </div> <!-- configuration-method before -->
              <div class="test-method">
                <span class="method-name">SubmitOrder_Categories_Home</span>
                <span class="method-start">8 ms</span>
              </div> <!-- test-method -->
              <div class="configuration-method before">
                <span class="method-name">setUp(public void com.tests.May27TestSuite4.SubmitOrder_Categories_Search_Home() throws java.lang.Interrup...)</span>
                <span class="method-start">326664 ms</span>
              </div> <!-- configuration-method before -->
              <div class="test-method">
                <span class="method-name">SubmitOrder_Categories_Search_Home</span>
                <span class="method-start">326664 ms</span>
              </div> <!-- test-method -->
              <div class="configuration-method before">
                <span class="method-name">setUp(public void com.tests.May27TestSuite4.SubmitOrder_Brand_Search_Home() throws java.lang.InterruptedEx...)</span>
                <span class="method-start">475014 ms</span>
              </div> <!-- configuration-method before -->
              <div class="test-method">
                <img src="failed.png">
                </img>
                <span class="method-name">SubmitOrder_Brand_Search_Home</span>
                <span class="method-start">475014 ms</span>
              </div> <!-- test-method -->
          </div> <!-- main-panel-content rounded-window-bottom -->
        </div> <!-- panel -->
      </div> <!-- main-panel-root -->
    </div> <!-- wrapper -->
  </body>
</html>
