<?xml version="1.0" encoding="UTF-8"?>
<testng-results skipped="0" failed="2" total="4" passed="2">
  <reporter-output>
    <line>
      <![CDATA[[17:34:38] : <b><FONT SIZE="2">Opened Login Page </FONT></b><br>]]>
    </line>
    <line>
      <![CDATA[#scenario:Verify login Page Elements]]>
    </line>
    <line>
      <![CDATA[[17:34:42] : <b><FONT SIZE="2">Sysco logo  displayed:Pass</FONT></b><br>]]>
    </line>
    <line>
      <![CDATA[[17:37:46] : <b><FONT SIZE="2">Enter User Name</FONT></b><br>]]>
    </line>
    <line>
      <![CDATA[[17:37:47] : <b><FONT SIZE="2">Enter Password</FONT></b><br>]]>
    </line>
    <line>
      <![CDATA[[17:37:48] : <b><FONT SIZE="2">Click on Login  Button</FONT></b><br>]]>
    </line>
    <line>
      <![CDATA[[17:37:49] : <b><FONT SIZE="2">User Logged In: Pass</FONT></b><br>]]>
    </line>
    <line>
      <![CDATA[[17:38:04] : <b><FONT SIZE="2">at category home click</FONT></b><br>]]>
    </line>
    <line>
      <![CDATA[[17:38:05] : <b><FONT SIZE="2">Clicked on category in Home Page: Pass</FONT></b><br>]]>
    </line>
    <line>
      <![CDATA[[17:38:10] : <b><FONT SIZE="2">at  subcategory home click</FONT></b><br>]]>
    </line>
    <line>
      <![CDATA[[17:38:13] : <b><FONT SIZE="2">Clicked on subcategory in Home Page: Pass</FONT></b><br>]]>
    </line>
    <line>
      <![CDATA[[17:38:13] : <b><FONT SIZE="2">at  ProductCategoriesPage</FONT></b><br>]]>
    </line>
    <line>
      <![CDATA[[17:38:24] : <b><FONT SIZE="2">Clicked on Plus Btn : Pass</FONT></b><br>]]>
    </line>
    <line>
      <![CDATA[[17:38:39] : <b><FONT SIZE="2">at create_Click</FONT></b><br>]]>
    </line>
    <line>
      <![CDATA[[17:38:55] : <b><FONT SIZE="2">Clicked on Create : Pass</FONT></b><br>]]>
    </line>
    <line>
      <![CDATA[[17:38:55] : <b><FONT SIZE="2">at cart_Click</FONT></b><br>]]>
    </line>
    <line>
      <![CDATA[[17:39:16] : <b><FONT SIZE="2">Clicked on Cart : Pass</FONT></b><br>]]>
    </line>
    <line>
      <![CDATA[[17:39:16] : <b><FONT SIZE="2">at My active order</FONT></b><br>]]>
    </line>
    <line>
      <![CDATA[[17:39:34] : <b><FONT SIZE="2">Clicked on My Active order Submit button: Pass</FONT></b><br>]]>
    </line>
    <line>
      <![CDATA[[17:39:45] : <b><FONT SIZE="2">Alert closed: Pass</FONT></b><br>]]>
    </line>
    <line>
      <![CDATA[Test completed : SubmitOrder_Categories_Home]]>
    </line>
    <line>
      <![CDATA[[17:40:04] : <b><FONT SIZE="2">Opened Login Page </FONT></b><br>]]>
    </line>
    <line>
      <![CDATA[#scenario:Verify login Page Elements]]>
    </line>
    <line>
      <![CDATA[[17:40:09] : <b><FONT SIZE="2">Sysco logo  displayed:Pass</FONT></b><br>]]>
    </line>
    <line>
      <![CDATA[[17:40:10] : <b><FONT SIZE="2">Enter User Name</FONT></b><br>]]>
    </line>
    <line>
      <![CDATA[[17:40:11] : <b><FONT SIZE="2">Enter Password</FONT></b><br>]]>
    </line>
    <line>
      <![CDATA[[17:40:12] : <b><FONT SIZE="2">Click on Login  Button</FONT></b><br>]]>
    </line>
    <line>
      <![CDATA[[17:40:12] : <b><FONT SIZE="2">User Logged In: Pass</FONT></b><br>]]>
    </line>
    <line>
      <![CDATA[[17:40:28] : <b><FONT SIZE="2">at category home click</FONT></b><br>]]>
    </line>
    <line>
      <![CDATA[[17:40:28] : <b><FONT SIZE="2">Clicked on category in Home Page: Pass</FONT></b><br>]]>
    </line>
    <line>
      <![CDATA[[17:40:34] : <b><FONT SIZE="2">at category home search click</FONT></b><br>]]>
    </line>
    <line>
      <![CDATA[[17:40:35] : <b><FONT SIZE="2">Clicked on category search in Home Page: Pass</FONT></b><br>]]>
    </line>
    <line>
      <![CDATA[[17:40:40] : <b><FONT SIZE="2">at select category home click</FONT></b><br>]]>
    </line>
    <line>
      <![CDATA[[17:40:43] : <b><FONT SIZE="2">Clicked on an item in category in Home Page: Pass</FONT></b><br>]]>
    </line>
    <line>
      <![CDATA[[17:40:43] : <b><FONT SIZE="2">at  ProductCategoriesPage</FONT></b><br>]]>
    </line>
    <line>
      <![CDATA[[17:40:52] : <b><FONT SIZE="2">Clicked on Plus Btn : Pass</FONT></b><br>]]>
    </line>
    <line>
      <![CDATA[[17:41:08] : <b><FONT SIZE="2">at create_Click</FONT></b><br>]]>
    </line>
    <line>
      <![CDATA[[17:41:23] : <b><FONT SIZE="2">Clicked on Create : Pass</FONT></b><br>]]>
    </line>
    <line>
      <![CDATA[[17:41:24] : <b><FONT SIZE="2">at cart_Click</FONT></b><br>]]>
    </line>
    <line>
      <![CDATA[[17:41:44] : <b><FONT SIZE="2">Clicked on Cart : Pass</FONT></b><br>]]>
    </line>
    <line>
      <![CDATA[[17:41:45] : <b><FONT SIZE="2">at My active order</FONT></b><br>]]>
    </line>
    <line>
      <![CDATA[[17:42:02] : <b><FONT SIZE="2">Clicked on My Active order Submit button: Pass</FONT></b><br>]]>
    </line>
    <line>
      <![CDATA[[17:42:14] : <b><FONT SIZE="2">Alert closed: Pass</FONT></b><br>]]>
    </line>
    <line>
      <![CDATA[Test completed : SubmitOrder_Categories_Search_Home]]>
    </line>
    <line>
      <![CDATA[[17:42:33] : <b><FONT SIZE="2">Opened Login Page </FONT></b><br>]]>
    </line>
    <line>
      <![CDATA[#scenario:Verify login Page Elements]]>
    </line>
    <line>
      <![CDATA[[17:42:37] : <b><FONT SIZE="2">Sysco logo  displayed:Pass</FONT></b><br>]]>
    </line>
    <line>
      <![CDATA[[17:45:41] : <b><FONT SIZE="2">Enter User Name</FONT></b><br>]]>
    </line>
    <line>
      <![CDATA[[17:45:42] : <b><FONT SIZE="2">Enter Password</FONT></b><br>]]>
    </line>
    <line>
      <![CDATA[[17:45:44] : <b><FONT SIZE="2">Click on Login  Button</FONT></b><br>]]>
    </line>
    <line>
      <![CDATA[[17:45:44] : <b><FONT SIZE="2">User Logged In: Pass</FONT></b><br>]]>
    </line>
    <line>
      <![CDATA[[17:46:00] : <b><FONT SIZE="2">at brand home click</FONT></b><br>]]>
    </line>
    <line>
      <![CDATA[[17:47:00] : <b><FONT SIZE="2">Clicked on brand in Home Page: Pass</FONT></b><br>]]>
    </line>
    <line>
      <![CDATA[[17:47:06] : <b><FONT SIZE="2">at brand home search click</FONT></b><br>]]>
    </line>
    <line>
      <![CDATA[[17:47:07] : <b><FONT SIZE="2">Clicked on brand search in Home Page: Pass</FONT></b><br>]]>
    </line>
    <line>
      <![CDATA[[17:47:12] : <b><FONT SIZE="2">at brand home search click</FONT></b><br>]]>
    </line>
    <line>
      <![CDATA[[17:47:14] : <b><FONT SIZE="2">Clicked on an item in brand search in Home Page: Pass</FONT></b><br>]]>
    </line>
    <line>
      <![CDATA[[17:47:14] : <b><FONT SIZE="2">at  ProductCategoriesPage</FONT></b><br>]]>
    </line>
    <line>
      <![CDATA[[17:47:30] : <b><FONT SIZE="2">Clicked on Plus Btn : Pass</FONT></b><br>]]>
    </line>
    <line>
      <![CDATA[[17:47:46] : <b><FONT SIZE="2">at create_Click</FONT></b><br>]]>
    </line>
    <line>
      <![CDATA[[17:48:01] : <b><FONT SIZE="2">Clicked on Create : Pass</FONT></b><br>]]>
    </line>
    <line>
      <![CDATA[[17:48:02] : <b><FONT SIZE="2">at cart_Click</FONT></b><br>]]>
    </line>
    <line>
      <![CDATA[[17:48:23] : <b><FONT SIZE="2">Clicked on Cart : Pass</FONT></b><br>]]>
    </line>
    <line>
      <![CDATA[[17:48:23] : <b><FONT SIZE="2">at My active order</FONT></b><br>]]>
    </line>
    <line>
      <![CDATA[An unknown server-side error occurred while processing the command. Original error: Could not proxy. Proxy error: New Command Timeout of 120 seconds expired. Try customizing the timeout using the 'newCommandTimeout' desired capability (WARNING: The server did not provide any stacktrace information)
Command duration or timeout: 721.11 seconds
Build info: version: '2.51.0', revision: '1af067d', time: '2016-02-05 19:15:17'
System info: host: 'tvmatp2261m.ad.infosys.com', ip: '10.155.162.81', os.name: 'Mac OS X', os.arch: 'x86_64', os.version: '10.11', java.version: '1.7.0_71'
Session ID: 728e88f6-41b4-492d-95e5-8e58b0ed38f1
Driver info: io.appium.java_client.android.AndroidDriver
Capabilities [{automationName=Appium, platform=LINUX, app=/Users/jithya.joseph/Desktop/SyscoEndeca-debug.apk, javascriptEnabled=true, appActivity=, networkConnectionEnabled=true, desired={automationName=Appium, newCommandTimeout=120, app=/Users/jithya.joseph/Desktop/SyscoEndeca-debug.apk, platformVersion=6.0, autoWebview=false, deviceName=Sysco Galaxy S6, platformName=Android, appActivity=, appPackage=}, locationContextEnabled=false, appPackage=, newCommandTimeout=120, platformVersion=6.0.1, databaseEnabled=false, autoWebview=false, deviceName=1215fc6c214b2204, platformName=Android, webStorageEnabled=false, warnings={}, takesScreenshot=true}]]]>
    </line>
    <line>
      <![CDATA[<b><font color='RED'>ERROR	:- myActiveOrder_SubmitOrder:Fail expected [false] but found [true]</font></b>]]>
    </line>
    <line>
      <![CDATA[A session is either terminated or not started (WARNING: The server did not provide any stacktrace information)
Command duration or timeout: 4 milliseconds
Build info: version: '2.51.0', revision: '1af067d', time: '2016-02-05 19:15:17'
System info: host: 'tvmatp2261m.ad.infosys.com', ip: '10.155.162.81', os.name: 'Mac OS X', os.arch: 'x86_64', os.version: '10.11', java.version: '1.7.0_71'
Session ID: 728e88f6-41b4-492d-95e5-8e58b0ed38f1
Driver info: io.appium.java_client.android.AndroidDriver
Capabilities [{automationName=Appium, platform=LINUX, app=/Users/jithya.joseph/Desktop/SyscoEndeca-debug.apk, javascriptEnabled=true, appActivity=, networkConnectionEnabled=true, desired={automationName=Appium, newCommandTimeout=120, app=/Users/jithya.joseph/Desktop/SyscoEndeca-debug.apk, platformVersion=6.0, autoWebview=false, deviceName=Sysco Galaxy S6, platformName=Android, appActivity=, appPackage=}, locationContextEnabled=false, appPackage=, newCommandTimeout=120, platformVersion=6.0.1, databaseEnabled=false, autoWebview=false, deviceName=1215fc6c214b2204, platformName=Android, webStorageEnabled=false, warnings={}, takesScreenshot=true}]]]>
    </line>
    <line>
      <![CDATA[<b><font color='RED'>ERROR	:- Error occured while closing webdriver sessionA session is either terminated or not started (WARNING: The server did not provide any stacktrace information)
Command duration or timeout: 4 milliseconds
Build info: version: '2.51.0', revision: '1af067d', time: '2016-02-05 19:15:17'
System info: host: 'tvmatp2261m.ad.infosys.com', ip: '10.155.162.81', os.name: 'Mac OS X', os.arch: 'x86_64', os.version: '10.11', java.version: '1.7.0_71'
Session ID: 728e88f6-41b4-492d-95e5-8e58b0ed38f1
Driver info: io.appium.java_client.android.AndroidDriver
Capabilities [{automationName=Appium, platform=LINUX, app=/Users/jithya.joseph/Desktop/SyscoEndeca-debug.apk, javascriptEnabled=true, appActivity=, networkConnectionEnabled=true, desired={automationName=Appium, newCommandTimeout=120, app=/Users/jithya.joseph/Desktop/SyscoEndeca-debug.apk, platformVersion=6.0, autoWebview=false, deviceName=Sysco Galaxy S6, platformName=Android, appActivity=, appPackage=}, locationContextEnabled=false, appPackage=, newCommandTimeout=120, platformVersion=6.0.1, databaseEnabled=false, autoWebview=false, deviceName=1215fc6c214b2204, platformName=Android, webStorageEnabled=false, warnings={}, takesScreenshot=true}]</font></b>]]>
    </line>
  </reporter-output>
  <suite name="somename" duration-ms="1578784" started-at="2016-06-01T12:04:30Z" finished-at="2016-06-01T12:30:49Z">
    <groups>
      <group name="Test_Script">
        <method signature="May27TestSuite4.SubmitOrder_Brand_Search_Home()[pri:33, instance:com.tests.May27TestSuite4@47bb3a11]" name="SubmitOrder_Brand_Search_Home" class="com.tests.May27TestSuite4"/>
        <method signature="May27TestSuite4.SubmitOrder_Categories_Home()[pri:28, instance:com.tests.May27TestSuite4@47bb3a11]" name="SubmitOrder_Categories_Home" class="com.tests.May27TestSuite4"/>
        <method signature="May27TestSuite4.SubmitOrder_Categories_Search_Home()[pri:32, instance:com.tests.May27TestSuite4@47bb3a11]" name="SubmitOrder_Categories_Search_Home" class="com.tests.May27TestSuite4"/>
      </group> <!-- Test_Script -->
    </groups>
    <test name="Default test" duration-ms="1578784" started-at="2016-06-01T12:04:30Z" finished-at="2016-06-01T12:30:49Z">
      <class name="com.tests.May27TestSuite4">
        <test-method status="PASS" signature="setUp(java.lang.reflect.Method)[pri:0, instance:com.tests.May27TestSuite4@47bb3a11]" name="setUp" is-config="true" duration-ms="8" started-at="2016-06-01T17:34:30Z" finished-at="2016-06-01T17:34:30Z">
          <params>
            <param index="0">
              <value>
                <![CDATA[public void com.tests.May27TestSuite4.SubmitOrder_Categories_Home() throws java.lang.InterruptedException]]>
              </value>
            </param>
          </params>
          <reporter-output>
          </reporter-output>
        </test-method> <!-- setUp -->
        <test-method status="PASS" signature="SubmitOrder_Categories_Home()[pri:28, instance:com.tests.May27TestSuite4@47bb3a11]" name="SubmitOrder_Categories_Home" duration-ms="325055" started-at="2016-06-01T17:34:30Z" description="Submit order from category in home page" finished-at="2016-06-01T17:39:55Z">
          <reporter-output>
            <line>
              <![CDATA[[17:34:38] : <b><FONT SIZE="2">Opened Login Page </FONT></b><br>]]>
            </line>
            <line>
              <![CDATA[#scenario:Verify login Page Elements]]>
            </line>
            <line>
              <![CDATA[[17:34:42] : <b><FONT SIZE="2">Sysco logo  displayed:Pass</FONT></b><br>]]>
            </line>
            <line>
              <![CDATA[[17:37:46] : <b><FONT SIZE="2">Enter User Name</FONT></b><br>]]>
            </line>
            <line>
              <![CDATA[[17:37:47] : <b><FONT SIZE="2">Enter Password</FONT></b><br>]]>
            </line>
            <line>
              <![CDATA[[17:37:48] : <b><FONT SIZE="2">Click on Login  Button</FONT></b><br>]]>
            </line>
            <line>
              <![CDATA[[17:37:49] : <b><FONT SIZE="2">User Logged In: Pass</FONT></b><br>]]>
            </line>
            <line>
              <![CDATA[[17:38:04] : <b><FONT SIZE="2">at category home click</FONT></b><br>]]>
            </line>
            <line>
              <![CDATA[[17:38:05] : <b><FONT SIZE="2">Clicked on category in Home Page: Pass</FONT></b><br>]]>
            </line>
            <line>
              <![CDATA[[17:38:10] : <b><FONT SIZE="2">at  subcategory home click</FONT></b><br>]]>
            </line>
            <line>
              <![CDATA[[17:38:13] : <b><FONT SIZE="2">Clicked on subcategory in Home Page: Pass</FONT></b><br>]]>
            </line>
            <line>
              <![CDATA[[17:38:13] : <b><FONT SIZE="2">at  ProductCategoriesPage</FONT></b><br>]]>
            </line>
            <line>
              <![CDATA[[17:38:24] : <b><FONT SIZE="2">Clicked on Plus Btn : Pass</FONT></b><br>]]>
            </line>
            <line>
              <![CDATA[[17:38:39] : <b><FONT SIZE="2">at create_Click</FONT></b><br>]]>
            </line>
            <line>
              <![CDATA[[17:38:55] : <b><FONT SIZE="2">Clicked on Create : Pass</FONT></b><br>]]>
            </line>
            <line>
              <![CDATA[[17:38:55] : <b><FONT SIZE="2">at cart_Click</FONT></b><br>]]>
            </line>
            <line>
              <![CDATA[[17:39:16] : <b><FONT SIZE="2">Clicked on Cart : Pass</FONT></b><br>]]>
            </line>
            <line>
              <![CDATA[[17:39:16] : <b><FONT SIZE="2">at My active order</FONT></b><br>]]>
            </line>
            <line>
              <![CDATA[[17:39:34] : <b><FONT SIZE="2">Clicked on My Active order Submit button: Pass</FONT></b><br>]]>
            </line>
            <line>
              <![CDATA[[17:39:45] : <b><FONT SIZE="2">Alert closed: Pass</FONT></b><br>]]>
            </line>
            <line>
              <![CDATA[Test completed : SubmitOrder_Categories_Home]]>
            </line>
          </reporter-output>
        </test-method> <!-- SubmitOrder_Categories_Home -->
        <test-method status="PASS" signature="SubmitOrder_Categories_Search_Home()[pri:32, instance:com.tests.May27TestSuite4@47bb3a11]" name="SubmitOrder_Categories_Search_Home" duration-ms="146727" started-at="2016-06-01T17:39:57Z" description="Submit order from category via search in home page" finished-at="2016-06-01T17:42:24Z">
          <reporter-output>
            <line>
              <![CDATA[[17:40:04] : <b><FONT SIZE="2">Opened Login Page </FONT></b><br>]]>
            </line>
            <line>
              <![CDATA[#scenario:Verify login Page Elements]]>
            </line>
            <line>
              <![CDATA[[17:40:09] : <b><FONT SIZE="2">Sysco logo  displayed:Pass</FONT></b><br>]]>
            </line>
            <line>
              <![CDATA[[17:40:10] : <b><FONT SIZE="2">Enter User Name</FONT></b><br>]]>
            </line>
            <line>
              <![CDATA[[17:40:11] : <b><FONT SIZE="2">Enter Password</FONT></b><br>]]>
            </line>
            <line>
              <![CDATA[[17:40:12] : <b><FONT SIZE="2">Click on Login  Button</FONT></b><br>]]>
            </line>
            <line>
              <![CDATA[[17:40:12] : <b><FONT SIZE="2">User Logged In: Pass</FONT></b><br>]]>
            </line>
            <line>
              <![CDATA[[17:40:28] : <b><FONT SIZE="2">at category home click</FONT></b><br>]]>
            </line>
            <line>
              <![CDATA[[17:40:28] : <b><FONT SIZE="2">Clicked on category in Home Page: Pass</FONT></b><br>]]>
            </line>
            <line>
              <![CDATA[[17:40:34] : <b><FONT SIZE="2">at category home search click</FONT></b><br>]]>
            </line>
            <line>
              <![CDATA[[17:40:35] : <b><FONT SIZE="2">Clicked on category search in Home Page: Pass</FONT></b><br>]]>
            </line>
            <line>
              <![CDATA[[17:40:40] : <b><FONT SIZE="2">at select category home click</FONT></b><br>]]>
            </line>
            <line>
              <![CDATA[[17:40:43] : <b><FONT SIZE="2">Clicked on an item in category in Home Page: Pass</FONT></b><br>]]>
            </line>
            <line>
              <![CDATA[[17:40:43] : <b><FONT SIZE="2">at  ProductCategoriesPage</FONT></b><br>]]>
            </line>
            <line>
              <![CDATA[[17:40:52] : <b><FONT SIZE="2">Clicked on Plus Btn : Pass</FONT></b><br>]]>
            </line>
            <line>
              <![CDATA[[17:41:08] : <b><FONT SIZE="2">at create_Click</FONT></b><br>]]>
            </line>
            <line>
              <![CDATA[[17:41:23] : <b><FONT SIZE="2">Clicked on Create : Pass</FONT></b><br>]]>
            </line>
            <line>
              <![CDATA[[17:41:24] : <b><FONT SIZE="2">at cart_Click</FONT></b><br>]]>
            </line>
            <line>
              <![CDATA[[17:41:44] : <b><FONT SIZE="2">Clicked on Cart : Pass</FONT></b><br>]]>
            </line>
            <line>
              <![CDATA[[17:41:45] : <b><FONT SIZE="2">at My active order</FONT></b><br>]]>
            </line>
            <line>
              <![CDATA[[17:42:02] : <b><FONT SIZE="2">Clicked on My Active order Submit button: Pass</FONT></b><br>]]>
            </line>
            <line>
              <![CDATA[[17:42:14] : <b><FONT SIZE="2">Alert closed: Pass</FONT></b><br>]]>
            </line>
            <line>
              <![CDATA[Test completed : SubmitOrder_Categories_Search_Home]]>
            </line>
          </reporter-output>
        </test-method> <!-- SubmitOrder_Categories_Search_Home -->
        <test-method status="PASS" signature="setUp(java.lang.reflect.Method)[pri:0, instance:com.tests.May27TestSuite4@47bb3a11]" name="setUp" is-config="true" duration-ms="0" started-at="2016-06-01T17:39:57Z" finished-at="2016-06-01T17:39:57Z">
          <params>
            <param index="0">
              <value>
                <![CDATA[public void com.tests.May27TestSuite4.SubmitOrder_Categories_Search_Home() throws java.lang.InterruptedException]]>
              </value>
            </param>
          </params>
          <reporter-output>
          </reporter-output>
        </test-method> <!-- setUp -->
        <test-method status="FAIL" signature="SubmitOrder_Brand_Search_Home()[pri:33, instance:com.tests.May27TestSuite4@47bb3a11]" name="SubmitOrder_Brand_Search_Home" duration-ms="1094401" started-at="2016-06-01T17:42:25Z" description="Submit order from brand via search in home page" finished-at="2016-06-01T18:00:40Z">
          <exception class="java.lang.RuntimeException">
            <message>
              <![CDATA[Error occured while closing webdriver sessionA session is either terminated or not started (WARNING: The server did not provide any stacktrace information)
Command duration or timeout: 4 milliseconds
Build info: version: '2.51.0', revision: '1af067d', time: '2016-02-05 19:15:17'
System info: host: 'tvmatp2261m.ad.infosys.com', ip: '10.155.162.81', os.name: 'Mac OS X', os.arch: 'x86_64', os.version: '10.11', java.version: '1.7.0_71'
Session ID: 728e88f6-41b4-492d-95e5-8e58b0ed38f1
Driver info: io.appium.java_client.android.AndroidDriver
Capabilities [{automationName=Appium, platform=LINUX, app=/Users/jithya.joseph/Desktop/SyscoEndeca-debug.apk, javascriptEnabled=true, appActivity=, networkConnectionEnabled=true, desired={automationName=Appium, newCommandTimeout=120, app=/Users/jithya.joseph/Desktop/SyscoEndeca-debug.apk, platformVersion=6.0, autoWebview=false, deviceName=Sysco Galaxy S6, platformName=Android, appActivity=, appPackage=}, locationContextEnabled=false, appPackage=, newCommandTimeout=120, platformVersion=6.0.1, databaseEnabled=false, autoWebview=false, deviceName=1215fc6c214b2204, platformName=Android, webStorageEnabled=false, warnings={}, takesScreenshot=true}]]]>
            </message>
            <full-stacktrace>
              <![CDATA[java.lang.RuntimeException: Error occured while closing webdriver sessionA session is either terminated or not started (WARNING: The server did not provide any stacktrace information)
Command duration or timeout: 4 milliseconds
Build info: version: '2.51.0', revision: '1af067d', time: '2016-02-05 19:15:17'
System info: host: 'tvmatp2261m.ad.infosys.com', ip: '10.155.162.81', os.name: 'Mac OS X', os.arch: 'x86_64', os.version: '10.11', java.version: '1.7.0_71'
Session ID: 728e88f6-41b4-492d-95e5-8e58b0ed38f1
Driver info: io.appium.java_client.android.AndroidDriver
Capabilities [{automationName=Appium, platform=LINUX, app=/Users/jithya.joseph/Desktop/SyscoEndeca-debug.apk, javascriptEnabled=true, appActivity=, networkConnectionEnabled=true, desired={automationName=Appium, newCommandTimeout=120, app=/Users/jithya.joseph/Desktop/SyscoEndeca-debug.apk, platformVersion=6.0, autoWebview=false, deviceName=Sysco Galaxy S6, platformName=Android, appActivity=, appPackage=}, locationContextEnabled=false, appPackage=, newCommandTimeout=120, platformVersion=6.0.1, databaseEnabled=false, autoWebview=false, deviceName=1215fc6c214b2204, platformName=Android, webStorageEnabled=false, warnings={}, takesScreenshot=true}]
	at zRfghY.s.b(WebDriverFactory.java:48)
	at com.iwaf.framework.testng.TestNGTestListener.closeTestSession(TestNGTestListener.java:458)
	at com.iwaf.framework.testng.TestNGTestListener.onTestFailure(TestNGTestListener.java:291)
	at org.testng.internal.Invoker.runTestListeners(Invoker.java:1693)
	at org.testng.internal.Invoker.runTestListeners(Invoker.java:1677)
	at org.testng.internal.Invoker.invokeMethod(Invoker.java:702)
	at org.testng.internal.Invoker.invokeTestMethod(Invoker.java:822)
	at org.testng.internal.Invoker.invokeTestMethods(Invoker.java:1130)
	at org.testng.internal.TestMethodWorker.invokeTestMethods(TestMethodWorker.java:129)
	at org.testng.internal.TestMethodWorker.run(TestMethodWorker.java:112)
	at org.testng.TestRunner.privateRun(TestRunner.java:782)
	at org.testng.TestRunner.run(TestRunner.java:632)
	at org.testng.SuiteRunner.runTest(SuiteRunner.java:366)
	at org.testng.SuiteRunner.runSequentially(SuiteRunner.java:361)
	at org.testng.SuiteRunner.privateRun(SuiteRunner.java:319)
	at org.testng.SuiteRunner.run(SuiteRunner.java:268)
	at org.testng.SuiteRunnerWorker.runSuite(SuiteRunnerWorker.java:52)
	at org.testng.SuiteRunnerWorker.run(SuiteRunnerWorker.java:86)
	at org.testng.TestNG.runSuitesSequentially(TestNG.java:1244)
	at org.testng.TestNG.runSuitesLocally(TestNG.java:1169)
	at org.testng.TestNG.run(TestNG.java:1064)
	at org.testng.remote.RemoteTestNG.run(RemoteTestNG.java:113)
	at org.testng.remote.RemoteTestNG.initAndRun(RemoteTestNG.java:206)
	at org.testng.remote.RemoteTestNG.main(RemoteTestNG.java:177)
Caused by: org.openqa.selenium.remote.SessionNotFoundException: A session is either terminated or not started (WARNING: The server did not provide any stacktrace information)
Command duration or timeout: 4 milliseconds
Build info: version: '2.51.0', revision: '1af067d', time: '2016-02-05 19:15:17'
System info: host: 'tvmatp2261m.ad.infosys.com', ip: '10.155.162.81', os.name: 'Mac OS X', os.arch: 'x86_64', os.version: '10.11', java.version: '1.7.0_71'
Session ID: 728e88f6-41b4-492d-95e5-8e58b0ed38f1
Driver info: io.appium.java_client.android.AndroidDriver
Capabilities [{automationName=Appium, platform=LINUX, app=/Users/jithya.joseph/Desktop/SyscoEndeca-debug.apk, javascriptEnabled=true, appActivity=, networkConnectionEnabled=true, desired={automationName=Appium, newCommandTimeout=120, app=/Users/jithya.joseph/Desktop/SyscoEndeca-debug.apk, platformVersion=6.0, autoWebview=false, deviceName=Sysco Galaxy S6, platformName=Android, appActivity=, appPackage=}, locationContextEnabled=false, appPackage=, newCommandTimeout=120, platformVersion=6.0.1, databaseEnabled=false, autoWebview=false, deviceName=1215fc6c214b2204, platformName=Android, webStorageEnabled=false, warnings={}, takesScreenshot=true}]
	at sun.reflect.NativeConstructorAccessorImpl.newInstance0(Native Method)
	at sun.reflect.NativeConstructorAccessorImpl.newInstance(NativeConstructorAccessorImpl.java:57)
	at sun.reflect.DelegatingConstructorAccessorImpl.newInstance(DelegatingConstructorAccessorImpl.java:45)
	at java.lang.reflect.Constructor.newInstance(Constructor.java:526)
	at org.openqa.selenium.remote.ErrorHandler.createThrowable(ErrorHandler.java:206)
	at org.openqa.selenium.remote.ErrorHandler.throwIfResponseFailed(ErrorHandler.java:164)
	at org.openqa.selenium.remote.RemoteWebDriver.execute(RemoteWebDriver.java:678)
	at io.appium.java_client.DefaultGenericMobileDriver.execute(DefaultGenericMobileDriver.java:42)
	at io.appium.java_client.AppiumDriver.execute(AppiumDriver.java:189)
	at org.openqa.selenium.remote.RemoteWebDriver.quit(RemoteWebDriver.java:526)
	at zRfghY.t.c(WebDriverInstanceGenerator.java:131)
	at zRfghY.s.b(WebDriverFactory.java:45)
	... 23 more
]]>
            </full-stacktrace>
          </exception> <!-- java.lang.RuntimeException -->
          <reporter-output>
            <line>
              <![CDATA[<b><font color='RED'>ERROR	:- Error occured while closing webdriver sessionA session is either terminated or not started (WARNING: The server did not provide any stacktrace information)
Command duration or timeout: 4 milliseconds
Build info: version: '2.51.0', revision: '1af067d', time: '2016-02-05 19:15:17'
System info: host: 'tvmatp2261m.ad.infosys.com', ip: '10.155.162.81', os.name: 'Mac OS X', os.arch: 'x86_64', os.version: '10.11', java.version: '1.7.0_71'
Session ID: 728e88f6-41b4-492d-95e5-8e58b0ed38f1
Driver info: io.appium.java_client.android.AndroidDriver
Capabilities [{automationName=Appium, platform=LINUX, app=/Users/jithya.joseph/Desktop/SyscoEndeca-debug.apk, javascriptEnabled=true, appActivity=, networkConnectionEnabled=true, desired={automationName=Appium, newCommandTimeout=120, app=/Users/jithya.joseph/Desktop/SyscoEndeca-debug.apk, platformVersion=6.0, autoWebview=false, deviceName=Sysco Galaxy S6, platformName=Android, appActivity=, appPackage=}, locationContextEnabled=false, appPackage=, newCommandTimeout=120, platformVersion=6.0.1, databaseEnabled=false, autoWebview=false, deviceName=1215fc6c214b2204, platformName=Android, webStorageEnabled=false, warnings={}, takesScreenshot=true}]</font></b>]]>
            </line>
          </reporter-output>
        </test-method> <!-- SubmitOrder_Brand_Search_Home -->
        <test-method status="FAIL" signature="SubmitOrder_Brand_Search_Home()[pri:33, instance:com.tests.May27TestSuite4@47bb3a11]" name="SubmitOrder_Brand_Search_Home" duration-ms="1094385" started-at="2016-06-01T17:42:25Z" description="Submit order from brand via search in home page" finished-at="2016-06-01T18:00:40Z">
          <exception class="java.lang.AssertionError">
            <message>
              <![CDATA[myActiveOrder_SubmitOrder:Fail expected [false] but found [true]]]>
            </message>
            <full-stacktrace>
              <![CDATA[java.lang.AssertionError: myActiveOrder_SubmitOrder:Fail expected [false] but found [true]
	at org.testng.Assert.fail(Assert.java:94)
	at org.testng.Assert.failNotEquals(Assert.java:513)
	at org.testng.Assert.assertFalse(Assert.java:63)
	at com.components.pages.MyActiveOrderPage.myActiveOrder_SubmitOrder(MyActiveOrderPage.java:195)
	at com.tests.May27TestSuite4.SubmitOrder_Brand_Search_Home(May27TestSuite4.java:157)
	at sun.reflect.NativeMethodAccessorImpl.invoke0(Native Method)
	at sun.reflect.NativeMethodAccessorImpl.invoke(NativeMethodAccessorImpl.java:57)
	at sun.reflect.DelegatingMethodAccessorImpl.invoke(DelegatingMethodAccessorImpl.java:43)
	at java.lang.reflect.Method.invoke(Method.java:606)
	at org.testng.internal.MethodInvocationHelper.invokeMethod(MethodInvocationHelper.java:86)
	at org.testng.internal.Invoker.invokeMethod(Invoker.java:645)
	at org.testng.internal.Invoker.invokeTestMethod(Invoker.java:822)
	at org.testng.internal.Invoker.invokeTestMethods(Invoker.java:1130)
	at org.testng.internal.TestMethodWorker.invokeTestMethods(TestMethodWorker.java:129)
	at org.testng.internal.TestMethodWorker.run(TestMethodWorker.java:112)
	at org.testng.TestRunner.privateRun(TestRunner.java:782)
	at org.testng.TestRunner.run(TestRunner.java:632)
	at org.testng.SuiteRunner.runTest(SuiteRunner.java:366)
	at org.testng.SuiteRunner.runSequentially(SuiteRunner.java:361)
	at org.testng.SuiteRunner.privateRun(SuiteRunner.java:319)
	at org.testng.SuiteRunner.run(SuiteRunner.java:268)
	at org.testng.SuiteRunnerWorker.runSuite(SuiteRunnerWorker.java:52)
	at org.testng.SuiteRunnerWorker.run(SuiteRunnerWorker.java:86)
	at org.testng.TestNG.runSuitesSequentially(TestNG.java:1244)
	at org.testng.TestNG.runSuitesLocally(TestNG.java:1169)
	at org.testng.TestNG.run(TestNG.java:1064)
	at org.testng.remote.RemoteTestNG.run(RemoteTestNG.java:113)
	at org.testng.remote.RemoteTestNG.initAndRun(RemoteTestNG.java:206)
	at org.testng.remote.RemoteTestNG.main(RemoteTestNG.java:177)
]]>
            </full-stacktrace>
          </exception> <!-- java.lang.AssertionError -->
          <reporter-output>
            <line>
              <![CDATA[[17:42:33] : <b><FONT SIZE="2">Opened Login Page </FONT></b><br>]]>
            </line>
            <line>
              <![CDATA[#scenario:Verify login Page Elements]]>
            </line>
            <line>
              <![CDATA[[17:42:37] : <b><FONT SIZE="2">Sysco logo  displayed:Pass</FONT></b><br>]]>
            </line>
            <line>
              <![CDATA[[17:45:41] : <b><FONT SIZE="2">Enter User Name</FONT></b><br>]]>
            </line>
            <line>
              <![CDATA[[17:45:42] : <b><FONT SIZE="2">Enter Password</FONT></b><br>]]>
            </line>
            <line>
              <![CDATA[[17:45:44] : <b><FONT SIZE="2">Click on Login  Button</FONT></b><br>]]>
            </line>
            <line>
              <![CDATA[[17:45:44] : <b><FONT SIZE="2">User Logged In: Pass</FONT></b><br>]]>
            </line>
            <line>
              <![CDATA[[17:46:00] : <b><FONT SIZE="2">at brand home click</FONT></b><br>]]>
            </line>
            <line>
              <![CDATA[[17:47:00] : <b><FONT SIZE="2">Clicked on brand in Home Page: Pass</FONT></b><br>]]>
            </line>
            <line>
              <![CDATA[[17:47:06] : <b><FONT SIZE="2">at brand home search click</FONT></b><br>]]>
            </line>
            <line>
              <![CDATA[[17:47:07] : <b><FONT SIZE="2">Clicked on brand search in Home Page: Pass</FONT></b><br>]]>
            </line>
            <line>
              <![CDATA[[17:47:12] : <b><FONT SIZE="2">at brand home search click</FONT></b><br>]]>
            </line>
            <line>
              <![CDATA[[17:47:14] : <b><FONT SIZE="2">Clicked on an item in brand search in Home Page: Pass</FONT></b><br>]]>
            </line>
            <line>
              <![CDATA[[17:47:14] : <b><FONT SIZE="2">at  ProductCategoriesPage</FONT></b><br>]]>
            </line>
            <line>
              <![CDATA[[17:47:30] : <b><FONT SIZE="2">Clicked on Plus Btn : Pass</FONT></b><br>]]>
            </line>
            <line>
              <![CDATA[[17:47:46] : <b><FONT SIZE="2">at create_Click</FONT></b><br>]]>
            </line>
            <line>
              <![CDATA[[17:48:01] : <b><FONT SIZE="2">Clicked on Create : Pass</FONT></b><br>]]>
            </line>
            <line>
              <![CDATA[[17:48:02] : <b><FONT SIZE="2">at cart_Click</FONT></b><br>]]>
            </line>
            <line>
              <![CDATA[[17:48:23] : <b><FONT SIZE="2">Clicked on Cart : Pass</FONT></b><br>]]>
            </line>
            <line>
              <![CDATA[[17:48:23] : <b><FONT SIZE="2">at My active order</FONT></b><br>]]>
            </line>
            <line>
              <![CDATA[An unknown server-side error occurred while processing the command. Original error: Could not proxy. Proxy error: New Command Timeout of 120 seconds expired. Try customizing the timeout using the 'newCommandTimeout' desired capability (WARNING: The server did not provide any stacktrace information)
Command duration or timeout: 721.11 seconds
Build info: version: '2.51.0', revision: '1af067d', time: '2016-02-05 19:15:17'
System info: host: 'tvmatp2261m.ad.infosys.com', ip: '10.155.162.81', os.name: 'Mac OS X', os.arch: 'x86_64', os.version: '10.11', java.version: '1.7.0_71'
Session ID: 728e88f6-41b4-492d-95e5-8e58b0ed38f1
Driver info: io.appium.java_client.android.AndroidDriver
Capabilities [{automationName=Appium, platform=LINUX, app=/Users/jithya.joseph/Desktop/SyscoEndeca-debug.apk, javascriptEnabled=true, appActivity=, networkConnectionEnabled=true, desired={automationName=Appium, newCommandTimeout=120, app=/Users/jithya.joseph/Desktop/SyscoEndeca-debug.apk, platformVersion=6.0, autoWebview=false, deviceName=Sysco Galaxy S6, platformName=Android, appActivity=, appPackage=}, locationContextEnabled=false, appPackage=, newCommandTimeout=120, platformVersion=6.0.1, databaseEnabled=false, autoWebview=false, deviceName=1215fc6c214b2204, platformName=Android, webStorageEnabled=false, warnings={}, takesScreenshot=true}]]]>
            </line>
            <line>
              <![CDATA[<b><font color='RED'>ERROR	:- myActiveOrder_SubmitOrder:Fail expected [false] but found [true]</font></b>]]>
            </line>
            <line>
              <![CDATA[A session is either terminated or not started (WARNING: The server did not provide any stacktrace information)
Command duration or timeout: 4 milliseconds
Build info: version: '2.51.0', revision: '1af067d', time: '2016-02-05 19:15:17'
System info: host: 'tvmatp2261m.ad.infosys.com', ip: '10.155.162.81', os.name: 'Mac OS X', os.arch: 'x86_64', os.version: '10.11', java.version: '1.7.0_71'
Session ID: 728e88f6-41b4-492d-95e5-8e58b0ed38f1
Driver info: io.appium.java_client.android.AndroidDriver
Capabilities [{automationName=Appium, platform=LINUX, app=/Users/jithya.joseph/Desktop/SyscoEndeca-debug.apk, javascriptEnabled=true, appActivity=, networkConnectionEnabled=true, desired={automationName=Appium, newCommandTimeout=120, app=/Users/jithya.joseph/Desktop/SyscoEndeca-debug.apk, platformVersion=6.0, autoWebview=false, deviceName=Sysco Galaxy S6, platformName=Android, appActivity=, appPackage=}, locationContextEnabled=false, appPackage=, newCommandTimeout=120, platformVersion=6.0.1, databaseEnabled=false, autoWebview=false, deviceName=1215fc6c214b2204, platformName=Android, webStorageEnabled=false, warnings={}, takesScreenshot=true}]]]>
            </line>
          </reporter-output>
        </test-method> <!-- SubmitOrder_Brand_Search_Home -->
        <test-method status="PASS" signature="setUp(java.lang.reflect.Method)[pri:0, instance:com.tests.May27TestSuite4@47bb3a11]" name="setUp" is-config="true" duration-ms="0" started-at="2016-06-01T17:42:25Z" finished-at="2016-06-01T17:42:25Z">
          <params>
            <param index="0">
              <value>
                <![CDATA[public void com.tests.May27TestSuite4.SubmitOrder_Brand_Search_Home() throws java.lang.InterruptedException]]>
              </value>
            </param>
          </params>
          <reporter-output>
          </reporter-output>
        </test-method> <!-- setUp -->
      </class> <!-- com.tests.May27TestSuite4 -->
    </test> <!-- Default test -->
  </suite> <!-- somename -->
</testng-results>
