<?xml version="1.0" encoding="UTF-8"?>
<!-- Generated by org.testng.reporters.JUnitXMLReporter -->
<testsuite hostname="TVMATP310440M" name="Test" tests="2" failures="1" timestamp="29 Jul 2016 08:56:42 GMT" time="158.753" errors="0">
  <testcase name="SI_WF25_CustomList_DefaultLoc_Skipcategory" time="20.572" classname="com.sysco.test.WorkFlow"/>
  <testcase name="SI_WF26_CustomList_SkipLoc_defaultcategory_NU" time="70.877" classname="com.sysco.test.WorkFlow">
    <failure type="java.lang.AssertionError" message="expected [true] but found [false]">
      <![CDATA[java.lang.AssertionError: expected [true] but found [false]
	at com.sysco.pages.SetupInventoryPage.TapOnDOThisLater(SetupInventoryPage.java:1026)
	at com.sysco.test.WorkFlow.SI_WF26_CustomList_SkipLoc_defaultcategory_NU(WorkFlow.java:816)
... Removed 28 stack frames]]>
    </failure>
  </testcase> <!-- SI_WF26_CustomList_SkipLoc_defaultcategory_NU -->
</testsuite> <!-- Test -->
