<?xml version="1.0" encoding="UTF-8"?>
<!-- Generated by org.testng.reporters.JUnitXMLReporter -->
<testsuite hostname="tvmatp312483m.ad.infosys.com" name="Default test" tests="39" failures="2" timestamp="29 Jul 2016 12:15:42 GMT" time="105.191" errors="0">
  <testcase name="@AfterMethod tearDown" time="0.0" classname="com.sysco.test.WorkFlow">
    <failure type="org.openqa.selenium.remote.UnreachableBrowserException" message="Error communicating with the remote browser. It may have died.
Build info: version: &amp;apos;2.45.0&amp;apos;, revision: &amp;apos;5017cb8&amp;apos;, time: &amp;apos;2015-02-26 23:59:50&amp;apos;
System info: host: &amp;apos;tvmatp312483m.ad.infosys.com&amp;apos;, ip: &amp;apos;10.155.162.74&amp;apos;, os.name: &amp;apos;Mac OS X&amp;apos;, os.arch: &amp;apos;x86_64&amp;apos;, os.version: &amp;apos;10.11.5&amp;apos;, java.version: &amp;apos;1.8.0_40&amp;apos;
Driver info: driver.version: RemoteWebDriver">
      <![CDATA[org.openqa.selenium.remote.UnreachableBrowserException: Error communicating with the remote browser. It may have died.
Build info: version: '2.45.0', revision: '5017cb8', time: '2015-02-26 23:59:50'
System info: host: 'tvmatp312483m.ad.infosys.com', ip: '10.155.162.74', os.name: 'Mac OS X', os.arch: 'x86_64', os.version: '10.11.5', java.version: '1.8.0_40'
Driver info: driver.version: RemoteWebDriver
	at org.openqa.selenium.remote.RemoteWebDriver.execute(RemoteWebDriver.java:593)
	at io.appium.java_client.DefaultGenericMobileDriver.execute(DefaultGenericMobileDriver.java:51)
	at io.appium.java_client.AppiumDriver.execute(AppiumDriver.java:268)
	at org.openqa.selenium.remote.RemoteWebDriver.quit(RemoteWebDriver.java:468)
	at com.sysco.test.WorkFlow.tearDown(WorkFlow.java:82)
	at sun.reflect.NativeMethodAccessorImpl.invoke0(Native Method)
	at sun.reflect.NativeMethodAccessorImpl.invoke(NativeMethodAccessorImpl.java:62)
	at sun.reflect.DelegatingMethodAccessorImpl.invoke(DelegatingMethodAccessorImpl.java:43)
	at java.lang.reflect.Method.invoke(Method.java:497)
	at org.testng.internal.MethodInvocationHelper.invokeMethod(MethodInvocationHelper.java:84)
	at org.testng.internal.Invoker.invokeConfigurationMethod(Invoker.java:564)
	at org.testng.internal.Invoker.invokeConfigurations(Invoker.java:213)
	at org.testng.internal.Invoker.invokeMethod(Invoker.java:786)
	at org.testng.internal.Invoker.invokeTestMethod(Invoker.java:901)
	at org.testng.internal.Invoker.invokeTestMethods(Invoker.java:1231)
	at org.testng.internal.TestMethodWorker.invokeTestMethods(TestMethodWorker.java:127)
	at org.testng.internal.TestMethodWorker.run(TestMethodWorker.java:111)
	at org.testng.TestRunner.privateRun(TestRunner.java:767)
	at org.testng.TestRunner.run(TestRunner.java:617)
	at org.testng.SuiteRunner.runTest(SuiteRunner.java:334)
	at org.testng.SuiteRunner.runSequentially(SuiteRunner.java:329)
	at org.testng.SuiteRunner.privateRun(SuiteRunner.java:291)
	at org.testng.SuiteRunner.run(SuiteRunner.java:240)
	at org.testng.SuiteRunnerWorker.runSuite(SuiteRunnerWorker.java:52)
	at org.testng.SuiteRunnerWorker.run(SuiteRunnerWorker.java:86)
	at org.testng.TestNG.runSuitesSequentially(TestNG.java:1224)
	at org.testng.TestNG.runSuitesLocally(TestNG.java:1149)
	at org.testng.TestNG.run(TestNG.java:1057)
	at org.testng.remote.AbstractRemoteTestNG.run(AbstractRemoteTestNG.java:126)
	at org.testng.remote.RemoteTestNG.initAndRun(RemoteTestNG.java:137)
	at org.testng.remote.RemoteTestNG.main(RemoteTestNG.java:58)
Caused by: org.openqa.selenium.WebDriverException: org.apache.http.conn.HttpHostConnectException: Connect to 10.155.162.74:4723 [/10.155.162.74] failed: Connection refused
Build info: version: '2.45.0', revision: '5017cb8', time: '2015-02-26 23:59:50'
System info: host: 'tvmatp312483m.ad.infosys.com', ip: '10.155.162.74', os.name: 'Mac OS X', os.arch: 'x86_64', os.version: '10.11.5', java.version: '1.8.0_40'
Driver info: driver.version: RemoteWebDriver
	at io.appium.java_client.remote.AppiumCommandExecutor.execute(AppiumCommandExecutor.java:84)
	at org.openqa.selenium.remote.RemoteWebDriver.execute(RemoteWebDriver.java:572)
	... 30 more
Caused by: org.apache.http.conn.HttpHostConnectException: Connect to 10.155.162.74:4723 [/10.155.162.74] failed: Connection refused
	at org.apache.http.impl.conn.HttpClientConnectionOperator.connect(HttpClientConnectionOperator.java:142)
	at org.apache.http.impl.conn.PoolingHttpClientConnectionManager.connect(PoolingHttpClientConnectionManager.java:319)
	at org.apache.http.impl.execchain.MainClientExec.establishRoute(MainClientExec.java:363)
	at org.apache.http.impl.execchain.MainClientExec.execute(MainClientExec.java:219)
	at org.apache.http.impl.execchain.ProtocolExec.execute(ProtocolExec.java:195)
	at org.apache.http.impl.execchain.RetryExec.execute(RetryExec.java:86)
	at org.apache.http.impl.execchain.RedirectExec.execute(RedirectExec.java:108)
	at org.apache.http.impl.client.InternalHttpClient.doExecute(InternalHttpClient.java:184)
	at org.apache.http.impl.client.CloseableHttpClient.execute(CloseableHttpClient.java:72)
	at org.apache.http.impl.client.CloseableHttpClient.execute(CloseableHttpClient.java:57)
	at org.openqa.selenium.remote.internal.ApacheHttpClient.fallBackExecute(ApacheHttpClient.java:126)
	at org.openqa.selenium.remote.internal.ApacheHttpClient.execute(ApacheHttpClient.java:72)
	at org.openqa.selenium.remote.HttpCommandExecutor.execute(HttpCommandExecutor.java:133)
	at io.appium.java_client.remote.AppiumCommandExecutor.execute(AppiumCommandExecutor.java:69)
	... 31 more
Caused by: java.net.ConnectException: Connection refused
	at java.net.PlainSocketImpl.socketConnect(Native Method)
	at java.net.AbstractPlainSocketImpl.doConnect(AbstractPlainSocketImpl.java:345)
	at java.net.AbstractPlainSocketImpl.connectToAddress(AbstractPlainSocketImpl.java:206)
	at java.net.AbstractPlainSocketImpl.connect(AbstractPlainSocketImpl.java:188)
	at java.net.SocksSocketImpl.connect(SocksSocketImpl.java:392)
	at java.net.Socket.connect(Socket.java:589)
	at org.apache.http.conn.socket.PlainConnectionSocketFactory.connectSocket(PlainConnectionSocketFactory.java:72)
	at org.apache.http.impl.conn.HttpClientConnectionOperator.connect(HttpClientConnectionOperator.java:125)
	... 44 more
]]>
    </failure>
  </testcase> <!-- @AfterMethod tearDown -->
  <testcase name="@BeforeMethod setUp" time="0.0" classname="com.sysco.test.WorkFlow">
    <skipped/>
  </testcase> <!-- @BeforeMethod setUp -->
  <testcase name="@AfterMethod tearDown" time="0.0" classname="com.sysco.test.WorkFlow">
    <skipped/>
  </testcase> <!-- @AfterMethod tearDown -->
  <testcase name="@BeforeMethod setUp" time="0.0" classname="com.sysco.test.WorkFlow">
    <skipped/>
  </testcase> <!-- @BeforeMethod setUp -->
  <testcase name="@AfterMethod tearDown" time="0.0" classname="com.sysco.test.WorkFlow">
    <skipped/>
  </testcase> <!-- @AfterMethod tearDown -->
  <testcase name="@BeforeMethod setUp" time="0.0" classname="com.sysco.test.WorkFlow">
    <skipped/>
  </testcase> <!-- @BeforeMethod setUp -->
  <testcase name="@AfterMethod tearDown" time="0.0" classname="com.sysco.test.WorkFlow">
    <skipped/>
  </testcase> <!-- @AfterMethod tearDown -->
  <testcase name="@BeforeMethod setUp" time="0.0" classname="com.sysco.test.WorkFlow">
    <skipped/>
  </testcase> <!-- @BeforeMethod setUp -->
  <testcase name="@AfterMethod tearDown" time="0.0" classname="com.sysco.test.WorkFlow">
    <skipped/>
  </testcase> <!-- @AfterMethod tearDown -->
  <testcase name="@BeforeMethod setUp" time="0.0" classname="com.sysco.test.WorkFlow">
    <skipped/>
  </testcase> <!-- @BeforeMethod setUp -->
  <testcase name="@AfterMethod tearDown" time="0.0" classname="com.sysco.test.WorkFlow">
    <skipped/>
  </testcase> <!-- @AfterMethod tearDown -->
  <testcase name="@BeforeMethod setUp" time="0.0" classname="com.sysco.test.WorkFlow">
    <skipped/>
  </testcase> <!-- @BeforeMethod setUp -->
  <testcase name="@AfterMethod tearDown" time="0.0" classname="com.sysco.test.WorkFlow">
    <skipped/>
  </testcase> <!-- @AfterMethod tearDown -->
  <testcase name="@BeforeMethod setUp" time="0.0" classname="com.sysco.test.WorkFlow">
    <skipped/>
  </testcase> <!-- @BeforeMethod setUp -->
  <testcase name="@AfterMethod tearDown" time="0.0" classname="com.sysco.test.WorkFlow">
    <skipped/>
  </testcase> <!-- @AfterMethod tearDown -->
  <testcase name="@BeforeMethod setUp" time="0.0" classname="com.sysco.test.WorkFlow">
    <skipped/>
  </testcase> <!-- @BeforeMethod setUp -->
  <testcase name="@AfterMethod tearDown" time="0.0" classname="com.sysco.test.WorkFlow">
    <skipped/>
  </testcase> <!-- @AfterMethod tearDown -->
  <testcase name="@BeforeMethod setUp" time="0.0" classname="com.sysco.test.WorkFlow">
    <skipped/>
  </testcase> <!-- @BeforeMethod setUp -->
  <testcase name="@AfterMethod tearDown" time="0.0" classname="com.sysco.test.WorkFlow">
    <skipped/>
  </testcase> <!-- @AfterMethod tearDown -->
  <testcase name="@BeforeMethod setUp" time="0.0" classname="com.sysco.test.WorkFlow">
    <skipped/>
  </testcase> <!-- @BeforeMethod setUp -->
  <testcase name="@AfterMethod tearDown" time="0.0" classname="com.sysco.test.WorkFlow">
    <skipped/>
  </testcase> <!-- @AfterMethod tearDown -->
  <testcase name="@BeforeMethod setUp" time="0.0" classname="com.sysco.test.WorkFlow">
    <skipped/>
  </testcase> <!-- @BeforeMethod setUp -->
  <testcase name="@AfterMethod tearDown" time="0.0" classname="com.sysco.test.WorkFlow">
    <skipped/>
  </testcase> <!-- @AfterMethod tearDown -->
  <testcase name="@BeforeMethod setUp" time="0.0" classname="com.sysco.test.WorkFlow">
    <skipped/>
  </testcase> <!-- @BeforeMethod setUp -->
  <testcase name="@AfterMethod tearDown" time="0.0" classname="com.sysco.test.WorkFlow">
    <skipped/>
  </testcase> <!-- @AfterMethod tearDown -->
  <testcase name="@BeforeMethod setUp" time="0.0" classname="com.sysco.test.WorkFlow">
    <skipped/>
  </testcase> <!-- @BeforeMethod setUp -->
  <testcase name="@AfterMethod tearDown" time="0.0" classname="com.sysco.test.WorkFlow">
    <skipped/>
  </testcase> <!-- @AfterMethod tearDown -->
  <testcase name="@BeforeMethod setUp" time="0.0" classname="com.sysco.test.WorkFlow">
    <skipped/>
  </testcase> <!-- @BeforeMethod setUp -->
  <testcase name="@AfterMethod tearDown" time="0.0" classname="com.sysco.test.WorkFlow">
    <skipped/>
  </testcase> <!-- @AfterMethod tearDown -->
  <testcase name="@BeforeMethod setUp" time="0.0" classname="com.sysco.test.WorkFlow">
    <skipped/>
  </testcase> <!-- @BeforeMethod setUp -->
  <testcase name="@AfterMethod tearDown" time="0.0" classname="com.sysco.test.WorkFlow">
    <skipped/>
  </testcase> <!-- @AfterMethod tearDown -->
  <testcase name="@BeforeMethod setUp" time="0.0" classname="com.sysco.test.WorkFlow">
    <skipped/>
  </testcase> <!-- @BeforeMethod setUp -->
  <testcase name="@AfterMethod tearDown" time="0.0" classname="com.sysco.test.WorkFlow">
    <skipped/>
  </testcase> <!-- @AfterMethod tearDown -->
  <testcase name="@BeforeMethod setUp" time="0.0" classname="com.sysco.test.WorkFlow">
    <skipped/>
  </testcase> <!-- @BeforeMethod setUp -->
  <testcase name="@AfterMethod tearDown" time="0.0" classname="com.sysco.test.WorkFlow">
    <skipped/>
  </testcase> <!-- @AfterMethod tearDown -->
  <testcase name="@BeforeMethod setUp" time="0.0" classname="com.sysco.test.WorkFlow">
    <skipped/>
  </testcase> <!-- @BeforeMethod setUp -->
  <testcase name="@AfterMethod tearDown" time="0.0" classname="com.sysco.test.WorkFlow">
    <skipped/>
  </testcase> <!-- @AfterMethod tearDown -->
  <testcase name="@BeforeMethod setUp" time="0.0" classname="com.sysco.test.WorkFlow">
    <skipped/>
  </testcase> <!-- @BeforeMethod setUp -->
  <testcase name="@AfterMethod tearDown" time="0.0" classname="com.sysco.test.WorkFlow">
    <skipped/>
  </testcase> <!-- @AfterMethod tearDown -->
  <testcase name="@BeforeMethod setUp" time="0.0" classname="com.sysco.test.WorkFlow">
    <skipped/>
  </testcase> <!-- @BeforeMethod setUp -->
  <testcase name="@AfterMethod tearDown" time="0.0" classname="com.sysco.test.WorkFlow">
    <skipped/>
  </testcase> <!-- @AfterMethod tearDown -->
  <testcase name="@BeforeMethod setUp" time="0.0" classname="com.sysco.test.WorkFlow">
    <skipped/>
  </testcase> <!-- @BeforeMethod setUp -->
  <testcase name="@AfterMethod tearDown" time="0.0" classname="com.sysco.test.WorkFlow">
    <skipped/>
  </testcase> <!-- @AfterMethod tearDown -->
  <testcase name="@BeforeMethod setUp" time="0.0" classname="com.sysco.test.WorkFlow">
    <skipped/>
  </testcase> <!-- @BeforeMethod setUp -->
  <testcase name="@AfterMethod tearDown" time="0.0" classname="com.sysco.test.WorkFlow">
    <skipped/>
  </testcase> <!-- @AfterMethod tearDown -->
  <testcase name="@BeforeMethod setUp" time="0.0" classname="com.sysco.test.WorkFlow">
    <skipped/>
  </testcase> <!-- @BeforeMethod setUp -->
  <testcase name="@AfterMethod tearDown" time="0.0" classname="com.sysco.test.WorkFlow">
    <skipped/>
  </testcase> <!-- @AfterMethod tearDown -->
  <testcase name="@BeforeMethod setUp" time="0.0" classname="com.sysco.test.WorkFlow">
    <skipped/>
  </testcase> <!-- @BeforeMethod setUp -->
  <testcase name="@AfterMethod tearDown" time="0.0" classname="com.sysco.test.WorkFlow">
    <skipped/>
  </testcase> <!-- @AfterMethod tearDown -->
  <testcase name="@BeforeMethod setUp" time="0.0" classname="com.sysco.test.WorkFlow">
    <skipped/>
  </testcase> <!-- @BeforeMethod setUp -->
  <testcase name="@AfterMethod tearDown" time="0.0" classname="com.sysco.test.WorkFlow">
    <skipped/>
  </testcase> <!-- @AfterMethod tearDown -->
  <testcase name="@BeforeMethod setUp" time="0.0" classname="com.sysco.test.WorkFlow">
    <skipped/>
  </testcase> <!-- @BeforeMethod setUp -->
  <testcase name="@AfterMethod tearDown" time="0.0" classname="com.sysco.test.WorkFlow">
    <skipped/>
  </testcase> <!-- @AfterMethod tearDown -->
  <testcase name="@BeforeMethod setUp" time="0.0" classname="com.sysco.test.WorkFlow">
    <skipped/>
  </testcase> <!-- @BeforeMethod setUp -->
  <testcase name="@AfterMethod tearDown" time="0.0" classname="com.sysco.test.WorkFlow">
    <skipped/>
  </testcase> <!-- @AfterMethod tearDown -->
  <testcase name="@BeforeMethod setUp" time="0.0" classname="com.sysco.test.WorkFlow">
    <skipped/>
  </testcase> <!-- @BeforeMethod setUp -->
  <testcase name="@AfterMethod tearDown" time="0.0" classname="com.sysco.test.WorkFlow">
    <skipped/>
  </testcase> <!-- @AfterMethod tearDown -->
  <testcase name="@BeforeMethod setUp" time="0.0" classname="com.sysco.test.WorkFlow">
    <skipped/>
  </testcase> <!-- @BeforeMethod setUp -->
  <testcase name="@AfterMethod tearDown" time="0.0" classname="com.sysco.test.WorkFlow">
    <skipped/>
  </testcase> <!-- @AfterMethod tearDown -->
  <testcase name="@BeforeMethod setUp" time="0.0" classname="com.sysco.test.WorkFlow">
    <skipped/>
  </testcase> <!-- @BeforeMethod setUp -->
  <testcase name="@AfterMethod tearDown" time="0.0" classname="com.sysco.test.WorkFlow">
    <skipped/>
  </testcase> <!-- @AfterMethod tearDown -->
  <testcase name="@BeforeMethod setUp" time="0.0" classname="com.sysco.test.WorkFlow">
    <skipped/>
  </testcase> <!-- @BeforeMethod setUp -->
  <testcase name="@AfterMethod tearDown" time="0.0" classname="com.sysco.test.WorkFlow">
    <skipped/>
  </testcase> <!-- @AfterMethod tearDown -->
  <testcase name="@BeforeMethod setUp" time="0.0" classname="com.sysco.test.WorkFlow">
    <skipped/>
  </testcase> <!-- @BeforeMethod setUp -->
  <testcase name="@AfterMethod tearDown" time="0.0" classname="com.sysco.test.WorkFlow">
    <skipped/>
  </testcase> <!-- @AfterMethod tearDown -->
  <testcase name="@BeforeMethod setUp" time="0.0" classname="com.sysco.test.WorkFlow">
    <skipped/>
  </testcase> <!-- @BeforeMethod setUp -->
  <testcase name="@AfterMethod tearDown" time="0.0" classname="com.sysco.test.WorkFlow">
    <skipped/>
  </testcase> <!-- @AfterMethod tearDown -->
  <testcase name="@BeforeMethod setUp" time="0.0" classname="com.sysco.test.WorkFlow">
    <skipped/>
  </testcase> <!-- @BeforeMethod setUp -->
  <testcase name="@AfterMethod tearDown" time="0.0" classname="com.sysco.test.WorkFlow">
    <skipped/>
  </testcase> <!-- @AfterMethod tearDown -->
  <testcase name="@BeforeMethod setUp" time="0.0" classname="com.sysco.test.WorkFlow">
    <skipped/>
  </testcase> <!-- @BeforeMethod setUp -->
  <testcase name="@AfterMethod tearDown" time="0.0" classname="com.sysco.test.WorkFlow">
    <skipped/>
  </testcase> <!-- @AfterMethod tearDown -->
  <testcase name="@BeforeMethod setUp" time="0.0" classname="com.sysco.test.WorkFlow">
    <skipped/>
  </testcase> <!-- @BeforeMethod setUp -->
  <testcase name="@AfterMethod tearDown" time="0.0" classname="com.sysco.test.WorkFlow">
    <skipped/>
  </testcase> <!-- @AfterMethod tearDown -->
  <testcase name="@BeforeMethod setUp" time="0.0" classname="com.sysco.test.WorkFlow">
    <skipped/>
  </testcase> <!-- @BeforeMethod setUp -->
  <testcase name="@AfterMethod tearDown" time="0.0" classname="com.sysco.test.WorkFlow">
    <skipped/>
  </testcase> <!-- @AfterMethod tearDown -->
  <testcase name="SI_WF1_OG_DefaultLocation_DefaultCategory" time="2.511" classname="com.sysco.test.WorkFlow">
    <failure type="java.lang.AssertionError" message="expected [true] but found [false]">
      <![CDATA[java.lang.AssertionError: expected [true] but found [false]
	at org.testng.Assert.fail(Assert.java:94)
	at org.testng.Assert.failNotEquals(Assert.java:494)
	at org.testng.Assert.assertTrue(Assert.java:42)
	at org.testng.Assert.assertTrue(Assert.java:52)
	at com.sysco.pages.LoginPage.verifyLoginPage(LoginPage.java:62)
	at com.sysco.test.WorkFlow.SI_WF1_OG_DefaultLocation_DefaultCategory(WorkFlow.java:93)
	at sun.reflect.NativeMethodAccessorImpl.invoke0(Native Method)
	at sun.reflect.NativeMethodAccessorImpl.invoke(NativeMethodAccessorImpl.java:62)
	at sun.reflect.DelegatingMethodAccessorImpl.invoke(DelegatingMethodAccessorImpl.java:43)
	at java.lang.reflect.Method.invoke(Method.java:497)
	at org.testng.internal.MethodInvocationHelper.invokeMethod(MethodInvocationHelper.java:84)
	at org.testng.internal.Invoker.invokeMethod(Invoker.java:714)
	at org.testng.internal.Invoker.invokeTestMethod(Invoker.java:901)
	at org.testng.internal.Invoker.invokeTestMethods(Invoker.java:1231)
	at org.testng.internal.TestMethodWorker.invokeTestMethods(TestMethodWorker.java:127)
	at org.testng.internal.TestMethodWorker.run(TestMethodWorker.java:111)
	at org.testng.TestRunner.privateRun(TestRunner.java:767)
	at org.testng.TestRunner.run(TestRunner.java:617)
	at org.testng.SuiteRunner.runTest(SuiteRunner.java:334)
	at org.testng.SuiteRunner.runSequentially(SuiteRunner.java:329)
	at org.testng.SuiteRunner.privateRun(SuiteRunner.java:291)
	at org.testng.SuiteRunner.run(SuiteRunner.java:240)
	at org.testng.SuiteRunnerWorker.runSuite(SuiteRunnerWorker.java:52)
	at org.testng.SuiteRunnerWorker.run(SuiteRunnerWorker.java:86)
	at org.testng.TestNG.runSuitesSequentially(TestNG.java:1224)
	at org.testng.TestNG.runSuitesLocally(TestNG.java:1149)
	at org.testng.TestNG.run(TestNG.java:1057)
	at org.testng.remote.AbstractRemoteTestNG.run(AbstractRemoteTestNG.java:126)
	at org.testng.remote.RemoteTestNG.initAndRun(RemoteTestNG.java:137)
	at org.testng.remote.RemoteTestNG.main(RemoteTestNG.java:58)
]]>
    </failure>
  </testcase> <!-- SI_WF1_OG_DefaultLocation_DefaultCategory -->
  <testcase name="SI_WF3_OG_CustomMultipleLocation_CustomMultipleCategory" time="5.132" classname="com.sysco.test.WorkFlow">
    <failure type="org.openqa.selenium.remote.UnreachableBrowserException" message="Error communicating with the remote browser. It may have died.
Build info: version: &amp;apos;2.45.0&amp;apos;, revision: &amp;apos;5017cb8&amp;apos;, time: &amp;apos;2015-02-26 23:59:50&amp;apos;
System info: host: &amp;apos;tvmatp312483m.ad.infosys.com&amp;apos;, ip: &amp;apos;10.155.162.74&amp;apos;, os.name: &amp;apos;Mac OS X&amp;apos;, os.arch: &amp;apos;x86_64&amp;apos;, os.version: &amp;apos;10.11.5&amp;apos;, java.version: &amp;apos;1.8.0_40&amp;apos;
Driver info: driver.version: AppiumDriver">
      <![CDATA[org.openqa.selenium.remote.UnreachableBrowserException: Error communicating with the remote browser. It may have died.
Build info: version: '2.45.0', revision: '5017cb8', time: '2015-02-26 23:59:50'
System info: host: 'tvmatp312483m.ad.infosys.com', ip: '10.155.162.74', os.name: 'Mac OS X', os.arch: 'x86_64', os.version: '10.11.5', java.version: '1.8.0_40'
Driver info: driver.version: AppiumDriver
	at org.openqa.selenium.remote.RemoteWebDriver.execute(RemoteWebDriver.java:593)
	at io.appium.java_client.DefaultGenericMobileDriver.execute(DefaultGenericMobileDriver.java:51)
	at io.appium.java_client.AppiumDriver.execute(AppiumDriver.java:1)
	at io.appium.java_client.android.AndroidDriver.execute(AndroidDriver.java:1)
	at io.appium.java_client.AppiumDriver.context(AppiumDriver.java:590)
	at com.sysco.jsn_framework.JSN_Framework.switchToNativeContext(JSN_Framework.java:79)
	at com.sysco.pages.LoginPage.saveUsernameCheckBoxclickElement(LoginPage.java:122)
	at com.sysco.test.WorkFlow.SI_WF3_OG_CustomMultipleLocation_CustomMultipleCategory(WorkFlow.java:134)
	at sun.reflect.NativeMethodAccessorImpl.invoke0(Native Method)
	at sun.reflect.NativeMethodAccessorImpl.invoke(NativeMethodAccessorImpl.java:62)
	at sun.reflect.DelegatingMethodAccessorImpl.invoke(DelegatingMethodAccessorImpl.java:43)
	at java.lang.reflect.Method.invoke(Method.java:497)
	at org.testng.internal.MethodInvocationHelper.invokeMethod(MethodInvocationHelper.java:84)
	at org.testng.internal.Invoker.invokeMethod(Invoker.java:714)
	at org.testng.internal.Invoker.invokeTestMethod(Invoker.java:901)
	at org.testng.internal.Invoker.invokeTestMethods(Invoker.java:1231)
	at org.testng.internal.TestMethodWorker.invokeTestMethods(TestMethodWorker.java:127)
	at org.testng.internal.TestMethodWorker.run(TestMethodWorker.java:111)
	at org.testng.TestRunner.privateRun(TestRunner.java:767)
	at org.testng.TestRunner.run(TestRunner.java:617)
	at org.testng.SuiteRunner.runTest(SuiteRunner.java:334)
	at org.testng.SuiteRunner.runSequentially(SuiteRunner.java:329)
	at org.testng.SuiteRunner.privateRun(SuiteRunner.java:291)
	at org.testng.SuiteRunner.run(SuiteRunner.java:240)
	at org.testng.SuiteRunnerWorker.runSuite(SuiteRunnerWorker.java:52)
	at org.testng.SuiteRunnerWorker.run(SuiteRunnerWorker.java:86)
	at org.testng.TestNG.runSuitesSequentially(TestNG.java:1224)
	at org.testng.TestNG.runSuitesLocally(TestNG.java:1149)
	at org.testng.TestNG.run(TestNG.java:1057)
	at org.testng.remote.AbstractRemoteTestNG.run(AbstractRemoteTestNG.java:126)
	at org.testng.remote.RemoteTestNG.initAndRun(RemoteTestNG.java:137)
	at org.testng.remote.RemoteTestNG.main(RemoteTestNG.java:58)
Caused by: org.openqa.selenium.WebDriverException: org.apache.http.conn.HttpHostConnectException: Connect to 10.155.162.74:4723 [/10.155.162.74] failed: Connection refused
Build info: version: '2.45.0', revision: '5017cb8', time: '2015-02-26 23:59:50'
System info: host: 'tvmatp312483m.ad.infosys.com', ip: '10.155.162.74', os.name: 'Mac OS X', os.arch: 'x86_64', os.version: '10.11.5', java.version: '1.8.0_40'
Driver info: driver.version: AppiumDriver
	at io.appium.java_client.remote.AppiumCommandExecutor.execute(AppiumCommandExecutor.java:84)
	at org.openqa.selenium.remote.RemoteWebDriver.execute(RemoteWebDriver.java:572)
	... 31 more
Caused by: org.apache.http.conn.HttpHostConnectException: Connect to 10.155.162.74:4723 [/10.155.162.74] failed: Connection refused
	at org.apache.http.impl.conn.HttpClientConnectionOperator.connect(HttpClientConnectionOperator.java:142)
	at org.apache.http.impl.conn.PoolingHttpClientConnectionManager.connect(PoolingHttpClientConnectionManager.java:319)
	at org.apache.http.impl.execchain.MainClientExec.establishRoute(MainClientExec.java:363)
	at org.apache.http.impl.execchain.MainClientExec.execute(MainClientExec.java:219)
	at org.apache.http.impl.execchain.ProtocolExec.execute(ProtocolExec.java:195)
	at org.apache.http.impl.execchain.RetryExec.execute(RetryExec.java:86)
	at org.apache.http.impl.execchain.RedirectExec.execute(RedirectExec.java:108)
	at org.apache.http.impl.client.InternalHttpClient.doExecute(InternalHttpClient.java:184)
	at org.apache.http.impl.client.CloseableHttpClient.execute(CloseableHttpClient.java:72)
	at org.apache.http.impl.client.CloseableHttpClient.execute(CloseableHttpClient.java:57)
	at org.openqa.selenium.remote.internal.ApacheHttpClient.fallBackExecute(ApacheHttpClient.java:126)
	at org.openqa.selenium.remote.internal.ApacheHttpClient.execute(ApacheHttpClient.java:72)
	at org.openqa.selenium.remote.HttpCommandExecutor.execute(HttpCommandExecutor.java:133)
	at io.appium.java_client.remote.AppiumCommandExecutor.execute(AppiumCommandExecutor.java:69)
	... 32 more
Caused by: java.net.ConnectException: Connection refused
	at java.net.PlainSocketImpl.socketConnect(Native Method)
	at java.net.AbstractPlainSocketImpl.doConnect(AbstractPlainSocketImpl.java:345)
	at java.net.AbstractPlainSocketImpl.connectToAddress(AbstractPlainSocketImpl.java:206)
	at java.net.AbstractPlainSocketImpl.connect(AbstractPlainSocketImpl.java:188)
	at java.net.SocksSocketImpl.connect(SocksSocketImpl.java:392)
	at java.net.Socket.connect(Socket.java:589)
	at org.apache.http.conn.socket.PlainConnectionSocketFactory.connectSocket(PlainConnectionSocketFactory.java:72)
	at org.apache.http.impl.conn.HttpClientConnectionOperator.connect(HttpClientConnectionOperator.java:125)
	... 45 more
]]>
    </failure>
  </testcase> <!-- SI_WF3_OG_CustomMultipleLocation_CustomMultipleCategory -->
  <testcase name="SI_WF4_OG_DefaultLocation_CustomCategory" time="0.002" classname="com.sysco.test.WorkFlow">
    <skipped/>
  </testcase> <!-- SI_WF4_OG_DefaultLocation_CustomCategory -->
  <testcase name="SI_WF5_OG_CustomLocation_DefaultCategory" time="0.001" classname="com.sysco.test.WorkFlow">
    <skipped/>
  </testcase> <!-- SI_WF5_OG_CustomLocation_DefaultCategory -->
  <testcase name="SI_WF6_OG_SkipLocation_SkipCategory" time="0.001" classname="com.sysco.test.WorkFlow">
    <skipped/>
  </testcase> <!-- SI_WF6_OG_SkipLocation_SkipCategory -->
  <testcase name="SI_WF7_OG_DefaultLocation_SkipCategory" time="0.001" classname="com.sysco.test.WorkFlow">
    <skipped/>
  </testcase> <!-- SI_WF7_OG_DefaultLocation_SkipCategory -->
  <testcase name="SI_WF8_OG_SkipLocation_DefaultCategory" time="0.0" classname="com.sysco.test.WorkFlow">
    <skipped/>
  </testcase> <!-- SI_WF8_OG_SkipLocation_DefaultCategory -->
  <testcase name="SI_WF19_CustomList_defaultLoc_defaultcategory" time="0.001" classname="com.sysco.test.WorkFlow">
    <skipped/>
  </testcase> <!-- SI_WF19_CustomList_defaultLoc_defaultcategory -->
  <testcase name="SI_WF20_CustomList_CustomLoc_Customcategory" time="0.004" classname="com.sysco.test.WorkFlow">
    <skipped/>
  </testcase> <!-- SI_WF20_CustomList_CustomLoc_Customcategory -->
  <testcase name="SI_WF21_CustomList_CustomLoc_Customcategory_FewItems" time="0.001" classname="com.sysco.test.WorkFlow">
    <skipped/>
  </testcase> <!-- SI_WF21_CustomList_CustomLoc_Customcategory_FewItems -->
  <testcase name="SI_WF22_CustomList_DefaultLoc_Customcategory" time="0.001" classname="com.sysco.test.WorkFlow">
    <skipped/>
  </testcase> <!-- SI_WF22_CustomList_DefaultLoc_Customcategory -->
  <testcase name="SI_WF23_CustomList_CustomLoc_defaultcategory" time="0.0" classname="com.sysco.test.WorkFlow">
    <skipped/>
  </testcase> <!-- SI_WF23_CustomList_CustomLoc_defaultcategory -->
  <testcase name="SI_WF24_CustomList_SkipLoc_Skipcategory" time="0.0" classname="com.sysco.test.WorkFlow">
    <skipped/>
  </testcase> <!-- SI_WF24_CustomList_SkipLoc_Skipcategory -->
  <testcase name="SI_WF25_CustomList_DefaultLoc_Skipcategory" time="0.0" classname="com.sysco.test.WorkFlow">
    <skipped/>
  </testcase> <!-- SI_WF25_CustomList_DefaultLoc_Skipcategory -->
  <testcase name="SI_WF26_CustomList_SkipLoc_defaultcategory_NU" time="0.001" classname="com.sysco.test.WorkFlow">
    <skipped/>
  </testcase> <!-- SI_WF26_CustomList_SkipLoc_defaultcategory_NU -->
  <testcase name="SI_WF27_CustomList_MultipleList_ListNames_DefaultCat" time="0.002" classname="com.sysco.test.WorkFlow">
    <skipped/>
  </testcase> <!-- SI_WF27_CustomList_MultipleList_ListNames_DefaultCat -->
  <testcase name="SI_WF28_CustomList_MultipleList_ListNames_Customcategory" time="0.004" classname="com.sysco.test.WorkFlow">
    <skipped/>
  </testcase> <!-- SI_WF28_CustomList_MultipleList_ListNames_Customcategory -->
  <testcase name="SI_WF29_CustomListSingleList_CustomCategoryOnLocationsPage_defaultcategory" time="0.0" classname="com.sysco.test.WorkFlow">
    <skipped/>
  </testcase> <!-- SI_WF29_CustomListSingleList_CustomCategoryOnLocationsPage_defaultcategory -->
  <testcase name="SI_WF30_CustomListSingleList_CustomCategoryOnLocationsPage_customcategory" time="0.001" classname="com.sysco.test.WorkFlow">
    <skipped/>
  </testcase> <!-- SI_WF30_CustomListSingleList_CustomCategoryOnLocationsPage_customcategory -->
  <testcase name="SI_WF31_CustomList_MultipleList_ListNames_Skipcategory" time="0.002" classname="com.sysco.test.WorkFlow">
    <skipped/>
  </testcase> <!-- SI_WF31_CustomList_MultipleList_ListNames_Skipcategory -->
  <testcase name="SI_WF32_CustomList_SingleList_CustomCatLoc_Skipcategory" time="0.001" classname="com.sysco.test.WorkFlow">
    <skipped/>
  </testcase> <!-- SI_WF32_CustomList_SingleList_CustomCatLoc_Skipcategory -->
  <testcase name="SI_WF33_OG_DefaultLocation_SuggestedCategory" time="0.018" classname="com.sysco.test.WorkFlow">
    <skipped/>
  </testcase> <!-- SI_WF33_OG_DefaultLocation_SuggestedCategory -->
  <testcase name="SI_WF34_OG_CustomLocation_SuggestedCategory" time="0.001" classname="com.sysco.test.WorkFlow">
    <skipped/>
  </testcase> <!-- SI_WF34_OG_CustomLocation_SuggestedCategory -->
  <testcase name="SI_WF35_CustomListSingleList_CustomCategoryOnLocationsPage_suggestedcategory" time="0.001" classname="com.sysco.test.WorkFlow">
    <skipped/>
  </testcase> <!-- SI_WF35_CustomListSingleList_CustomCategoryOnLocationsPage_suggestedcategory -->
  <testcase name="SI_WF36_CustomList_MultipleList_ListNames_SuggestedCat" time="0.001" classname="com.sysco.test.WorkFlow">
    <skipped/>
  </testcase> <!-- SI_WF36_CustomList_MultipleList_ListNames_SuggestedCat -->
  <testcase name="TI_WF1_WF2_Location_Item_UOMQuantity" time="0.0" classname="com.sysco.test.WorkFlow">
    <skipped/>
  </testcase> <!-- TI_WF1_WF2_Location_Item_UOMQuantity -->
  <testcase name="MIL_WF1_WF4_Location_AddItems" time="0.001" classname="com.sysco.test.WorkFlow">
    <skipped/>
  </testcase> <!-- MIL_WF1_WF4_Location_AddItems -->
  <testcase name="MIL_WF2_Location_AddItems__MultipleLocation" time="0.002" classname="com.sysco.test.WorkFlow">
    <skipped/>
  </testcase> <!-- MIL_WF2_Location_AddItems__MultipleLocation -->
  <testcase name="MIL_WF3_Location_SearchItems" time="0.001" classname="com.sysco.test.WorkFlow">
    <skipped/>
  </testcase> <!-- MIL_WF3_Location_SearchItems -->
  <testcase name="MIL_WF5_Locations_ItemEdit_UpdateLocation" time="0.0" classname="com.sysco.test.WorkFlow">
    <skipped/>
  </testcase> <!-- MIL_WF5_Locations_ItemEdit_UpdateLocation -->
  <testcase name="MIL_WF6_Create_Edit_Delete_Locations" time="0.0" classname="com.sysco.test.WorkFlow">
    <skipped/>
  </testcase> <!-- MIL_WF6_Create_Edit_Delete_Locations -->
  <testcase name="MIL_WF7_TrackInventory_Location_Edit_Delete_Items_location_MA" time="0.001" classname="com.sysco.test.WorkFlow">
    <skipped/>
  </testcase> <!-- MIL_WF7_TrackInventory_Location_Edit_Delete_Items_location_MA -->
  <testcase name="MIL_WF10_TrackInventory_Location_item_productcard_updateqtyUOM" time="0.001" classname="com.sysco.test.WorkFlow">
    <skipped/>
  </testcase> <!-- MIL_WF10_TrackInventory_Location_item_productcard_updateqtyUOM -->
  <testcase name="MEC_WF1_Locations_ItemEdit_UpdateCategory_MA" time="0.0" classname="com.sysco.test.WorkFlow">
    <skipped/>
  </testcase> <!-- MEC_WF1_Locations_ItemEdit_UpdateCategory_MA -->
  <testcase name="MEC_WF2_Category_Create_Edit_Delete_Category" time="0.001" classname="com.sysco.test.WorkFlow">
    <skipped/>
  </testcase> <!-- MEC_WF2_Category_Create_Edit_Delete_Category -->
  <testcase name="MP_WF1_Purchases_FoodCost" time="0.001" classname="com.sysco.test.WorkFlow">
    <skipped/>
  </testcase> <!-- MP_WF1_Purchases_FoodCost -->
  <testcase name="MNS_1_CreateNonSyscoItem_LinkSupplier_Location_Category" time="0.0" classname="com.sysco.test.WorkFlow">
    <skipped/>
  </testcase> <!-- MNS_1_CreateNonSyscoItem_LinkSupplier_Location_Category -->
  <testcase name="MPI_1_CreatePrepItem_LinkLocation_Category_NU" time="0.0" classname="com.sysco.test.WorkFlow">
    <skipped/>
  </testcase> <!-- MPI_1_CreatePrepItem_LinkLocation_Category_NU -->
  <testcase name="MSP1_MSP2_Add_View_ManageSuppliers" time="0.0" classname="com.sysco.test.WorkFlow">
    <skipped/>
  </testcase> <!-- MSP1_MSP2_Add_View_ManageSuppliers -->
</testsuite> <!-- Default test -->
