<html>
<head>
<title>TestNG:  GRP-SI - WF 7 MA,SI - WF 1 MA</title>
<link href="../testng.css" rel="stylesheet" type="text/css" />
<link href="../my-testng.css" rel="stylesheet" type="text/css" />

<style type="text/css">
.log { display: none;} 
.stack-trace { display: none;} 
</style>
<script type="text/javascript">
<!--
function flip(e) {
  current = e.style.display;
  if (current == 'block') {
    e.style.display = 'none';
    return 0;
  }
  else {
    e.style.display = 'block';
    return 1;
  }
}

function toggleBox(szDivId, elem, msg1, msg2)
{
  var res = -1;  if (document.getElementById) {
    res = flip(document.getElementById(szDivId));
  }
  else if (document.all) {
    // this is the way old msie versions work
    res = flip(document.all[szDivId]);
  }
  if(elem) {
    if(res == 0) elem.innerHTML = msg1; else elem.innerHTML = msg2;
  }

}

function toggleAllBoxes() {
  if (document.getElementsByTagName) {
    d = document.getElementsByTagName('div');
    for (i = 0; i < d.length; i++) {
      if (d[i].className == 'log') {
        flip(d[i]);
      }
    }
  }
}

// -->
</script>

</head>
<body>
<h2 align='center'>GRP-SI - WF 7 MA,SI - WF 1 MA</h2><table border='1' align="center">
<tr>
<td>Tests passed/Failed/Skipped:</td><td>1/1/0</td>
</tr><tr>
<td>Started on:</td><td>Mon May 30 18:23:21 IST 2016</td>
</tr>
<tr><td>Total time:</td><td>125 seconds (125117 ms)</td>
</tr><tr>
<td>Included groups:</td><td>SI - WF 7 MA SI - WF 1 MA </td>
</tr><tr>
<td>Excluded groups:</td><td></td>
</tr>
</table><p/>
<small><i>(Hover the method name to see the test class name)</i></small><p/>
<table width='100%' border='1' class='invocation-failed'>
<tr><td colspan='4' align='center'><b>FAILED TESTS</b></td></tr>
<tr><td><b>Test method</b></td>
<td width="30%"><b>Exception</b></td>
<td width="10%"><b>Time (seconds)</b></td>
<td><b>Instance</b></td>
</tr>
<tr>
<td title='com.tests.WorkFlow.SI_WF7_OG_DefaultLocation_SkipCategory_MA()'><b>SI_WF7_OG_DefaultLocation_SkipCategory_MA</b><br>Test class: com.tests.WorkFlow<br>Test method: SI - WF 7-TC2-OG+Default loc + Skip Category for MA user<br/>
<a href="#Output-1556489905" onClick='toggleBox("Output-1556489905", this, "Show output", "Hide output");'>Show output</a>

<a href="#Output-1556489905" onClick="toggleAllBoxes();">Show all outputs</a>
<div class='log' id="Output-1556489905">
[18:25:20] : <b><FONT SIZE="2">Launched Sysco UOM</FONT></b><br><br/>
[18:25:20] : <b><FONT SIZE="2">Verify the Login Page</FONT></b><br><br/>
[18:25:23] : <b><FONT COLOR="GREEN"><FONT SIZE="2">Login page verification :Fail</FONT></FONT></b><br><br/>
<b><font color='RED'>ERROR	:- expected [true] but found [false]</font></b><br/>
</div>
</td>
<td><div><pre>java.lang.AssertionError: expected [true] but found [false]
	at org.testng.Assert.fail(Assert.java:94)
	at org.testng.Assert.failNotEquals(Assert.java:513)
	at org.testng.Assert.assertTrue(Assert.java:42)
	at org.testng.Assert.assertTrue(Assert.java:52)
	at com.components.pages.LoginPage.verifyLoginPage(LoginPage.java:99)
	at com.tests.WorkFlow.SI_WF7_OG_DefaultLocation_SkipCategory_MA(WorkFlow.java:537)
	at sun.reflect.NativeMethodAccessorImpl.invoke0(Native Method)
	at sun.reflect.NativeMethodAccessorImpl.invoke(NativeMethodAccessorImpl.java:57)
	at sun.reflect.DelegatingMethodAccessorImpl.invoke(DelegatingMethodAccessorImpl.java:43)
	at java.lang.reflect.Method.invoke(Method.java:606)
	at org.testng.internal.MethodInvocationHelper.invokeMethod(MethodInvocationHelper.java:86)
	at org.testng.internal.Invoker.invokeMethod(Invoker.java:645)
	at org.testng.internal.Invoker.invokeTestMethod(Invoker.java:822)
	at org.testng.internal.Invoker.invokeTestMethods(Invoker.java:1130)
	at org.testng.internal.TestMethodWorker.invokeTestMethods(TestMethodWorker.java:129)
	at org.testng.internal.TestMethodWorker.run(TestMethodWorker.java:112)
	at org.testng.TestRunner.privateRun(TestRunner.java:782)
	at org.testng.TestRunner.run(TestRunner.java:632)
	at org.testng.SuiteRunner.runTest(SuiteRunner.java:366)
	at org.testng.SuiteRunner.runSequentially(SuiteRunner.java:361)
	at org.testng.SuiteRunner.privateRun(SuiteRunner.java:319)
	at org.testng.SuiteRunner.run(SuiteRunner.java:268)
	at org.testng.SuiteRunnerWorker.runSuite(SuiteRunnerWorker.java:52)
	at org.testng.SuiteRunnerWorker.run(SuiteRunnerWorker.java:86)
	at org.testng.TestNG.runSuitesSequentially(TestNG.java:1244)
	at org.testng.TestNG.runSuitesLocally(TestNG.java:1169)
	at org.testng.TestNG.run(TestNG.java:1064)
	at org.testng.remote.RemoteTestNG.run(RemoteTestNG.java:113)
	at org.testng.remote.RemoteTestNG.initAndRun(RemoteTestNG.java:206)
	at org.testng.remote.RemoteTestNG.main(RemoteTestNG.java:177)
</pre></div><a href='#' onClick='toggleBox("stack-trace1556489905", this, "Click to show all stack frames", "Click to hide stack frames")'>Click to show all stack frames</a>
<div class='stack-trace' id='stack-trace1556489905'><pre>java.lang.AssertionError: expected [true] but found [false]
	at org.testng.Assert.fail(Assert.java:94)
	at org.testng.Assert.failNotEquals(Assert.java:513)
	at org.testng.Assert.assertTrue(Assert.java:42)
	at org.testng.Assert.assertTrue(Assert.java:52)
	at com.components.pages.LoginPage.verifyLoginPage(LoginPage.java:99)
	at com.tests.WorkFlow.SI_WF7_OG_DefaultLocation_SkipCategory_MA(WorkFlow.java:537)
	at sun.reflect.NativeMethodAccessorImpl.invoke0(Native Method)
	at sun.reflect.NativeMethodAccessorImpl.invoke(NativeMethodAccessorImpl.java:57)
	at sun.reflect.DelegatingMethodAccessorImpl.invoke(DelegatingMethodAccessorImpl.java:43)
	at java.lang.reflect.Method.invoke(Method.java:606)
	at org.testng.internal.MethodInvocationHelper.invokeMethod(MethodInvocationHelper.java:86)
	at org.testng.internal.Invoker.invokeMethod(Invoker.java:645)
	at org.testng.internal.Invoker.invokeTestMethod(Invoker.java:822)
	at org.testng.internal.Invoker.invokeTestMethods(Invoker.java:1130)
	at org.testng.internal.TestMethodWorker.invokeTestMethods(TestMethodWorker.java:129)
	at org.testng.internal.TestMethodWorker.run(TestMethodWorker.java:112)
	at org.testng.TestRunner.privateRun(TestRunner.java:782)
	at org.testng.TestRunner.run(TestRunner.java:632)
	at org.testng.SuiteRunner.runTest(SuiteRunner.java:366)
	at org.testng.SuiteRunner.runSequentially(SuiteRunner.java:361)
	at org.testng.SuiteRunner.privateRun(SuiteRunner.java:319)
	at org.testng.SuiteRunner.run(SuiteRunner.java:268)
	at org.testng.SuiteRunnerWorker.runSuite(SuiteRunnerWorker.java:52)
	at org.testng.SuiteRunnerWorker.run(SuiteRunnerWorker.java:86)
	at org.testng.TestNG.runSuitesSequentially(TestNG.java:1244)
	at org.testng.TestNG.runSuitesLocally(TestNG.java:1169)
	at org.testng.TestNG.run(TestNG.java:1064)
	at org.testng.remote.RemoteTestNG.run(RemoteTestNG.java:113)
	at org.testng.remote.RemoteTestNG.initAndRun(RemoteTestNG.java:206)
	at org.testng.remote.RemoteTestNG.main(RemoteTestNG.java:177)
</pre></div></td>
<td>12</td>
<td>com.tests.WorkFlow@1a2dbfc1</td></tr>
</table><p>
<table width='100%' border='1' class='invocation-passed'>
<tr><td colspan='4' align='center'><b>PASSED TESTS</b></td></tr>
<tr><td><b>Test method</b></td>
<td width="30%"><b>Exception</b></td>
<td width="10%"><b>Time (seconds)</b></td>
<td><b>Instance</b></td>
</tr>
<tr>
<td title='com.tests.WorkFlow.SI_WF1_OG_DefaultLocation_DefaultCategory_MA()'><b>SI_WF1_OG_DefaultLocation_DefaultCategory_MA</b><br>Test class: com.tests.WorkFlow<br>Test method: SI - WF 2-TC2-OG + Dafault Loc + Default Category for MA user<br/>
<a href="#Output-454869731" onClick='toggleBox("Output-454869731", this, "Show output", "Hide output");'>Show output</a>

<a href="#Output-454869731" onClick="toggleAllBoxes();">Show all outputs</a>
<div class='log' id="Output-454869731">
[18:23:34] : <b><FONT SIZE="2">Launched Sysco UOM</FONT></b><br><br/>
[18:23:34] : <b><FONT SIZE="2">Verify the Login Page</FONT></b><br><br/>
[18:23:38] : <b><FONT SIZE="2">Login page verification :Pass</FONT></b><br><br/>
[18:23:40] : <b><FONT SIZE="2">Login page verification :Pass</FONT></b><br><br/>
[18:23:40] : <b><FONT SIZE="2">Sign In</FONT></b><br><br/>
[18:23:56] : <b><FONT SIZE="2">Sign in :Pass</FONT></b><br><br/>
[18:23:56] : <b><FONT SIZE="2">Selecting 1st account from Accounts page</FONT></b><br><br/>
[18:24:10] : <b><FONT COLOR="GREEN"><FONT SIZE="2">Navigating to Setup inventory page :Pass</FONT></FONT></b><br><br/>
[18:24:10] : <b><FONT SIZE="2">Setup inventory page</FONT></b><br><br/>
[18:24:14] : <b><FONT COLOR="GREEN"><FONT SIZE="2">Tapped on skip :Pass</FONT></FONT></b><br><br/>
[18:24:14] : <b><FONT SIZE="2">Selecting Orderguide </FONT></b><br><br/>
[18:24:14] : <b><FONT COLOR="GREEN"><FONT SIZE="2">Selected  orderguide  from SetupInventoryImportItems:Pass</FONT></FONT></b><br><br/>
[18:24:31] : <b><FONT COLOR="GREEN"><FONT SIZE="2">Tapped on Continue :Pass</FONT></FONT></b><br><br/>
[18:24:31] : <b><FONT SIZE="2">Setup inventory page</FONT></b><br><br/>
[18:24:35] : <b><FONT COLOR="GREEN"><FONT SIZE="2">Tapped on skip :Pass</FONT></FONT></b><br><br/>
[18:24:37] : <b><FONT COLOR="GREEN"><FONT SIZE="2">custom location clicked :Pass</FONT></FONT></b><br><br/>
[18:24:39] : <b><FONT COLOR="GREEN"><FONT SIZE="2">Tapped on Continue :Pass</FONT></FONT></b><br><br/>
[18:24:39] : <b><FONT SIZE="2">Setup inventory page</FONT></b><br><br/>
[18:24:43] : <b><FONT COLOR="GREEN"><FONT SIZE="2">Tapped on skip :Pass</FONT></FONT></b><br><br/>
[18:24:43] : <b><FONT SIZE="2">Selecting default category from Food cost page</FONT></b><br><br/>
[18:24:45] : <b><FONT COLOR="GREEN"><FONT SIZE="2">default Category selected :Pass</FONT></FONT></b><br><br/>
[18:24:47] : <b><FONT COLOR="GREEN"><FONT SIZE="2">Tapped on Complete :Pass</FONT></FONT></b><br><br/>
[18:24:50] : <b><FONT COLOR="GREEN"><FONT SIZE="2">Tapped on Continue :Pass</FONT></FONT></b><br><br/>
[18:24:50] : <b><FONT SIZE="2">Selecting TrackInventory from inventory tools page </FONT></b><br><br/>
[18:24:52] : <b><FONT COLOR="GREEN"><FONT SIZE="2">Tapped  TrackInventory from inventory tools page:Pass</FONT></FONT></b><br><br/>
[18:24:52] : <b><FONT SIZE="2">Selecting location</FONT></b><br><br/>
[18:24:56] : <b><FONT COLOR="GREEN"><FONT SIZE="2">Location is selected for item :Pass</FONT></FONT></b><br><br/>
[18:25:05] : <b><FONT COLOR="GREEN"><FONT SIZE="2">Tapped on done:Pass</FONT></FONT></b><br><br/>
Test completed : SI_WF1_OG_DefaultLocation_DefaultCategory_MA<br/>
</div>
</td>
<td></td>
<td>105</td>
<td>com.tests.WorkFlow@1a2dbfc1</td></tr>
</table><p>
</body>
</html>